DEBUG - 2020-12-25 06:06:02 --> UTF-8 Support Enabled
DEBUG - 2020-12-25 06:06:02 --> No URI present. Default controller set.
DEBUG - 2020-12-25 06:06:02 --> Global POST, GET and COOKIE data sanitized
DEBUG - 2020-12-25 06:06:02 --> Encryption: Auto-configured driver 'openssl'.
DEBUG - 2020-12-25 06:06:02 --> Total execution time: 0.0834
DEBUG - 2020-12-25 06:10:07 --> UTF-8 Support Enabled
DEBUG - 2020-12-25 06:10:07 --> No URI present. Default controller set.
DEBUG - 2020-12-25 06:10:07 --> Global POST, GET and COOKIE data sanitized
DEBUG - 2020-12-25 06:10:07 --> Encryption: Auto-configured driver 'openssl'.
DEBUG - 2020-12-25 06:10:07 --> Total execution time: 0.0576
DEBUG - 2020-12-25 06:11:16 --> UTF-8 Support Enabled
DEBUG - 2020-12-25 06:11:16 --> Global POST, GET and COOKIE data sanitized
DEBUG - 2020-12-25 06:11:16 --> Encryption: Auto-configured driver 'openssl'.
DEBUG - 2020-12-25 06:11:16 --> Total execution time: 0.0521
DEBUG - 2020-12-25 06:11:31 --> UTF-8 Support Enabled
DEBUG - 2020-12-25 06:11:31 --> Global POST, GET and COOKIE data sanitized
DEBUG - 2020-12-25 06:11:31 --> Encryption: Auto-configured driver 'openssl'.
DEBUG - 2020-12-25 06:11:32 --> UTF-8 Support Enabled
DEBUG - 2020-12-25 06:11:32 --> Global POST, GET and COOKIE data sanitized
DEBUG - 2020-12-25 06:11:32 --> Encryption: Auto-configured driver 'openssl'.
DEBUG - 2020-12-25 06:11:32 --> Total execution time: 0.0653
DEBUG - 2020-12-25 06:12:08 --> UTF-8 Support Enabled
DEBUG - 2020-12-25 06:12:08 --> Global POST, GET and COOKIE data sanitized
DEBUG - 2020-12-25 06:12:08 --> Encryption: Auto-configured driver 'openssl'.
DEBUG - 2020-12-25 06:12:08 --> Total execution time: 0.0466
DEBUG - 2020-12-25 06:12:24 --> UTF-8 Support Enabled
DEBUG - 2020-12-25 06:12:24 --> Global POST, GET and COOKIE data sanitized
DEBUG - 2020-12-25 06:12:24 --> Encryption: Auto-configured driver 'openssl'.
DEBUG - 2020-12-25 06:12:24 --> Total execution time: 0.0384
DEBUG - 2020-12-25 06:12:27 --> UTF-8 Support Enabled
DEBUG - 2020-12-25 06:12:27 --> Global POST, GET and COOKIE data sanitized
DEBUG - 2020-12-25 06:12:27 --> Encryption: Auto-configured driver 'openssl'.
DEBUG - 2020-12-25 06:12:27 --> Total execution time: 0.0363
DEBUG - 2020-12-25 06:12:28 --> UTF-8 Support Enabled
DEBUG - 2020-12-25 06:12:28 --> Global POST, GET and COOKIE data sanitized
DEBUG - 2020-12-25 06:12:28 --> Encryption: Auto-configured driver 'openssl'.
ERROR - 2020-12-25 06:12:28 --> 404 Page Not Found: 
DEBUG - 2020-12-25 06:12:35 --> UTF-8 Support Enabled
DEBUG - 2020-12-25 06:12:35 --> Global POST, GET and COOKIE data sanitized
DEBUG - 2020-12-25 06:12:35 --> Encryption: Auto-configured driver 'openssl'.
ERROR - 2020-12-25 06:12:35 --> 404 Page Not Found: 
DEBUG - 2020-12-25 06:12:40 --> UTF-8 Support Enabled
DEBUG - 2020-12-25 06:12:40 --> Global POST, GET and COOKIE data sanitized
DEBUG - 2020-12-25 06:12:40 --> Encryption: Auto-configured driver 'openssl'.
DEBUG - 2020-12-25 06:12:40 --> Total execution time: 0.0363
DEBUG - 2020-12-25 06:12:43 --> UTF-8 Support Enabled
DEBUG - 2020-12-25 06:12:43 --> Global POST, GET and COOKIE data sanitized
DEBUG - 2020-12-25 06:12:43 --> Encryption: Auto-configured driver 'openssl'.
DEBUG - 2020-12-25 06:12:43 --> Total execution time: 0.0340
DEBUG - 2020-12-25 06:12:50 --> UTF-8 Support Enabled
DEBUG - 2020-12-25 06:12:50 --> Global POST, GET and COOKIE data sanitized
DEBUG - 2020-12-25 06:12:50 --> Encryption: Auto-configured driver 'openssl'.
DEBUG - 2020-12-25 06:12:50 --> UTF-8 Support Enabled
DEBUG - 2020-12-25 06:12:50 --> Global POST, GET and COOKIE data sanitized
DEBUG - 2020-12-25 06:12:50 --> Encryption: Auto-configured driver 'openssl'.
DEBUG - 2020-12-25 06:12:50 --> Total execution time: 0.0380
DEBUG - 2020-12-25 06:12:59 --> UTF-8 Support Enabled
DEBUG - 2020-12-25 06:12:59 --> Global POST, GET and COOKIE data sanitized
DEBUG - 2020-12-25 06:12:59 --> Encryption: Auto-configured driver 'openssl'.
DEBUG - 2020-12-25 06:12:59 --> Total execution time: 0.0419
DEBUG - 2020-12-25 06:19:19 --> UTF-8 Support Enabled
DEBUG - 2020-12-25 06:19:19 --> No URI present. Default controller set.
DEBUG - 2020-12-25 06:19:19 --> Global POST, GET and COOKIE data sanitized
DEBUG - 2020-12-25 06:19:19 --> Encryption: Auto-configured driver 'openssl'.
DEBUG - 2020-12-25 06:19:20 --> UTF-8 Support Enabled
DEBUG - 2020-12-25 06:19:20 --> Global POST, GET and COOKIE data sanitized
DEBUG - 2020-12-25 06:19:20 --> Encryption: Auto-configured driver 'openssl'.
DEBUG - 2020-12-25 06:19:20 --> Total execution time: 0.0435
DEBUG - 2020-12-25 06:19:42 --> UTF-8 Support Enabled
DEBUG - 2020-12-25 06:19:42 --> Global POST, GET and COOKIE data sanitized
DEBUG - 2020-12-25 06:19:42 --> Encryption: Auto-configured driver 'openssl'.
DEBUG - 2020-12-25 06:19:42 --> Total execution time: 0.0398
DEBUG - 2020-12-25 06:20:00 --> UTF-8 Support Enabled
DEBUG - 2020-12-25 06:20:00 --> No URI present. Default controller set.
DEBUG - 2020-12-25 06:20:00 --> Global POST, GET and COOKIE data sanitized
DEBUG - 2020-12-25 06:20:00 --> Encryption: Auto-configured driver 'openssl'.
DEBUG - 2020-12-25 06:20:01 --> UTF-8 Support Enabled
DEBUG - 2020-12-25 06:20:01 --> Global POST, GET and COOKIE data sanitized
DEBUG - 2020-12-25 06:20:01 --> Encryption: Auto-configured driver 'openssl'.
DEBUG - 2020-12-25 06:20:01 --> Total execution time: 0.0381
DEBUG - 2020-12-25 06:23:01 --> UTF-8 Support Enabled
DEBUG - 2020-12-25 06:23:01 --> Global POST, GET and COOKIE data sanitized
DEBUG - 2020-12-25 06:23:01 --> Encryption: Auto-configured driver 'openssl'.
DEBUG - 2020-12-25 06:23:01 --> Total execution time: 0.0393
DEBUG - 2020-12-25 06:26:01 --> UTF-8 Support Enabled
DEBUG - 2020-12-25 06:26:01 --> Global POST, GET and COOKIE data sanitized
DEBUG - 2020-12-25 06:26:01 --> Encryption: Auto-configured driver 'openssl'.
DEBUG - 2020-12-25 06:26:02 --> UTF-8 Support Enabled
DEBUG - 2020-12-25 06:26:02 --> No URI present. Default controller set.
DEBUG - 2020-12-25 06:26:02 --> Global POST, GET and COOKIE data sanitized
DEBUG - 2020-12-25 06:26:02 --> Encryption: Auto-configured driver 'openssl'.
DEBUG - 2020-12-25 06:26:02 --> Total execution time: 0.0321
DEBUG - 2020-12-25 06:26:17 --> UTF-8 Support Enabled
DEBUG - 2020-12-25 06:26:17 --> Global POST, GET and COOKIE data sanitized
DEBUG - 2020-12-25 06:26:17 --> Encryption: Auto-configured driver 'openssl'.
DEBUG - 2020-12-25 06:26:17 --> Total execution time: 0.0394
DEBUG - 2020-12-25 06:26:34 --> UTF-8 Support Enabled
DEBUG - 2020-12-25 06:26:34 --> No URI present. Default controller set.
DEBUG - 2020-12-25 06:26:34 --> Global POST, GET and COOKIE data sanitized
DEBUG - 2020-12-25 06:26:34 --> Encryption: Auto-configured driver 'openssl'.
DEBUG - 2020-12-25 06:26:34 --> Total execution time: 0.0528
DEBUG - 2020-12-25 06:27:16 --> UTF-8 Support Enabled
DEBUG - 2020-12-25 06:27:16 --> Global POST, GET and COOKIE data sanitized
DEBUG - 2020-12-25 06:27:16 --> Encryption: Auto-configured driver 'openssl'.
DEBUG - 2020-12-25 06:27:16 --> Total execution time: 0.0332
DEBUG - 2020-12-25 06:27:45 --> UTF-8 Support Enabled
DEBUG - 2020-12-25 06:27:45 --> Global POST, GET and COOKIE data sanitized
DEBUG - 2020-12-25 06:27:45 --> Encryption: Auto-configured driver 'openssl'.
DEBUG - 2020-12-25 06:27:46 --> UTF-8 Support Enabled
DEBUG - 2020-12-25 06:27:46 --> Global POST, GET and COOKIE data sanitized
DEBUG - 2020-12-25 06:27:46 --> Encryption: Auto-configured driver 'openssl'.
DEBUG - 2020-12-25 06:27:46 --> Total execution time: 0.0361
DEBUG - 2020-12-25 06:27:55 --> UTF-8 Support Enabled
DEBUG - 2020-12-25 06:27:55 --> Global POST, GET and COOKIE data sanitized
DEBUG - 2020-12-25 06:27:55 --> Encryption: Auto-configured driver 'openssl'.
DEBUG - 2020-12-25 06:27:55 --> UTF-8 Support Enabled
DEBUG - 2020-12-25 06:27:55 --> Global POST, GET and COOKIE data sanitized
DEBUG - 2020-12-25 06:27:55 --> Encryption: Auto-configured driver 'openssl'.
DEBUG - 2020-12-25 06:27:55 --> Total execution time: 0.0372
DEBUG - 2020-12-25 06:30:06 --> UTF-8 Support Enabled
DEBUG - 2020-12-25 06:30:06 --> Global POST, GET and COOKIE data sanitized
DEBUG - 2020-12-25 06:30:06 --> Encryption: Auto-configured driver 'openssl'.
DEBUG - 2020-12-25 06:30:06 --> UTF-8 Support Enabled
DEBUG - 2020-12-25 06:30:06 --> No URI present. Default controller set.
DEBUG - 2020-12-25 06:30:06 --> Global POST, GET and COOKIE data sanitized
DEBUG - 2020-12-25 06:30:06 --> Encryption: Auto-configured driver 'openssl'.
DEBUG - 2020-12-25 06:30:06 --> Total execution time: 0.0347
DEBUG - 2020-12-25 06:30:30 --> UTF-8 Support Enabled
DEBUG - 2020-12-25 06:30:30 --> Global POST, GET and COOKIE data sanitized
DEBUG - 2020-12-25 06:30:30 --> Encryption: Auto-configured driver 'openssl'.
DEBUG - 2020-12-25 06:30:30 --> Total execution time: 0.0351
DEBUG - 2020-12-25 06:30:37 --> UTF-8 Support Enabled
DEBUG - 2020-12-25 06:30:37 --> Global POST, GET and COOKIE data sanitized
DEBUG - 2020-12-25 06:30:37 --> Encryption: Auto-configured driver 'openssl'.
DEBUG - 2020-12-25 06:30:38 --> UTF-8 Support Enabled
DEBUG - 2020-12-25 06:30:38 --> Global POST, GET and COOKIE data sanitized
DEBUG - 2020-12-25 06:30:38 --> Encryption: Auto-configured driver 'openssl'.
DEBUG - 2020-12-25 06:30:38 --> Total execution time: 0.0551
DEBUG - 2020-12-25 06:30:41 --> UTF-8 Support Enabled
DEBUG - 2020-12-25 06:30:41 --> Global POST, GET and COOKIE data sanitized
DEBUG - 2020-12-25 06:30:41 --> Encryption: Auto-configured driver 'openssl'.
DEBUG - 2020-12-25 06:30:41 --> Total execution time: 0.0425
DEBUG - 2020-12-25 06:30:46 --> UTF-8 Support Enabled
DEBUG - 2020-12-25 06:30:46 --> Global POST, GET and COOKIE data sanitized
DEBUG - 2020-12-25 06:30:46 --> Encryption: Auto-configured driver 'openssl'.
DEBUG - 2020-12-25 06:30:46 --> Total execution time: 0.0391
DEBUG - 2020-12-25 06:30:49 --> UTF-8 Support Enabled
DEBUG - 2020-12-25 06:30:49 --> Global POST, GET and COOKIE data sanitized
DEBUG - 2020-12-25 06:30:49 --> Encryption: Auto-configured driver 'openssl'.
DEBUG - 2020-12-25 06:30:49 --> Total execution time: 0.0374
DEBUG - 2020-12-25 06:31:00 --> UTF-8 Support Enabled
DEBUG - 2020-12-25 06:31:00 --> Global POST, GET and COOKIE data sanitized
DEBUG - 2020-12-25 06:31:00 --> Encryption: Auto-configured driver 'openssl'.
DEBUG - 2020-12-25 06:31:00 --> Total execution time: 0.0391
DEBUG - 2020-12-25 06:31:08 --> UTF-8 Support Enabled
DEBUG - 2020-12-25 06:31:08 --> Global POST, GET and COOKIE data sanitized
DEBUG - 2020-12-25 06:31:08 --> Encryption: Auto-configured driver 'openssl'.
DEBUG - 2020-12-25 06:31:08 --> Total execution time: 0.0411
DEBUG - 2020-12-25 06:31:56 --> UTF-8 Support Enabled
DEBUG - 2020-12-25 06:31:56 --> Global POST, GET and COOKIE data sanitized
DEBUG - 2020-12-25 06:31:56 --> Encryption: Auto-configured driver 'openssl'.
DEBUG - 2020-12-25 06:31:56 --> Total execution time: 0.0349
DEBUG - 2020-12-25 06:31:58 --> UTF-8 Support Enabled
DEBUG - 2020-12-25 06:31:58 --> No URI present. Default controller set.
DEBUG - 2020-12-25 06:31:58 --> Global POST, GET and COOKIE data sanitized
DEBUG - 2020-12-25 06:31:58 --> Encryption: Auto-configured driver 'openssl'.
DEBUG - 2020-12-25 06:31:58 --> UTF-8 Support Enabled
DEBUG - 2020-12-25 06:31:58 --> Global POST, GET and COOKIE data sanitized
DEBUG - 2020-12-25 06:31:58 --> Encryption: Auto-configured driver 'openssl'.
DEBUG - 2020-12-25 06:31:58 --> Total execution time: 0.0438
DEBUG - 2020-12-25 06:32:22 --> UTF-8 Support Enabled
DEBUG - 2020-12-25 06:32:22 --> Global POST, GET and COOKIE data sanitized
DEBUG - 2020-12-25 06:32:22 --> Encryption: Auto-configured driver 'openssl'.
DEBUG - 2020-12-25 06:32:23 --> UTF-8 Support Enabled
DEBUG - 2020-12-25 06:32:23 --> Global POST, GET and COOKIE data sanitized
DEBUG - 2020-12-25 06:32:23 --> Encryption: Auto-configured driver 'openssl'.
DEBUG - 2020-12-25 06:32:23 --> Total execution time: 0.0346
DEBUG - 2020-12-25 06:32:23 --> UTF-8 Support Enabled
DEBUG - 2020-12-25 06:32:23 --> No URI present. Default controller set.
DEBUG - 2020-12-25 06:32:23 --> Global POST, GET and COOKIE data sanitized
DEBUG - 2020-12-25 06:32:23 --> Encryption: Auto-configured driver 'openssl'.
DEBUG - 2020-12-25 06:32:24 --> UTF-8 Support Enabled
DEBUG - 2020-12-25 06:32:24 --> Global POST, GET and COOKIE data sanitized
DEBUG - 2020-12-25 06:32:24 --> Encryption: Auto-configured driver 'openssl'.
DEBUG - 2020-12-25 06:32:24 --> Total execution time: 0.0339
DEBUG - 2020-12-25 06:32:27 --> UTF-8 Support Enabled
DEBUG - 2020-12-25 06:32:27 --> Global POST, GET and COOKIE data sanitized
DEBUG - 2020-12-25 06:32:27 --> Encryption: Auto-configured driver 'openssl'.
DEBUG - 2020-12-25 06:32:28 --> UTF-8 Support Enabled
DEBUG - 2020-12-25 06:32:28 --> Global POST, GET and COOKIE data sanitized
DEBUG - 2020-12-25 06:32:28 --> Encryption: Auto-configured driver 'openssl'.
DEBUG - 2020-12-25 06:32:28 --> Total execution time: 0.0476
DEBUG - 2020-12-25 06:32:29 --> UTF-8 Support Enabled
DEBUG - 2020-12-25 06:32:29 --> No URI present. Default controller set.
DEBUG - 2020-12-25 06:32:29 --> Global POST, GET and COOKIE data sanitized
DEBUG - 2020-12-25 06:32:29 --> Encryption: Auto-configured driver 'openssl'.
DEBUG - 2020-12-25 06:32:29 --> UTF-8 Support Enabled
DEBUG - 2020-12-25 06:32:30 --> Global POST, GET and COOKIE data sanitized
DEBUG - 2020-12-25 06:32:30 --> Encryption: Auto-configured driver 'openssl'.
DEBUG - 2020-12-25 06:32:30 --> Total execution time: 0.0351
DEBUG - 2020-12-25 06:32:43 --> UTF-8 Support Enabled
DEBUG - 2020-12-25 06:32:43 --> Global POST, GET and COOKIE data sanitized
DEBUG - 2020-12-25 06:32:43 --> Encryption: Auto-configured driver 'openssl'.
DEBUG - 2020-12-25 06:32:43 --> UTF-8 Support Enabled
DEBUG - 2020-12-25 06:32:43 --> Global POST, GET and COOKIE data sanitized
DEBUG - 2020-12-25 06:32:43 --> Encryption: Auto-configured driver 'openssl'.
DEBUG - 2020-12-25 06:32:43 --> Total execution time: 0.0310
DEBUG - 2020-12-25 06:32:44 --> UTF-8 Support Enabled
DEBUG - 2020-12-25 06:32:44 --> No URI present. Default controller set.
DEBUG - 2020-12-25 06:32:44 --> Global POST, GET and COOKIE data sanitized
DEBUG - 2020-12-25 06:32:44 --> Encryption: Auto-configured driver 'openssl'.
DEBUG - 2020-12-25 06:32:45 --> UTF-8 Support Enabled
DEBUG - 2020-12-25 06:32:45 --> Global POST, GET and COOKIE data sanitized
DEBUG - 2020-12-25 06:32:45 --> Encryption: Auto-configured driver 'openssl'.
DEBUG - 2020-12-25 06:32:45 --> Total execution time: 0.0365
DEBUG - 2020-12-25 06:33:45 --> UTF-8 Support Enabled
DEBUG - 2020-12-25 06:33:45 --> No URI present. Default controller set.
DEBUG - 2020-12-25 06:33:45 --> Global POST, GET and COOKIE data sanitized
DEBUG - 2020-12-25 06:33:45 --> Encryption: Auto-configured driver 'openssl'.
DEBUG - 2020-12-25 06:33:46 --> UTF-8 Support Enabled
DEBUG - 2020-12-25 06:33:46 --> Global POST, GET and COOKIE data sanitized
DEBUG - 2020-12-25 06:33:46 --> Encryption: Auto-configured driver 'openssl'.
DEBUG - 2020-12-25 06:33:46 --> Total execution time: 0.0410
DEBUG - 2020-12-25 06:34:09 --> UTF-8 Support Enabled
DEBUG - 2020-12-25 06:34:09 --> Global POST, GET and COOKIE data sanitized
DEBUG - 2020-12-25 06:34:09 --> Encryption: Auto-configured driver 'openssl'.
DEBUG - 2020-12-25 06:34:09 --> Total execution time: 0.0452
DEBUG - 2020-12-25 06:35:05 --> UTF-8 Support Enabled
DEBUG - 2020-12-25 06:35:05 --> Global POST, GET and COOKIE data sanitized
DEBUG - 2020-12-25 06:35:05 --> Encryption: Auto-configured driver 'openssl'.
DEBUG - 2020-12-25 06:35:05 --> Total execution time: 0.0416
DEBUG - 2020-12-25 06:35:23 --> UTF-8 Support Enabled
DEBUG - 2020-12-25 06:35:23 --> Global POST, GET and COOKIE data sanitized
DEBUG - 2020-12-25 06:35:23 --> Encryption: Auto-configured driver 'openssl'.
DEBUG - 2020-12-25 06:35:23 --> Total execution time: 0.0389
DEBUG - 2020-12-25 06:35:37 --> UTF-8 Support Enabled
DEBUG - 2020-12-25 06:35:37 --> Global POST, GET and COOKIE data sanitized
DEBUG - 2020-12-25 06:35:37 --> Encryption: Auto-configured driver 'openssl'.
DEBUG - 2020-12-25 06:35:37 --> Total execution time: 0.0412
DEBUG - 2020-12-25 06:35:42 --> UTF-8 Support Enabled
DEBUG - 2020-12-25 06:35:42 --> Global POST, GET and COOKIE data sanitized
DEBUG - 2020-12-25 06:35:42 --> Encryption: Auto-configured driver 'openssl'.
DEBUG - 2020-12-25 06:35:42 --> Total execution time: 0.0440
DEBUG - 2020-12-25 06:36:40 --> UTF-8 Support Enabled
DEBUG - 2020-12-25 06:36:40 --> No URI present. Default controller set.
DEBUG - 2020-12-25 06:36:40 --> Global POST, GET and COOKIE data sanitized
DEBUG - 2020-12-25 06:36:40 --> Encryption: Auto-configured driver 'openssl'.
DEBUG - 2020-12-25 06:36:40 --> UTF-8 Support Enabled
DEBUG - 2020-12-25 06:36:40 --> Global POST, GET and COOKIE data sanitized
DEBUG - 2020-12-25 06:36:40 --> Encryption: Auto-configured driver 'openssl'.
DEBUG - 2020-12-25 06:36:40 --> Total execution time: 0.0377
DEBUG - 2020-12-25 06:36:48 --> UTF-8 Support Enabled
DEBUG - 2020-12-25 06:36:48 --> Global POST, GET and COOKIE data sanitized
DEBUG - 2020-12-25 06:36:48 --> Encryption: Auto-configured driver 'openssl'.
DEBUG - 2020-12-25 06:36:48 --> Total execution time: 0.0462
DEBUG - 2020-12-25 06:37:33 --> UTF-8 Support Enabled
DEBUG - 2020-12-25 06:37:33 --> No URI present. Default controller set.
DEBUG - 2020-12-25 06:37:33 --> Global POST, GET and COOKIE data sanitized
DEBUG - 2020-12-25 06:37:33 --> Encryption: Auto-configured driver 'openssl'.
DEBUG - 2020-12-25 06:37:34 --> UTF-8 Support Enabled
DEBUG - 2020-12-25 06:37:34 --> Global POST, GET and COOKIE data sanitized
DEBUG - 2020-12-25 06:37:34 --> Encryption: Auto-configured driver 'openssl'.
DEBUG - 2020-12-25 06:37:34 --> Total execution time: 0.0674
DEBUG - 2020-12-25 06:37:43 --> UTF-8 Support Enabled
DEBUG - 2020-12-25 06:37:43 --> No URI present. Default controller set.
DEBUG - 2020-12-25 06:37:43 --> Global POST, GET and COOKIE data sanitized
DEBUG - 2020-12-25 06:37:43 --> Encryption: Auto-configured driver 'openssl'.
DEBUG - 2020-12-25 06:37:43 --> UTF-8 Support Enabled
DEBUG - 2020-12-25 06:37:43 --> Global POST, GET and COOKIE data sanitized
DEBUG - 2020-12-25 06:37:43 --> Encryption: Auto-configured driver 'openssl'.
DEBUG - 2020-12-25 06:37:43 --> Total execution time: 0.0560
DEBUG - 2020-12-25 06:37:47 --> UTF-8 Support Enabled
DEBUG - 2020-12-25 06:37:47 --> Global POST, GET and COOKIE data sanitized
DEBUG - 2020-12-25 06:37:47 --> Encryption: Auto-configured driver 'openssl'.
DEBUG - 2020-12-25 06:37:47 --> Total execution time: 0.0404
DEBUG - 2020-12-25 06:37:50 --> UTF-8 Support Enabled
DEBUG - 2020-12-25 06:37:50 --> Global POST, GET and COOKIE data sanitized
DEBUG - 2020-12-25 06:37:50 --> Encryption: Auto-configured driver 'openssl'.
DEBUG - 2020-12-25 06:37:50 --> Total execution time: 0.0468
DEBUG - 2020-12-25 06:37:54 --> UTF-8 Support Enabled
DEBUG - 2020-12-25 06:37:54 --> Global POST, GET and COOKIE data sanitized
DEBUG - 2020-12-25 06:37:54 --> Encryption: Auto-configured driver 'openssl'.
DEBUG - 2020-12-25 06:37:54 --> Total execution time: 0.0398
DEBUG - 2020-12-25 06:37:59 --> UTF-8 Support Enabled
DEBUG - 2020-12-25 06:37:59 --> Global POST, GET and COOKIE data sanitized
DEBUG - 2020-12-25 06:37:59 --> Encryption: Auto-configured driver 'openssl'.
DEBUG - 2020-12-25 06:37:59 --> Total execution time: 0.0425
DEBUG - 2020-12-25 06:38:18 --> UTF-8 Support Enabled
DEBUG - 2020-12-25 06:38:18 --> No URI present. Default controller set.
DEBUG - 2020-12-25 06:38:18 --> Global POST, GET and COOKIE data sanitized
DEBUG - 2020-12-25 06:38:18 --> Encryption: Auto-configured driver 'openssl'.
DEBUG - 2020-12-25 06:38:19 --> UTF-8 Support Enabled
DEBUG - 2020-12-25 06:38:19 --> No URI present. Default controller set.
DEBUG - 2020-12-25 06:38:19 --> Global POST, GET and COOKIE data sanitized
DEBUG - 2020-12-25 06:38:19 --> Encryption: Auto-configured driver 'openssl'.
DEBUG - 2020-12-25 06:38:19 --> UTF-8 Support Enabled
DEBUG - 2020-12-25 06:38:19 --> Global POST, GET and COOKIE data sanitized
DEBUG - 2020-12-25 06:38:19 --> Encryption: Auto-configured driver 'openssl'.
DEBUG - 2020-12-25 06:38:19 --> Total execution time: 0.0831
DEBUG - 2020-12-25 06:38:19 --> UTF-8 Support Enabled
DEBUG - 2020-12-25 06:38:19 --> Global POST, GET and COOKIE data sanitized
DEBUG - 2020-12-25 06:38:19 --> Encryption: Auto-configured driver 'openssl'.
DEBUG - 2020-12-25 06:38:20 --> Total execution time: 0.0858
DEBUG - 2020-12-25 06:38:23 --> UTF-8 Support Enabled
DEBUG - 2020-12-25 06:38:23 --> Global POST, GET and COOKIE data sanitized
DEBUG - 2020-12-25 06:38:23 --> Encryption: Auto-configured driver 'openssl'.
DEBUG - 2020-12-25 06:38:23 --> Total execution time: 0.0512
DEBUG - 2020-12-25 06:38:24 --> UTF-8 Support Enabled
DEBUG - 2020-12-25 06:38:24 --> Global POST, GET and COOKIE data sanitized
DEBUG - 2020-12-25 06:38:24 --> Encryption: Auto-configured driver 'openssl'.
DEBUG - 2020-12-25 06:38:24 --> Total execution time: 0.0565
DEBUG - 2020-12-25 06:39:31 --> UTF-8 Support Enabled
DEBUG - 2020-12-25 06:39:31 --> Global POST, GET and COOKIE data sanitized
DEBUG - 2020-12-25 06:39:31 --> Encryption: Auto-configured driver 'openssl'.
DEBUG - 2020-12-25 06:39:31 --> Total execution time: 0.0449
DEBUG - 2020-12-25 06:39:40 --> UTF-8 Support Enabled
DEBUG - 2020-12-25 06:39:40 --> Global POST, GET and COOKIE data sanitized
DEBUG - 2020-12-25 06:39:40 --> Encryption: Auto-configured driver 'openssl'.
DEBUG - 2020-12-25 06:39:40 --> Total execution time: 0.0384
DEBUG - 2020-12-25 06:39:45 --> UTF-8 Support Enabled
DEBUG - 2020-12-25 06:39:45 --> Global POST, GET and COOKIE data sanitized
DEBUG - 2020-12-25 06:39:45 --> Encryption: Auto-configured driver 'openssl'.
DEBUG - 2020-12-25 06:39:45 --> Total execution time: 0.0417
DEBUG - 2020-12-25 06:39:51 --> UTF-8 Support Enabled
DEBUG - 2020-12-25 06:39:51 --> Global POST, GET and COOKIE data sanitized
DEBUG - 2020-12-25 06:39:51 --> Encryption: Auto-configured driver 'openssl'.
DEBUG - 2020-12-25 06:39:51 --> Total execution time: 0.0517
DEBUG - 2020-12-25 06:41:17 --> UTF-8 Support Enabled
DEBUG - 2020-12-25 06:41:17 --> No URI present. Default controller set.
DEBUG - 2020-12-25 06:41:17 --> Global POST, GET and COOKIE data sanitized
DEBUG - 2020-12-25 06:41:17 --> Encryption: Auto-configured driver 'openssl'.
DEBUG - 2020-12-25 06:41:18 --> UTF-8 Support Enabled
DEBUG - 2020-12-25 06:41:18 --> Global POST, GET and COOKIE data sanitized
DEBUG - 2020-12-25 06:41:18 --> Encryption: Auto-configured driver 'openssl'.
DEBUG - 2020-12-25 06:41:18 --> Total execution time: 0.0485
DEBUG - 2020-12-25 06:41:21 --> UTF-8 Support Enabled
DEBUG - 2020-12-25 06:41:21 --> Global POST, GET and COOKIE data sanitized
DEBUG - 2020-12-25 06:41:22 --> Encryption: Auto-configured driver 'openssl'.
DEBUG - 2020-12-25 06:41:22 --> Total execution time: 0.0396
DEBUG - 2020-12-25 06:41:36 --> UTF-8 Support Enabled
DEBUG - 2020-12-25 06:41:36 --> No URI present. Default controller set.
DEBUG - 2020-12-25 06:41:36 --> Global POST, GET and COOKIE data sanitized
DEBUG - 2020-12-25 06:41:36 --> Encryption: Auto-configured driver 'openssl'.
DEBUG - 2020-12-25 06:41:37 --> UTF-8 Support Enabled
DEBUG - 2020-12-25 06:41:37 --> Global POST, GET and COOKIE data sanitized
DEBUG - 2020-12-25 06:41:37 --> Encryption: Auto-configured driver 'openssl'.
DEBUG - 2020-12-25 06:41:37 --> Total execution time: 0.0368
DEBUG - 2020-12-25 06:41:50 --> UTF-8 Support Enabled
DEBUG - 2020-12-25 06:41:50 --> Global POST, GET and COOKIE data sanitized
DEBUG - 2020-12-25 06:41:50 --> Encryption: Auto-configured driver 'openssl'.
DEBUG - 2020-12-25 06:41:50 --> Total execution time: 0.0357
DEBUG - 2020-12-25 06:41:53 --> UTF-8 Support Enabled
DEBUG - 2020-12-25 06:41:53 --> No URI present. Default controller set.
DEBUG - 2020-12-25 06:41:53 --> Global POST, GET and COOKIE data sanitized
DEBUG - 2020-12-25 06:41:53 --> Encryption: Auto-configured driver 'openssl'.
DEBUG - 2020-12-25 06:41:54 --> UTF-8 Support Enabled
DEBUG - 2020-12-25 06:41:54 --> Global POST, GET and COOKIE data sanitized
DEBUG - 2020-12-25 06:41:54 --> Encryption: Auto-configured driver 'openssl'.
DEBUG - 2020-12-25 06:41:54 --> Total execution time: 0.0464
DEBUG - 2020-12-25 06:42:01 --> UTF-8 Support Enabled
DEBUG - 2020-12-25 06:42:01 --> Global POST, GET and COOKIE data sanitized
DEBUG - 2020-12-25 06:42:01 --> Encryption: Auto-configured driver 'openssl'.
DEBUG - 2020-12-25 06:42:01 --> Total execution time: 0.0372
DEBUG - 2020-12-25 06:42:20 --> UTF-8 Support Enabled
DEBUG - 2020-12-25 06:42:20 --> Global POST, GET and COOKIE data sanitized
DEBUG - 2020-12-25 06:42:20 --> Encryption: Auto-configured driver 'openssl'.
DEBUG - 2020-12-25 06:42:20 --> Total execution time: 0.0483
DEBUG - 2020-12-25 06:59:26 --> UTF-8 Support Enabled
DEBUG - 2020-12-25 06:59:26 --> Global POST, GET and COOKIE data sanitized
DEBUG - 2020-12-25 06:59:26 --> Encryption: Auto-configured driver 'openssl'.
DEBUG - 2020-12-25 06:59:26 --> Total execution time: 0.0408
DEBUG - 2020-12-25 07:00:58 --> UTF-8 Support Enabled
DEBUG - 2020-12-25 07:00:58 --> Global POST, GET and COOKIE data sanitized
DEBUG - 2020-12-25 07:00:58 --> Encryption: Auto-configured driver 'openssl'.
DEBUG - 2020-12-25 07:00:58 --> Total execution time: 0.0412
DEBUG - 2020-12-25 07:03:06 --> UTF-8 Support Enabled
DEBUG - 2020-12-25 07:03:06 --> Global POST, GET and COOKIE data sanitized
DEBUG - 2020-12-25 07:03:06 --> Encryption: Auto-configured driver 'openssl'.
DEBUG - 2020-12-25 07:03:06 --> Total execution time: 0.0447
DEBUG - 2020-12-25 07:03:41 --> UTF-8 Support Enabled
DEBUG - 2020-12-25 07:03:41 --> Global POST, GET and COOKIE data sanitized
DEBUG - 2020-12-25 07:03:41 --> Encryption: Auto-configured driver 'openssl'.
DEBUG - 2020-12-25 07:03:41 --> Total execution time: 0.0425
DEBUG - 2020-12-25 07:05:29 --> UTF-8 Support Enabled
DEBUG - 2020-12-25 07:05:29 --> Global POST, GET and COOKIE data sanitized
DEBUG - 2020-12-25 07:05:29 --> Encryption: Auto-configured driver 'openssl'.
DEBUG - 2020-12-25 07:05:29 --> Total execution time: 0.0489
DEBUG - 2020-12-25 07:06:22 --> UTF-8 Support Enabled
DEBUG - 2020-12-25 07:06:22 --> Global POST, GET and COOKIE data sanitized
DEBUG - 2020-12-25 07:06:22 --> Encryption: Auto-configured driver 'openssl'.
DEBUG - 2020-12-25 07:06:22 --> Total execution time: 0.0519
DEBUG - 2020-12-25 07:08:54 --> UTF-8 Support Enabled
DEBUG - 2020-12-25 07:08:54 --> Global POST, GET and COOKIE data sanitized
DEBUG - 2020-12-25 07:08:54 --> Encryption: Auto-configured driver 'openssl'.
DEBUG - 2020-12-25 07:08:54 --> Total execution time: 0.0487
DEBUG - 2020-12-25 07:09:37 --> UTF-8 Support Enabled
DEBUG - 2020-12-25 07:09:37 --> Global POST, GET and COOKIE data sanitized
DEBUG - 2020-12-25 07:09:37 --> Encryption: Auto-configured driver 'openssl'.
DEBUG - 2020-12-25 07:09:37 --> Total execution time: 0.0811
DEBUG - 2020-12-25 07:10:31 --> UTF-8 Support Enabled
DEBUG - 2020-12-25 07:10:31 --> Global POST, GET and COOKIE data sanitized
DEBUG - 2020-12-25 07:10:31 --> Encryption: Auto-configured driver 'openssl'.
DEBUG - 2020-12-25 07:10:31 --> Total execution time: 0.0430
DEBUG - 2020-12-25 07:11:20 --> UTF-8 Support Enabled
DEBUG - 2020-12-25 07:11:20 --> Global POST, GET and COOKIE data sanitized
DEBUG - 2020-12-25 07:11:20 --> Encryption: Auto-configured driver 'openssl'.
DEBUG - 2020-12-25 07:11:20 --> Total execution time: 0.0395
DEBUG - 2020-12-25 07:12:20 --> UTF-8 Support Enabled
DEBUG - 2020-12-25 07:12:20 --> Global POST, GET and COOKIE data sanitized
DEBUG - 2020-12-25 07:12:20 --> Encryption: Auto-configured driver 'openssl'.
DEBUG - 2020-12-25 07:12:20 --> Total execution time: 0.0392
DEBUG - 2020-12-25 07:13:15 --> UTF-8 Support Enabled
DEBUG - 2020-12-25 07:13:15 --> Global POST, GET and COOKIE data sanitized
DEBUG - 2020-12-25 07:13:15 --> Encryption: Auto-configured driver 'openssl'.
DEBUG - 2020-12-25 07:13:15 --> Total execution time: 0.0575
DEBUG - 2020-12-25 07:13:44 --> UTF-8 Support Enabled
DEBUG - 2020-12-25 07:13:44 --> Global POST, GET and COOKIE data sanitized
DEBUG - 2020-12-25 07:13:44 --> Encryption: Auto-configured driver 'openssl'.
DEBUG - 2020-12-25 07:13:44 --> Total execution time: 0.0521
DEBUG - 2020-12-25 07:14:23 --> UTF-8 Support Enabled
DEBUG - 2020-12-25 07:14:23 --> No URI present. Default controller set.
DEBUG - 2020-12-25 07:14:23 --> Global POST, GET and COOKIE data sanitized
DEBUG - 2020-12-25 07:14:23 --> Encryption: Auto-configured driver 'openssl'.
DEBUG - 2020-12-25 07:14:24 --> UTF-8 Support Enabled
DEBUG - 2020-12-25 07:14:24 --> Global POST, GET and COOKIE data sanitized
DEBUG - 2020-12-25 07:14:24 --> Encryption: Auto-configured driver 'openssl'.
DEBUG - 2020-12-25 07:14:24 --> Total execution time: 0.0376
DEBUG - 2020-12-25 07:19:04 --> UTF-8 Support Enabled
DEBUG - 2020-12-25 07:19:04 --> Global POST, GET and COOKIE data sanitized
DEBUG - 2020-12-25 07:19:04 --> Encryption: Auto-configured driver 'openssl'.
DEBUG - 2020-12-25 07:19:04 --> Total execution time: 0.0374
DEBUG - 2020-12-25 07:19:05 --> UTF-8 Support Enabled
DEBUG - 2020-12-25 07:19:05 --> Global POST, GET and COOKIE data sanitized
DEBUG - 2020-12-25 07:19:05 --> Encryption: Auto-configured driver 'openssl'.
DEBUG - 2020-12-25 07:19:05 --> Total execution time: 0.0510
DEBUG - 2020-12-25 07:19:07 --> UTF-8 Support Enabled
DEBUG - 2020-12-25 07:19:07 --> Global POST, GET and COOKIE data sanitized
DEBUG - 2020-12-25 07:19:07 --> Encryption: Auto-configured driver 'openssl'.
DEBUG - 2020-12-25 07:19:07 --> Total execution time: 0.0657
DEBUG - 2020-12-25 07:19:08 --> UTF-8 Support Enabled
DEBUG - 2020-12-25 07:19:08 --> Global POST, GET and COOKIE data sanitized
DEBUG - 2020-12-25 07:19:08 --> Encryption: Auto-configured driver 'openssl'.
DEBUG - 2020-12-25 07:19:08 --> Total execution time: 0.0401
DEBUG - 2020-12-25 07:19:10 --> UTF-8 Support Enabled
DEBUG - 2020-12-25 07:19:10 --> Global POST, GET and COOKIE data sanitized
DEBUG - 2020-12-25 07:19:10 --> Encryption: Auto-configured driver 'openssl'.
DEBUG - 2020-12-25 07:19:10 --> Total execution time: 0.0445
DEBUG - 2020-12-25 07:22:48 --> UTF-8 Support Enabled
DEBUG - 2020-12-25 07:22:48 --> Global POST, GET and COOKIE data sanitized
DEBUG - 2020-12-25 07:22:48 --> Encryption: Auto-configured driver 'openssl'.
DEBUG - 2020-12-25 07:22:48 --> Total execution time: 0.0426
DEBUG - 2020-12-25 07:23:18 --> UTF-8 Support Enabled
DEBUG - 2020-12-25 07:23:18 --> Global POST, GET and COOKIE data sanitized
DEBUG - 2020-12-25 07:23:18 --> Encryption: Auto-configured driver 'openssl'.
DEBUG - 2020-12-25 07:23:18 --> Total execution time: 0.0454
DEBUG - 2020-12-25 07:24:01 --> UTF-8 Support Enabled
DEBUG - 2020-12-25 07:24:01 --> Global POST, GET and COOKIE data sanitized
DEBUG - 2020-12-25 07:24:01 --> Encryption: Auto-configured driver 'openssl'.
DEBUG - 2020-12-25 07:24:01 --> Total execution time: 0.0366
DEBUG - 2020-12-25 07:24:07 --> UTF-8 Support Enabled
DEBUG - 2020-12-25 07:24:07 --> Global POST, GET and COOKIE data sanitized
DEBUG - 2020-12-25 07:24:07 --> Encryption: Auto-configured driver 'openssl'.
DEBUG - 2020-12-25 07:24:07 --> Total execution time: 0.0444
DEBUG - 2020-12-25 07:25:15 --> UTF-8 Support Enabled
DEBUG - 2020-12-25 07:25:15 --> Global POST, GET and COOKIE data sanitized
DEBUG - 2020-12-25 07:25:15 --> Encryption: Auto-configured driver 'openssl'.
DEBUG - 2020-12-25 07:25:15 --> Total execution time: 0.0366
DEBUG - 2020-12-25 07:28:00 --> UTF-8 Support Enabled
DEBUG - 2020-12-25 07:28:00 --> Global POST, GET and COOKIE data sanitized
DEBUG - 2020-12-25 07:28:00 --> Encryption: Auto-configured driver 'openssl'.
DEBUG - 2020-12-25 07:28:01 --> Total execution time: 0.0486
DEBUG - 2020-12-25 07:28:42 --> UTF-8 Support Enabled
DEBUG - 2020-12-25 07:28:42 --> Global POST, GET and COOKIE data sanitized
DEBUG - 2020-12-25 07:28:42 --> Encryption: Auto-configured driver 'openssl'.
DEBUG - 2020-12-25 07:28:42 --> Total execution time: 0.0378
DEBUG - 2020-12-25 07:30:52 --> UTF-8 Support Enabled
DEBUG - 2020-12-25 07:30:52 --> No URI present. Default controller set.
DEBUG - 2020-12-25 07:30:52 --> Global POST, GET and COOKIE data sanitized
DEBUG - 2020-12-25 07:30:52 --> Encryption: Auto-configured driver 'openssl'.
DEBUG - 2020-12-25 07:30:52 --> Total execution time: 0.0352
DEBUG - 2020-12-25 07:32:23 --> UTF-8 Support Enabled
DEBUG - 2020-12-25 07:32:23 --> No URI present. Default controller set.
DEBUG - 2020-12-25 07:32:23 --> Global POST, GET and COOKIE data sanitized
DEBUG - 2020-12-25 07:32:23 --> Encryption: Auto-configured driver 'openssl'.
DEBUG - 2020-12-25 07:32:23 --> Total execution time: 0.0607
DEBUG - 2020-12-25 07:33:41 --> UTF-8 Support Enabled
DEBUG - 2020-12-25 07:33:41 --> No URI present. Default controller set.
DEBUG - 2020-12-25 07:33:41 --> Global POST, GET and COOKIE data sanitized
DEBUG - 2020-12-25 07:33:41 --> Encryption: Auto-configured driver 'openssl'.
DEBUG - 2020-12-25 07:33:41 --> Total execution time: 0.0483
DEBUG - 2020-12-25 07:34:40 --> UTF-8 Support Enabled
DEBUG - 2020-12-25 07:34:40 --> No URI present. Default controller set.
DEBUG - 2020-12-25 07:34:40 --> Global POST, GET and COOKIE data sanitized
DEBUG - 2020-12-25 07:34:41 --> Encryption: Auto-configured driver 'openssl'.
DEBUG - 2020-12-25 07:34:41 --> Total execution time: 0.0601
DEBUG - 2020-12-25 08:58:59 --> UTF-8 Support Enabled
DEBUG - 2020-12-25 08:58:59 --> Global POST, GET and COOKIE data sanitized
DEBUG - 2020-12-25 08:58:59 --> Encryption: Auto-configured driver 'openssl'.
ERROR - 2020-12-25 08:58:59 --> 404 Page Not Found: 
DEBUG - 2020-12-25 08:59:03 --> UTF-8 Support Enabled
DEBUG - 2020-12-25 08:59:03 --> Global POST, GET and COOKIE data sanitized
DEBUG - 2020-12-25 08:59:03 --> Encryption: Auto-configured driver 'openssl'.
ERROR - 2020-12-25 08:59:03 --> 404 Page Not Found: 
DEBUG - 2020-12-25 08:59:06 --> UTF-8 Support Enabled
DEBUG - 2020-12-25 08:59:06 --> Global POST, GET and COOKIE data sanitized
DEBUG - 2020-12-25 08:59:06 --> Encryption: Auto-configured driver 'openssl'.
ERROR - 2020-12-25 08:59:06 --> 404 Page Not Found: 
DEBUG - 2020-12-25 08:59:07 --> UTF-8 Support Enabled
DEBUG - 2020-12-25 08:59:07 --> Global POST, GET and COOKIE data sanitized
DEBUG - 2020-12-25 08:59:07 --> Encryption: Auto-configured driver 'openssl'.
ERROR - 2020-12-25 08:59:07 --> 404 Page Not Found: 
DEBUG - 2020-12-25 08:59:11 --> UTF-8 Support Enabled
DEBUG - 2020-12-25 08:59:11 --> Global POST, GET and COOKIE data sanitized
DEBUG - 2020-12-25 08:59:11 --> Encryption: Auto-configured driver 'openssl'.
ERROR - 2020-12-25 08:59:11 --> Severity: Notice --> Undefined index: USER_ID /home1/developmentconso/public_html/hakibah/application/controllers/Page.php 397
DEBUG - 2020-12-25 08:59:11 --> Total execution time: 0.0436
DEBUG - 2020-12-25 08:59:23 --> UTF-8 Support Enabled
DEBUG - 2020-12-25 08:59:23 --> Global POST, GET and COOKIE data sanitized
DEBUG - 2020-12-25 08:59:23 --> Encryption: Auto-configured driver 'openssl'.
ERROR - 2020-12-25 08:59:23 --> 404 Page Not Found: 
DEBUG - 2020-12-25 08:59:34 --> UTF-8 Support Enabled
DEBUG - 2020-12-25 08:59:34 --> No URI present. Default controller set.
DEBUG - 2020-12-25 08:59:34 --> Global POST, GET and COOKIE data sanitized
DEBUG - 2020-12-25 08:59:34 --> Encryption: Auto-configured driver 'openssl'.
DEBUG - 2020-12-25 08:59:34 --> Total execution time: 0.0402
DEBUG - 2020-12-25 08:59:37 --> UTF-8 Support Enabled
DEBUG - 2020-12-25 08:59:37 --> Global POST, GET and COOKIE data sanitized
DEBUG - 2020-12-25 08:59:37 --> Encryption: Auto-configured driver 'openssl'.
DEBUG - 2020-12-25 08:59:37 --> Total execution time: 0.0335
DEBUG - 2020-12-25 08:59:46 --> UTF-8 Support Enabled
DEBUG - 2020-12-25 08:59:46 --> Global POST, GET and COOKIE data sanitized
DEBUG - 2020-12-25 08:59:46 --> Encryption: Auto-configured driver 'openssl'.
DEBUG - 2020-12-25 08:59:47 --> UTF-8 Support Enabled
DEBUG - 2020-12-25 08:59:47 --> Global POST, GET and COOKIE data sanitized
DEBUG - 2020-12-25 08:59:47 --> Encryption: Auto-configured driver 'openssl'.
DEBUG - 2020-12-25 08:59:47 --> Total execution time: 0.0379
DEBUG - 2020-12-25 09:00:02 --> UTF-8 Support Enabled
DEBUG - 2020-12-25 09:00:02 --> Global POST, GET and COOKIE data sanitized
DEBUG - 2020-12-25 09:00:02 --> Encryption: Auto-configured driver 'openssl'.
DEBUG - 2020-12-25 09:00:02 --> Total execution time: 0.0901
DEBUG - 2020-12-25 09:00:15 --> UTF-8 Support Enabled
DEBUG - 2020-12-25 09:00:15 --> Global POST, GET and COOKIE data sanitized
DEBUG - 2020-12-25 09:00:15 --> Encryption: Auto-configured driver 'openssl'.
DEBUG - 2020-12-25 09:00:15 --> Total execution time: 0.0391
DEBUG - 2020-12-25 09:00:19 --> UTF-8 Support Enabled
DEBUG - 2020-12-25 09:00:19 --> Global POST, GET and COOKIE data sanitized
DEBUG - 2020-12-25 09:00:19 --> Encryption: Auto-configured driver 'openssl'.
DEBUG - 2020-12-25 09:00:20 --> Total execution time: 0.0411
DEBUG - 2020-12-25 09:00:39 --> UTF-8 Support Enabled
DEBUG - 2020-12-25 09:00:39 --> Global POST, GET and COOKIE data sanitized
DEBUG - 2020-12-25 09:00:39 --> Encryption: Auto-configured driver 'openssl'.
DEBUG - 2020-12-25 09:00:39 --> Total execution time: 0.0403
DEBUG - 2020-12-25 09:00:41 --> UTF-8 Support Enabled
DEBUG - 2020-12-25 09:00:41 --> Global POST, GET and COOKIE data sanitized
DEBUG - 2020-12-25 09:00:41 --> Encryption: Auto-configured driver 'openssl'.
DEBUG - 2020-12-25 09:00:41 --> Total execution time: 0.0425
DEBUG - 2020-12-25 09:00:49 --> UTF-8 Support Enabled
DEBUG - 2020-12-25 09:00:49 --> Global POST, GET and COOKIE data sanitized
DEBUG - 2020-12-25 09:00:49 --> Encryption: Auto-configured driver 'openssl'.
DEBUG - 2020-12-25 09:00:49 --> Total execution time: 0.0299
DEBUG - 2020-12-25 09:00:50 --> UTF-8 Support Enabled
DEBUG - 2020-12-25 09:00:50 --> Global POST, GET and COOKIE data sanitized
DEBUG - 2020-12-25 09:00:50 --> Encryption: Auto-configured driver 'openssl'.
DEBUG - 2020-12-25 09:00:50 --> Total execution time: 0.0294
DEBUG - 2020-12-25 09:00:54 --> UTF-8 Support Enabled
DEBUG - 2020-12-25 09:00:54 --> Global POST, GET and COOKIE data sanitized
DEBUG - 2020-12-25 09:00:54 --> Encryption: Auto-configured driver 'openssl'.
DEBUG - 2020-12-25 09:00:54 --> Total execution time: 0.0261
DEBUG - 2020-12-25 09:01:21 --> UTF-8 Support Enabled
DEBUG - 2020-12-25 09:01:21 --> Global POST, GET and COOKIE data sanitized
DEBUG - 2020-12-25 09:01:21 --> Encryption: Auto-configured driver 'openssl'.
DEBUG - 2020-12-25 09:01:21 --> Total execution time: 0.0458
DEBUG - 2020-12-25 09:01:34 --> UTF-8 Support Enabled
DEBUG - 2020-12-25 09:01:34 --> Global POST, GET and COOKIE data sanitized
DEBUG - 2020-12-25 09:01:34 --> Encryption: Auto-configured driver 'openssl'.
DEBUG - 2020-12-25 09:01:34 --> UTF-8 Support Enabled
DEBUG - 2020-12-25 09:01:34 --> Global POST, GET and COOKIE data sanitized
DEBUG - 2020-12-25 09:01:34 --> Encryption: Auto-configured driver 'openssl'.
DEBUG - 2020-12-25 09:01:34 --> Total execution time: 0.0446
DEBUG - 2020-12-25 09:02:04 --> UTF-8 Support Enabled
DEBUG - 2020-12-25 09:02:04 --> Global POST, GET and COOKIE data sanitized
DEBUG - 2020-12-25 09:02:04 --> Encryption: Auto-configured driver 'openssl'.
DEBUG - 2020-12-25 09:02:04 --> Total execution time: 0.0413
DEBUG - 2020-12-25 09:02:07 --> UTF-8 Support Enabled
DEBUG - 2020-12-25 09:02:07 --> Global POST, GET and COOKIE data sanitized
DEBUG - 2020-12-25 09:02:07 --> Encryption: Auto-configured driver 'openssl'.
DEBUG - 2020-12-25 09:02:07 --> Total execution time: 0.0299
DEBUG - 2020-12-25 09:02:25 --> UTF-8 Support Enabled
DEBUG - 2020-12-25 09:02:25 --> Global POST, GET and COOKIE data sanitized
DEBUG - 2020-12-25 09:02:25 --> Encryption: Auto-configured driver 'openssl'.
DEBUG - 2020-12-25 09:02:25 --> Total execution time: 0.0469
DEBUG - 2020-12-25 09:02:32 --> UTF-8 Support Enabled
DEBUG - 2020-12-25 09:02:32 --> No URI present. Default controller set.
DEBUG - 2020-12-25 09:02:32 --> Global POST, GET and COOKIE data sanitized
DEBUG - 2020-12-25 09:02:32 --> Encryption: Auto-configured driver 'openssl'.
DEBUG - 2020-12-25 09:02:32 --> UTF-8 Support Enabled
DEBUG - 2020-12-25 09:02:32 --> Global POST, GET and COOKIE data sanitized
DEBUG - 2020-12-25 09:02:33 --> Encryption: Auto-configured driver 'openssl'.
DEBUG - 2020-12-25 09:02:33 --> Total execution time: 0.0399
DEBUG - 2020-12-25 09:02:39 --> UTF-8 Support Enabled
DEBUG - 2020-12-25 09:02:39 --> Global POST, GET and COOKIE data sanitized
DEBUG - 2020-12-25 09:02:39 --> Encryption: Auto-configured driver 'openssl'.
DEBUG - 2020-12-25 09:02:39 --> Total execution time: 0.0582
DEBUG - 2020-12-25 09:02:43 --> UTF-8 Support Enabled
DEBUG - 2020-12-25 09:02:43 --> Global POST, GET and COOKIE data sanitized
DEBUG - 2020-12-25 09:02:43 --> Encryption: Auto-configured driver 'openssl'.
DEBUG - 2020-12-25 09:02:43 --> Total execution time: 0.0396
DEBUG - 2020-12-25 09:02:43 --> UTF-8 Support Enabled
DEBUG - 2020-12-25 09:02:43 --> No URI present. Default controller set.
DEBUG - 2020-12-25 09:02:43 --> Global POST, GET and COOKIE data sanitized
DEBUG - 2020-12-25 09:02:43 --> Encryption: Auto-configured driver 'openssl'.
DEBUG - 2020-12-25 09:02:44 --> UTF-8 Support Enabled
DEBUG - 2020-12-25 09:02:44 --> Global POST, GET and COOKIE data sanitized
DEBUG - 2020-12-25 09:02:44 --> Encryption: Auto-configured driver 'openssl'.
DEBUG - 2020-12-25 09:02:44 --> Total execution time: 0.0363
DEBUG - 2020-12-25 09:03:05 --> UTF-8 Support Enabled
DEBUG - 2020-12-25 09:03:05 --> Global POST, GET and COOKIE data sanitized
DEBUG - 2020-12-25 09:03:05 --> Encryption: Auto-configured driver 'openssl'.
DEBUG - 2020-12-25 09:03:05 --> UTF-8 Support Enabled
DEBUG - 2020-12-25 09:03:05 --> Global POST, GET and COOKIE data sanitized
DEBUG - 2020-12-25 09:03:05 --> Encryption: Auto-configured driver 'openssl'.
DEBUG - 2020-12-25 09:03:05 --> Total execution time: 0.0370
DEBUG - 2020-12-25 09:03:06 --> UTF-8 Support Enabled
DEBUG - 2020-12-25 09:03:06 --> No URI present. Default controller set.
DEBUG - 2020-12-25 09:03:06 --> Global POST, GET and COOKIE data sanitized
DEBUG - 2020-12-25 09:03:06 --> Encryption: Auto-configured driver 'openssl'.
DEBUG - 2020-12-25 09:03:07 --> UTF-8 Support Enabled
DEBUG - 2020-12-25 09:03:07 --> Global POST, GET and COOKIE data sanitized
DEBUG - 2020-12-25 09:03:07 --> Encryption: Auto-configured driver 'openssl'.
DEBUG - 2020-12-25 09:03:07 --> Total execution time: 0.0465
DEBUG - 2020-12-25 09:03:11 --> UTF-8 Support Enabled
DEBUG - 2020-12-25 09:03:11 --> Global POST, GET and COOKIE data sanitized
DEBUG - 2020-12-25 09:03:11 --> Encryption: Auto-configured driver 'openssl'.
DEBUG - 2020-12-25 09:03:11 --> UTF-8 Support Enabled
DEBUG - 2020-12-25 09:03:11 --> Global POST, GET and COOKIE data sanitized
DEBUG - 2020-12-25 09:03:11 --> Encryption: Auto-configured driver 'openssl'.
DEBUG - 2020-12-25 09:03:11 --> Total execution time: 0.0359
DEBUG - 2020-12-25 09:03:12 --> UTF-8 Support Enabled
DEBUG - 2020-12-25 09:03:12 --> No URI present. Default controller set.
DEBUG - 2020-12-25 09:03:12 --> Global POST, GET and COOKIE data sanitized
DEBUG - 2020-12-25 09:03:12 --> Encryption: Auto-configured driver 'openssl'.
DEBUG - 2020-12-25 09:03:13 --> UTF-8 Support Enabled
DEBUG - 2020-12-25 09:03:13 --> Global POST, GET and COOKIE data sanitized
DEBUG - 2020-12-25 09:03:13 --> Encryption: Auto-configured driver 'openssl'.
DEBUG - 2020-12-25 09:03:13 --> Total execution time: 0.0407
DEBUG - 2020-12-25 09:03:22 --> UTF-8 Support Enabled
DEBUG - 2020-12-25 09:03:22 --> Global POST, GET and COOKIE data sanitized
DEBUG - 2020-12-25 09:03:22 --> Encryption: Auto-configured driver 'openssl'.
DEBUG - 2020-12-25 09:03:22 --> Total execution time: 0.0465
DEBUG - 2020-12-25 09:03:22 --> UTF-8 Support Enabled
DEBUG - 2020-12-25 09:03:23 --> No URI present. Default controller set.
DEBUG - 2020-12-25 09:03:23 --> Global POST, GET and COOKIE data sanitized
DEBUG - 2020-12-25 09:03:23 --> Encryption: Auto-configured driver 'openssl'.
DEBUG - 2020-12-25 09:03:23 --> UTF-8 Support Enabled
DEBUG - 2020-12-25 09:03:23 --> Global POST, GET and COOKIE data sanitized
DEBUG - 2020-12-25 09:03:23 --> Encryption: Auto-configured driver 'openssl'.
DEBUG - 2020-12-25 09:03:23 --> Total execution time: 0.0406
DEBUG - 2020-12-25 09:03:25 --> UTF-8 Support Enabled
DEBUG - 2020-12-25 09:03:25 --> Global POST, GET and COOKIE data sanitized
DEBUG - 2020-12-25 09:03:25 --> Encryption: Auto-configured driver 'openssl'.
DEBUG - 2020-12-25 09:03:25 --> Total execution time: 0.0520
DEBUG - 2020-12-25 09:03:25 --> UTF-8 Support Enabled
DEBUG - 2020-12-25 09:03:25 --> Global POST, GET and COOKIE data sanitized
DEBUG - 2020-12-25 09:03:25 --> Encryption: Auto-configured driver 'openssl'.
DEBUG - 2020-12-25 09:03:25 --> Total execution time: 0.0430
DEBUG - 2020-12-25 09:03:26 --> UTF-8 Support Enabled
DEBUG - 2020-12-25 09:03:26 --> Global POST, GET and COOKIE data sanitized
DEBUG - 2020-12-25 09:03:26 --> Encryption: Auto-configured driver 'openssl'.
DEBUG - 2020-12-25 09:03:26 --> Total execution time: 0.0390
DEBUG - 2020-12-25 09:03:27 --> UTF-8 Support Enabled
DEBUG - 2020-12-25 09:03:27 --> No URI present. Default controller set.
DEBUG - 2020-12-25 09:03:27 --> Global POST, GET and COOKIE data sanitized
DEBUG - 2020-12-25 09:03:27 --> Encryption: Auto-configured driver 'openssl'.
DEBUG - 2020-12-25 09:03:27 --> UTF-8 Support Enabled
DEBUG - 2020-12-25 09:03:27 --> Global POST, GET and COOKIE data sanitized
DEBUG - 2020-12-25 09:03:28 --> Encryption: Auto-configured driver 'openssl'.
DEBUG - 2020-12-25 09:03:28 --> Total execution time: 0.0772
DEBUG - 2020-12-25 09:03:28 --> UTF-8 Support Enabled
DEBUG - 2020-12-25 09:03:28 --> Global POST, GET and COOKIE data sanitized
DEBUG - 2020-12-25 09:03:28 --> Encryption: Auto-configured driver 'openssl'.
DEBUG - 2020-12-25 09:03:28 --> Total execution time: 0.0460
DEBUG - 2020-12-25 09:03:29 --> UTF-8 Support Enabled
DEBUG - 2020-12-25 09:03:29 --> No URI present. Default controller set.
DEBUG - 2020-12-25 09:03:29 --> Global POST, GET and COOKIE data sanitized
DEBUG - 2020-12-25 09:03:29 --> Encryption: Auto-configured driver 'openssl'.
DEBUG - 2020-12-25 09:03:30 --> UTF-8 Support Enabled
DEBUG - 2020-12-25 09:03:30 --> Global POST, GET and COOKIE data sanitized
DEBUG - 2020-12-25 09:03:30 --> Encryption: Auto-configured driver 'openssl'.
DEBUG - 2020-12-25 09:03:30 --> Total execution time: 0.0392
DEBUG - 2020-12-25 09:03:35 --> UTF-8 Support Enabled
DEBUG - 2020-12-25 09:03:35 --> Global POST, GET and COOKIE data sanitized
DEBUG - 2020-12-25 09:03:35 --> Encryption: Auto-configured driver 'openssl'.
DEBUG - 2020-12-25 09:03:35 --> Total execution time: 0.0339
DEBUG - 2020-12-25 09:03:36 --> UTF-8 Support Enabled
DEBUG - 2020-12-25 09:03:36 --> No URI present. Default controller set.
DEBUG - 2020-12-25 09:03:36 --> Global POST, GET and COOKIE data sanitized
DEBUG - 2020-12-25 09:03:36 --> Encryption: Auto-configured driver 'openssl'.
DEBUG - 2020-12-25 09:03:36 --> UTF-8 Support Enabled
DEBUG - 2020-12-25 09:03:36 --> Global POST, GET and COOKIE data sanitized
DEBUG - 2020-12-25 09:03:36 --> Encryption: Auto-configured driver 'openssl'.
DEBUG - 2020-12-25 09:03:37 --> Total execution time: 0.0471
DEBUG - 2020-12-25 09:03:42 --> UTF-8 Support Enabled
DEBUG - 2020-12-25 09:03:42 --> Global POST, GET and COOKIE data sanitized
DEBUG - 2020-12-25 09:03:42 --> Encryption: Auto-configured driver 'openssl'.
DEBUG - 2020-12-25 09:03:42 --> Total execution time: 0.0396
DEBUG - 2020-12-25 09:03:45 --> UTF-8 Support Enabled
DEBUG - 2020-12-25 09:03:45 --> Global POST, GET and COOKIE data sanitized
DEBUG - 2020-12-25 09:03:45 --> Encryption: Auto-configured driver 'openssl'.
DEBUG - 2020-12-25 09:03:45 --> Total execution time: 0.0407
DEBUG - 2020-12-25 09:03:46 --> UTF-8 Support Enabled
DEBUG - 2020-12-25 09:03:46 --> No URI present. Default controller set.
DEBUG - 2020-12-25 09:03:46 --> Global POST, GET and COOKIE data sanitized
DEBUG - 2020-12-25 09:03:46 --> Encryption: Auto-configured driver 'openssl'.
DEBUG - 2020-12-25 09:03:47 --> UTF-8 Support Enabled
DEBUG - 2020-12-25 09:03:47 --> Global POST, GET and COOKIE data sanitized
DEBUG - 2020-12-25 09:03:47 --> Encryption: Auto-configured driver 'openssl'.
DEBUG - 2020-12-25 09:03:47 --> Total execution time: 0.0425
DEBUG - 2020-12-25 09:03:50 --> UTF-8 Support Enabled
DEBUG - 2020-12-25 09:03:50 --> Global POST, GET and COOKIE data sanitized
DEBUG - 2020-12-25 09:03:50 --> Encryption: Auto-configured driver 'openssl'.
DEBUG - 2020-12-25 09:03:50 --> Total execution time: 0.0417
DEBUG - 2020-12-25 09:03:54 --> UTF-8 Support Enabled
DEBUG - 2020-12-25 09:03:54 --> No URI present. Default controller set.
DEBUG - 2020-12-25 09:03:54 --> Global POST, GET and COOKIE data sanitized
DEBUG - 2020-12-25 09:03:54 --> Encryption: Auto-configured driver 'openssl'.
DEBUG - 2020-12-25 09:03:55 --> UTF-8 Support Enabled
DEBUG - 2020-12-25 09:03:55 --> Global POST, GET and COOKIE data sanitized
DEBUG - 2020-12-25 09:03:55 --> Encryption: Auto-configured driver 'openssl'.
DEBUG - 2020-12-25 09:03:55 --> Total execution time: 0.0376
DEBUG - 2020-12-25 09:03:59 --> UTF-8 Support Enabled
DEBUG - 2020-12-25 09:03:59 --> Global POST, GET and COOKIE data sanitized
DEBUG - 2020-12-25 09:03:59 --> Encryption: Auto-configured driver 'openssl'.
DEBUG - 2020-12-25 09:03:59 --> Total execution time: 0.0423
DEBUG - 2020-12-25 09:04:07 --> UTF-8 Support Enabled
DEBUG - 2020-12-25 09:04:07 --> Global POST, GET and COOKIE data sanitized
DEBUG - 2020-12-25 09:04:07 --> Encryption: Auto-configured driver 'openssl'.
DEBUG - 2020-12-25 09:04:08 --> UTF-8 Support Enabled
DEBUG - 2020-12-25 09:04:08 --> Global POST, GET and COOKIE data sanitized
DEBUG - 2020-12-25 09:04:08 --> Encryption: Auto-configured driver 'openssl'.
DEBUG - 2020-12-25 09:04:08 --> Total execution time: 0.0485
DEBUG - 2020-12-25 09:04:18 --> UTF-8 Support Enabled
DEBUG - 2020-12-25 09:04:18 --> Global POST, GET and COOKIE data sanitized
DEBUG - 2020-12-25 09:04:18 --> Encryption: Auto-configured driver 'openssl'.
DEBUG - 2020-12-25 09:04:18 --> UTF-8 Support Enabled
DEBUG - 2020-12-25 09:04:18 --> Global POST, GET and COOKIE data sanitized
DEBUG - 2020-12-25 09:04:18 --> Encryption: Auto-configured driver 'openssl'.
DEBUG - 2020-12-25 09:04:18 --> Total execution time: 0.0373
DEBUG - 2020-12-25 09:04:23 --> UTF-8 Support Enabled
DEBUG - 2020-12-25 09:04:23 --> Global POST, GET and COOKIE data sanitized
DEBUG - 2020-12-25 09:04:23 --> Encryption: Auto-configured driver 'openssl'.
DEBUG - 2020-12-25 09:04:23 --> UTF-8 Support Enabled
DEBUG - 2020-12-25 09:04:23 --> Global POST, GET and COOKIE data sanitized
DEBUG - 2020-12-25 09:04:23 --> Encryption: Auto-configured driver 'openssl'.
DEBUG - 2020-12-25 09:04:23 --> Total execution time: 0.0326
DEBUG - 2020-12-25 09:04:27 --> UTF-8 Support Enabled
DEBUG - 2020-12-25 09:04:27 --> No URI present. Default controller set.
DEBUG - 2020-12-25 09:04:27 --> Global POST, GET and COOKIE data sanitized
DEBUG - 2020-12-25 09:04:27 --> Encryption: Auto-configured driver 'openssl'.
DEBUG - 2020-12-25 09:04:28 --> UTF-8 Support Enabled
DEBUG - 2020-12-25 09:04:28 --> Global POST, GET and COOKIE data sanitized
DEBUG - 2020-12-25 09:04:28 --> Encryption: Auto-configured driver 'openssl'.
DEBUG - 2020-12-25 09:04:28 --> Total execution time: 0.0488
DEBUG - 2020-12-25 09:04:38 --> UTF-8 Support Enabled
DEBUG - 2020-12-25 09:04:38 --> Global POST, GET and COOKIE data sanitized
DEBUG - 2020-12-25 09:04:38 --> Encryption: Auto-configured driver 'openssl'.
DEBUG - 2020-12-25 09:04:38 --> Total execution time: 0.0507
DEBUG - 2020-12-25 09:04:45 --> UTF-8 Support Enabled
DEBUG - 2020-12-25 09:04:45 --> Global POST, GET and COOKIE data sanitized
DEBUG - 2020-12-25 09:04:46 --> Encryption: Auto-configured driver 'openssl'.
DEBUG - 2020-12-25 09:04:46 --> Total execution time: 0.0888
DEBUG - 2020-12-25 09:04:53 --> UTF-8 Support Enabled
DEBUG - 2020-12-25 09:04:53 --> Global POST, GET and COOKIE data sanitized
DEBUG - 2020-12-25 09:04:53 --> Encryption: Auto-configured driver 'openssl'.
DEBUG - 2020-12-25 09:04:53 --> Total execution time: 0.0557
DEBUG - 2020-12-25 09:05:01 --> UTF-8 Support Enabled
DEBUG - 2020-12-25 09:05:01 --> Global POST, GET and COOKIE data sanitized
DEBUG - 2020-12-25 09:05:01 --> Encryption: Auto-configured driver 'openssl'.
DEBUG - 2020-12-25 09:05:01 --> Total execution time: 0.0385
DEBUG - 2020-12-25 09:05:04 --> UTF-8 Support Enabled
DEBUG - 2020-12-25 09:05:04 --> Global POST, GET and COOKIE data sanitized
DEBUG - 2020-12-25 09:05:04 --> Encryption: Auto-configured driver 'openssl'.
DEBUG - 2020-12-25 09:05:04 --> Total execution time: 0.0434
DEBUG - 2020-12-25 09:05:11 --> UTF-8 Support Enabled
DEBUG - 2020-12-25 09:05:11 --> Global POST, GET and COOKIE data sanitized
DEBUG - 2020-12-25 09:05:11 --> Encryption: Auto-configured driver 'openssl'.
DEBUG - 2020-12-25 09:05:11 --> Total execution time: 0.0726
DEBUG - 2020-12-25 09:05:14 --> UTF-8 Support Enabled
DEBUG - 2020-12-25 09:05:14 --> Global POST, GET and COOKIE data sanitized
DEBUG - 2020-12-25 09:05:14 --> Encryption: Auto-configured driver 'openssl'.
DEBUG - 2020-12-25 09:05:14 --> Total execution time: 0.0586
DEBUG - 2020-12-25 09:05:19 --> UTF-8 Support Enabled
DEBUG - 2020-12-25 09:05:19 --> Global POST, GET and COOKIE data sanitized
DEBUG - 2020-12-25 09:05:19 --> Encryption: Auto-configured driver 'openssl'.
DEBUG - 2020-12-25 09:05:19 --> Total execution time: 0.0405
DEBUG - 2020-12-25 09:05:23 --> UTF-8 Support Enabled
DEBUG - 2020-12-25 09:05:23 --> Global POST, GET and COOKIE data sanitized
DEBUG - 2020-12-25 09:05:23 --> Encryption: Auto-configured driver 'openssl'.
ERROR - 2020-12-25 09:05:23 --> Severity: Warning --> Creating default object from empty value /home1/developmentconso/public_html/hakibah/public/pages/uploads.php 181
DEBUG - 2020-12-25 09:05:23 --> Total execution time: 0.0421
DEBUG - 2020-12-25 09:05:29 --> UTF-8 Support Enabled
DEBUG - 2020-12-25 09:05:29 --> Global POST, GET and COOKIE data sanitized
DEBUG - 2020-12-25 09:05:29 --> Encryption: Auto-configured driver 'openssl'.
DEBUG - 2020-12-25 09:05:29 --> Total execution time: 0.0703
DEBUG - 2020-12-25 09:05:32 --> UTF-8 Support Enabled
DEBUG - 2020-12-25 09:05:32 --> No URI present. Default controller set.
DEBUG - 2020-12-25 09:05:32 --> Global POST, GET and COOKIE data sanitized
DEBUG - 2020-12-25 09:05:32 --> Encryption: Auto-configured driver 'openssl'.
DEBUG - 2020-12-25 09:05:33 --> UTF-8 Support Enabled
DEBUG - 2020-12-25 09:05:33 --> Global POST, GET and COOKIE data sanitized
DEBUG - 2020-12-25 09:05:33 --> Encryption: Auto-configured driver 'openssl'.
DEBUG - 2020-12-25 09:05:33 --> Total execution time: 0.0410
DEBUG - 2020-12-25 10:22:41 --> UTF-8 Support Enabled
DEBUG - 2020-12-25 10:22:41 --> Global POST, GET and COOKIE data sanitized
DEBUG - 2020-12-25 10:22:41 --> Encryption: Auto-configured driver 'openssl'.
DEBUG - 2020-12-25 10:22:41 --> Total execution time: 0.0472
DEBUG - 2020-12-25 10:47:22 --> UTF-8 Support Enabled
DEBUG - 2020-12-25 10:47:22 --> No URI present. Default controller set.
DEBUG - 2020-12-25 10:47:22 --> Global POST, GET and COOKIE data sanitized
DEBUG - 2020-12-25 10:47:22 --> Encryption: Auto-configured driver 'openssl'.
DEBUG - 2020-12-25 10:47:22 --> Total execution time: 0.0363
DEBUG - 2020-12-25 10:49:35 --> UTF-8 Support Enabled
DEBUG - 2020-12-25 10:49:35 --> No URI present. Default controller set.
DEBUG - 2020-12-25 10:49:35 --> Global POST, GET and COOKIE data sanitized
DEBUG - 2020-12-25 10:49:35 --> Encryption: Auto-configured driver 'openssl'.
DEBUG - 2020-12-25 10:49:35 --> Total execution time: 0.0405
DEBUG - 2020-12-25 10:49:52 --> UTF-8 Support Enabled
DEBUG - 2020-12-25 10:49:52 --> No URI present. Default controller set.
DEBUG - 2020-12-25 10:49:52 --> Global POST, GET and COOKIE data sanitized
DEBUG - 2020-12-25 10:49:52 --> Encryption: Auto-configured driver 'openssl'.
DEBUG - 2020-12-25 10:49:52 --> Total execution time: 0.0354
DEBUG - 2020-12-25 11:36:17 --> UTF-8 Support Enabled
DEBUG - 2020-12-25 11:36:17 --> No URI present. Default controller set.
DEBUG - 2020-12-25 11:36:17 --> Global POST, GET and COOKIE data sanitized
DEBUG - 2020-12-25 11:36:17 --> Encryption: Auto-configured driver 'openssl'.
DEBUG - 2020-12-25 11:36:17 --> Total execution time: 0.0440
DEBUG - 2020-12-25 13:12:16 --> UTF-8 Support Enabled
DEBUG - 2020-12-25 13:12:16 --> Global POST, GET and COOKIE data sanitized
DEBUG - 2020-12-25 13:12:16 --> Encryption: Auto-configured driver 'openssl'.
ERROR - 2020-12-25 13:12:16 --> 404 Page Not Found: 
DEBUG - 2020-12-25 13:12:19 --> UTF-8 Support Enabled
DEBUG - 2020-12-25 13:12:19 --> Global POST, GET and COOKIE data sanitized
DEBUG - 2020-12-25 13:12:19 --> Encryption: Auto-configured driver 'openssl'.
ERROR - 2020-12-25 13:12:19 --> 404 Page Not Found: 
DEBUG - 2020-12-25 13:12:22 --> UTF-8 Support Enabled
DEBUG - 2020-12-25 13:12:22 --> Global POST, GET and COOKIE data sanitized
DEBUG - 2020-12-25 13:12:22 --> Encryption: Auto-configured driver 'openssl'.
DEBUG - 2020-12-25 13:12:22 --> Total execution time: 0.0991
DEBUG - 2020-12-25 13:12:30 --> UTF-8 Support Enabled
DEBUG - 2020-12-25 13:12:30 --> No URI present. Default controller set.
DEBUG - 2020-12-25 13:12:30 --> Global POST, GET and COOKIE data sanitized
DEBUG - 2020-12-25 13:12:30 --> Encryption: Auto-configured driver 'openssl'.
DEBUG - 2020-12-25 13:12:30 --> Total execution time: 0.0401
DEBUG - 2020-12-25 13:12:33 --> UTF-8 Support Enabled
DEBUG - 2020-12-25 13:12:33 --> Global POST, GET and COOKIE data sanitized
DEBUG - 2020-12-25 13:12:33 --> Encryption: Auto-configured driver 'openssl'.
DEBUG - 2020-12-25 13:12:33 --> Total execution time: 0.0346
DEBUG - 2020-12-25 13:13:05 --> UTF-8 Support Enabled
DEBUG - 2020-12-25 13:13:05 --> Global POST, GET and COOKIE data sanitized
DEBUG - 2020-12-25 13:13:05 --> Encryption: Auto-configured driver 'openssl'.
DEBUG - 2020-12-25 13:13:06 --> UTF-8 Support Enabled
DEBUG - 2020-12-25 13:13:06 --> Global POST, GET and COOKIE data sanitized
DEBUG - 2020-12-25 13:13:06 --> Encryption: Auto-configured driver 'openssl'.
DEBUG - 2020-12-25 13:13:06 --> Total execution time: 0.0617
DEBUG - 2020-12-25 13:13:48 --> UTF-8 Support Enabled
DEBUG - 2020-12-25 13:13:48 --> Global POST, GET and COOKIE data sanitized
DEBUG - 2020-12-25 13:13:48 --> Encryption: Auto-configured driver 'openssl'.
DEBUG - 2020-12-25 13:13:48 --> Total execution time: 0.0407
DEBUG - 2020-12-25 13:13:55 --> UTF-8 Support Enabled
DEBUG - 2020-12-25 13:13:55 --> Global POST, GET and COOKIE data sanitized
DEBUG - 2020-12-25 13:13:55 --> Encryption: Auto-configured driver 'openssl'.
DEBUG - 2020-12-25 13:13:55 --> Total execution time: 0.0314
DEBUG - 2020-12-25 13:13:56 --> UTF-8 Support Enabled
DEBUG - 2020-12-25 13:13:56 --> Global POST, GET and COOKIE data sanitized
DEBUG - 2020-12-25 13:13:56 --> Encryption: Auto-configured driver 'openssl'.
DEBUG - 2020-12-25 13:13:56 --> Total execution time: 0.0370
DEBUG - 2020-12-25 13:14:01 --> UTF-8 Support Enabled
DEBUG - 2020-12-25 13:14:01 --> Global POST, GET and COOKIE data sanitized
DEBUG - 2020-12-25 13:14:01 --> Encryption: Auto-configured driver 'openssl'.
DEBUG - 2020-12-25 13:14:01 --> Total execution time: 0.0452
DEBUG - 2020-12-25 13:14:32 --> UTF-8 Support Enabled
DEBUG - 2020-12-25 13:14:32 --> Global POST, GET and COOKIE data sanitized
DEBUG - 2020-12-25 13:14:32 --> Encryption: Auto-configured driver 'openssl'.
DEBUG - 2020-12-25 13:14:32 --> Total execution time: 0.0358
DEBUG - 2020-12-25 13:15:07 --> UTF-8 Support Enabled
DEBUG - 2020-12-25 13:15:07 --> Global POST, GET and COOKIE data sanitized
DEBUG - 2020-12-25 13:15:07 --> Encryption: Auto-configured driver 'openssl'.
DEBUG - 2020-12-25 13:15:07 --> The filetype you are attempting to upload is not allowed.
DEBUG - 2020-12-25 13:15:07 --> UTF-8 Support Enabled
DEBUG - 2020-12-25 13:15:07 --> Global POST, GET and COOKIE data sanitized
DEBUG - 2020-12-25 13:15:07 --> Encryption: Auto-configured driver 'openssl'.
DEBUG - 2020-12-25 13:15:07 --> Total execution time: 0.0484
DEBUG - 2020-12-25 13:16:28 --> UTF-8 Support Enabled
DEBUG - 2020-12-25 13:16:28 --> No URI present. Default controller set.
DEBUG - 2020-12-25 13:16:28 --> Global POST, GET and COOKIE data sanitized
DEBUG - 2020-12-25 13:16:28 --> Encryption: Auto-configured driver 'openssl'.
DEBUG - 2020-12-25 13:16:29 --> UTF-8 Support Enabled
DEBUG - 2020-12-25 13:16:29 --> Global POST, GET and COOKIE data sanitized
DEBUG - 2020-12-25 13:16:29 --> Encryption: Auto-configured driver 'openssl'.
DEBUG - 2020-12-25 13:16:29 --> Total execution time: 0.0399
DEBUG - 2020-12-25 13:19:32 --> UTF-8 Support Enabled
DEBUG - 2020-12-25 13:19:32 --> No URI present. Default controller set.
DEBUG - 2020-12-25 13:19:32 --> Global POST, GET and COOKIE data sanitized
DEBUG - 2020-12-25 13:19:32 --> Encryption: Auto-configured driver 'openssl'.
DEBUG - 2020-12-25 13:19:32 --> UTF-8 Support Enabled
DEBUG - 2020-12-25 13:19:32 --> No URI present. Default controller set.
DEBUG - 2020-12-25 13:19:32 --> Global POST, GET and COOKIE data sanitized
DEBUG - 2020-12-25 13:19:32 --> Encryption: Auto-configured driver 'openssl'.
DEBUG - 2020-12-25 13:19:33 --> UTF-8 Support Enabled
DEBUG - 2020-12-25 13:19:33 --> Global POST, GET and COOKIE data sanitized
DEBUG - 2020-12-25 13:19:33 --> Encryption: Auto-configured driver 'openssl'.
DEBUG - 2020-12-25 13:19:33 --> Total execution time: 0.0459
