DEBUG - 2021-01-07 06:46:48 --> UTF-8 Support Enabled
DEBUG - 2021-01-07 06:46:48 --> No URI present. Default controller set.
DEBUG - 2021-01-07 06:46:48 --> Global POST, GET and COOKIE data sanitized
DEBUG - 2021-01-07 06:46:48 --> Encryption: Auto-configured driver 'openssl'.
DEBUG - 2021-01-07 06:46:48 --> Total execution time: 0.0888
DEBUG - 2021-01-07 06:47:03 --> UTF-8 Support Enabled
DEBUG - 2021-01-07 06:47:03 --> Global POST, GET and COOKIE data sanitized
DEBUG - 2021-01-07 06:47:03 --> Encryption: Auto-configured driver 'openssl'.
DEBUG - 2021-01-07 06:47:03 --> Total execution time: 0.0383
DEBUG - 2021-01-07 06:47:22 --> UTF-8 Support Enabled
DEBUG - 2021-01-07 06:47:22 --> Global POST, GET and COOKIE data sanitized
DEBUG - 2021-01-07 06:47:22 --> Encryption: Auto-configured driver 'openssl'.
DEBUG - 2021-01-07 06:47:22 --> Total execution time: 0.0354
DEBUG - 2021-01-07 06:47:22 --> UTF-8 Support Enabled
DEBUG - 2021-01-07 06:47:22 --> Global POST, GET and COOKIE data sanitized
DEBUG - 2021-01-07 06:47:22 --> Encryption: Auto-configured driver 'openssl'.
DEBUG - 2021-01-07 06:47:22 --> Total execution time: 0.0287
DEBUG - 2021-01-07 06:47:23 --> UTF-8 Support Enabled
DEBUG - 2021-01-07 06:47:23 --> Global POST, GET and COOKIE data sanitized
DEBUG - 2021-01-07 06:47:23 --> Encryption: Auto-configured driver 'openssl'.
DEBUG - 2021-01-07 06:47:24 --> UTF-8 Support Enabled
DEBUG - 2021-01-07 06:47:24 --> Global POST, GET and COOKIE data sanitized
DEBUG - 2021-01-07 06:47:24 --> Encryption: Auto-configured driver 'openssl'.
DEBUG - 2021-01-07 06:47:24 --> Total execution time: 0.0485
DEBUG - 2021-01-07 06:47:50 --> UTF-8 Support Enabled
DEBUG - 2021-01-07 06:47:50 --> No URI present. Default controller set.
DEBUG - 2021-01-07 06:47:50 --> Global POST, GET and COOKIE data sanitized
DEBUG - 2021-01-07 06:47:50 --> Encryption: Auto-configured driver 'openssl'.
DEBUG - 2021-01-07 06:47:50 --> UTF-8 Support Enabled
DEBUG - 2021-01-07 06:47:50 --> Global POST, GET and COOKIE data sanitized
DEBUG - 2021-01-07 06:47:50 --> Encryption: Auto-configured driver 'openssl'.
DEBUG - 2021-01-07 06:47:51 --> Total execution time: 0.0414
DEBUG - 2021-01-07 08:38:45 --> UTF-8 Support Enabled
DEBUG - 2021-01-07 08:38:45 --> No URI present. Default controller set.
DEBUG - 2021-01-07 08:38:45 --> Global POST, GET and COOKIE data sanitized
DEBUG - 2021-01-07 08:38:45 --> Encryption: Auto-configured driver 'openssl'.
DEBUG - 2021-01-07 08:38:45 --> Total execution time: 0.0550
DEBUG - 2021-01-07 08:44:12 --> UTF-8 Support Enabled
DEBUG - 2021-01-07 08:44:12 --> No URI present. Default controller set.
DEBUG - 2021-01-07 08:44:12 --> Global POST, GET and COOKIE data sanitized
DEBUG - 2021-01-07 08:44:12 --> Encryption: Auto-configured driver 'openssl'.
DEBUG - 2021-01-07 08:44:12 --> Total execution time: 0.0448
DEBUG - 2021-01-07 08:44:12 --> UTF-8 Support Enabled
DEBUG - 2021-01-07 08:44:12 --> No URI present. Default controller set.
DEBUG - 2021-01-07 08:44:12 --> Global POST, GET and COOKIE data sanitized
DEBUG - 2021-01-07 08:44:12 --> Encryption: Auto-configured driver 'openssl'.
DEBUG - 2021-01-07 08:44:12 --> Total execution time: 0.0359
DEBUG - 2021-01-07 08:44:15 --> UTF-8 Support Enabled
DEBUG - 2021-01-07 08:44:15 --> Global POST, GET and COOKIE data sanitized
DEBUG - 2021-01-07 08:44:15 --> Encryption: Auto-configured driver 'openssl'.
DEBUG - 2021-01-07 08:44:15 --> Total execution time: 0.0363
DEBUG - 2021-01-07 08:44:24 --> UTF-8 Support Enabled
DEBUG - 2021-01-07 08:44:24 --> Global POST, GET and COOKIE data sanitized
DEBUG - 2021-01-07 08:44:24 --> Encryption: Auto-configured driver 'openssl'.
DEBUG - 2021-01-07 08:44:24 --> Total execution time: 0.0300
DEBUG - 2021-01-07 08:44:24 --> UTF-8 Support Enabled
DEBUG - 2021-01-07 08:44:24 --> Global POST, GET and COOKIE data sanitized
DEBUG - 2021-01-07 08:44:24 --> Encryption: Auto-configured driver 'openssl'.
DEBUG - 2021-01-07 08:44:24 --> Total execution time: 0.0406
DEBUG - 2021-01-07 08:44:25 --> UTF-8 Support Enabled
DEBUG - 2021-01-07 08:44:25 --> Global POST, GET and COOKIE data sanitized
DEBUG - 2021-01-07 08:44:25 --> Encryption: Auto-configured driver 'openssl'.
DEBUG - 2021-01-07 08:44:25 --> UTF-8 Support Enabled
DEBUG - 2021-01-07 08:44:25 --> Global POST, GET and COOKIE data sanitized
DEBUG - 2021-01-07 08:44:25 --> Encryption: Auto-configured driver 'openssl'.
DEBUG - 2021-01-07 08:44:25 --> Total execution time: 0.0812
DEBUG - 2021-01-07 08:44:26 --> UTF-8 Support Enabled
DEBUG - 2021-01-07 08:44:26 --> Global POST, GET and COOKIE data sanitized
DEBUG - 2021-01-07 08:44:26 --> Encryption: Auto-configured driver 'openssl'.
DEBUG - 2021-01-07 08:44:26 --> Total execution time: 0.0353
DEBUG - 2021-01-07 08:44:26 --> UTF-8 Support Enabled
DEBUG - 2021-01-07 08:44:26 --> Global POST, GET and COOKIE data sanitized
DEBUG - 2021-01-07 08:44:26 --> Encryption: Auto-configured driver 'openssl'.
DEBUG - 2021-01-07 08:44:26 --> Total execution time: 0.0273
DEBUG - 2021-01-07 08:44:27 --> UTF-8 Support Enabled
DEBUG - 2021-01-07 08:44:27 --> Global POST, GET and COOKIE data sanitized
DEBUG - 2021-01-07 08:44:27 --> Encryption: Auto-configured driver 'openssl'.
DEBUG - 2021-01-07 08:44:27 --> UTF-8 Support Enabled
DEBUG - 2021-01-07 08:44:27 --> No URI present. Default controller set.
DEBUG - 2021-01-07 08:44:27 --> Global POST, GET and COOKIE data sanitized
DEBUG - 2021-01-07 08:44:27 --> Encryption: Auto-configured driver 'openssl'.
DEBUG - 2021-01-07 08:44:28 --> UTF-8 Support Enabled
DEBUG - 2021-01-07 08:44:28 --> Global POST, GET and COOKIE data sanitized
DEBUG - 2021-01-07 08:44:28 --> Encryption: Auto-configured driver 'openssl'.
DEBUG - 2021-01-07 08:44:28 --> Total execution time: 0.0424
DEBUG - 2021-01-07 08:44:33 --> UTF-8 Support Enabled
DEBUG - 2021-01-07 08:44:33 --> Global POST, GET and COOKIE data sanitized
DEBUG - 2021-01-07 08:44:33 --> Encryption: Auto-configured driver 'openssl'.
DEBUG - 2021-01-07 08:44:33 --> Total execution time: 0.0591
DEBUG - 2021-01-07 08:44:35 --> UTF-8 Support Enabled
DEBUG - 2021-01-07 08:44:35 --> Global POST, GET and COOKIE data sanitized
DEBUG - 2021-01-07 08:44:35 --> Encryption: Auto-configured driver 'openssl'.
DEBUG - 2021-01-07 08:44:35 --> Total execution time: 0.0487
DEBUG - 2021-01-07 08:44:37 --> UTF-8 Support Enabled
DEBUG - 2021-01-07 08:44:37 --> Global POST, GET and COOKIE data sanitized
DEBUG - 2021-01-07 08:44:37 --> Encryption: Auto-configured driver 'openssl'.
DEBUG - 2021-01-07 08:44:38 --> UTF-8 Support Enabled
DEBUG - 2021-01-07 08:44:38 --> Global POST, GET and COOKIE data sanitized
DEBUG - 2021-01-07 08:44:38 --> Encryption: Auto-configured driver 'openssl'.
DEBUG - 2021-01-07 08:44:38 --> Total execution time: 0.0411
DEBUG - 2021-01-07 08:44:55 --> UTF-8 Support Enabled
DEBUG - 2021-01-07 08:44:55 --> Global POST, GET and COOKIE data sanitized
DEBUG - 2021-01-07 08:44:55 --> Encryption: Auto-configured driver 'openssl'.
DEBUG - 2021-01-07 08:44:56 --> UTF-8 Support Enabled
DEBUG - 2021-01-07 08:44:56 --> Global POST, GET and COOKIE data sanitized
DEBUG - 2021-01-07 08:44:56 --> Encryption: Auto-configured driver 'openssl'.
DEBUG - 2021-01-07 08:44:56 --> Total execution time: 0.0479
DEBUG - 2021-01-07 08:45:02 --> UTF-8 Support Enabled
DEBUG - 2021-01-07 08:45:02 --> Global POST, GET and COOKIE data sanitized
DEBUG - 2021-01-07 08:45:02 --> Encryption: Auto-configured driver 'openssl'.
DEBUG - 2021-01-07 08:45:02 --> UTF-8 Support Enabled
DEBUG - 2021-01-07 08:45:02 --> Global POST, GET and COOKIE data sanitized
DEBUG - 2021-01-07 08:45:02 --> Encryption: Auto-configured driver 'openssl'.
DEBUG - 2021-01-07 08:45:02 --> Total execution time: 0.0522
DEBUG - 2021-01-07 08:45:06 --> UTF-8 Support Enabled
DEBUG - 2021-01-07 08:45:06 --> Global POST, GET and COOKIE data sanitized
DEBUG - 2021-01-07 08:45:06 --> Encryption: Auto-configured driver 'openssl'.
DEBUG - 2021-01-07 08:45:07 --> UTF-8 Support Enabled
DEBUG - 2021-01-07 08:45:07 --> Global POST, GET and COOKIE data sanitized
DEBUG - 2021-01-07 08:45:07 --> Encryption: Auto-configured driver 'openssl'.
DEBUG - 2021-01-07 08:45:07 --> Total execution time: 0.0455
DEBUG - 2021-01-07 08:45:16 --> UTF-8 Support Enabled
DEBUG - 2021-01-07 08:45:16 --> Global POST, GET and COOKIE data sanitized
DEBUG - 2021-01-07 08:45:16 --> Encryption: Auto-configured driver 'openssl'.
DEBUG - 2021-01-07 08:45:16 --> Total execution time: 0.0389
DEBUG - 2021-01-07 08:45:52 --> UTF-8 Support Enabled
DEBUG - 2021-01-07 08:45:52 --> Global POST, GET and COOKIE data sanitized
DEBUG - 2021-01-07 08:45:52 --> Encryption: Auto-configured driver 'openssl'.
DEBUG - 2021-01-07 08:45:52 --> Total execution time: 0.0506
DEBUG - 2021-01-07 08:46:17 --> UTF-8 Support Enabled
DEBUG - 2021-01-07 08:46:17 --> Global POST, GET and COOKIE data sanitized
DEBUG - 2021-01-07 08:46:17 --> Encryption: Auto-configured driver 'openssl'.
DEBUG - 2021-01-07 08:46:18 --> UTF-8 Support Enabled
DEBUG - 2021-01-07 08:46:18 --> Global POST, GET and COOKIE data sanitized
DEBUG - 2021-01-07 08:46:18 --> Encryption: Auto-configured driver 'openssl'.
DEBUG - 2021-01-07 08:46:18 --> Total execution time: 0.0446
DEBUG - 2021-01-07 08:46:22 --> UTF-8 Support Enabled
DEBUG - 2021-01-07 08:46:22 --> Global POST, GET and COOKIE data sanitized
DEBUG - 2021-01-07 08:46:22 --> Encryption: Auto-configured driver 'openssl'.
DEBUG - 2021-01-07 08:46:23 --> UTF-8 Support Enabled
DEBUG - 2021-01-07 08:46:23 --> Global POST, GET and COOKIE data sanitized
DEBUG - 2021-01-07 08:46:23 --> Encryption: Auto-configured driver 'openssl'.
DEBUG - 2021-01-07 08:46:23 --> Total execution time: 0.0520
DEBUG - 2021-01-07 09:26:46 --> UTF-8 Support Enabled
DEBUG - 2021-01-07 09:26:46 --> No URI present. Default controller set.
DEBUG - 2021-01-07 09:26:46 --> Global POST, GET and COOKIE data sanitized
DEBUG - 2021-01-07 09:26:46 --> Encryption: Auto-configured driver 'openssl'.
DEBUG - 2021-01-07 09:26:47 --> UTF-8 Support Enabled
DEBUG - 2021-01-07 09:26:47 --> Global POST, GET and COOKIE data sanitized
DEBUG - 2021-01-07 09:26:47 --> Encryption: Auto-configured driver 'openssl'.
DEBUG - 2021-01-07 09:26:47 --> UTF-8 Support Enabled
DEBUG - 2021-01-07 09:26:47 --> No URI present. Default controller set.
DEBUG - 2021-01-07 09:26:47 --> Total execution time: 0.0529
DEBUG - 2021-01-07 09:26:47 --> Global POST, GET and COOKIE data sanitized
DEBUG - 2021-01-07 09:26:47 --> Encryption: Auto-configured driver 'openssl'.
DEBUG - 2021-01-07 09:26:48 --> UTF-8 Support Enabled
DEBUG - 2021-01-07 09:26:48 --> Global POST, GET and COOKIE data sanitized
DEBUG - 2021-01-07 09:26:48 --> Encryption: Auto-configured driver 'openssl'.
DEBUG - 2021-01-07 09:26:48 --> Total execution time: 0.0379
DEBUG - 2021-01-07 09:27:50 --> UTF-8 Support Enabled
DEBUG - 2021-01-07 09:27:50 --> No URI present. Default controller set.
DEBUG - 2021-01-07 09:27:50 --> Global POST, GET and COOKIE data sanitized
DEBUG - 2021-01-07 09:27:50 --> Encryption: Auto-configured driver 'openssl'.
DEBUG - 2021-01-07 09:27:51 --> UTF-8 Support Enabled
DEBUG - 2021-01-07 09:27:51 --> Global POST, GET and COOKIE data sanitized
DEBUG - 2021-01-07 09:27:51 --> Encryption: Auto-configured driver 'openssl'.
DEBUG - 2021-01-07 09:27:51 --> Total execution time: 0.0393
DEBUG - 2021-01-07 09:36:23 --> UTF-8 Support Enabled
DEBUG - 2021-01-07 09:36:23 --> Global POST, GET and COOKIE data sanitized
DEBUG - 2021-01-07 09:36:23 --> Encryption: Auto-configured driver 'openssl'.
DEBUG - 2021-01-07 09:36:23 --> Total execution time: 0.0498
DEBUG - 2021-01-07 09:36:27 --> UTF-8 Support Enabled
DEBUG - 2021-01-07 09:36:27 --> Global POST, GET and COOKIE data sanitized
DEBUG - 2021-01-07 09:36:27 --> Encryption: Auto-configured driver 'openssl'.
DEBUG - 2021-01-07 09:36:27 --> Total execution time: 0.0436
DEBUG - 2021-01-07 09:38:09 --> UTF-8 Support Enabled
DEBUG - 2021-01-07 09:38:09 --> Global POST, GET and COOKIE data sanitized
DEBUG - 2021-01-07 09:38:09 --> Encryption: Auto-configured driver 'openssl'.
DEBUG - 2021-01-07 09:38:09 --> Total execution time: 0.0450
DEBUG - 2021-01-07 09:40:03 --> UTF-8 Support Enabled
DEBUG - 2021-01-07 09:40:03 --> Global POST, GET and COOKIE data sanitized
DEBUG - 2021-01-07 09:40:03 --> Encryption: Auto-configured driver 'openssl'.
DEBUG - 2021-01-07 09:40:03 --> Total execution time: 0.0360
DEBUG - 2021-01-07 09:42:56 --> UTF-8 Support Enabled
DEBUG - 2021-01-07 09:42:56 --> Global POST, GET and COOKIE data sanitized
DEBUG - 2021-01-07 09:42:56 --> Encryption: Auto-configured driver 'openssl'.
DEBUG - 2021-01-07 09:42:57 --> Total execution time: 0.0680
DEBUG - 2021-01-07 09:43:39 --> UTF-8 Support Enabled
DEBUG - 2021-01-07 09:43:39 --> Global POST, GET and COOKIE data sanitized
DEBUG - 2021-01-07 09:43:39 --> Encryption: Auto-configured driver 'openssl'.
DEBUG - 2021-01-07 09:43:39 --> Total execution time: 0.0777
DEBUG - 2021-01-07 09:44:05 --> UTF-8 Support Enabled
DEBUG - 2021-01-07 09:44:05 --> Global POST, GET and COOKIE data sanitized
DEBUG - 2021-01-07 09:44:05 --> Encryption: Auto-configured driver 'openssl'.
DEBUG - 2021-01-07 09:44:05 --> Total execution time: 0.0397
DEBUG - 2021-01-07 09:44:17 --> UTF-8 Support Enabled
DEBUG - 2021-01-07 09:44:17 --> Global POST, GET and COOKIE data sanitized
DEBUG - 2021-01-07 09:44:17 --> Encryption: Auto-configured driver 'openssl'.
DEBUG - 2021-01-07 09:44:17 --> Total execution time: 0.0494
DEBUG - 2021-01-07 09:44:19 --> UTF-8 Support Enabled
DEBUG - 2021-01-07 09:44:19 --> Global POST, GET and COOKIE data sanitized
DEBUG - 2021-01-07 09:44:19 --> Encryption: Auto-configured driver 'openssl'.
DEBUG - 2021-01-07 09:44:19 --> Total execution time: 0.0476
DEBUG - 2021-01-07 09:44:25 --> UTF-8 Support Enabled
DEBUG - 2021-01-07 09:44:25 --> Global POST, GET and COOKIE data sanitized
DEBUG - 2021-01-07 09:44:25 --> Encryption: Auto-configured driver 'openssl'.
DEBUG - 2021-01-07 09:44:25 --> Total execution time: 0.0430
DEBUG - 2021-01-07 09:44:30 --> UTF-8 Support Enabled
DEBUG - 2021-01-07 09:44:30 --> Global POST, GET and COOKIE data sanitized
DEBUG - 2021-01-07 09:44:30 --> Encryption: Auto-configured driver 'openssl'.
DEBUG - 2021-01-07 09:44:30 --> Total execution time: 0.0489
DEBUG - 2021-01-07 10:09:58 --> UTF-8 Support Enabled
DEBUG - 2021-01-07 10:09:58 --> No URI present. Default controller set.
DEBUG - 2021-01-07 10:09:58 --> Global POST, GET and COOKIE data sanitized
DEBUG - 2021-01-07 10:09:58 --> Encryption: Auto-configured driver 'openssl'.
DEBUG - 2021-01-07 10:09:59 --> UTF-8 Support Enabled
DEBUG - 2021-01-07 10:09:59 --> Global POST, GET and COOKIE data sanitized
DEBUG - 2021-01-07 10:09:59 --> Encryption: Auto-configured driver 'openssl'.
DEBUG - 2021-01-07 10:09:59 --> UTF-8 Support Enabled
DEBUG - 2021-01-07 10:09:59 --> No URI present. Default controller set.
DEBUG - 2021-01-07 10:09:59 --> Global POST, GET and COOKIE data sanitized
DEBUG - 2021-01-07 10:09:59 --> Total execution time: 0.0475
DEBUG - 2021-01-07 10:09:59 --> Encryption: Auto-configured driver 'openssl'.
DEBUG - 2021-01-07 10:09:59 --> UTF-8 Support Enabled
DEBUG - 2021-01-07 10:09:59 --> Global POST, GET and COOKIE data sanitized
DEBUG - 2021-01-07 10:09:59 --> Encryption: Auto-configured driver 'openssl'.
DEBUG - 2021-01-07 10:09:59 --> Total execution time: 0.0451
DEBUG - 2021-01-07 10:10:02 --> UTF-8 Support Enabled
DEBUG - 2021-01-07 10:10:02 --> Global POST, GET and COOKIE data sanitized
DEBUG - 2021-01-07 10:10:02 --> Encryption: Auto-configured driver 'openssl'.
DEBUG - 2021-01-07 10:10:02 --> Total execution time: 0.0434
DEBUG - 2021-01-07 10:26:04 --> UTF-8 Support Enabled
DEBUG - 2021-01-07 10:26:04 --> Global POST, GET and COOKIE data sanitized
DEBUG - 2021-01-07 10:26:04 --> Encryption: Auto-configured driver 'openssl'.
DEBUG - 2021-01-07 10:26:04 --> Total execution time: 0.0566
DEBUG - 2021-01-07 10:30:15 --> UTF-8 Support Enabled
DEBUG - 2021-01-07 10:30:15 --> Global POST, GET and COOKIE data sanitized
DEBUG - 2021-01-07 10:30:15 --> Encryption: Auto-configured driver 'openssl'.
ERROR - 2021-01-07 10:30:15 --> Severity: Warning --> Creating default object from empty value /home1/developmentconso/public_html/hakibah/public/pages/uploads.php 148
DEBUG - 2021-01-07 10:30:15 --> Total execution time: 0.0395
DEBUG - 2021-01-07 10:30:38 --> UTF-8 Support Enabled
DEBUG - 2021-01-07 10:30:38 --> Global POST, GET and COOKIE data sanitized
DEBUG - 2021-01-07 10:30:38 --> Encryption: Auto-configured driver 'openssl'.
DEBUG - 2021-01-07 10:30:38 --> Total execution time: 0.0481
DEBUG - 2021-01-07 10:31:03 --> UTF-8 Support Enabled
DEBUG - 2021-01-07 10:31:03 --> Global POST, GET and COOKIE data sanitized
DEBUG - 2021-01-07 10:31:03 --> Encryption: Auto-configured driver 'openssl'.
DEBUG - 2021-01-07 10:31:03 --> Total execution time: 0.0427
DEBUG - 2021-01-07 11:11:34 --> UTF-8 Support Enabled
DEBUG - 2021-01-07 11:11:34 --> Global POST, GET and COOKIE data sanitized
DEBUG - 2021-01-07 11:11:34 --> Encryption: Auto-configured driver 'openssl'.
DEBUG - 2021-01-07 11:11:34 --> Total execution time: 0.0895
DEBUG - 2021-01-07 11:11:37 --> UTF-8 Support Enabled
DEBUG - 2021-01-07 11:11:37 --> Global POST, GET and COOKIE data sanitized
DEBUG - 2021-01-07 11:11:37 --> Encryption: Auto-configured driver 'openssl'.
DEBUG - 2021-01-07 11:11:37 --> Total execution time: 0.0309
DEBUG - 2021-01-07 11:11:38 --> UTF-8 Support Enabled
DEBUG - 2021-01-07 11:11:38 --> Global POST, GET and COOKIE data sanitized
DEBUG - 2021-01-07 11:11:38 --> Encryption: Auto-configured driver 'openssl'.
DEBUG - 2021-01-07 11:11:38 --> Total execution time: 0.0310
DEBUG - 2021-01-07 11:11:39 --> UTF-8 Support Enabled
DEBUG - 2021-01-07 11:11:39 --> Global POST, GET and COOKIE data sanitized
DEBUG - 2021-01-07 11:11:39 --> Encryption: Auto-configured driver 'openssl'.
DEBUG - 2021-01-07 11:11:39 --> Total execution time: 0.0286
DEBUG - 2021-01-07 11:11:40 --> UTF-8 Support Enabled
DEBUG - 2021-01-07 11:11:40 --> Global POST, GET and COOKIE data sanitized
DEBUG - 2021-01-07 11:11:40 --> Encryption: Auto-configured driver 'openssl'.
DEBUG - 2021-01-07 11:11:40 --> Total execution time: 0.0324
DEBUG - 2021-01-07 11:11:45 --> UTF-8 Support Enabled
DEBUG - 2021-01-07 11:11:45 --> Global POST, GET and COOKIE data sanitized
DEBUG - 2021-01-07 11:11:45 --> Encryption: Auto-configured driver 'openssl'.
DEBUG - 2021-01-07 11:11:45 --> Total execution time: 0.0355
DEBUG - 2021-01-07 11:11:45 --> UTF-8 Support Enabled
DEBUG - 2021-01-07 11:11:45 --> Global POST, GET and COOKIE data sanitized
DEBUG - 2021-01-07 11:11:45 --> Encryption: Auto-configured driver 'openssl'.
DEBUG - 2021-01-07 11:11:45 --> Total execution time: 0.0311
DEBUG - 2021-01-07 11:11:47 --> UTF-8 Support Enabled
DEBUG - 2021-01-07 11:11:47 --> Global POST, GET and COOKIE data sanitized
DEBUG - 2021-01-07 11:11:47 --> Encryption: Auto-configured driver 'openssl'.
DEBUG - 2021-01-07 11:11:47 --> Total execution time: 0.0294
DEBUG - 2021-01-07 11:12:00 --> UTF-8 Support Enabled
DEBUG - 2021-01-07 11:12:00 --> Global POST, GET and COOKIE data sanitized
DEBUG - 2021-01-07 11:12:00 --> Encryption: Auto-configured driver 'openssl'.
DEBUG - 2021-01-07 11:12:00 --> Total execution time: 0.0322
DEBUG - 2021-01-07 11:12:22 --> UTF-8 Support Enabled
DEBUG - 2021-01-07 11:12:22 --> Global POST, GET and COOKIE data sanitized
DEBUG - 2021-01-07 11:12:22 --> Encryption: Auto-configured driver 'openssl'.
DEBUG - 2021-01-07 11:12:22 --> You did not select a file to upload.
DEBUG - 2021-01-07 11:12:23 --> UTF-8 Support Enabled
DEBUG - 2021-01-07 11:12:23 --> Global POST, GET and COOKIE data sanitized
DEBUG - 2021-01-07 11:12:23 --> Encryption: Auto-configured driver 'openssl'.
DEBUG - 2021-01-07 11:12:23 --> Total execution time: 0.0534
DEBUG - 2021-01-07 12:15:23 --> UTF-8 Support Enabled
DEBUG - 2021-01-07 12:15:23 --> Global POST, GET and COOKIE data sanitized
DEBUG - 2021-01-07 12:15:23 --> Encryption: Auto-configured driver 'openssl'.
DEBUG - 2021-01-07 12:15:23 --> Total execution time: 0.0746
DEBUG - 2021-01-07 12:16:26 --> UTF-8 Support Enabled
DEBUG - 2021-01-07 12:16:26 --> Global POST, GET and COOKIE data sanitized
DEBUG - 2021-01-07 12:16:26 --> Encryption: Auto-configured driver 'openssl'.
DEBUG - 2021-01-07 12:16:26 --> Total execution time: 0.0477
DEBUG - 2021-01-07 12:17:47 --> UTF-8 Support Enabled
DEBUG - 2021-01-07 12:17:47 --> Global POST, GET and COOKIE data sanitized
DEBUG - 2021-01-07 12:17:47 --> Encryption: Auto-configured driver 'openssl'.
DEBUG - 2021-01-07 12:17:47 --> Total execution time: 0.0597
DEBUG - 2021-01-07 12:18:10 --> UTF-8 Support Enabled
DEBUG - 2021-01-07 12:18:10 --> Global POST, GET and COOKIE data sanitized
DEBUG - 2021-01-07 12:18:10 --> Encryption: Auto-configured driver 'openssl'.
DEBUG - 2021-01-07 12:18:11 --> UTF-8 Support Enabled
DEBUG - 2021-01-07 12:18:11 --> Global POST, GET and COOKIE data sanitized
DEBUG - 2021-01-07 12:18:11 --> Encryption: Auto-configured driver 'openssl'.
ERROR - 2021-01-07 12:18:11 --> Severity: Warning --> Creating default object from empty value /home1/developmentconso/public_html/hakibah/public/pages/profile-new.php 65
ERROR - 2021-01-07 12:18:11 --> Severity: Warning --> Creating default object from empty value /home1/developmentconso/public_html/hakibah/public/pages/profile-new.php 69
DEBUG - 2021-01-07 12:18:11 --> Total execution time: 0.0398
DEBUG - 2021-01-07 12:20:22 --> UTF-8 Support Enabled
DEBUG - 2021-01-07 12:20:22 --> Global POST, GET and COOKIE data sanitized
DEBUG - 2021-01-07 12:20:22 --> Encryption: Auto-configured driver 'openssl'.
ERROR - 2021-01-07 12:20:22 --> Severity: Warning --> Creating default object from empty value /home1/developmentconso/public_html/hakibah/public/pages/profile-new.php 65
ERROR - 2021-01-07 12:20:22 --> Severity: Warning --> Creating default object from empty value /home1/developmentconso/public_html/hakibah/public/pages/profile-new.php 69
DEBUG - 2021-01-07 12:20:22 --> Total execution time: 0.0455
DEBUG - 2021-01-07 12:20:44 --> UTF-8 Support Enabled
DEBUG - 2021-01-07 12:20:44 --> Global POST, GET and COOKIE data sanitized
DEBUG - 2021-01-07 12:20:44 --> Encryption: Auto-configured driver 'openssl'.
ERROR - 2021-01-07 12:20:44 --> Severity: Warning --> Creating default object from empty value /home1/developmentconso/public_html/hakibah/public/pages/profile-new.php 65
ERROR - 2021-01-07 12:20:44 --> Severity: Warning --> Creating default object from empty value /home1/developmentconso/public_html/hakibah/public/pages/profile-new.php 69
DEBUG - 2021-01-07 12:20:44 --> Total execution time: 0.0444
DEBUG - 2021-01-07 12:21:35 --> UTF-8 Support Enabled
DEBUG - 2021-01-07 12:21:35 --> Global POST, GET and COOKIE data sanitized
DEBUG - 2021-01-07 12:21:35 --> Encryption: Auto-configured driver 'openssl'.
ERROR - 2021-01-07 12:21:35 --> Severity: Warning --> Creating default object from empty value /home1/developmentconso/public_html/hakibah/public/pages/profile-new.php 65
ERROR - 2021-01-07 12:21:35 --> Severity: Warning --> Creating default object from empty value /home1/developmentconso/public_html/hakibah/public/pages/profile-new.php 69
DEBUG - 2021-01-07 12:21:35 --> Total execution time: 0.0453
DEBUG - 2021-01-07 12:49:49 --> UTF-8 Support Enabled
DEBUG - 2021-01-07 12:49:49 --> No URI present. Default controller set.
DEBUG - 2021-01-07 12:49:49 --> Global POST, GET and COOKIE data sanitized
DEBUG - 2021-01-07 12:49:49 --> Encryption: Auto-configured driver 'openssl'.
DEBUG - 2021-01-07 12:49:50 --> UTF-8 Support Enabled
DEBUG - 2021-01-07 12:49:50 --> No URI present. Default controller set.
DEBUG - 2021-01-07 12:49:50 --> Global POST, GET and COOKIE data sanitized
DEBUG - 2021-01-07 12:49:50 --> Encryption: Auto-configured driver 'openssl'.
DEBUG - 2021-01-07 12:49:50 --> UTF-8 Support Enabled
DEBUG - 2021-01-07 12:49:50 --> Global POST, GET and COOKIE data sanitized
DEBUG - 2021-01-07 12:49:50 --> Encryption: Auto-configured driver 'openssl'.
DEBUG - 2021-01-07 12:49:50 --> Total execution time: 0.0714
DEBUG - 2021-01-07 12:49:51 --> UTF-8 Support Enabled
DEBUG - 2021-01-07 12:49:51 --> Global POST, GET and COOKIE data sanitized
DEBUG - 2021-01-07 12:49:51 --> Encryption: Auto-configured driver 'openssl'.
DEBUG - 2021-01-07 12:49:51 --> Total execution time: 0.0425
DEBUG - 2021-01-07 12:49:57 --> UTF-8 Support Enabled
DEBUG - 2021-01-07 12:49:57 --> Global POST, GET and COOKIE data sanitized
DEBUG - 2021-01-07 12:49:57 --> Encryption: Auto-configured driver 'openssl'.
DEBUG - 2021-01-07 12:49:58 --> UTF-8 Support Enabled
DEBUG - 2021-01-07 12:49:58 --> No URI present. Default controller set.
DEBUG - 2021-01-07 12:49:58 --> Global POST, GET and COOKIE data sanitized
DEBUG - 2021-01-07 12:49:58 --> Encryption: Auto-configured driver 'openssl'.
DEBUG - 2021-01-07 12:49:58 --> Total execution time: 0.0473
DEBUG - 2021-01-07 12:50:02 --> UTF-8 Support Enabled
DEBUG - 2021-01-07 12:50:02 --> Global POST, GET and COOKIE data sanitized
DEBUG - 2021-01-07 12:50:02 --> Encryption: Auto-configured driver 'openssl'.
DEBUG - 2021-01-07 12:50:02 --> Total execution time: 0.0513
DEBUG - 2021-01-07 12:50:05 --> UTF-8 Support Enabled
DEBUG - 2021-01-07 12:50:05 --> Global POST, GET and COOKIE data sanitized
DEBUG - 2021-01-07 12:50:05 --> Encryption: Auto-configured driver 'openssl'.
DEBUG - 2021-01-07 12:50:05 --> Total execution time: 0.0385
DEBUG - 2021-01-07 13:33:25 --> UTF-8 Support Enabled
DEBUG - 2021-01-07 13:33:25 --> No URI present. Default controller set.
DEBUG - 2021-01-07 13:33:25 --> Global POST, GET and COOKIE data sanitized
DEBUG - 2021-01-07 13:33:25 --> Encryption: Auto-configured driver 'openssl'.
DEBUG - 2021-01-07 13:33:25 --> Total execution time: 0.0465
DEBUG - 2021-01-07 13:33:27 --> UTF-8 Support Enabled
DEBUG - 2021-01-07 13:33:27 --> No URI present. Default controller set.
DEBUG - 2021-01-07 13:33:27 --> Global POST, GET and COOKIE data sanitized
DEBUG - 2021-01-07 13:33:27 --> Encryption: Auto-configured driver 'openssl'.
DEBUG - 2021-01-07 13:33:27 --> Total execution time: 0.0378
DEBUG - 2021-01-07 13:33:42 --> UTF-8 Support Enabled
DEBUG - 2021-01-07 13:33:42 --> Global POST, GET and COOKIE data sanitized
DEBUG - 2021-01-07 13:33:42 --> Encryption: Auto-configured driver 'openssl'.
DEBUG - 2021-01-07 13:33:42 --> Total execution time: 0.0364
DEBUG - 2021-01-07 13:34:02 --> UTF-8 Support Enabled
DEBUG - 2021-01-07 13:34:02 --> Global POST, GET and COOKIE data sanitized
DEBUG - 2021-01-07 13:34:02 --> Encryption: Auto-configured driver 'openssl'.
DEBUG - 2021-01-07 13:34:02 --> Total execution time: 0.0422
DEBUG - 2021-01-07 13:34:11 --> UTF-8 Support Enabled
DEBUG - 2021-01-07 13:34:11 --> Global POST, GET and COOKIE data sanitized
DEBUG - 2021-01-07 13:34:11 --> Encryption: Auto-configured driver 'openssl'.
DEBUG - 2021-01-07 13:34:11 --> UTF-8 Support Enabled
DEBUG - 2021-01-07 13:34:11 --> Global POST, GET and COOKIE data sanitized
DEBUG - 2021-01-07 13:34:11 --> Encryption: Auto-configured driver 'openssl'.
DEBUG - 2021-01-07 13:34:11 --> Total execution time: 0.0279
DEBUG - 2021-01-07 13:34:32 --> UTF-8 Support Enabled
DEBUG - 2021-01-07 13:34:32 --> Global POST, GET and COOKIE data sanitized
DEBUG - 2021-01-07 13:34:32 --> Encryption: Auto-configured driver 'openssl'.
DEBUG - 2021-01-07 13:34:32 --> Total execution time: 0.0292
DEBUG - 2021-01-07 13:34:33 --> UTF-8 Support Enabled
DEBUG - 2021-01-07 13:34:33 --> Global POST, GET and COOKIE data sanitized
DEBUG - 2021-01-07 13:34:33 --> Encryption: Auto-configured driver 'openssl'.
DEBUG - 2021-01-07 13:34:33 --> Total execution time: 0.0324
DEBUG - 2021-01-07 13:34:34 --> UTF-8 Support Enabled
DEBUG - 2021-01-07 13:34:34 --> Global POST, GET and COOKIE data sanitized
DEBUG - 2021-01-07 13:34:34 --> Encryption: Auto-configured driver 'openssl'.
DEBUG - 2021-01-07 13:34:34 --> UTF-8 Support Enabled
DEBUG - 2021-01-07 13:34:34 --> Global POST, GET and COOKIE data sanitized
DEBUG - 2021-01-07 13:34:34 --> Encryption: Auto-configured driver 'openssl'.
DEBUG - 2021-01-07 13:34:34 --> Total execution time: 0.0746
DEBUG - 2021-01-07 13:34:34 --> UTF-8 Support Enabled
DEBUG - 2021-01-07 13:34:34 --> Global POST, GET and COOKIE data sanitized
DEBUG - 2021-01-07 13:34:34 --> Encryption: Auto-configured driver 'openssl'.
DEBUG - 2021-01-07 13:34:34 --> Total execution time: 0.0272
DEBUG - 2021-01-07 13:34:35 --> UTF-8 Support Enabled
DEBUG - 2021-01-07 13:34:35 --> Global POST, GET and COOKIE data sanitized
DEBUG - 2021-01-07 13:34:35 --> Encryption: Auto-configured driver 'openssl'.
DEBUG - 2021-01-07 13:34:35 --> Total execution time: 0.0284
DEBUG - 2021-01-07 13:34:36 --> UTF-8 Support Enabled
DEBUG - 2021-01-07 13:34:36 --> Global POST, GET and COOKIE data sanitized
DEBUG - 2021-01-07 13:34:36 --> Encryption: Auto-configured driver 'openssl'.
DEBUG - 2021-01-07 13:34:36 --> UTF-8 Support Enabled
DEBUG - 2021-01-07 13:34:36 --> No URI present. Default controller set.
DEBUG - 2021-01-07 13:34:36 --> Global POST, GET and COOKIE data sanitized
DEBUG - 2021-01-07 13:34:36 --> Encryption: Auto-configured driver 'openssl'.
DEBUG - 2021-01-07 13:34:37 --> UTF-8 Support Enabled
DEBUG - 2021-01-07 13:34:37 --> Global POST, GET and COOKIE data sanitized
DEBUG - 2021-01-07 13:34:37 --> Encryption: Auto-configured driver 'openssl'.
DEBUG - 2021-01-07 13:34:37 --> Total execution time: 0.0444
DEBUG - 2021-01-07 13:36:37 --> UTF-8 Support Enabled
DEBUG - 2021-01-07 13:36:37 --> Global POST, GET and COOKIE data sanitized
DEBUG - 2021-01-07 13:36:37 --> Encryption: Auto-configured driver 'openssl'.
DEBUG - 2021-01-07 13:36:37 --> Total execution time: 0.0625
DEBUG - 2021-01-07 13:36:43 --> UTF-8 Support Enabled
DEBUG - 2021-01-07 13:36:43 --> Global POST, GET and COOKIE data sanitized
DEBUG - 2021-01-07 13:36:43 --> Encryption: Auto-configured driver 'openssl'.
DEBUG - 2021-01-07 13:36:43 --> Total execution time: 0.0304
DEBUG - 2021-01-07 13:36:47 --> UTF-8 Support Enabled
DEBUG - 2021-01-07 13:36:47 --> Global POST, GET and COOKIE data sanitized
DEBUG - 2021-01-07 13:36:47 --> Encryption: Auto-configured driver 'openssl'.
DEBUG - 2021-01-07 13:36:47 --> Total execution time: 0.0366
DEBUG - 2021-01-07 13:36:47 --> UTF-8 Support Enabled
DEBUG - 2021-01-07 13:36:47 --> Global POST, GET and COOKIE data sanitized
DEBUG - 2021-01-07 13:36:47 --> Encryption: Auto-configured driver 'openssl'.
DEBUG - 2021-01-07 13:36:47 --> Total execution time: 0.0306
DEBUG - 2021-01-07 13:36:49 --> UTF-8 Support Enabled
DEBUG - 2021-01-07 13:36:49 --> Global POST, GET and COOKIE data sanitized
DEBUG - 2021-01-07 13:36:49 --> Encryption: Auto-configured driver 'openssl'.
DEBUG - 2021-01-07 13:36:49 --> Total execution time: 0.0293
DEBUG - 2021-01-07 13:36:49 --> UTF-8 Support Enabled
DEBUG - 2021-01-07 13:36:49 --> Global POST, GET and COOKIE data sanitized
DEBUG - 2021-01-07 13:36:49 --> Encryption: Auto-configured driver 'openssl'.
DEBUG - 2021-01-07 13:36:49 --> Total execution time: 0.0329
DEBUG - 2021-01-07 13:37:12 --> UTF-8 Support Enabled
DEBUG - 2021-01-07 13:37:12 --> Global POST, GET and COOKIE data sanitized
DEBUG - 2021-01-07 13:37:12 --> Encryption: Auto-configured driver 'openssl'.
DEBUG - 2021-01-07 13:37:12 --> Total execution time: 0.0573
DEBUG - 2021-01-07 13:37:21 --> UTF-8 Support Enabled
DEBUG - 2021-01-07 13:37:21 --> Global POST, GET and COOKIE data sanitized
DEBUG - 2021-01-07 13:37:21 --> Encryption: Auto-configured driver 'openssl'.
DEBUG - 2021-01-07 13:37:22 --> UTF-8 Support Enabled
DEBUG - 2021-01-07 13:37:22 --> Global POST, GET and COOKIE data sanitized
DEBUG - 2021-01-07 13:37:22 --> Encryption: Auto-configured driver 'openssl'.
DEBUG - 2021-01-07 13:37:22 --> Total execution time: 0.0623
DEBUG - 2021-01-07 13:37:41 --> UTF-8 Support Enabled
DEBUG - 2021-01-07 13:37:41 --> Global POST, GET and COOKIE data sanitized
DEBUG - 2021-01-07 13:37:41 --> Encryption: Auto-configured driver 'openssl'.
DEBUG - 2021-01-07 13:37:42 --> UTF-8 Support Enabled
DEBUG - 2021-01-07 13:37:42 --> Global POST, GET and COOKIE data sanitized
DEBUG - 2021-01-07 13:37:42 --> Encryption: Auto-configured driver 'openssl'.
ERROR - 2021-01-07 13:37:42 --> Severity: Warning --> Creating default object from empty value /home1/developmentconso/public_html/hakibah/public/pages/profile-new.php 65
ERROR - 2021-01-07 13:37:42 --> Severity: Warning --> Creating default object from empty value /home1/developmentconso/public_html/hakibah/public/pages/profile-new.php 69
DEBUG - 2021-01-07 13:37:42 --> Total execution time: 0.0407
DEBUG - 2021-01-07 13:38:23 --> UTF-8 Support Enabled
DEBUG - 2021-01-07 13:38:23 --> No URI present. Default controller set.
DEBUG - 2021-01-07 13:38:23 --> Global POST, GET and COOKIE data sanitized
DEBUG - 2021-01-07 13:38:23 --> Encryption: Auto-configured driver 'openssl'.
DEBUG - 2021-01-07 13:38:23 --> UTF-8 Support Enabled
DEBUG - 2021-01-07 13:38:23 --> Global POST, GET and COOKIE data sanitized
DEBUG - 2021-01-07 13:38:23 --> Encryption: Auto-configured driver 'openssl'.
DEBUG - 2021-01-07 13:38:23 --> Total execution time: 0.0487
DEBUG - 2021-01-07 13:38:29 --> UTF-8 Support Enabled
DEBUG - 2021-01-07 13:38:29 --> No URI present. Default controller set.
DEBUG - 2021-01-07 13:38:29 --> Global POST, GET and COOKIE data sanitized
DEBUG - 2021-01-07 13:38:29 --> Encryption: Auto-configured driver 'openssl'.
DEBUG - 2021-01-07 13:38:30 --> UTF-8 Support Enabled
DEBUG - 2021-01-07 13:38:30 --> Global POST, GET and COOKIE data sanitized
DEBUG - 2021-01-07 13:38:30 --> Encryption: Auto-configured driver 'openssl'.
DEBUG - 2021-01-07 13:38:30 --> Total execution time: 0.0465
DEBUG - 2021-01-07 13:43:56 --> UTF-8 Support Enabled
DEBUG - 2021-01-07 13:43:56 --> Global POST, GET and COOKIE data sanitized
DEBUG - 2021-01-07 13:43:56 --> Encryption: Auto-configured driver 'openssl'.
ERROR - 2021-01-07 13:43:56 --> Severity: Warning --> Creating default object from empty value /home1/developmentconso/public_html/hakibah/public/pages/profile-new.php 65
ERROR - 2021-01-07 13:43:56 --> Severity: Warning --> Creating default object from empty value /home1/developmentconso/public_html/hakibah/public/pages/profile-new.php 69
DEBUG - 2021-01-07 13:43:56 --> Total execution time: 0.0528
DEBUG - 2021-01-07 13:44:42 --> UTF-8 Support Enabled
DEBUG - 2021-01-07 13:44:42 --> Global POST, GET and COOKIE data sanitized
DEBUG - 2021-01-07 13:44:42 --> Total execution time: 0.0383
DEBUG - 2021-01-07 13:44:44 --> UTF-8 Support Enabled
DEBUG - 2021-01-07 13:44:44 --> Global POST, GET and COOKIE data sanitized
ERROR - 2021-01-07 13:44:44 --> 404 Page Not Found: List/uploads
DEBUG - 2021-01-07 13:44:47 --> UTF-8 Support Enabled
DEBUG - 2021-01-07 13:44:47 --> Global POST, GET and COOKIE data sanitized
DEBUG - 2021-01-07 13:44:47 --> Encryption: Auto-configured driver 'openssl'.
DEBUG - 2021-01-07 13:44:47 --> Total execution time: 0.0511
DEBUG - 2021-01-07 13:45:05 --> UTF-8 Support Enabled
DEBUG - 2021-01-07 13:45:05 --> Global POST, GET and COOKIE data sanitized
DEBUG - 2021-01-07 13:45:05 --> UTF-8 Support Enabled
DEBUG - 2021-01-07 13:45:05 --> Global POST, GET and COOKIE data sanitized
DEBUG - 2021-01-07 13:45:05 --> Total execution time: 0.0395
DEBUG - 2021-01-07 13:45:06 --> UTF-8 Support Enabled
DEBUG - 2021-01-07 13:45:06 --> Global POST, GET and COOKIE data sanitized
ERROR - 2021-01-07 13:45:06 --> 404 Page Not Found: List/uploads
DEBUG - 2021-01-07 13:45:07 --> UTF-8 Support Enabled
DEBUG - 2021-01-07 13:45:07 --> Global POST, GET and COOKIE data sanitized
DEBUG - 2021-01-07 13:45:07 --> Encryption: Auto-configured driver 'openssl'.
DEBUG - 2021-01-07 13:45:07 --> Total execution time: 0.0327
DEBUG - 2021-01-07 13:45:28 --> UTF-8 Support Enabled
DEBUG - 2021-01-07 13:45:28 --> Global POST, GET and COOKIE data sanitized
DEBUG - 2021-01-07 13:45:28 --> Encryption: Auto-configured driver 'openssl'.
DEBUG - 2021-01-07 13:45:28 --> UTF-8 Support Enabled
DEBUG - 2021-01-07 13:45:28 --> No URI present. Default controller set.
DEBUG - 2021-01-07 13:45:28 --> Global POST, GET and COOKIE data sanitized
DEBUG - 2021-01-07 13:45:28 --> Encryption: Auto-configured driver 'openssl'.
DEBUG - 2021-01-07 13:45:29 --> Total execution time: 0.0445
DEBUG - 2021-01-07 13:45:31 --> UTF-8 Support Enabled
DEBUG - 2021-01-07 13:45:31 --> Global POST, GET and COOKIE data sanitized
DEBUG - 2021-01-07 13:45:31 --> Encryption: Auto-configured driver 'openssl'.
DEBUG - 2021-01-07 13:45:31 --> Total execution time: 0.0435
DEBUG - 2021-01-07 13:45:38 --> UTF-8 Support Enabled
DEBUG - 2021-01-07 13:45:38 --> Global POST, GET and COOKIE data sanitized
DEBUG - 2021-01-07 13:45:38 --> Encryption: Auto-configured driver 'openssl'.
DEBUG - 2021-01-07 13:45:38 --> Total execution time: 0.0334
DEBUG - 2021-01-07 13:45:39 --> UTF-8 Support Enabled
DEBUG - 2021-01-07 13:45:39 --> Global POST, GET and COOKIE data sanitized
DEBUG - 2021-01-07 13:45:39 --> Encryption: Auto-configured driver 'openssl'.
DEBUG - 2021-01-07 13:45:39 --> Total execution time: 0.0314
DEBUG - 2021-01-07 13:45:39 --> UTF-8 Support Enabled
DEBUG - 2021-01-07 13:45:39 --> Global POST, GET and COOKIE data sanitized
DEBUG - 2021-01-07 13:45:39 --> Encryption: Auto-configured driver 'openssl'.
DEBUG - 2021-01-07 13:45:40 --> UTF-8 Support Enabled
DEBUG - 2021-01-07 13:45:40 --> Global POST, GET and COOKIE data sanitized
DEBUG - 2021-01-07 13:45:40 --> Encryption: Auto-configured driver 'openssl'.
DEBUG - 2021-01-07 13:45:40 --> Total execution time: 0.0284
DEBUG - 2021-01-07 13:45:40 --> UTF-8 Support Enabled
DEBUG - 2021-01-07 13:45:40 --> Global POST, GET and COOKIE data sanitized
DEBUG - 2021-01-07 13:45:40 --> Encryption: Auto-configured driver 'openssl'.
DEBUG - 2021-01-07 13:45:40 --> Total execution time: 0.0442
DEBUG - 2021-01-07 13:45:40 --> UTF-8 Support Enabled
DEBUG - 2021-01-07 13:45:40 --> Global POST, GET and COOKIE data sanitized
DEBUG - 2021-01-07 13:45:40 --> Encryption: Auto-configured driver 'openssl'.
DEBUG - 2021-01-07 13:45:40 --> Total execution time: 0.0300
DEBUG - 2021-01-07 13:45:41 --> UTF-8 Support Enabled
DEBUG - 2021-01-07 13:45:41 --> Global POST, GET and COOKIE data sanitized
DEBUG - 2021-01-07 13:45:41 --> Encryption: Auto-configured driver 'openssl'.
DEBUG - 2021-01-07 13:45:41 --> UTF-8 Support Enabled
DEBUG - 2021-01-07 13:45:41 --> No URI present. Default controller set.
DEBUG - 2021-01-07 13:45:41 --> Global POST, GET and COOKIE data sanitized
DEBUG - 2021-01-07 13:45:41 --> Encryption: Auto-configured driver 'openssl'.
DEBUG - 2021-01-07 13:45:42 --> UTF-8 Support Enabled
DEBUG - 2021-01-07 13:45:42 --> Global POST, GET and COOKIE data sanitized
DEBUG - 2021-01-07 13:45:42 --> Encryption: Auto-configured driver 'openssl'.
DEBUG - 2021-01-07 13:45:42 --> Total execution time: 0.0503
DEBUG - 2021-01-07 13:45:46 --> UTF-8 Support Enabled
DEBUG - 2021-01-07 13:45:46 --> Global POST, GET and COOKIE data sanitized
DEBUG - 2021-01-07 13:45:46 --> Encryption: Auto-configured driver 'openssl'.
DEBUG - 2021-01-07 13:45:46 --> Total execution time: 0.0480
DEBUG - 2021-01-07 13:45:50 --> UTF-8 Support Enabled
DEBUG - 2021-01-07 13:45:50 --> Global POST, GET and COOKIE data sanitized
DEBUG - 2021-01-07 13:45:50 --> Encryption: Auto-configured driver 'openssl'.
DEBUG - 2021-01-07 13:45:50 --> Total execution time: 0.0283
DEBUG - 2021-01-07 13:45:51 --> UTF-8 Support Enabled
DEBUG - 2021-01-07 13:45:51 --> Global POST, GET and COOKIE data sanitized
DEBUG - 2021-01-07 13:45:51 --> Encryption: Auto-configured driver 'openssl'.
DEBUG - 2021-01-07 13:45:51 --> Total execution time: 0.0361
DEBUG - 2021-01-07 13:45:52 --> UTF-8 Support Enabled
DEBUG - 2021-01-07 13:45:52 --> Global POST, GET and COOKIE data sanitized
DEBUG - 2021-01-07 13:45:52 --> Encryption: Auto-configured driver 'openssl'.
DEBUG - 2021-01-07 13:45:52 --> Total execution time: 0.0302
DEBUG - 2021-01-07 13:45:53 --> UTF-8 Support Enabled
DEBUG - 2021-01-07 13:45:53 --> Global POST, GET and COOKIE data sanitized
DEBUG - 2021-01-07 13:45:53 --> Encryption: Auto-configured driver 'openssl'.
DEBUG - 2021-01-07 13:45:53 --> Total execution time: 0.0326
DEBUG - 2021-01-07 13:45:54 --> UTF-8 Support Enabled
DEBUG - 2021-01-07 13:45:54 --> Global POST, GET and COOKIE data sanitized
DEBUG - 2021-01-07 13:45:54 --> Encryption: Auto-configured driver 'openssl'.
DEBUG - 2021-01-07 13:45:54 --> Total execution time: 0.0303
DEBUG - 2021-01-07 13:45:55 --> UTF-8 Support Enabled
DEBUG - 2021-01-07 13:45:55 --> Global POST, GET and COOKIE data sanitized
DEBUG - 2021-01-07 13:45:55 --> Encryption: Auto-configured driver 'openssl'.
DEBUG - 2021-01-07 13:45:55 --> Total execution time: 0.0386
DEBUG - 2021-01-07 13:45:55 --> UTF-8 Support Enabled
DEBUG - 2021-01-07 13:45:55 --> Global POST, GET and COOKIE data sanitized
DEBUG - 2021-01-07 13:45:55 --> Encryption: Auto-configured driver 'openssl'.
DEBUG - 2021-01-07 13:45:55 --> Total execution time: 0.0269
DEBUG - 2021-01-07 13:46:13 --> UTF-8 Support Enabled
DEBUG - 2021-01-07 13:46:13 --> Global POST, GET and COOKIE data sanitized
DEBUG - 2021-01-07 13:46:13 --> Encryption: Auto-configured driver 'openssl'.
DEBUG - 2021-01-07 13:46:13 --> Total execution time: 0.0408
DEBUG - 2021-01-07 13:46:16 --> UTF-8 Support Enabled
DEBUG - 2021-01-07 13:46:16 --> Global POST, GET and COOKIE data sanitized
DEBUG - 2021-01-07 13:46:16 --> Encryption: Auto-configured driver 'openssl'.
DEBUG - 2021-01-07 13:46:17 --> UTF-8 Support Enabled
DEBUG - 2021-01-07 13:46:17 --> Global POST, GET and COOKIE data sanitized
DEBUG - 2021-01-07 13:46:17 --> Encryption: Auto-configured driver 'openssl'.
DEBUG - 2021-01-07 13:46:17 --> Total execution time: 0.0648
DEBUG - 2021-01-07 13:46:34 --> UTF-8 Support Enabled
DEBUG - 2021-01-07 13:46:34 --> Global POST, GET and COOKIE data sanitized
DEBUG - 2021-01-07 13:46:34 --> Encryption: Auto-configured driver 'openssl'.
DEBUG - 2021-01-07 13:46:35 --> UTF-8 Support Enabled
DEBUG - 2021-01-07 13:46:35 --> Global POST, GET and COOKIE data sanitized
DEBUG - 2021-01-07 13:46:35 --> Encryption: Auto-configured driver 'openssl'.
ERROR - 2021-01-07 13:46:35 --> Severity: Warning --> Creating default object from empty value /home1/developmentconso/public_html/hakibah/public/pages/profile-new.php 65
ERROR - 2021-01-07 13:46:35 --> Severity: Warning --> Creating default object from empty value /home1/developmentconso/public_html/hakibah/public/pages/profile-new.php 69
DEBUG - 2021-01-07 13:46:35 --> Total execution time: 0.0409
DEBUG - 2021-01-07 13:46:56 --> UTF-8 Support Enabled
DEBUG - 2021-01-07 13:46:56 --> Global POST, GET and COOKIE data sanitized
DEBUG - 2021-01-07 13:46:56 --> Total execution time: 0.0385
DEBUG - 2021-01-07 13:46:57 --> UTF-8 Support Enabled
DEBUG - 2021-01-07 13:46:57 --> Global POST, GET and COOKIE data sanitized
ERROR - 2021-01-07 13:46:57 --> 404 Page Not Found: List/uploads
DEBUG - 2021-01-07 13:46:58 --> UTF-8 Support Enabled
DEBUG - 2021-01-07 13:46:58 --> Global POST, GET and COOKIE data sanitized
DEBUG - 2021-01-07 13:46:58 --> Encryption: Auto-configured driver 'openssl'.
DEBUG - 2021-01-07 13:46:58 --> Total execution time: 0.0347
DEBUG - 2021-01-07 13:46:59 --> UTF-8 Support Enabled
DEBUG - 2021-01-07 13:46:59 --> Global POST, GET and COOKIE data sanitized
DEBUG - 2021-01-07 13:47:00 --> UTF-8 Support Enabled
DEBUG - 2021-01-07 13:47:00 --> Global POST, GET and COOKIE data sanitized
DEBUG - 2021-01-07 13:47:00 --> Total execution time: 0.0344
DEBUG - 2021-01-07 13:47:01 --> UTF-8 Support Enabled
DEBUG - 2021-01-07 13:47:01 --> Global POST, GET and COOKIE data sanitized
ERROR - 2021-01-07 13:47:01 --> 404 Page Not Found: List/uploads
DEBUG - 2021-01-07 13:47:01 --> UTF-8 Support Enabled
DEBUG - 2021-01-07 13:47:02 --> Global POST, GET and COOKIE data sanitized
DEBUG - 2021-01-07 13:47:02 --> Encryption: Auto-configured driver 'openssl'.
DEBUG - 2021-01-07 13:47:02 --> Total execution time: 0.0459
DEBUG - 2021-01-07 13:47:19 --> UTF-8 Support Enabled
DEBUG - 2021-01-07 13:47:19 --> Global POST, GET and COOKIE data sanitized
DEBUG - 2021-01-07 13:47:19 --> Encryption: Auto-configured driver 'openssl'.
ERROR - 2021-01-07 13:47:19 --> Severity: Warning --> Creating default object from empty value /home1/developmentconso/public_html/hakibah/public/pages/profile-new.php 65
ERROR - 2021-01-07 13:47:19 --> Severity: Warning --> Creating default object from empty value /home1/developmentconso/public_html/hakibah/public/pages/profile-new.php 69
DEBUG - 2021-01-07 13:47:19 --> Total execution time: 0.0863
DEBUG - 2021-01-07 13:47:22 --> UTF-8 Support Enabled
DEBUG - 2021-01-07 13:47:22 --> No URI present. Default controller set.
DEBUG - 2021-01-07 13:47:22 --> Global POST, GET and COOKIE data sanitized
DEBUG - 2021-01-07 13:47:22 --> Encryption: Auto-configured driver 'openssl'.
DEBUG - 2021-01-07 13:47:23 --> UTF-8 Support Enabled
DEBUG - 2021-01-07 13:47:23 --> UTF-8 Support Enabled
DEBUG - 2021-01-07 13:47:23 --> No URI present. Default controller set.
DEBUG - 2021-01-07 13:47:23 --> Global POST, GET and COOKIE data sanitized
DEBUG - 2021-01-07 13:47:23 --> Global POST, GET and COOKIE data sanitized
DEBUG - 2021-01-07 13:47:23 --> Encryption: Auto-configured driver 'openssl'.
DEBUG - 2021-01-07 13:47:23 --> Total execution time: 0.0701
DEBUG - 2021-01-07 13:47:23 --> Encryption: Auto-configured driver 'openssl'.
DEBUG - 2021-01-07 13:47:24 --> UTF-8 Support Enabled
DEBUG - 2021-01-07 13:47:24 --> Global POST, GET and COOKIE data sanitized
DEBUG - 2021-01-07 13:47:24 --> Encryption: Auto-configured driver 'openssl'.
DEBUG - 2021-01-07 13:47:24 --> Total execution time: 0.0454
DEBUG - 2021-01-07 13:47:40 --> UTF-8 Support Enabled
DEBUG - 2021-01-07 13:47:40 --> Global POST, GET and COOKIE data sanitized
DEBUG - 2021-01-07 13:47:40 --> Encryption: Auto-configured driver 'openssl'.
DEBUG - 2021-01-07 13:47:40 --> Total execution time: 0.0463
DEBUG - 2021-01-07 13:48:11 --> UTF-8 Support Enabled
DEBUG - 2021-01-07 13:48:11 --> Global POST, GET and COOKIE data sanitized
DEBUG - 2021-01-07 13:48:11 --> Encryption: Auto-configured driver 'openssl'.
DEBUG - 2021-01-07 13:48:11 --> Total execution time: 0.0556
DEBUG - 2021-01-07 13:48:25 --> UTF-8 Support Enabled
DEBUG - 2021-01-07 13:48:25 --> No URI present. Default controller set.
DEBUG - 2021-01-07 13:48:25 --> Global POST, GET and COOKIE data sanitized
DEBUG - 2021-01-07 13:48:25 --> Encryption: Auto-configured driver 'openssl'.
DEBUG - 2021-01-07 13:48:26 --> UTF-8 Support Enabled
DEBUG - 2021-01-07 13:48:26 --> Global POST, GET and COOKIE data sanitized
DEBUG - 2021-01-07 13:48:26 --> UTF-8 Support Enabled
DEBUG - 2021-01-07 13:48:26 --> No URI present. Default controller set.
DEBUG - 2021-01-07 13:48:26 --> Global POST, GET and COOKIE data sanitized
DEBUG - 2021-01-07 13:48:26 --> Encryption: Auto-configured driver 'openssl'.
DEBUG - 2021-01-07 13:48:26 --> Total execution time: 0.0530
DEBUG - 2021-01-07 13:48:26 --> Encryption: Auto-configured driver 'openssl'.
DEBUG - 2021-01-07 13:48:26 --> UTF-8 Support Enabled
DEBUG - 2021-01-07 13:48:27 --> Global POST, GET and COOKIE data sanitized
DEBUG - 2021-01-07 13:48:27 --> Encryption: Auto-configured driver 'openssl'.
DEBUG - 2021-01-07 13:48:27 --> Total execution time: 0.0496
DEBUG - 2021-01-07 13:48:33 --> UTF-8 Support Enabled
DEBUG - 2021-01-07 13:48:33 --> Global POST, GET and COOKIE data sanitized
DEBUG - 2021-01-07 13:48:33 --> Encryption: Auto-configured driver 'openssl'.
DEBUG - 2021-01-07 13:48:33 --> Total execution time: 0.0588
DEBUG - 2021-01-07 13:48:36 --> UTF-8 Support Enabled
DEBUG - 2021-01-07 13:48:36 --> Global POST, GET and COOKIE data sanitized
DEBUG - 2021-01-07 13:48:36 --> Encryption: Auto-configured driver 'openssl'.
DEBUG - 2021-01-07 13:48:37 --> Total execution time: 0.0423
DEBUG - 2021-01-07 13:48:58 --> UTF-8 Support Enabled
DEBUG - 2021-01-07 13:48:58 --> No URI present. Default controller set.
DEBUG - 2021-01-07 13:48:58 --> Global POST, GET and COOKIE data sanitized
DEBUG - 2021-01-07 13:48:58 --> Encryption: Auto-configured driver 'openssl'.
DEBUG - 2021-01-07 13:48:58 --> UTF-8 Support Enabled
DEBUG - 2021-01-07 13:48:58 --> Global POST, GET and COOKIE data sanitized
DEBUG - 2021-01-07 13:48:58 --> UTF-8 Support Enabled
DEBUG - 2021-01-07 13:48:58 --> No URI present. Default controller set.
DEBUG - 2021-01-07 13:48:58 --> Global POST, GET and COOKIE data sanitized
DEBUG - 2021-01-07 13:48:58 --> Encryption: Auto-configured driver 'openssl'.
DEBUG - 2021-01-07 13:48:58 --> Total execution time: 0.0925
DEBUG - 2021-01-07 13:48:59 --> Encryption: Auto-configured driver 'openssl'.
DEBUG - 2021-01-07 13:48:59 --> UTF-8 Support Enabled
DEBUG - 2021-01-07 13:48:59 --> Global POST, GET and COOKIE data sanitized
DEBUG - 2021-01-07 13:48:59 --> Encryption: Auto-configured driver 'openssl'.
DEBUG - 2021-01-07 13:48:59 --> Total execution time: 0.0400
DEBUG - 2021-01-07 13:49:09 --> UTF-8 Support Enabled
DEBUG - 2021-01-07 13:49:09 --> Global POST, GET and COOKIE data sanitized
DEBUG - 2021-01-07 13:49:09 --> Encryption: Auto-configured driver 'openssl'.
DEBUG - 2021-01-07 13:49:09 --> Total execution time: 0.0711
DEBUG - 2021-01-07 13:49:25 --> UTF-8 Support Enabled
DEBUG - 2021-01-07 13:49:25 --> Global POST, GET and COOKIE data sanitized
DEBUG - 2021-01-07 13:49:26 --> UTF-8 Support Enabled
DEBUG - 2021-01-07 13:49:26 --> Global POST, GET and COOKIE data sanitized
DEBUG - 2021-01-07 13:49:26 --> Total execution time: 0.0303
DEBUG - 2021-01-07 13:49:26 --> UTF-8 Support Enabled
DEBUG - 2021-01-07 13:49:26 --> Global POST, GET and COOKIE data sanitized
ERROR - 2021-01-07 13:49:26 --> 404 Page Not Found: List/uploads
DEBUG - 2021-01-07 13:49:27 --> UTF-8 Support Enabled
DEBUG - 2021-01-07 13:49:27 --> Global POST, GET and COOKIE data sanitized
DEBUG - 2021-01-07 13:49:27 --> Encryption: Auto-configured driver 'openssl'.
DEBUG - 2021-01-07 13:49:27 --> Total execution time: 0.0294
DEBUG - 2021-01-07 13:49:46 --> UTF-8 Support Enabled
DEBUG - 2021-01-07 13:49:46 --> Global POST, GET and COOKIE data sanitized
DEBUG - 2021-01-07 13:49:46 --> Encryption: Auto-configured driver 'openssl'.
DEBUG - 2021-01-07 13:49:46 --> Total execution time: 0.0281
DEBUG - 2021-01-07 13:49:52 --> UTF-8 Support Enabled
DEBUG - 2021-01-07 13:49:52 --> Global POST, GET and COOKIE data sanitized
DEBUG - 2021-01-07 13:49:52 --> Encryption: Auto-configured driver 'openssl'.
DEBUG - 2021-01-07 13:49:52 --> Total execution time: 0.0476
DEBUG - 2021-01-07 13:49:58 --> UTF-8 Support Enabled
DEBUG - 2021-01-07 13:49:58 --> Global POST, GET and COOKIE data sanitized
DEBUG - 2021-01-07 13:49:58 --> Encryption: Auto-configured driver 'openssl'.
DEBUG - 2021-01-07 13:49:58 --> Total execution time: 0.0320
DEBUG - 2021-01-07 13:50:10 --> UTF-8 Support Enabled
DEBUG - 2021-01-07 13:50:10 --> Global POST, GET and COOKIE data sanitized
DEBUG - 2021-01-07 13:50:10 --> Encryption: Auto-configured driver 'openssl'.
DEBUG - 2021-01-07 13:50:10 --> Total execution time: 0.0470
DEBUG - 2021-01-07 13:50:24 --> UTF-8 Support Enabled
DEBUG - 2021-01-07 13:50:24 --> No URI present. Default controller set.
DEBUG - 2021-01-07 13:50:24 --> Global POST, GET and COOKIE data sanitized
DEBUG - 2021-01-07 13:50:24 --> Encryption: Auto-configured driver 'openssl'.
DEBUG - 2021-01-07 13:50:24 --> UTF-8 Support Enabled
DEBUG - 2021-01-07 13:50:24 --> Global POST, GET and COOKIE data sanitized
DEBUG - 2021-01-07 13:50:24 --> Encryption: Auto-configured driver 'openssl'.
DEBUG - 2021-01-07 13:50:24 --> Total execution time: 0.0439
DEBUG - 2021-01-07 13:50:26 --> UTF-8 Support Enabled
DEBUG - 2021-01-07 13:50:26 --> No URI present. Default controller set.
DEBUG - 2021-01-07 13:50:26 --> Global POST, GET and COOKIE data sanitized
DEBUG - 2021-01-07 13:50:26 --> Encryption: Auto-configured driver 'openssl'.
DEBUG - 2021-01-07 13:50:26 --> UTF-8 Support Enabled
DEBUG - 2021-01-07 13:50:26 --> Global POST, GET and COOKIE data sanitized
DEBUG - 2021-01-07 13:50:26 --> Encryption: Auto-configured driver 'openssl'.
DEBUG - 2021-01-07 13:50:26 --> Total execution time: 0.0567
DEBUG - 2021-01-07 13:50:36 --> UTF-8 Support Enabled
DEBUG - 2021-01-07 13:50:36 --> Global POST, GET and COOKIE data sanitized
DEBUG - 2021-01-07 13:50:36 --> Encryption: Auto-configured driver 'openssl'.
DEBUG - 2021-01-07 13:50:36 --> Total execution time: 0.0612
DEBUG - 2021-01-07 13:50:39 --> UTF-8 Support Enabled
DEBUG - 2021-01-07 13:50:39 --> Global POST, GET and COOKIE data sanitized
DEBUG - 2021-01-07 13:50:39 --> Encryption: Auto-configured driver 'openssl'.
DEBUG - 2021-01-07 13:50:39 --> Total execution time: 0.0363
DEBUG - 2021-01-07 13:50:59 --> UTF-8 Support Enabled
DEBUG - 2021-01-07 13:50:59 --> Global POST, GET and COOKIE data sanitized
DEBUG - 2021-01-07 13:50:59 --> Encryption: Auto-configured driver 'openssl'.
DEBUG - 2021-01-07 13:50:59 --> Total execution time: 0.0375
DEBUG - 2021-01-07 13:51:03 --> UTF-8 Support Enabled
DEBUG - 2021-01-07 13:51:03 --> No URI present. Default controller set.
DEBUG - 2021-01-07 13:51:03 --> Global POST, GET and COOKIE data sanitized
DEBUG - 2021-01-07 13:51:03 --> Encryption: Auto-configured driver 'openssl'.
DEBUG - 2021-01-07 13:51:04 --> UTF-8 Support Enabled
DEBUG - 2021-01-07 13:51:04 --> Global POST, GET and COOKIE data sanitized
DEBUG - 2021-01-07 13:51:04 --> Encryption: Auto-configured driver 'openssl'.
DEBUG - 2021-01-07 13:51:04 --> UTF-8 Support Enabled
DEBUG - 2021-01-07 13:51:04 --> No URI present. Default controller set.
DEBUG - 2021-01-07 13:51:04 --> Global POST, GET and COOKIE data sanitized
DEBUG - 2021-01-07 13:51:04 --> Total execution time: 0.0651
DEBUG - 2021-01-07 13:51:04 --> Encryption: Auto-configured driver 'openssl'.
DEBUG - 2021-01-07 13:51:05 --> UTF-8 Support Enabled
DEBUG - 2021-01-07 13:51:05 --> Global POST, GET and COOKIE data sanitized
DEBUG - 2021-01-07 13:51:05 --> Encryption: Auto-configured driver 'openssl'.
DEBUG - 2021-01-07 13:51:05 --> Total execution time: 0.0679
DEBUG - 2021-01-07 13:51:11 --> UTF-8 Support Enabled
DEBUG - 2021-01-07 13:51:11 --> Global POST, GET and COOKIE data sanitized
DEBUG - 2021-01-07 13:51:11 --> Encryption: Auto-configured driver 'openssl'.
DEBUG - 2021-01-07 13:51:11 --> Total execution time: 0.0401
DEBUG - 2021-01-07 13:51:15 --> UTF-8 Support Enabled
DEBUG - 2021-01-07 13:51:15 --> Global POST, GET and COOKIE data sanitized
DEBUG - 2021-01-07 13:51:15 --> Encryption: Auto-configured driver 'openssl'.
DEBUG - 2021-01-07 13:51:15 --> Total execution time: 0.0485
DEBUG - 2021-01-07 13:51:52 --> UTF-8 Support Enabled
DEBUG - 2021-01-07 13:51:52 --> No URI present. Default controller set.
DEBUG - 2021-01-07 13:51:52 --> Global POST, GET and COOKIE data sanitized
DEBUG - 2021-01-07 13:51:52 --> Encryption: Auto-configured driver 'openssl'.
DEBUG - 2021-01-07 13:51:53 --> UTF-8 Support Enabled
DEBUG - 2021-01-07 13:51:53 --> Global POST, GET and COOKIE data sanitized
DEBUG - 2021-01-07 13:51:53 --> Encryption: Auto-configured driver 'openssl'.
DEBUG - 2021-01-07 13:51:53 --> Total execution time: 0.0572
DEBUG - 2021-01-07 13:51:54 --> UTF-8 Support Enabled
DEBUG - 2021-01-07 13:51:54 --> No URI present. Default controller set.
DEBUG - 2021-01-07 13:51:54 --> Global POST, GET and COOKIE data sanitized
DEBUG - 2021-01-07 13:51:54 --> Encryption: Auto-configured driver 'openssl'.
DEBUG - 2021-01-07 13:51:54 --> UTF-8 Support Enabled
DEBUG - 2021-01-07 13:51:54 --> Global POST, GET and COOKIE data sanitized
DEBUG - 2021-01-07 13:51:54 --> Encryption: Auto-configured driver 'openssl'.
DEBUG - 2021-01-07 13:51:54 --> Total execution time: 0.0463
DEBUG - 2021-01-07 13:52:02 --> UTF-8 Support Enabled
DEBUG - 2021-01-07 13:52:02 --> Global POST, GET and COOKIE data sanitized
DEBUG - 2021-01-07 13:52:02 --> Encryption: Auto-configured driver 'openssl'.
DEBUG - 2021-01-07 13:52:02 --> Total execution time: 0.0354
DEBUG - 2021-01-07 13:52:40 --> UTF-8 Support Enabled
DEBUG - 2021-01-07 13:52:40 --> Global POST, GET and COOKIE data sanitized
DEBUG - 2021-01-07 13:52:40 --> Encryption: Auto-configured driver 'openssl'.
DEBUG - 2021-01-07 13:52:40 --> Total execution time: 0.0614
DEBUG - 2021-01-07 13:52:42 --> UTF-8 Support Enabled
DEBUG - 2021-01-07 13:52:42 --> Global POST, GET and COOKIE data sanitized
DEBUG - 2021-01-07 13:52:42 --> Encryption: Auto-configured driver 'openssl'.
DEBUG - 2021-01-07 13:52:42 --> Total execution time: 0.0366
DEBUG - 2021-01-07 13:52:56 --> UTF-8 Support Enabled
DEBUG - 2021-01-07 13:52:56 --> Global POST, GET and COOKIE data sanitized
DEBUG - 2021-01-07 13:52:56 --> Encryption: Auto-configured driver 'openssl'.
DEBUG - 2021-01-07 13:52:56 --> Total execution time: 0.0453
DEBUG - 2021-01-07 13:52:58 --> UTF-8 Support Enabled
DEBUG - 2021-01-07 13:52:58 --> Global POST, GET and COOKIE data sanitized
DEBUG - 2021-01-07 13:52:58 --> Encryption: Auto-configured driver 'openssl'.
DEBUG - 2021-01-07 13:52:58 --> Total execution time: 0.0387
DEBUG - 2021-01-07 13:53:27 --> UTF-8 Support Enabled
DEBUG - 2021-01-07 13:53:27 --> Global POST, GET and COOKIE data sanitized
DEBUG - 2021-01-07 13:53:27 --> Encryption: Auto-configured driver 'openssl'.
DEBUG - 2021-01-07 13:53:27 --> Total execution time: 0.0498
DEBUG - 2021-01-07 13:53:29 --> UTF-8 Support Enabled
DEBUG - 2021-01-07 13:53:29 --> Global POST, GET and COOKIE data sanitized
DEBUG - 2021-01-07 13:53:29 --> Encryption: Auto-configured driver 'openssl'.
DEBUG - 2021-01-07 13:53:29 --> Total execution time: 0.0455
DEBUG - 2021-01-07 13:53:32 --> UTF-8 Support Enabled
DEBUG - 2021-01-07 13:53:32 --> Global POST, GET and COOKIE data sanitized
DEBUG - 2021-01-07 13:53:32 --> Encryption: Auto-configured driver 'openssl'.
DEBUG - 2021-01-07 13:59:59 --> UTF-8 Support Enabled
DEBUG - 2021-01-07 13:59:59 --> Global POST, GET and COOKIE data sanitized
DEBUG - 2021-01-07 13:59:59 --> Encryption: Auto-configured driver 'openssl'.
DEBUG - 2021-01-07 13:59:59 --> Total execution time: 0.0393
DEBUG - 2021-01-07 14:00:02 --> UTF-8 Support Enabled
DEBUG - 2021-01-07 14:00:02 --> Global POST, GET and COOKIE data sanitized
DEBUG - 2021-01-07 14:00:02 --> Encryption: Auto-configured driver 'openssl'.
DEBUG - 2021-01-07 14:00:02 --> Total execution time: 0.0641
DEBUG - 2021-01-07 14:00:48 --> UTF-8 Support Enabled
DEBUG - 2021-01-07 14:00:48 --> Global POST, GET and COOKIE data sanitized
DEBUG - 2021-01-07 14:00:48 --> Encryption: Auto-configured driver 'openssl'.
DEBUG - 2021-01-07 14:01:31 --> UTF-8 Support Enabled
DEBUG - 2021-01-07 14:01:31 --> Global POST, GET and COOKIE data sanitized
DEBUG - 2021-01-07 14:01:31 --> Encryption: Auto-configured driver 'openssl'.
DEBUG - 2021-01-07 14:01:33 --> UTF-8 Support Enabled
DEBUG - 2021-01-07 14:01:33 --> Global POST, GET and COOKIE data sanitized
DEBUG - 2021-01-07 14:01:33 --> Encryption: Auto-configured driver 'openssl'.
DEBUG - 2021-01-07 14:01:34 --> UTF-8 Support Enabled
DEBUG - 2021-01-07 14:01:34 --> Global POST, GET and COOKIE data sanitized
DEBUG - 2021-01-07 14:01:34 --> Encryption: Auto-configured driver 'openssl'.
DEBUG - 2021-01-07 14:01:34 --> UTF-8 Support Enabled
DEBUG - 2021-01-07 14:01:35 --> Global POST, GET and COOKIE data sanitized
DEBUG - 2021-01-07 14:01:35 --> Encryption: Auto-configured driver 'openssl'.
DEBUG - 2021-01-07 14:01:37 --> UTF-8 Support Enabled
DEBUG - 2021-01-07 14:01:37 --> Global POST, GET and COOKIE data sanitized
DEBUG - 2021-01-07 14:01:37 --> Encryption: Auto-configured driver 'openssl'.
DEBUG - 2021-01-07 14:01:38 --> Total execution time: 0.0388
DEBUG - 2021-01-07 14:01:41 --> UTF-8 Support Enabled
DEBUG - 2021-01-07 14:01:41 --> Global POST, GET and COOKIE data sanitized
DEBUG - 2021-01-07 14:01:41 --> Encryption: Auto-configured driver 'openssl'.
DEBUG - 2021-01-07 14:03:20 --> UTF-8 Support Enabled
DEBUG - 2021-01-07 14:03:20 --> Global POST, GET and COOKIE data sanitized
DEBUG - 2021-01-07 14:03:20 --> Encryption: Auto-configured driver 'openssl'.
DEBUG - 2021-01-07 14:04:07 --> UTF-8 Support Enabled
DEBUG - 2021-01-07 14:04:07 --> Global POST, GET and COOKIE data sanitized
DEBUG - 2021-01-07 14:04:07 --> Encryption: Auto-configured driver 'openssl'.
DEBUG - 2021-01-07 14:04:09 --> UTF-8 Support Enabled
DEBUG - 2021-01-07 14:04:09 --> Global POST, GET and COOKIE data sanitized
DEBUG - 2021-01-07 14:04:09 --> Encryption: Auto-configured driver 'openssl'.
DEBUG - 2021-01-07 14:04:09 --> UTF-8 Support Enabled
DEBUG - 2021-01-07 14:04:09 --> Global POST, GET and COOKIE data sanitized
DEBUG - 2021-01-07 14:04:09 --> Encryption: Auto-configured driver 'openssl'.
DEBUG - 2021-01-07 14:06:11 --> UTF-8 Support Enabled
DEBUG - 2021-01-07 14:06:11 --> Global POST, GET and COOKIE data sanitized
DEBUG - 2021-01-07 14:06:11 --> Encryption: Auto-configured driver 'openssl'.
DEBUG - 2021-01-07 14:06:11 --> UTF-8 Support Enabled
DEBUG - 2021-01-07 14:06:11 --> Global POST, GET and COOKIE data sanitized
DEBUG - 2021-01-07 14:06:11 --> Encryption: Auto-configured driver 'openssl'.
DEBUG - 2021-01-07 14:06:12 --> UTF-8 Support Enabled
DEBUG - 2021-01-07 14:06:12 --> Global POST, GET and COOKIE data sanitized
DEBUG - 2021-01-07 14:06:12 --> Encryption: Auto-configured driver 'openssl'.
DEBUG - 2021-01-07 14:06:12 --> UTF-8 Support Enabled
DEBUG - 2021-01-07 14:06:12 --> Global POST, GET and COOKIE data sanitized
DEBUG - 2021-01-07 14:06:12 --> Encryption: Auto-configured driver 'openssl'.
DEBUG - 2021-01-07 14:07:56 --> UTF-8 Support Enabled
DEBUG - 2021-01-07 14:07:56 --> Global POST, GET and COOKIE data sanitized
DEBUG - 2021-01-07 14:07:56 --> Encryption: Auto-configured driver 'openssl'.
DEBUG - 2021-01-07 14:09:07 --> UTF-8 Support Enabled
DEBUG - 2021-01-07 14:09:07 --> Global POST, GET and COOKIE data sanitized
DEBUG - 2021-01-07 14:09:07 --> Encryption: Auto-configured driver 'openssl'.
DEBUG - 2021-01-07 14:09:24 --> UTF-8 Support Enabled
DEBUG - 2021-01-07 14:09:24 --> Global POST, GET and COOKIE data sanitized
DEBUG - 2021-01-07 14:09:24 --> Encryption: Auto-configured driver 'openssl'.
DEBUG - 2021-01-07 14:09:24 --> Total execution time: 0.0394
DEBUG - 2021-01-07 14:09:45 --> UTF-8 Support Enabled
DEBUG - 2021-01-07 14:09:45 --> Global POST, GET and COOKIE data sanitized
DEBUG - 2021-01-07 14:09:45 --> Encryption: Auto-configured driver 'openssl'.
DEBUG - 2021-01-07 14:09:45 --> Total execution time: 0.0445
DEBUG - 2021-01-07 14:09:51 --> UTF-8 Support Enabled
DEBUG - 2021-01-07 14:09:51 --> No URI present. Default controller set.
DEBUG - 2021-01-07 14:09:51 --> Global POST, GET and COOKIE data sanitized
DEBUG - 2021-01-07 14:09:51 --> Encryption: Auto-configured driver 'openssl'.
DEBUG - 2021-01-07 14:09:52 --> UTF-8 Support Enabled
DEBUG - 2021-01-07 14:09:52 --> Global POST, GET and COOKIE data sanitized
DEBUG - 2021-01-07 14:09:52 --> Encryption: Auto-configured driver 'openssl'.
DEBUG - 2021-01-07 14:09:52 --> UTF-8 Support Enabled
DEBUG - 2021-01-07 14:09:52 --> No URI present. Default controller set.
DEBUG - 2021-01-07 14:09:52 --> Global POST, GET and COOKIE data sanitized
DEBUG - 2021-01-07 14:09:52 --> Total execution time: 0.0569
DEBUG - 2021-01-07 14:09:52 --> Encryption: Auto-configured driver 'openssl'.
DEBUG - 2021-01-07 14:09:53 --> UTF-8 Support Enabled
DEBUG - 2021-01-07 14:09:53 --> Global POST, GET and COOKIE data sanitized
DEBUG - 2021-01-07 14:09:53 --> Encryption: Auto-configured driver 'openssl'.
DEBUG - 2021-01-07 14:09:53 --> Total execution time: 0.0483
DEBUG - 2021-01-07 14:10:29 --> UTF-8 Support Enabled
DEBUG - 2021-01-07 14:10:29 --> Global POST, GET and COOKIE data sanitized
DEBUG - 2021-01-07 14:10:29 --> Encryption: Auto-configured driver 'openssl'.
DEBUG - 2021-01-07 14:10:29 --> Total execution time: 0.0413
DEBUG - 2021-01-07 14:10:40 --> UTF-8 Support Enabled
DEBUG - 2021-01-07 14:10:40 --> Global POST, GET and COOKIE data sanitized
DEBUG - 2021-01-07 14:10:40 --> Encryption: Auto-configured driver 'openssl'.
DEBUG - 2021-01-07 14:10:41 --> Total execution time: 0.0463
DEBUG - 2021-01-07 14:10:45 --> UTF-8 Support Enabled
DEBUG - 2021-01-07 14:10:45 --> Global POST, GET and COOKIE data sanitized
DEBUG - 2021-01-07 14:10:45 --> Encryption: Auto-configured driver 'openssl'.
DEBUG - 2021-01-07 14:10:45 --> Total execution time: 0.0550
DEBUG - 2021-01-07 14:11:21 --> UTF-8 Support Enabled
DEBUG - 2021-01-07 14:11:21 --> No URI present. Default controller set.
DEBUG - 2021-01-07 14:11:21 --> Global POST, GET and COOKIE data sanitized
DEBUG - 2021-01-07 14:11:21 --> Encryption: Auto-configured driver 'openssl'.
DEBUG - 2021-01-07 14:11:22 --> UTF-8 Support Enabled
DEBUG - 2021-01-07 14:11:22 --> No URI present. Default controller set.
DEBUG - 2021-01-07 14:11:22 --> Global POST, GET and COOKIE data sanitized
DEBUG - 2021-01-07 14:11:22 --> UTF-8 Support Enabled
DEBUG - 2021-01-07 14:11:22 --> Global POST, GET and COOKIE data sanitized
DEBUG - 2021-01-07 14:11:22 --> Encryption: Auto-configured driver 'openssl'.
DEBUG - 2021-01-07 14:11:22 --> Encryption: Auto-configured driver 'openssl'.
DEBUG - 2021-01-07 14:11:22 --> Total execution time: 0.0536
DEBUG - 2021-01-07 14:11:22 --> UTF-8 Support Enabled
DEBUG - 2021-01-07 14:11:22 --> Global POST, GET and COOKIE data sanitized
DEBUG - 2021-01-07 14:11:22 --> Encryption: Auto-configured driver 'openssl'.
DEBUG - 2021-01-07 14:11:22 --> Total execution time: 0.0489
DEBUG - 2021-01-07 14:11:27 --> UTF-8 Support Enabled
DEBUG - 2021-01-07 14:11:27 --> Global POST, GET and COOKIE data sanitized
DEBUG - 2021-01-07 14:11:27 --> Encryption: Auto-configured driver 'openssl'.
DEBUG - 2021-01-07 14:11:27 --> Total execution time: 0.0386
DEBUG - 2021-01-07 14:11:32 --> UTF-8 Support Enabled
DEBUG - 2021-01-07 14:11:32 --> Global POST, GET and COOKIE data sanitized
DEBUG - 2021-01-07 14:11:32 --> Encryption: Auto-configured driver 'openssl'.
DEBUG - 2021-01-07 14:11:32 --> Total execution time: 0.0347
DEBUG - 2021-01-07 14:29:42 --> UTF-8 Support Enabled
DEBUG - 2021-01-07 14:29:42 --> No URI present. Default controller set.
DEBUG - 2021-01-07 14:29:42 --> Global POST, GET and COOKIE data sanitized
DEBUG - 2021-01-07 14:29:42 --> Encryption: Auto-configured driver 'openssl'.
DEBUG - 2021-01-07 14:29:42 --> UTF-8 Support Enabled
DEBUG - 2021-01-07 14:29:42 --> Global POST, GET and COOKIE data sanitized
DEBUG - 2021-01-07 14:29:42 --> Encryption: Auto-configured driver 'openssl'.
DEBUG - 2021-01-07 14:29:42 --> UTF-8 Support Enabled
DEBUG - 2021-01-07 14:29:42 --> No URI present. Default controller set.
DEBUG - 2021-01-07 14:29:42 --> Global POST, GET and COOKIE data sanitized
DEBUG - 2021-01-07 14:29:42 --> Total execution time: 0.0444
DEBUG - 2021-01-07 14:29:42 --> Encryption: Auto-configured driver 'openssl'.
DEBUG - 2021-01-07 14:29:43 --> UTF-8 Support Enabled
DEBUG - 2021-01-07 14:29:43 --> Global POST, GET and COOKIE data sanitized
DEBUG - 2021-01-07 14:29:43 --> Encryption: Auto-configured driver 'openssl'.
DEBUG - 2021-01-07 14:29:43 --> Total execution time: 0.0427
DEBUG - 2021-01-07 16:08:21 --> UTF-8 Support Enabled
DEBUG - 2021-01-07 16:08:21 --> No URI present. Default controller set.
DEBUG - 2021-01-07 16:08:21 --> Global POST, GET and COOKIE data sanitized
DEBUG - 2021-01-07 16:08:21 --> Encryption: Auto-configured driver 'openssl'.
DEBUG - 2021-01-07 16:08:21 --> Total execution time: 0.0697
DEBUG - 2021-01-07 16:08:24 --> UTF-8 Support Enabled
DEBUG - 2021-01-07 16:08:24 --> Global POST, GET and COOKIE data sanitized
DEBUG - 2021-01-07 16:08:24 --> Encryption: Auto-configured driver 'openssl'.
DEBUG - 2021-01-07 16:08:24 --> Total execution time: 0.0382
DEBUG - 2021-01-07 16:08:33 --> UTF-8 Support Enabled
DEBUG - 2021-01-07 16:08:33 --> Global POST, GET and COOKIE data sanitized
DEBUG - 2021-01-07 16:08:33 --> Encryption: Auto-configured driver 'openssl'.
DEBUG - 2021-01-07 16:08:33 --> Total execution time: 0.0307
DEBUG - 2021-01-07 16:08:34 --> UTF-8 Support Enabled
DEBUG - 2021-01-07 16:08:34 --> Global POST, GET and COOKIE data sanitized
DEBUG - 2021-01-07 16:08:34 --> Encryption: Auto-configured driver 'openssl'.
DEBUG - 2021-01-07 16:08:34 --> Total execution time: 0.0306
DEBUG - 2021-01-07 16:08:35 --> UTF-8 Support Enabled
DEBUG - 2021-01-07 16:08:35 --> Global POST, GET and COOKIE data sanitized
DEBUG - 2021-01-07 16:08:35 --> Encryption: Auto-configured driver 'openssl'.
DEBUG - 2021-01-07 16:08:36 --> UTF-8 Support Enabled
DEBUG - 2021-01-07 16:08:36 --> Global POST, GET and COOKIE data sanitized
DEBUG - 2021-01-07 16:08:36 --> Encryption: Auto-configured driver 'openssl'.
DEBUG - 2021-01-07 16:08:36 --> Total execution time: 0.0528
DEBUG - 2021-01-07 16:09:00 --> UTF-8 Support Enabled
DEBUG - 2021-01-07 16:09:00 --> Global POST, GET and COOKIE data sanitized
DEBUG - 2021-01-07 16:09:00 --> Encryption: Auto-configured driver 'openssl'.
DEBUG - 2021-01-07 16:09:00 --> Total execution time: 0.0464
DEBUG - 2021-01-07 16:09:02 --> UTF-8 Support Enabled
DEBUG - 2021-01-07 16:09:02 --> Global POST, GET and COOKIE data sanitized
DEBUG - 2021-01-07 16:09:02 --> Encryption: Auto-configured driver 'openssl'.
DEBUG - 2021-01-07 16:09:02 --> Total execution time: 0.0591
DEBUG - 2021-01-07 16:09:04 --> UTF-8 Support Enabled
DEBUG - 2021-01-07 16:09:04 --> Global POST, GET and COOKIE data sanitized
DEBUG - 2021-01-07 16:09:04 --> Encryption: Auto-configured driver 'openssl'.
DEBUG - 2021-01-07 16:09:04 --> UTF-8 Support Enabled
DEBUG - 2021-01-07 16:09:04 --> Global POST, GET and COOKIE data sanitized
DEBUG - 2021-01-07 16:09:04 --> Encryption: Auto-configured driver 'openssl'.
DEBUG - 2021-01-07 16:09:04 --> Total execution time: 0.0673
DEBUG - 2021-01-07 16:09:06 --> UTF-8 Support Enabled
DEBUG - 2021-01-07 16:09:06 --> Global POST, GET and COOKIE data sanitized
DEBUG - 2021-01-07 16:09:06 --> Encryption: Auto-configured driver 'openssl'.
DEBUG - 2021-01-07 16:09:06 --> UTF-8 Support Enabled
DEBUG - 2021-01-07 16:09:06 --> Global POST, GET and COOKIE data sanitized
DEBUG - 2021-01-07 16:09:06 --> Encryption: Auto-configured driver 'openssl'.
DEBUG - 2021-01-07 16:09:06 --> Total execution time: 0.0468
DEBUG - 2021-01-07 16:09:09 --> UTF-8 Support Enabled
DEBUG - 2021-01-07 16:09:09 --> No URI present. Default controller set.
DEBUG - 2021-01-07 16:09:09 --> Global POST, GET and COOKIE data sanitized
DEBUG - 2021-01-07 16:09:09 --> Encryption: Auto-configured driver 'openssl'.
DEBUG - 2021-01-07 16:09:10 --> UTF-8 Support Enabled
DEBUG - 2021-01-07 16:09:10 --> Global POST, GET and COOKIE data sanitized
DEBUG - 2021-01-07 16:09:10 --> Encryption: Auto-configured driver 'openssl'.
DEBUG - 2021-01-07 16:09:10 --> Total execution time: 0.0423
DEBUG - 2021-01-07 16:10:05 --> UTF-8 Support Enabled
DEBUG - 2021-01-07 16:10:05 --> Global POST, GET and COOKIE data sanitized
DEBUG - 2021-01-07 16:10:05 --> Encryption: Auto-configured driver 'openssl'.
DEBUG - 2021-01-07 16:10:05 --> Total execution time: 0.0550
DEBUG - 2021-01-07 16:11:13 --> UTF-8 Support Enabled
DEBUG - 2021-01-07 16:11:13 --> Global POST, GET and COOKIE data sanitized
DEBUG - 2021-01-07 16:11:13 --> Encryption: Auto-configured driver 'openssl'.
DEBUG - 2021-01-07 16:11:13 --> Total execution time: 0.0420
DEBUG - 2021-01-07 16:11:18 --> UTF-8 Support Enabled
DEBUG - 2021-01-07 16:11:18 --> No URI present. Default controller set.
DEBUG - 2021-01-07 16:11:18 --> Global POST, GET and COOKIE data sanitized
DEBUG - 2021-01-07 16:11:18 --> Encryption: Auto-configured driver 'openssl'.
DEBUG - 2021-01-07 16:11:18 --> UTF-8 Support Enabled
DEBUG - 2021-01-07 16:11:18 --> Global POST, GET and COOKIE data sanitized
DEBUG - 2021-01-07 16:11:18 --> Encryption: Auto-configured driver 'openssl'.
DEBUG - 2021-01-07 16:11:18 --> Total execution time: 0.0640
DEBUG - 2021-01-07 16:12:17 --> UTF-8 Support Enabled
DEBUG - 2021-01-07 16:12:17 --> Global POST, GET and COOKIE data sanitized
DEBUG - 2021-01-07 16:12:17 --> Encryption: Auto-configured driver 'openssl'.
DEBUG - 2021-01-07 16:12:17 --> Total execution time: 0.0453
DEBUG - 2021-01-07 16:12:26 --> UTF-8 Support Enabled
DEBUG - 2021-01-07 16:12:26 --> No URI present. Default controller set.
DEBUG - 2021-01-07 16:12:26 --> Global POST, GET and COOKIE data sanitized
DEBUG - 2021-01-07 16:12:26 --> Encryption: Auto-configured driver 'openssl'.
DEBUG - 2021-01-07 16:12:26 --> UTF-8 Support Enabled
DEBUG - 2021-01-07 16:12:26 --> Global POST, GET and COOKIE data sanitized
DEBUG - 2021-01-07 16:12:26 --> Encryption: Auto-configured driver 'openssl'.
DEBUG - 2021-01-07 16:12:26 --> Total execution time: 0.0427
DEBUG - 2021-01-07 16:16:31 --> UTF-8 Support Enabled
DEBUG - 2021-01-07 16:16:31 --> Global POST, GET and COOKIE data sanitized
DEBUG - 2021-01-07 16:16:31 --> Encryption: Auto-configured driver 'openssl'.
DEBUG - 2021-01-07 16:16:31 --> Total execution time: 0.0559
