DEBUG - 2021-02-03 04:53:50 --> UTF-8 Support Enabled
DEBUG - 2021-02-03 04:53:50 --> No URI present. Default controller set.
DEBUG - 2021-02-03 04:53:50 --> Global POST, GET and COOKIE data sanitized
DEBUG - 2021-02-03 04:53:50 --> Encryption: Auto-configured driver 'openssl'.
DEBUG - 2021-02-03 04:53:50 --> Total execution time: 0.0533
DEBUG - 2021-02-03 12:17:39 --> UTF-8 Support Enabled
DEBUG - 2021-02-03 12:17:39 --> No URI present. Default controller set.
DEBUG - 2021-02-03 12:17:39 --> Global POST, GET and COOKIE data sanitized
DEBUG - 2021-02-03 12:17:39 --> Encryption: Auto-configured driver 'openssl'.
DEBUG - 2021-02-03 12:17:39 --> Total execution time: 0.0736
DEBUG - 2021-02-03 12:17:44 --> UTF-8 Support Enabled
DEBUG - 2021-02-03 12:17:44 --> Global POST, GET and COOKIE data sanitized
DEBUG - 2021-02-03 12:17:44 --> Encryption: Auto-configured driver 'openssl'.
DEBUG - 2021-02-03 12:17:44 --> Total execution time: 0.0332
DEBUG - 2021-02-03 12:17:58 --> UTF-8 Support Enabled
DEBUG - 2021-02-03 12:17:58 --> Global POST, GET and COOKIE data sanitized
DEBUG - 2021-02-03 12:17:58 --> Encryption: Auto-configured driver 'openssl'.
DEBUG - 2021-02-03 12:17:58 --> Total execution time: 0.0285
DEBUG - 2021-02-03 12:17:58 --> UTF-8 Support Enabled
DEBUG - 2021-02-03 12:17:58 --> Global POST, GET and COOKIE data sanitized
DEBUG - 2021-02-03 12:17:58 --> Encryption: Auto-configured driver 'openssl'.
DEBUG - 2021-02-03 12:17:58 --> Total execution time: 0.0267
DEBUG - 2021-02-03 12:17:59 --> UTF-8 Support Enabled
DEBUG - 2021-02-03 12:17:59 --> Global POST, GET and COOKIE data sanitized
DEBUG - 2021-02-03 12:17:59 --> Encryption: Auto-configured driver 'openssl'.
DEBUG - 2021-02-03 12:17:59 --> UTF-8 Support Enabled
DEBUG - 2021-02-03 12:17:59 --> Global POST, GET and COOKIE data sanitized
DEBUG - 2021-02-03 12:17:59 --> Encryption: Auto-configured driver 'openssl'.
DEBUG - 2021-02-03 12:17:59 --> Total execution time: 0.0450
DEBUG - 2021-02-03 12:18:27 --> UTF-8 Support Enabled
DEBUG - 2021-02-03 12:18:27 --> Global POST, GET and COOKIE data sanitized
DEBUG - 2021-02-03 12:18:27 --> Encryption: Auto-configured driver 'openssl'.
DEBUG - 2021-02-03 12:18:27 --> Total execution time: 0.0476
DEBUG - 2021-02-03 12:27:11 --> UTF-8 Support Enabled
DEBUG - 2021-02-03 12:27:11 --> Global POST, GET and COOKIE data sanitized
DEBUG - 2021-02-03 12:27:11 --> Encryption: Auto-configured driver 'openssl'.
DEBUG - 2021-02-03 12:27:11 --> Total execution time: 0.0402
DEBUG - 2021-02-03 12:27:26 --> UTF-8 Support Enabled
DEBUG - 2021-02-03 12:27:26 --> No URI present. Default controller set.
DEBUG - 2021-02-03 12:27:26 --> Global POST, GET and COOKIE data sanitized
DEBUG - 2021-02-03 12:27:26 --> Encryption: Auto-configured driver 'openssl'.
DEBUG - 2021-02-03 12:27:26 --> UTF-8 Support Enabled
DEBUG - 2021-02-03 12:27:26 --> Global POST, GET and COOKIE data sanitized
DEBUG - 2021-02-03 12:27:26 --> Encryption: Auto-configured driver 'openssl'.
DEBUG - 2021-02-03 12:27:26 --> Total execution time: 0.0461
DEBUG - 2021-02-03 12:28:01 --> UTF-8 Support Enabled
DEBUG - 2021-02-03 12:28:01 --> Global POST, GET and COOKIE data sanitized
DEBUG - 2021-02-03 12:28:01 --> Encryption: Auto-configured driver 'openssl'.
DEBUG - 2021-02-03 12:28:01 --> Total execution time: 0.0419
DEBUG - 2021-02-03 12:28:17 --> UTF-8 Support Enabled
DEBUG - 2021-02-03 12:28:17 --> Global POST, GET and COOKIE data sanitized
DEBUG - 2021-02-03 12:28:17 --> Encryption: Auto-configured driver 'openssl'.
DEBUG - 2021-02-03 12:28:17 --> Total execution time: 0.0674
DEBUG - 2021-02-03 12:28:21 --> UTF-8 Support Enabled
DEBUG - 2021-02-03 12:28:21 --> No URI present. Default controller set.
DEBUG - 2021-02-03 12:28:21 --> Global POST, GET and COOKIE data sanitized
DEBUG - 2021-02-03 12:28:21 --> Encryption: Auto-configured driver 'openssl'.
DEBUG - 2021-02-03 12:28:21 --> UTF-8 Support Enabled
DEBUG - 2021-02-03 12:28:21 --> Global POST, GET and COOKIE data sanitized
DEBUG - 2021-02-03 12:28:21 --> Encryption: Auto-configured driver 'openssl'.
DEBUG - 2021-02-03 12:28:21 --> Total execution time: 0.0419
DEBUG - 2021-02-03 12:28:28 --> UTF-8 Support Enabled
DEBUG - 2021-02-03 12:28:28 --> Global POST, GET and COOKIE data sanitized
DEBUG - 2021-02-03 12:28:28 --> Encryption: Auto-configured driver 'openssl'.
DEBUG - 2021-02-03 12:28:28 --> Total execution time: 0.0465
DEBUG - 2021-02-03 12:28:33 --> UTF-8 Support Enabled
DEBUG - 2021-02-03 12:28:33 --> No URI present. Default controller set.
DEBUG - 2021-02-03 12:28:33 --> Global POST, GET and COOKIE data sanitized
DEBUG - 2021-02-03 12:28:33 --> Encryption: Auto-configured driver 'openssl'.
DEBUG - 2021-02-03 12:28:34 --> UTF-8 Support Enabled
DEBUG - 2021-02-03 12:28:34 --> Global POST, GET and COOKIE data sanitized
DEBUG - 2021-02-03 12:28:34 --> Encryption: Auto-configured driver 'openssl'.
DEBUG - 2021-02-03 12:28:34 --> Total execution time: 0.0393
DEBUG - 2021-02-03 12:28:45 --> UTF-8 Support Enabled
DEBUG - 2021-02-03 12:28:45 --> Global POST, GET and COOKIE data sanitized
DEBUG - 2021-02-03 12:28:45 --> Encryption: Auto-configured driver 'openssl'.
DEBUG - 2021-02-03 12:28:45 --> Total execution time: 0.0486
DEBUG - 2021-02-03 12:29:12 --> UTF-8 Support Enabled
DEBUG - 2021-02-03 12:29:12 --> Global POST, GET and COOKIE data sanitized
DEBUG - 2021-02-03 12:29:12 --> Encryption: Auto-configured driver 'openssl'.
DEBUG - 2021-02-03 12:29:12 --> Total execution time: 0.0284
DEBUG - 2021-02-03 12:29:14 --> UTF-8 Support Enabled
DEBUG - 2021-02-03 12:29:14 --> Global POST, GET and COOKIE data sanitized
DEBUG - 2021-02-03 12:29:14 --> Encryption: Auto-configured driver 'openssl'.
DEBUG - 2021-02-03 12:29:14 --> Total execution time: 0.0284
DEBUG - 2021-02-03 12:29:16 --> UTF-8 Support Enabled
DEBUG - 2021-02-03 12:29:16 --> Global POST, GET and COOKIE data sanitized
DEBUG - 2021-02-03 12:29:16 --> Encryption: Auto-configured driver 'openssl'.
DEBUG - 2021-02-03 12:29:16 --> Total execution time: 0.0264
DEBUG - 2021-02-03 12:29:56 --> UTF-8 Support Enabled
DEBUG - 2021-02-03 12:29:56 --> Global POST, GET and COOKIE data sanitized
DEBUG - 2021-02-03 12:29:56 --> Encryption: Auto-configured driver 'openssl'.
DEBUG - 2021-02-03 12:29:56 --> Total execution time: 0.0450
DEBUG - 2021-02-03 12:29:56 --> UTF-8 Support Enabled
DEBUG - 2021-02-03 12:29:56 --> Global POST, GET and COOKIE data sanitized
DEBUG - 2021-02-03 12:29:56 --> Encryption: Auto-configured driver 'openssl'.
DEBUG - 2021-02-03 12:29:56 --> Total execution time: 0.0347
DEBUG - 2021-02-03 12:30:16 --> UTF-8 Support Enabled
DEBUG - 2021-02-03 12:30:16 --> Global POST, GET and COOKIE data sanitized
DEBUG - 2021-02-03 12:30:16 --> Encryption: Auto-configured driver 'openssl'.
DEBUG - 2021-02-03 12:30:16 --> UTF-8 Support Enabled
DEBUG - 2021-02-03 12:30:16 --> Global POST, GET and COOKIE data sanitized
DEBUG - 2021-02-03 12:30:17 --> Encryption: Auto-configured driver 'openssl'.
DEBUG - 2021-02-03 12:30:17 --> Total execution time: 0.0430
DEBUG - 2021-02-03 12:33:20 --> UTF-8 Support Enabled
DEBUG - 2021-02-03 12:33:20 --> Global POST, GET and COOKIE data sanitized
DEBUG - 2021-02-03 12:33:20 --> Encryption: Auto-configured driver 'openssl'.
DEBUG - 2021-02-03 12:33:20 --> Total execution time: 0.0471
DEBUG - 2021-02-03 12:34:01 --> UTF-8 Support Enabled
DEBUG - 2021-02-03 12:34:01 --> Global POST, GET and COOKIE data sanitized
DEBUG - 2021-02-03 12:34:01 --> Encryption: Auto-configured driver 'openssl'.
DEBUG - 2021-02-03 12:34:03 --> UTF-8 Support Enabled
DEBUG - 2021-02-03 12:34:03 --> Global POST, GET and COOKIE data sanitized
DEBUG - 2021-02-03 12:34:03 --> Encryption: Auto-configured driver 'openssl'.
ERROR - 2021-02-03 12:34:03 --> Severity: Warning --> Creating default object from empty value /home1/developmentconso/public_html/hakibah/public/pages/profile-new.php 65
ERROR - 2021-02-03 12:34:03 --> Severity: Warning --> Creating default object from empty value /home1/developmentconso/public_html/hakibah/public/pages/profile-new.php 69
DEBUG - 2021-02-03 12:34:03 --> Total execution time: 0.0369
DEBUG - 2021-02-03 12:34:10 --> UTF-8 Support Enabled
DEBUG - 2021-02-03 12:34:10 --> Global POST, GET and COOKIE data sanitized
DEBUG - 2021-02-03 12:34:10 --> Encryption: Auto-configured driver 'openssl'.
DEBUG - 2021-02-03 12:34:10 --> Total execution time: 0.0555
DEBUG - 2021-02-03 13:15:05 --> UTF-8 Support Enabled
DEBUG - 2021-02-03 13:15:05 --> Global POST, GET and COOKIE data sanitized
DEBUG - 2021-02-03 13:15:05 --> Encryption: Auto-configured driver 'openssl'.
DEBUG - 2021-02-03 13:15:05 --> Total execution time: 0.0441
DEBUG - 2021-02-03 13:15:08 --> UTF-8 Support Enabled
DEBUG - 2021-02-03 13:15:08 --> No URI present. Default controller set.
DEBUG - 2021-02-03 13:15:08 --> Global POST, GET and COOKIE data sanitized
DEBUG - 2021-02-03 13:15:08 --> Encryption: Auto-configured driver 'openssl'.
DEBUG - 2021-02-03 13:15:09 --> UTF-8 Support Enabled
DEBUG - 2021-02-03 13:15:09 --> Global POST, GET and COOKIE data sanitized
DEBUG - 2021-02-03 13:15:09 --> Encryption: Auto-configured driver 'openssl'.
DEBUG - 2021-02-03 13:15:09 --> Total execution time: 0.0419
DEBUG - 2021-02-03 13:20:34 --> UTF-8 Support Enabled
DEBUG - 2021-02-03 13:20:34 --> Global POST, GET and COOKIE data sanitized
DEBUG - 2021-02-03 13:20:34 --> Encryption: Auto-configured driver 'openssl'.
DEBUG - 2021-02-03 13:20:34 --> Total execution time: 0.0264
DEBUG - 2021-02-03 13:20:38 --> UTF-8 Support Enabled
DEBUG - 2021-02-03 13:20:38 --> Global POST, GET and COOKIE data sanitized
DEBUG - 2021-02-03 13:20:38 --> Encryption: Auto-configured driver 'openssl'.
DEBUG - 2021-02-03 13:20:38 --> Total execution time: 0.0254
DEBUG - 2021-02-03 13:20:43 --> UTF-8 Support Enabled
DEBUG - 2021-02-03 13:20:43 --> Global POST, GET and COOKIE data sanitized
DEBUG - 2021-02-03 13:20:43 --> Encryption: Auto-configured driver 'openssl'.
DEBUG - 2021-02-03 13:20:43 --> Total execution time: 0.1699
DEBUG - 2021-02-03 13:29:25 --> UTF-8 Support Enabled
DEBUG - 2021-02-03 13:29:25 --> Global POST, GET and COOKIE data sanitized
DEBUG - 2021-02-03 13:29:25 --> Encryption: Auto-configured driver 'openssl'.
DEBUG - 2021-02-03 13:29:25 --> Total execution time: 0.0413
DEBUG - 2021-02-03 13:29:30 --> UTF-8 Support Enabled
DEBUG - 2021-02-03 13:29:30 --> Global POST, GET and COOKIE data sanitized
DEBUG - 2021-02-03 13:29:30 --> Encryption: Auto-configured driver 'openssl'.
DEBUG - 2021-02-03 13:29:30 --> Total execution time: 0.0258
DEBUG - 2021-02-03 13:29:33 --> UTF-8 Support Enabled
DEBUG - 2021-02-03 13:29:33 --> Global POST, GET and COOKIE data sanitized
DEBUG - 2021-02-03 13:29:34 --> Encryption: Auto-configured driver 'openssl'.
DEBUG - 2021-02-03 13:29:34 --> Total execution time: 0.0288
DEBUG - 2021-02-03 13:29:36 --> UTF-8 Support Enabled
DEBUG - 2021-02-03 13:29:36 --> Global POST, GET and COOKIE data sanitized
DEBUG - 2021-02-03 13:29:36 --> Encryption: Auto-configured driver 'openssl'.
DEBUG - 2021-02-03 13:29:36 --> Total execution time: 0.0248
DEBUG - 2021-02-03 13:29:39 --> UTF-8 Support Enabled
DEBUG - 2021-02-03 13:29:39 --> Global POST, GET and COOKIE data sanitized
DEBUG - 2021-02-03 13:29:39 --> Encryption: Auto-configured driver 'openssl'.
DEBUG - 2021-02-03 13:29:39 --> Total execution time: 0.0256
DEBUG - 2021-02-03 13:29:41 --> UTF-8 Support Enabled
DEBUG - 2021-02-03 13:29:41 --> Global POST, GET and COOKIE data sanitized
DEBUG - 2021-02-03 13:29:41 --> Encryption: Auto-configured driver 'openssl'.
DEBUG - 2021-02-03 13:29:41 --> Total execution time: 0.0316
DEBUG - 2021-02-03 13:29:45 --> UTF-8 Support Enabled
DEBUG - 2021-02-03 13:29:45 --> Global POST, GET and COOKIE data sanitized
DEBUG - 2021-02-03 13:29:45 --> Encryption: Auto-configured driver 'openssl'.
DEBUG - 2021-02-03 13:29:45 --> Total execution time: 0.0251
DEBUG - 2021-02-03 13:29:48 --> UTF-8 Support Enabled
DEBUG - 2021-02-03 13:29:48 --> Global POST, GET and COOKIE data sanitized
DEBUG - 2021-02-03 13:29:48 --> Encryption: Auto-configured driver 'openssl'.
DEBUG - 2021-02-03 13:29:48 --> Total execution time: 0.0268
DEBUG - 2021-02-03 13:29:50 --> UTF-8 Support Enabled
DEBUG - 2021-02-03 13:29:50 --> Global POST, GET and COOKIE data sanitized
DEBUG - 2021-02-03 13:29:50 --> Encryption: Auto-configured driver 'openssl'.
DEBUG - 2021-02-03 13:29:50 --> Total execution time: 0.0250
DEBUG - 2021-02-03 13:29:56 --> UTF-8 Support Enabled
DEBUG - 2021-02-03 13:29:56 --> Global POST, GET and COOKIE data sanitized
DEBUG - 2021-02-03 13:29:56 --> Encryption: Auto-configured driver 'openssl'.
DEBUG - 2021-02-03 13:29:56 --> Total execution time: 0.0260
DEBUG - 2021-02-03 13:30:00 --> UTF-8 Support Enabled
DEBUG - 2021-02-03 13:30:00 --> Global POST, GET and COOKIE data sanitized
DEBUG - 2021-02-03 13:30:00 --> Encryption: Auto-configured driver 'openssl'.
DEBUG - 2021-02-03 13:30:00 --> Total execution time: 0.0385
DEBUG - 2021-02-03 13:31:06 --> UTF-8 Support Enabled
DEBUG - 2021-02-03 13:31:06 --> Global POST, GET and COOKIE data sanitized
DEBUG - 2021-02-03 13:31:06 --> Encryption: Auto-configured driver 'openssl'.
DEBUG - 2021-02-03 13:31:06 --> Total execution time: 0.0393
DEBUG - 2021-02-03 13:31:08 --> UTF-8 Support Enabled
DEBUG - 2021-02-03 13:31:08 --> Global POST, GET and COOKIE data sanitized
DEBUG - 2021-02-03 13:31:08 --> Encryption: Auto-configured driver 'openssl'.
DEBUG - 2021-02-03 13:31:08 --> Total execution time: 0.0429
DEBUG - 2021-02-03 14:06:35 --> UTF-8 Support Enabled
DEBUG - 2021-02-03 14:06:35 --> Global POST, GET and COOKIE data sanitized
DEBUG - 2021-02-03 14:06:35 --> Encryption: Auto-configured driver 'openssl'.
DEBUG - 2021-02-03 14:06:35 --> Total execution time: 0.0419
DEBUG - 2021-02-03 14:06:38 --> UTF-8 Support Enabled
DEBUG - 2021-02-03 14:06:38 --> Global POST, GET and COOKIE data sanitized
DEBUG - 2021-02-03 14:06:38 --> Encryption: Auto-configured driver 'openssl'.
DEBUG - 2021-02-03 14:06:38 --> Total execution time: 0.0253
DEBUG - 2021-02-03 14:08:38 --> UTF-8 Support Enabled
DEBUG - 2021-02-03 14:08:38 --> Global POST, GET and COOKIE data sanitized
DEBUG - 2021-02-03 14:08:38 --> Encryption: Auto-configured driver 'openssl'.
DEBUG - 2021-02-03 14:08:38 --> Total execution time: 0.0247
DEBUG - 2021-02-03 14:08:43 --> UTF-8 Support Enabled
DEBUG - 2021-02-03 14:08:43 --> Global POST, GET and COOKIE data sanitized
DEBUG - 2021-02-03 14:08:43 --> Encryption: Auto-configured driver 'openssl'.
DEBUG - 2021-02-03 14:08:43 --> Total execution time: 0.0263
DEBUG - 2021-02-03 14:08:45 --> UTF-8 Support Enabled
DEBUG - 2021-02-03 14:08:45 --> Global POST, GET and COOKIE data sanitized
DEBUG - 2021-02-03 14:08:45 --> Encryption: Auto-configured driver 'openssl'.
DEBUG - 2021-02-03 14:08:45 --> Total execution time: 0.0261
DEBUG - 2021-02-03 14:08:46 --> UTF-8 Support Enabled
DEBUG - 2021-02-03 14:08:46 --> Global POST, GET and COOKIE data sanitized
DEBUG - 2021-02-03 14:08:46 --> Encryption: Auto-configured driver 'openssl'.
DEBUG - 2021-02-03 14:08:46 --> Total execution time: 0.0290
DEBUG - 2021-02-03 14:08:47 --> UTF-8 Support Enabled
DEBUG - 2021-02-03 14:08:47 --> Global POST, GET and COOKIE data sanitized
DEBUG - 2021-02-03 14:08:47 --> Encryption: Auto-configured driver 'openssl'.
DEBUG - 2021-02-03 14:08:47 --> Total execution time: 0.0255
DEBUG - 2021-02-03 14:08:53 --> UTF-8 Support Enabled
DEBUG - 2021-02-03 14:08:53 --> Global POST, GET and COOKIE data sanitized
DEBUG - 2021-02-03 14:08:53 --> Encryption: Auto-configured driver 'openssl'.
DEBUG - 2021-02-03 14:08:53 --> Total execution time: 0.0257
DEBUG - 2021-02-03 14:09:57 --> UTF-8 Support Enabled
DEBUG - 2021-02-03 14:09:57 --> Global POST, GET and COOKIE data sanitized
DEBUG - 2021-02-03 14:09:57 --> Encryption: Auto-configured driver 'openssl'.
DEBUG - 2021-02-03 14:09:57 --> Total execution time: 0.0404
DEBUG - 2021-02-03 14:10:07 --> UTF-8 Support Enabled
DEBUG - 2021-02-03 14:10:07 --> Global POST, GET and COOKIE data sanitized
DEBUG - 2021-02-03 14:10:07 --> Encryption: Auto-configured driver 'openssl'.
DEBUG - 2021-02-03 14:10:07 --> Total execution time: 0.0764
DEBUG - 2021-02-03 14:10:19 --> UTF-8 Support Enabled
DEBUG - 2021-02-03 14:10:19 --> Global POST, GET and COOKIE data sanitized
DEBUG - 2021-02-03 14:10:19 --> Encryption: Auto-configured driver 'openssl'.
DEBUG - 2021-02-03 14:10:19 --> Total execution time: 0.0397
DEBUG - 2021-02-03 14:10:25 --> UTF-8 Support Enabled
DEBUG - 2021-02-03 14:10:25 --> Global POST, GET and COOKIE data sanitized
DEBUG - 2021-02-03 14:10:25 --> Encryption: Auto-configured driver 'openssl'.
DEBUG - 2021-02-03 14:10:25 --> Total execution time: 0.0581
DEBUG - 2021-02-03 14:11:00 --> UTF-8 Support Enabled
DEBUG - 2021-02-03 14:11:00 --> Global POST, GET and COOKIE data sanitized
DEBUG - 2021-02-03 14:11:00 --> Encryption: Auto-configured driver 'openssl'.
ERROR - 2021-02-03 14:11:00 --> Severity: error --> Exception: Call to a member function save() on null /home1/developmentconso/public_html/hakibah/application/controllers/AjaxController.php 762
DEBUG - 2021-02-03 14:11:05 --> UTF-8 Support Enabled
DEBUG - 2021-02-03 14:11:05 --> Global POST, GET and COOKIE data sanitized
DEBUG - 2021-02-03 14:11:05 --> Encryption: Auto-configured driver 'openssl'.
ERROR - 2021-02-03 14:11:05 --> Severity: error --> Exception: Call to a member function save() on null /home1/developmentconso/public_html/hakibah/application/controllers/AjaxController.php 762
DEBUG - 2021-02-03 14:11:06 --> UTF-8 Support Enabled
DEBUG - 2021-02-03 14:11:06 --> Global POST, GET and COOKIE data sanitized
DEBUG - 2021-02-03 14:11:06 --> Encryption: Auto-configured driver 'openssl'.
DEBUG - 2021-02-03 14:11:06 --> Total execution time: 0.0496
DEBUG - 2021-02-03 14:11:38 --> UTF-8 Support Enabled
DEBUG - 2021-02-03 14:11:38 --> Global POST, GET and COOKIE data sanitized
DEBUG - 2021-02-03 14:11:38 --> Encryption: Auto-configured driver 'openssl'.
DEBUG - 2021-02-03 14:11:38 --> UTF-8 Support Enabled
DEBUG - 2021-02-03 14:11:38 --> Global POST, GET and COOKIE data sanitized
DEBUG - 2021-02-03 14:11:38 --> Encryption: Auto-configured driver 'openssl'.
DEBUG - 2021-02-03 14:11:38 --> Total execution time: 0.0513
DEBUG - 2021-02-03 14:11:51 --> UTF-8 Support Enabled
DEBUG - 2021-02-03 14:11:51 --> Global POST, GET and COOKIE data sanitized
DEBUG - 2021-02-03 14:11:51 --> Encryption: Auto-configured driver 'openssl'.
DEBUG - 2021-02-03 14:11:51 --> Total execution time: 0.0393
