DEBUG - 2021-01-05 01:34:50 --> UTF-8 Support Enabled
DEBUG - 2021-01-05 01:34:50 --> No URI present. Default controller set.
DEBUG - 2021-01-05 01:34:50 --> Global POST, GET and COOKIE data sanitized
DEBUG - 2021-01-05 01:34:50 --> Encryption: Auto-configured driver 'openssl'.
DEBUG - 2021-01-05 01:34:50 --> Total execution time: 0.0823
DEBUG - 2021-01-05 08:54:35 --> UTF-8 Support Enabled
DEBUG - 2021-01-05 08:54:35 --> No URI present. Default controller set.
DEBUG - 2021-01-05 08:54:35 --> Global POST, GET and COOKIE data sanitized
DEBUG - 2021-01-05 08:54:35 --> Encryption: Auto-configured driver 'openssl'.
DEBUG - 2021-01-05 08:54:35 --> Total execution time: 0.0803
DEBUG - 2021-01-05 08:54:40 --> UTF-8 Support Enabled
DEBUG - 2021-01-05 08:54:40 --> Global POST, GET and COOKIE data sanitized
DEBUG - 2021-01-05 08:54:40 --> Encryption: Auto-configured driver 'openssl'.
DEBUG - 2021-01-05 08:54:40 --> Total execution time: 0.0412
DEBUG - 2021-01-05 08:54:47 --> UTF-8 Support Enabled
DEBUG - 2021-01-05 08:54:47 --> Global POST, GET and COOKIE data sanitized
DEBUG - 2021-01-05 08:54:47 --> Encryption: Auto-configured driver 'openssl'.
DEBUG - 2021-01-05 08:54:48 --> UTF-8 Support Enabled
DEBUG - 2021-01-05 08:54:48 --> Global POST, GET and COOKIE data sanitized
DEBUG - 2021-01-05 08:54:48 --> Encryption: Auto-configured driver 'openssl'.
DEBUG - 2021-01-05 08:54:48 --> Total execution time: 0.0804
DEBUG - 2021-01-05 08:55:09 --> UTF-8 Support Enabled
DEBUG - 2021-01-05 08:55:09 --> Global POST, GET and COOKIE data sanitized
DEBUG - 2021-01-05 08:55:09 --> Encryption: Auto-configured driver 'openssl'.
DEBUG - 2021-01-05 08:55:09 --> Total execution time: 0.0416
DEBUG - 2021-01-05 08:55:11 --> UTF-8 Support Enabled
DEBUG - 2021-01-05 08:55:11 --> Global POST, GET and COOKIE data sanitized
DEBUG - 2021-01-05 08:55:11 --> Encryption: Auto-configured driver 'openssl'.
DEBUG - 2021-01-05 08:55:11 --> Total execution time: 0.0425
DEBUG - 2021-01-05 08:55:13 --> UTF-8 Support Enabled
DEBUG - 2021-01-05 08:55:13 --> Global POST, GET and COOKIE data sanitized
DEBUG - 2021-01-05 08:55:13 --> Encryption: Auto-configured driver 'openssl'.
DEBUG - 2021-01-05 08:55:14 --> UTF-8 Support Enabled
DEBUG - 2021-01-05 08:55:14 --> Global POST, GET and COOKIE data sanitized
DEBUG - 2021-01-05 08:55:14 --> Encryption: Auto-configured driver 'openssl'.
DEBUG - 2021-01-05 08:55:14 --> Total execution time: 0.0403
DEBUG - 2021-01-05 08:55:16 --> UTF-8 Support Enabled
DEBUG - 2021-01-05 08:55:16 --> Global POST, GET and COOKIE data sanitized
DEBUG - 2021-01-05 08:55:16 --> Encryption: Auto-configured driver 'openssl'.
DEBUG - 2021-01-05 08:55:17 --> UTF-8 Support Enabled
DEBUG - 2021-01-05 08:55:17 --> Global POST, GET and COOKIE data sanitized
DEBUG - 2021-01-05 08:55:17 --> Encryption: Auto-configured driver 'openssl'.
DEBUG - 2021-01-05 08:55:17 --> Total execution time: 0.0618
DEBUG - 2021-01-05 08:55:20 --> UTF-8 Support Enabled
DEBUG - 2021-01-05 08:55:20 --> No URI present. Default controller set.
DEBUG - 2021-01-05 08:55:20 --> Global POST, GET and COOKIE data sanitized
DEBUG - 2021-01-05 08:55:20 --> Encryption: Auto-configured driver 'openssl'.
DEBUG - 2021-01-05 08:55:20 --> UTF-8 Support Enabled
DEBUG - 2021-01-05 08:55:20 --> Global POST, GET and COOKIE data sanitized
DEBUG - 2021-01-05 08:55:20 --> Encryption: Auto-configured driver 'openssl'.
DEBUG - 2021-01-05 08:55:20 --> Total execution time: 0.0414
DEBUG - 2021-01-05 09:42:17 --> UTF-8 Support Enabled
DEBUG - 2021-01-05 09:42:17 --> No URI present. Default controller set.
DEBUG - 2021-01-05 09:42:17 --> Global POST, GET and COOKIE data sanitized
DEBUG - 2021-01-05 09:42:17 --> Encryption: Auto-configured driver 'openssl'.
DEBUG - 2021-01-05 09:42:17 --> Total execution time: 0.0729
DEBUG - 2021-01-05 09:42:18 --> UTF-8 Support Enabled
DEBUG - 2021-01-05 09:42:18 --> No URI present. Default controller set.
DEBUG - 2021-01-05 09:42:18 --> Global POST, GET and COOKIE data sanitized
DEBUG - 2021-01-05 09:42:18 --> Encryption: Auto-configured driver 'openssl'.
DEBUG - 2021-01-05 09:42:18 --> Total execution time: 0.0361
DEBUG - 2021-01-05 09:52:02 --> UTF-8 Support Enabled
DEBUG - 2021-01-05 09:52:02 --> No URI present. Default controller set.
DEBUG - 2021-01-05 09:52:02 --> Global POST, GET and COOKIE data sanitized
DEBUG - 2021-01-05 09:52:02 --> Encryption: Auto-configured driver 'openssl'.
DEBUG - 2021-01-05 09:52:02 --> Total execution time: 0.0707
DEBUG - 2021-01-05 09:52:06 --> UTF-8 Support Enabled
DEBUG - 2021-01-05 09:52:06 --> No URI present. Default controller set.
DEBUG - 2021-01-05 09:52:06 --> Global POST, GET and COOKIE data sanitized
DEBUG - 2021-01-05 09:52:06 --> Encryption: Auto-configured driver 'openssl'.
DEBUG - 2021-01-05 09:52:06 --> Total execution time: 0.0595
DEBUG - 2021-01-05 09:52:10 --> UTF-8 Support Enabled
DEBUG - 2021-01-05 09:52:10 --> Global POST, GET and COOKIE data sanitized
DEBUG - 2021-01-05 09:52:11 --> Encryption: Auto-configured driver 'openssl'.
DEBUG - 2021-01-05 09:52:11 --> Total execution time: 0.0471
DEBUG - 2021-01-05 09:52:14 --> UTF-8 Support Enabled
DEBUG - 2021-01-05 09:52:14 --> Global POST, GET and COOKIE data sanitized
DEBUG - 2021-01-05 09:52:14 --> Encryption: Auto-configured driver 'openssl'.
DEBUG - 2021-01-05 09:52:14 --> Total execution time: 0.0480
DEBUG - 2021-01-05 09:53:43 --> UTF-8 Support Enabled
DEBUG - 2021-01-05 09:53:43 --> No URI present. Default controller set.
DEBUG - 2021-01-05 09:53:43 --> Global POST, GET and COOKIE data sanitized
DEBUG - 2021-01-05 09:53:43 --> Encryption: Auto-configured driver 'openssl'.
DEBUG - 2021-01-05 09:53:43 --> Total execution time: 0.0782
DEBUG - 2021-01-05 09:53:44 --> UTF-8 Support Enabled
DEBUG - 2021-01-05 09:53:44 --> No URI present. Default controller set.
DEBUG - 2021-01-05 09:53:44 --> Global POST, GET and COOKIE data sanitized
DEBUG - 2021-01-05 09:53:44 --> Encryption: Auto-configured driver 'openssl'.
DEBUG - 2021-01-05 09:53:44 --> Total execution time: 0.0401
DEBUG - 2021-01-05 09:53:47 --> UTF-8 Support Enabled
DEBUG - 2021-01-05 09:53:47 --> Global POST, GET and COOKIE data sanitized
DEBUG - 2021-01-05 09:53:47 --> Encryption: Auto-configured driver 'openssl'.
DEBUG - 2021-01-05 09:53:47 --> Total execution time: 0.0501
DEBUG - 2021-01-05 09:53:50 --> UTF-8 Support Enabled
DEBUG - 2021-01-05 09:53:50 --> Global POST, GET and COOKIE data sanitized
DEBUG - 2021-01-05 09:53:50 --> Encryption: Auto-configured driver 'openssl'.
DEBUG - 2021-01-05 09:53:50 --> Total execution time: 0.0584
DEBUG - 2021-01-05 10:03:38 --> UTF-8 Support Enabled
DEBUG - 2021-01-05 10:03:38 --> Global POST, GET and COOKIE data sanitized
DEBUG - 2021-01-05 10:03:38 --> Encryption: Auto-configured driver 'openssl'.
DEBUG - 2021-01-05 10:03:38 --> Total execution time: 0.0283
DEBUG - 2021-01-05 10:03:41 --> UTF-8 Support Enabled
DEBUG - 2021-01-05 10:03:41 --> Global POST, GET and COOKIE data sanitized
DEBUG - 2021-01-05 10:03:41 --> Encryption: Auto-configured driver 'openssl'.
DEBUG - 2021-01-05 10:03:41 --> Total execution time: 0.0452
DEBUG - 2021-01-05 10:20:13 --> UTF-8 Support Enabled
DEBUG - 2021-01-05 10:20:13 --> Global POST, GET and COOKIE data sanitized
DEBUG - 2021-01-05 10:20:13 --> Encryption: Auto-configured driver 'openssl'.
DEBUG - 2021-01-05 10:20:13 --> UTF-8 Support Enabled
DEBUG - 2021-01-05 10:20:13 --> Global POST, GET and COOKIE data sanitized
DEBUG - 2021-01-05 10:20:13 --> Encryption: Auto-configured driver 'openssl'.
DEBUG - 2021-01-05 10:20:13 --> Total execution time: 0.0385
DEBUG - 2021-01-05 10:21:47 --> UTF-8 Support Enabled
DEBUG - 2021-01-05 10:21:47 --> No URI present. Default controller set.
DEBUG - 2021-01-05 10:21:47 --> Global POST, GET and COOKIE data sanitized
DEBUG - 2021-01-05 10:21:47 --> Encryption: Auto-configured driver 'openssl'.
DEBUG - 2021-01-05 10:21:47 --> Total execution time: 0.0463
DEBUG - 2021-01-05 10:21:48 --> UTF-8 Support Enabled
DEBUG - 2021-01-05 10:21:48 --> No URI present. Default controller set.
DEBUG - 2021-01-05 10:21:48 --> Global POST, GET and COOKIE data sanitized
DEBUG - 2021-01-05 10:21:48 --> Encryption: Auto-configured driver 'openssl'.
DEBUG - 2021-01-05 10:21:48 --> Total execution time: 0.0459
DEBUG - 2021-01-05 10:23:08 --> UTF-8 Support Enabled
DEBUG - 2021-01-05 10:23:08 --> No URI present. Default controller set.
DEBUG - 2021-01-05 10:23:08 --> Global POST, GET and COOKIE data sanitized
DEBUG - 2021-01-05 10:23:08 --> Encryption: Auto-configured driver 'openssl'.
DEBUG - 2021-01-05 10:23:08 --> Total execution time: 0.0370
DEBUG - 2021-01-05 10:26:41 --> UTF-8 Support Enabled
DEBUG - 2021-01-05 10:26:41 --> Global POST, GET and COOKIE data sanitized
DEBUG - 2021-01-05 10:26:41 --> Encryption: Auto-configured driver 'openssl'.
DEBUG - 2021-01-05 10:26:41 --> Total execution time: 0.0427
DEBUG - 2021-01-05 10:31:23 --> UTF-8 Support Enabled
DEBUG - 2021-01-05 10:31:23 --> Global POST, GET and COOKIE data sanitized
DEBUG - 2021-01-05 10:31:23 --> Encryption: Auto-configured driver 'openssl'.
ERROR - 2021-01-05 10:31:23 --> 404 Page Not Found: 
DEBUG - 2021-01-05 10:31:27 --> UTF-8 Support Enabled
DEBUG - 2021-01-05 10:31:27 --> Global POST, GET and COOKIE data sanitized
DEBUG - 2021-01-05 10:31:27 --> Encryption: Auto-configured driver 'openssl'.
ERROR - 2021-01-05 10:31:27 --> 404 Page Not Found: 
DEBUG - 2021-01-05 10:31:30 --> UTF-8 Support Enabled
DEBUG - 2021-01-05 10:31:30 --> Global POST, GET and COOKIE data sanitized
DEBUG - 2021-01-05 10:31:30 --> Encryption: Auto-configured driver 'openssl'.
DEBUG - 2021-01-05 10:31:30 --> Total execution time: 0.0515
DEBUG - 2021-01-05 10:31:32 --> UTF-8 Support Enabled
DEBUG - 2021-01-05 10:31:32 --> Global POST, GET and COOKIE data sanitized
DEBUG - 2021-01-05 10:31:32 --> Encryption: Auto-configured driver 'openssl'.
DEBUG - 2021-01-05 10:31:32 --> Total execution time: 0.0353
DEBUG - 2021-01-05 10:31:44 --> UTF-8 Support Enabled
DEBUG - 2021-01-05 10:31:44 --> Global POST, GET and COOKIE data sanitized
DEBUG - 2021-01-05 10:31:44 --> Encryption: Auto-configured driver 'openssl'.
DEBUG - 2021-01-05 10:31:45 --> UTF-8 Support Enabled
DEBUG - 2021-01-05 10:31:45 --> Global POST, GET and COOKIE data sanitized
DEBUG - 2021-01-05 10:31:45 --> Encryption: Auto-configured driver 'openssl'.
DEBUG - 2021-01-05 10:31:45 --> Total execution time: 0.0442
DEBUG - 2021-01-05 10:31:48 --> UTF-8 Support Enabled
DEBUG - 2021-01-05 10:31:48 --> Global POST, GET and COOKIE data sanitized
DEBUG - 2021-01-05 10:31:48 --> Encryption: Auto-configured driver 'openssl'.
DEBUG - 2021-01-05 10:31:48 --> Total execution time: 0.0463
DEBUG - 2021-01-05 10:31:56 --> UTF-8 Support Enabled
DEBUG - 2021-01-05 10:31:56 --> Global POST, GET and COOKIE data sanitized
DEBUG - 2021-01-05 10:31:56 --> Encryption: Auto-configured driver 'openssl'.
DEBUG - 2021-01-05 10:31:56 --> Total execution time: 0.0469
DEBUG - 2021-01-05 10:32:30 --> UTF-8 Support Enabled
DEBUG - 2021-01-05 10:32:30 --> Global POST, GET and COOKIE data sanitized
DEBUG - 2021-01-05 10:32:30 --> Encryption: Auto-configured driver 'openssl'.
DEBUG - 2021-01-05 10:32:30 --> Total execution time: 0.0443
DEBUG - 2021-01-05 10:32:48 --> UTF-8 Support Enabled
DEBUG - 2021-01-05 10:32:48 --> Global POST, GET and COOKIE data sanitized
DEBUG - 2021-01-05 10:32:48 --> Encryption: Auto-configured driver 'openssl'.
DEBUG - 2021-01-05 10:32:48 --> Total execution time: 0.0438
DEBUG - 2021-01-05 10:33:07 --> UTF-8 Support Enabled
DEBUG - 2021-01-05 10:33:07 --> Global POST, GET and COOKIE data sanitized
DEBUG - 2021-01-05 10:33:07 --> Encryption: Auto-configured driver 'openssl'.
DEBUG - 2021-01-05 10:33:07 --> Total execution time: 0.0573
DEBUG - 2021-01-05 10:33:23 --> UTF-8 Support Enabled
DEBUG - 2021-01-05 10:33:23 --> Global POST, GET and COOKIE data sanitized
DEBUG - 2021-01-05 10:33:23 --> Encryption: Auto-configured driver 'openssl'.
DEBUG - 2021-01-05 10:33:24 --> UTF-8 Support Enabled
DEBUG - 2021-01-05 10:33:24 --> No URI present. Default controller set.
DEBUG - 2021-01-05 10:33:24 --> Global POST, GET and COOKIE data sanitized
DEBUG - 2021-01-05 10:33:24 --> Encryption: Auto-configured driver 'openssl'.
DEBUG - 2021-01-05 10:33:24 --> Total execution time: 0.0432
DEBUG - 2021-01-05 10:36:22 --> UTF-8 Support Enabled
DEBUG - 2021-01-05 10:36:22 --> Global POST, GET and COOKIE data sanitized
DEBUG - 2021-01-05 10:36:22 --> Encryption: Auto-configured driver 'openssl'.
DEBUG - 2021-01-05 10:36:22 --> Total execution time: 0.0414
DEBUG - 2021-01-05 10:36:33 --> UTF-8 Support Enabled
DEBUG - 2021-01-05 10:36:33 --> Global POST, GET and COOKIE data sanitized
DEBUG - 2021-01-05 10:36:33 --> Encryption: Auto-configured driver 'openssl'.
DEBUG - 2021-01-05 10:36:34 --> UTF-8 Support Enabled
DEBUG - 2021-01-05 10:36:34 --> Global POST, GET and COOKIE data sanitized
DEBUG - 2021-01-05 10:36:34 --> Encryption: Auto-configured driver 'openssl'.
DEBUG - 2021-01-05 10:36:34 --> Total execution time: 0.0624
DEBUG - 2021-01-05 10:36:39 --> UTF-8 Support Enabled
DEBUG - 2021-01-05 10:36:39 --> Global POST, GET and COOKIE data sanitized
DEBUG - 2021-01-05 10:36:39 --> Encryption: Auto-configured driver 'openssl'.
DEBUG - 2021-01-05 10:36:39 --> Total execution time: 0.0396
DEBUG - 2021-01-05 10:39:03 --> UTF-8 Support Enabled
DEBUG - 2021-01-05 10:39:03 --> Global POST, GET and COOKIE data sanitized
DEBUG - 2021-01-05 10:39:03 --> Encryption: Auto-configured driver 'openssl'.
DEBUG - 2021-01-05 10:39:03 --> Total execution time: 0.0348
DEBUG - 2021-01-05 10:39:04 --> UTF-8 Support Enabled
DEBUG - 2021-01-05 10:39:04 --> Global POST, GET and COOKIE data sanitized
DEBUG - 2021-01-05 10:39:04 --> Encryption: Auto-configured driver 'openssl'.
DEBUG - 2021-01-05 10:39:04 --> Total execution time: 0.0361
DEBUG - 2021-01-05 10:39:41 --> UTF-8 Support Enabled
DEBUG - 2021-01-05 10:39:41 --> No URI present. Default controller set.
DEBUG - 2021-01-05 10:39:41 --> Global POST, GET and COOKIE data sanitized
DEBUG - 2021-01-05 10:39:41 --> Encryption: Auto-configured driver 'openssl'.
DEBUG - 2021-01-05 10:39:42 --> Total execution time: 0.0455
DEBUG - 2021-01-05 10:39:42 --> UTF-8 Support Enabled
DEBUG - 2021-01-05 10:39:42 --> No URI present. Default controller set.
DEBUG - 2021-01-05 10:39:42 --> Global POST, GET and COOKIE data sanitized
DEBUG - 2021-01-05 10:39:42 --> Encryption: Auto-configured driver 'openssl'.
DEBUG - 2021-01-05 10:39:42 --> Total execution time: 0.0437
DEBUG - 2021-01-05 10:39:48 --> UTF-8 Support Enabled
DEBUG - 2021-01-05 10:39:48 --> Global POST, GET and COOKIE data sanitized
DEBUG - 2021-01-05 10:39:48 --> Encryption: Auto-configured driver 'openssl'.
DEBUG - 2021-01-05 10:39:48 --> Total execution time: 0.0385
DEBUG - 2021-01-05 10:39:53 --> UTF-8 Support Enabled
DEBUG - 2021-01-05 10:39:53 --> Global POST, GET and COOKIE data sanitized
DEBUG - 2021-01-05 10:39:53 --> Encryption: Auto-configured driver 'openssl'.
DEBUG - 2021-01-05 10:39:53 --> Total execution time: 0.0426
DEBUG - 2021-01-05 10:39:54 --> UTF-8 Support Enabled
DEBUG - 2021-01-05 10:39:54 --> Global POST, GET and COOKIE data sanitized
DEBUG - 2021-01-05 10:39:54 --> Encryption: Auto-configured driver 'openssl'.
DEBUG - 2021-01-05 10:39:54 --> Total execution time: 0.0378
DEBUG - 2021-01-05 10:39:54 --> UTF-8 Support Enabled
DEBUG - 2021-01-05 10:39:54 --> Global POST, GET and COOKIE data sanitized
DEBUG - 2021-01-05 10:39:54 --> Encryption: Auto-configured driver 'openssl'.
DEBUG - 2021-01-05 10:39:54 --> Total execution time: 0.0416
DEBUG - 2021-01-05 10:39:55 --> UTF-8 Support Enabled
DEBUG - 2021-01-05 10:39:55 --> Global POST, GET and COOKIE data sanitized
DEBUG - 2021-01-05 10:39:55 --> Encryption: Auto-configured driver 'openssl'.
DEBUG - 2021-01-05 10:39:55 --> Total execution time: 0.0353
DEBUG - 2021-01-05 10:39:56 --> UTF-8 Support Enabled
DEBUG - 2021-01-05 10:39:56 --> Global POST, GET and COOKIE data sanitized
DEBUG - 2021-01-05 10:39:56 --> Encryption: Auto-configured driver 'openssl'.
DEBUG - 2021-01-05 10:39:56 --> Total execution time: 0.0366
DEBUG - 2021-01-05 10:39:56 --> UTF-8 Support Enabled
DEBUG - 2021-01-05 10:39:56 --> Global POST, GET and COOKIE data sanitized
DEBUG - 2021-01-05 10:39:56 --> Encryption: Auto-configured driver 'openssl'.
DEBUG - 2021-01-05 10:39:56 --> Total execution time: 0.0358
DEBUG - 2021-01-05 10:40:06 --> UTF-8 Support Enabled
DEBUG - 2021-01-05 10:40:06 --> No URI present. Default controller set.
DEBUG - 2021-01-05 10:40:06 --> Global POST, GET and COOKIE data sanitized
DEBUG - 2021-01-05 10:40:06 --> Encryption: Auto-configured driver 'openssl'.
DEBUG - 2021-01-05 10:40:06 --> Total execution time: 0.0347
DEBUG - 2021-01-05 10:40:07 --> UTF-8 Support Enabled
DEBUG - 2021-01-05 10:40:07 --> No URI present. Default controller set.
DEBUG - 2021-01-05 10:40:07 --> Global POST, GET and COOKIE data sanitized
DEBUG - 2021-01-05 10:40:07 --> Encryption: Auto-configured driver 'openssl'.
DEBUG - 2021-01-05 10:40:07 --> Total execution time: 0.0410
DEBUG - 2021-01-05 10:40:29 --> UTF-8 Support Enabled
DEBUG - 2021-01-05 10:40:29 --> Global POST, GET and COOKIE data sanitized
DEBUG - 2021-01-05 10:40:29 --> Encryption: Auto-configured driver 'openssl'.
DEBUG - 2021-01-05 10:40:29 --> Total execution time: 0.0483
DEBUG - 2021-01-05 10:41:36 --> UTF-8 Support Enabled
DEBUG - 2021-01-05 10:41:36 --> Global POST, GET and COOKIE data sanitized
ERROR - 2021-01-05 10:41:36 --> 404 Page Not Found: Plugins/bootstrap
DEBUG - 2021-01-05 10:42:11 --> UTF-8 Support Enabled
DEBUG - 2021-01-05 10:42:11 --> Global POST, GET and COOKIE data sanitized
DEBUG - 2021-01-05 10:42:11 --> Encryption: Auto-configured driver 'openssl'.
DEBUG - 2021-01-05 10:42:11 --> Total execution time: 0.0592
DEBUG - 2021-01-05 10:42:20 --> UTF-8 Support Enabled
DEBUG - 2021-01-05 10:42:20 --> No URI present. Default controller set.
DEBUG - 2021-01-05 10:42:20 --> Global POST, GET and COOKIE data sanitized
DEBUG - 2021-01-05 10:42:20 --> Encryption: Auto-configured driver 'openssl'.
DEBUG - 2021-01-05 10:42:21 --> UTF-8 Support Enabled
DEBUG - 2021-01-05 10:42:21 --> Global POST, GET and COOKIE data sanitized
DEBUG - 2021-01-05 10:42:21 --> Encryption: Auto-configured driver 'openssl'.
DEBUG - 2021-01-05 10:42:21 --> Total execution time: 0.0396
DEBUG - 2021-01-05 10:43:10 --> UTF-8 Support Enabled
DEBUG - 2021-01-05 10:43:10 --> Global POST, GET and COOKIE data sanitized
DEBUG - 2021-01-05 10:43:11 --> Encryption: Auto-configured driver 'openssl'.
DEBUG - 2021-01-05 10:43:11 --> Total execution time: 0.0518
DEBUG - 2021-01-05 10:43:16 --> UTF-8 Support Enabled
DEBUG - 2021-01-05 10:43:16 --> Global POST, GET and COOKIE data sanitized
DEBUG - 2021-01-05 10:43:16 --> Encryption: Auto-configured driver 'openssl'.
DEBUG - 2021-01-05 10:43:16 --> Total execution time: 0.0469
DEBUG - 2021-01-05 11:12:05 --> UTF-8 Support Enabled
DEBUG - 2021-01-05 11:12:05 --> Global POST, GET and COOKIE data sanitized
DEBUG - 2021-01-05 11:12:05 --> Encryption: Auto-configured driver 'openssl'.
DEBUG - 2021-01-05 11:12:05 --> Total execution time: 0.0684
DEBUG - 2021-01-05 11:12:11 --> UTF-8 Support Enabled
DEBUG - 2021-01-05 11:12:11 --> Global POST, GET and COOKIE data sanitized
DEBUG - 2021-01-05 11:12:11 --> Encryption: Auto-configured driver 'openssl'.
DEBUG - 2021-01-05 11:12:12 --> UTF-8 Support Enabled
DEBUG - 2021-01-05 11:12:12 --> Global POST, GET and COOKIE data sanitized
DEBUG - 2021-01-05 11:12:12 --> Encryption: Auto-configured driver 'openssl'.
DEBUG - 2021-01-05 11:12:12 --> Total execution time: 0.0407
DEBUG - 2021-01-05 11:12:24 --> UTF-8 Support Enabled
DEBUG - 2021-01-05 11:12:24 --> Global POST, GET and COOKIE data sanitized
DEBUG - 2021-01-05 11:12:24 --> Encryption: Auto-configured driver 'openssl'.
DEBUG - 2021-01-05 11:12:24 --> Total execution time: 0.0389
DEBUG - 2021-01-05 11:19:39 --> UTF-8 Support Enabled
DEBUG - 2021-01-05 11:19:39 --> Global POST, GET and COOKIE data sanitized
DEBUG - 2021-01-05 11:19:39 --> Encryption: Auto-configured driver 'openssl'.
DEBUG - 2021-01-05 11:19:39 --> Total execution time: 0.0509
DEBUG - 2021-01-05 11:19:41 --> UTF-8 Support Enabled
DEBUG - 2021-01-05 11:19:41 --> Global POST, GET and COOKIE data sanitized
DEBUG - 2021-01-05 11:19:41 --> Encryption: Auto-configured driver 'openssl'.
DEBUG - 2021-01-05 11:19:41 --> Total execution time: 0.0408
DEBUG - 2021-01-05 11:21:10 --> UTF-8 Support Enabled
DEBUG - 2021-01-05 11:21:10 --> Global POST, GET and COOKIE data sanitized
DEBUG - 2021-01-05 11:21:10 --> Encryption: Auto-configured driver 'openssl'.
DEBUG - 2021-01-05 11:21:10 --> Total execution time: 0.0664
DEBUG - 2021-01-05 11:22:47 --> UTF-8 Support Enabled
DEBUG - 2021-01-05 11:22:47 --> Global POST, GET and COOKIE data sanitized
DEBUG - 2021-01-05 11:22:47 --> Encryption: Auto-configured driver 'openssl'.
DEBUG - 2021-01-05 11:22:47 --> Total execution time: 0.0434
DEBUG - 2021-01-05 11:23:12 --> UTF-8 Support Enabled
DEBUG - 2021-01-05 11:23:12 --> Global POST, GET and COOKIE data sanitized
DEBUG - 2021-01-05 11:23:12 --> Encryption: Auto-configured driver 'openssl'.
DEBUG - 2021-01-05 11:23:12 --> Total execution time: 0.0435
DEBUG - 2021-01-05 11:24:36 --> UTF-8 Support Enabled
DEBUG - 2021-01-05 11:24:36 --> Global POST, GET and COOKIE data sanitized
DEBUG - 2021-01-05 11:24:36 --> Encryption: Auto-configured driver 'openssl'.
DEBUG - 2021-01-05 11:24:36 --> Total execution time: 0.0719
DEBUG - 2021-01-05 11:26:11 --> UTF-8 Support Enabled
DEBUG - 2021-01-05 11:26:11 --> Global POST, GET and COOKIE data sanitized
DEBUG - 2021-01-05 11:26:11 --> Encryption: Auto-configured driver 'openssl'.
DEBUG - 2021-01-05 11:26:11 --> Total execution time: 0.0385
DEBUG - 2021-01-05 11:26:23 --> UTF-8 Support Enabled
DEBUG - 2021-01-05 11:26:23 --> No URI present. Default controller set.
DEBUG - 2021-01-05 11:26:23 --> Global POST, GET and COOKIE data sanitized
DEBUG - 2021-01-05 11:26:23 --> Encryption: Auto-configured driver 'openssl'.
DEBUG - 2021-01-05 11:26:23 --> UTF-8 Support Enabled
DEBUG - 2021-01-05 11:26:23 --> Global POST, GET and COOKIE data sanitized
DEBUG - 2021-01-05 11:26:23 --> Encryption: Auto-configured driver 'openssl'.
DEBUG - 2021-01-05 11:26:23 --> Total execution time: 0.0391
DEBUG - 2021-01-05 11:27:29 --> UTF-8 Support Enabled
DEBUG - 2021-01-05 11:27:29 --> Global POST, GET and COOKIE data sanitized
DEBUG - 2021-01-05 11:27:29 --> Encryption: Auto-configured driver 'openssl'.
DEBUG - 2021-01-05 11:27:29 --> Total execution time: 0.0466
DEBUG - 2021-01-05 11:27:57 --> UTF-8 Support Enabled
DEBUG - 2021-01-05 11:27:57 --> Global POST, GET and COOKIE data sanitized
DEBUG - 2021-01-05 11:27:57 --> Encryption: Auto-configured driver 'openssl'.
DEBUG - 2021-01-05 11:27:57 --> Total execution time: 0.0384
DEBUG - 2021-01-05 11:28:00 --> UTF-8 Support Enabled
DEBUG - 2021-01-05 11:28:00 --> Global POST, GET and COOKIE data sanitized
DEBUG - 2021-01-05 11:28:00 --> Encryption: Auto-configured driver 'openssl'.
DEBUG - 2021-01-05 11:28:00 --> Total execution time: 0.0490
DEBUG - 2021-01-05 11:30:41 --> UTF-8 Support Enabled
DEBUG - 2021-01-05 11:30:41 --> Global POST, GET and COOKIE data sanitized
DEBUG - 2021-01-05 11:30:41 --> Encryption: Auto-configured driver 'openssl'.
DEBUG - 2021-01-05 11:30:41 --> Total execution time: 0.0470
DEBUG - 2021-01-05 11:30:43 --> UTF-8 Support Enabled
DEBUG - 2021-01-05 11:30:43 --> Global POST, GET and COOKIE data sanitized
DEBUG - 2021-01-05 11:30:43 --> Encryption: Auto-configured driver 'openssl'.
DEBUG - 2021-01-05 11:30:43 --> Total execution time: 0.0348
DEBUG - 2021-01-05 11:30:45 --> UTF-8 Support Enabled
DEBUG - 2021-01-05 11:30:45 --> Global POST, GET and COOKIE data sanitized
DEBUG - 2021-01-05 11:30:45 --> Encryption: Auto-configured driver 'openssl'.
DEBUG - 2021-01-05 11:30:45 --> Total execution time: 0.0321
DEBUG - 2021-01-05 11:30:49 --> UTF-8 Support Enabled
DEBUG - 2021-01-05 11:30:49 --> Global POST, GET and COOKIE data sanitized
DEBUG - 2021-01-05 11:30:49 --> Encryption: Auto-configured driver 'openssl'.
DEBUG - 2021-01-05 11:30:49 --> Total execution time: 0.0291
DEBUG - 2021-01-05 12:12:02 --> UTF-8 Support Enabled
DEBUG - 2021-01-05 12:12:02 --> No URI present. Default controller set.
DEBUG - 2021-01-05 12:12:02 --> Global POST, GET and COOKIE data sanitized
DEBUG - 2021-01-05 12:12:02 --> Encryption: Auto-configured driver 'openssl'.
DEBUG - 2021-01-05 12:12:03 --> UTF-8 Support Enabled
DEBUG - 2021-01-05 12:12:03 --> Global POST, GET and COOKIE data sanitized
DEBUG - 2021-01-05 12:12:03 --> Encryption: Auto-configured driver 'openssl'.
DEBUG - 2021-01-05 12:12:03 --> Total execution time: 0.0600
DEBUG - 2021-01-05 12:12:03 --> UTF-8 Support Enabled
DEBUG - 2021-01-05 12:12:03 --> No URI present. Default controller set.
DEBUG - 2021-01-05 12:12:03 --> Global POST, GET and COOKIE data sanitized
DEBUG - 2021-01-05 12:12:03 --> Encryption: Auto-configured driver 'openssl'.
DEBUG - 2021-01-05 12:12:04 --> UTF-8 Support Enabled
DEBUG - 2021-01-05 12:12:04 --> Global POST, GET and COOKIE data sanitized
DEBUG - 2021-01-05 12:12:04 --> Encryption: Auto-configured driver 'openssl'.
DEBUG - 2021-01-05 12:12:04 --> Total execution time: 0.0498
DEBUG - 2021-01-05 12:52:59 --> UTF-8 Support Enabled
DEBUG - 2021-01-05 12:52:59 --> No URI present. Default controller set.
DEBUG - 2021-01-05 12:52:59 --> Global POST, GET and COOKIE data sanitized
DEBUG - 2021-01-05 12:52:59 --> Encryption: Auto-configured driver 'openssl'.
DEBUG - 2021-01-05 12:52:59 --> UTF-8 Support Enabled
DEBUG - 2021-01-05 12:52:59 --> Global POST, GET and COOKIE data sanitized
DEBUG - 2021-01-05 12:52:59 --> Encryption: Auto-configured driver 'openssl'.
DEBUG - 2021-01-05 12:52:59 --> Total execution time: 0.0544
DEBUG - 2021-01-05 13:03:58 --> UTF-8 Support Enabled
DEBUG - 2021-01-05 13:03:58 --> Global POST, GET and COOKIE data sanitized
DEBUG - 2021-01-05 13:03:58 --> Encryption: Auto-configured driver 'openssl'.
DEBUG - 2021-01-05 13:03:58 --> Total execution time: 0.0537
DEBUG - 2021-01-05 13:04:01 --> UTF-8 Support Enabled
DEBUG - 2021-01-05 13:04:01 --> Global POST, GET and COOKIE data sanitized
DEBUG - 2021-01-05 13:04:01 --> Encryption: Auto-configured driver 'openssl'.
DEBUG - 2021-01-05 13:04:01 --> Total execution time: 0.0387
DEBUG - 2021-01-05 13:04:02 --> UTF-8 Support Enabled
DEBUG - 2021-01-05 13:04:02 --> Global POST, GET and COOKIE data sanitized
DEBUG - 2021-01-05 13:04:02 --> Encryption: Auto-configured driver 'openssl'.
DEBUG - 2021-01-05 13:04:02 --> Total execution time: 0.0319
DEBUG - 2021-01-05 13:04:02 --> UTF-8 Support Enabled
DEBUG - 2021-01-05 13:04:02 --> Global POST, GET and COOKIE data sanitized
DEBUG - 2021-01-05 13:04:02 --> Encryption: Auto-configured driver 'openssl'.
DEBUG - 2021-01-05 13:04:02 --> Total execution time: 0.0307
DEBUG - 2021-01-05 13:04:03 --> UTF-8 Support Enabled
DEBUG - 2021-01-05 13:04:03 --> Global POST, GET and COOKIE data sanitized
DEBUG - 2021-01-05 13:04:03 --> Encryption: Auto-configured driver 'openssl'.
DEBUG - 2021-01-05 13:04:03 --> Total execution time: 0.0449
DEBUG - 2021-01-05 13:04:07 --> UTF-8 Support Enabled
DEBUG - 2021-01-05 13:04:07 --> Global POST, GET and COOKIE data sanitized
DEBUG - 2021-01-05 13:04:07 --> Encryption: Auto-configured driver 'openssl'.
DEBUG - 2021-01-05 13:04:07 --> Total execution time: 0.0428
DEBUG - 2021-01-05 13:04:08 --> UTF-8 Support Enabled
DEBUG - 2021-01-05 13:04:08 --> Global POST, GET and COOKIE data sanitized
DEBUG - 2021-01-05 13:04:08 --> Encryption: Auto-configured driver 'openssl'.
DEBUG - 2021-01-05 13:04:08 --> Total execution time: 0.0518
DEBUG - 2021-01-05 13:04:12 --> UTF-8 Support Enabled
DEBUG - 2021-01-05 13:04:12 --> Global POST, GET and COOKIE data sanitized
DEBUG - 2021-01-05 13:04:12 --> Encryption: Auto-configured driver 'openssl'.
DEBUG - 2021-01-05 13:04:12 --> Total execution time: 0.0279
DEBUG - 2021-01-05 13:07:27 --> UTF-8 Support Enabled
DEBUG - 2021-01-05 13:07:27 --> Global POST, GET and COOKIE data sanitized
DEBUG - 2021-01-05 13:07:27 --> Encryption: Auto-configured driver 'openssl'.
DEBUG - 2021-01-05 13:07:27 --> The filetype you are attempting to upload is not allowed.
DEBUG - 2021-01-05 13:07:27 --> Total execution time: 0.0433
DEBUG - 2021-01-05 13:10:02 --> UTF-8 Support Enabled
DEBUG - 2021-01-05 13:10:02 --> No URI present. Default controller set.
DEBUG - 2021-01-05 13:10:02 --> Global POST, GET and COOKIE data sanitized
DEBUG - 2021-01-05 13:10:02 --> Encryption: Auto-configured driver 'openssl'.
DEBUG - 2021-01-05 13:10:02 --> UTF-8 Support Enabled
DEBUG - 2021-01-05 13:10:02 --> Global POST, GET and COOKIE data sanitized
DEBUG - 2021-01-05 13:10:02 --> Encryption: Auto-configured driver 'openssl'.
DEBUG - 2021-01-05 13:10:02 --> Total execution time: 0.0393
DEBUG - 2021-01-05 13:12:49 --> UTF-8 Support Enabled
DEBUG - 2021-01-05 13:12:49 --> Global POST, GET and COOKIE data sanitized
DEBUG - 2021-01-05 13:12:49 --> Encryption: Auto-configured driver 'openssl'.
DEBUG - 2021-01-05 13:12:49 --> Total execution time: 0.0403
DEBUG - 2021-01-05 13:12:58 --> UTF-8 Support Enabled
DEBUG - 2021-01-05 13:12:58 --> Global POST, GET and COOKIE data sanitized
DEBUG - 2021-01-05 13:12:58 --> Encryption: Auto-configured driver 'openssl'.
DEBUG - 2021-01-05 13:12:59 --> UTF-8 Support Enabled
DEBUG - 2021-01-05 13:12:59 --> Global POST, GET and COOKIE data sanitized
DEBUG - 2021-01-05 13:12:59 --> Encryption: Auto-configured driver 'openssl'.
DEBUG - 2021-01-05 13:12:59 --> Total execution time: 0.0279
DEBUG - 2021-01-05 13:13:09 --> UTF-8 Support Enabled
DEBUG - 2021-01-05 13:13:09 --> Global POST, GET and COOKIE data sanitized
DEBUG - 2021-01-05 13:13:09 --> Total execution time: 0.0345
DEBUG - 2021-01-05 13:13:11 --> UTF-8 Support Enabled
DEBUG - 2021-01-05 13:13:11 --> Global POST, GET and COOKIE data sanitized
ERROR - 2021-01-05 13:13:11 --> 404 Page Not Found: List/uploads
DEBUG - 2021-01-05 13:15:56 --> UTF-8 Support Enabled
DEBUG - 2021-01-05 13:15:56 --> Global POST, GET and COOKIE data sanitized
DEBUG - 2021-01-05 13:15:56 --> Encryption: Auto-configured driver 'openssl'.
DEBUG - 2021-01-05 13:15:56 --> Total execution time: 0.0368
DEBUG - 2021-01-05 13:16:17 --> UTF-8 Support Enabled
DEBUG - 2021-01-05 13:16:17 --> Global POST, GET and COOKIE data sanitized
DEBUG - 2021-01-05 13:16:17 --> Encryption: Auto-configured driver 'openssl'.
DEBUG - 2021-01-05 13:16:17 --> Total execution time: 0.0519
DEBUG - 2021-01-05 13:16:29 --> UTF-8 Support Enabled
DEBUG - 2021-01-05 13:16:29 --> Global POST, GET and COOKIE data sanitized
DEBUG - 2021-01-05 13:16:29 --> Encryption: Auto-configured driver 'openssl'.
DEBUG - 2021-01-05 13:16:30 --> UTF-8 Support Enabled
DEBUG - 2021-01-05 13:16:30 --> Global POST, GET and COOKIE data sanitized
DEBUG - 2021-01-05 13:16:30 --> Encryption: Auto-configured driver 'openssl'.
DEBUG - 2021-01-05 13:16:30 --> Total execution time: 0.0416
DEBUG - 2021-01-05 13:16:37 --> UTF-8 Support Enabled
DEBUG - 2021-01-05 13:16:37 --> Global POST, GET and COOKIE data sanitized
DEBUG - 2021-01-05 13:16:37 --> Encryption: Auto-configured driver 'openssl'.
DEBUG - 2021-01-05 13:16:37 --> Total execution time: 0.0401
DEBUG - 2021-01-05 13:16:41 --> UTF-8 Support Enabled
DEBUG - 2021-01-05 13:16:41 --> No URI present. Default controller set.
DEBUG - 2021-01-05 13:16:41 --> Global POST, GET and COOKIE data sanitized
DEBUG - 2021-01-05 13:16:41 --> Encryption: Auto-configured driver 'openssl'.
DEBUG - 2021-01-05 13:16:41 --> UTF-8 Support Enabled
DEBUG - 2021-01-05 13:16:41 --> Global POST, GET and COOKIE data sanitized
DEBUG - 2021-01-05 13:16:41 --> Encryption: Auto-configured driver 'openssl'.
DEBUG - 2021-01-05 13:16:41 --> Total execution time: 0.0405
DEBUG - 2021-01-05 13:17:03 --> UTF-8 Support Enabled
DEBUG - 2021-01-05 13:17:03 --> Global POST, GET and COOKIE data sanitized
DEBUG - 2021-01-05 13:17:03 --> Encryption: Auto-configured driver 'openssl'.
DEBUG - 2021-01-05 13:17:03 --> Total execution time: 0.0402
DEBUG - 2021-01-05 13:17:32 --> UTF-8 Support Enabled
DEBUG - 2021-01-05 13:17:32 --> No URI present. Default controller set.
DEBUG - 2021-01-05 13:17:32 --> Global POST, GET and COOKIE data sanitized
DEBUG - 2021-01-05 13:17:32 --> Encryption: Auto-configured driver 'openssl'.
DEBUG - 2021-01-05 13:17:32 --> Total execution time: 0.0820
DEBUG - 2021-01-05 13:17:33 --> UTF-8 Support Enabled
DEBUG - 2021-01-05 13:17:33 --> No URI present. Default controller set.
DEBUG - 2021-01-05 13:17:33 --> Global POST, GET and COOKIE data sanitized
DEBUG - 2021-01-05 13:17:33 --> Encryption: Auto-configured driver 'openssl'.
DEBUG - 2021-01-05 13:17:33 --> Total execution time: 0.0775
DEBUG - 2021-01-05 13:17:34 --> UTF-8 Support Enabled
DEBUG - 2021-01-05 13:17:34 --> No URI present. Default controller set.
DEBUG - 2021-01-05 13:17:34 --> Global POST, GET and COOKIE data sanitized
DEBUG - 2021-01-05 13:17:34 --> Encryption: Auto-configured driver 'openssl'.
DEBUG - 2021-01-05 13:17:35 --> UTF-8 Support Enabled
DEBUG - 2021-01-05 13:17:35 --> Global POST, GET and COOKIE data sanitized
DEBUG - 2021-01-05 13:17:35 --> Encryption: Auto-configured driver 'openssl'.
DEBUG - 2021-01-05 13:17:35 --> Total execution time: 0.0580
DEBUG - 2021-01-05 13:17:36 --> UTF-8 Support Enabled
DEBUG - 2021-01-05 13:17:36 --> Global POST, GET and COOKIE data sanitized
DEBUG - 2021-01-05 13:17:36 --> Encryption: Auto-configured driver 'openssl'.
DEBUG - 2021-01-05 13:17:36 --> Total execution time: 0.0646
DEBUG - 2021-01-05 13:17:47 --> UTF-8 Support Enabled
DEBUG - 2021-01-05 13:17:47 --> Global POST, GET and COOKIE data sanitized
DEBUG - 2021-01-05 13:17:47 --> Encryption: Auto-configured driver 'openssl'.
DEBUG - 2021-01-05 13:17:47 --> Total execution time: 0.0374
DEBUG - 2021-01-05 13:17:52 --> UTF-8 Support Enabled
DEBUG - 2021-01-05 13:17:52 --> Global POST, GET and COOKIE data sanitized
DEBUG - 2021-01-05 13:17:52 --> Encryption: Auto-configured driver 'openssl'.
DEBUG - 2021-01-05 13:17:52 --> Total execution time: 0.0374
DEBUG - 2021-01-05 13:17:56 --> UTF-8 Support Enabled
DEBUG - 2021-01-05 13:17:56 --> Global POST, GET and COOKIE data sanitized
DEBUG - 2021-01-05 13:17:56 --> Encryption: Auto-configured driver 'openssl'.
DEBUG - 2021-01-05 13:17:56 --> Total execution time: 0.0439
DEBUG - 2021-01-05 13:18:04 --> UTF-8 Support Enabled
DEBUG - 2021-01-05 13:18:04 --> Global POST, GET and COOKIE data sanitized
DEBUG - 2021-01-05 13:18:04 --> Encryption: Auto-configured driver 'openssl'.
DEBUG - 2021-01-05 13:18:05 --> UTF-8 Support Enabled
DEBUG - 2021-01-05 13:18:05 --> Global POST, GET and COOKIE data sanitized
DEBUG - 2021-01-05 13:18:05 --> Encryption: Auto-configured driver 'openssl'.
DEBUG - 2021-01-05 13:18:05 --> Total execution time: 0.0500
DEBUG - 2021-01-05 13:19:05 --> UTF-8 Support Enabled
DEBUG - 2021-01-05 13:19:05 --> Global POST, GET and COOKIE data sanitized
DEBUG - 2021-01-05 13:19:05 --> Encryption: Auto-configured driver 'openssl'.
DEBUG - 2021-01-05 13:19:05 --> UTF-8 Support Enabled
DEBUG - 2021-01-05 13:19:05 --> Global POST, GET and COOKIE data sanitized
DEBUG - 2021-01-05 13:19:05 --> Encryption: Auto-configured driver 'openssl'.
DEBUG - 2021-01-05 13:19:05 --> Total execution time: 0.0480
DEBUG - 2021-01-05 13:20:02 --> UTF-8 Support Enabled
DEBUG - 2021-01-05 13:20:02 --> Global POST, GET and COOKIE data sanitized
DEBUG - 2021-01-05 13:20:02 --> Encryption: Auto-configured driver 'openssl'.
DEBUG - 2021-01-05 13:20:02 --> Total execution time: 0.0446
DEBUG - 2021-01-05 13:21:06 --> UTF-8 Support Enabled
DEBUG - 2021-01-05 13:21:06 --> Global POST, GET and COOKIE data sanitized
DEBUG - 2021-01-05 13:21:06 --> Encryption: Auto-configured driver 'openssl'.
DEBUG - 2021-01-05 13:21:06 --> Total execution time: 0.0382
DEBUG - 2021-01-05 13:21:20 --> UTF-8 Support Enabled
DEBUG - 2021-01-05 13:21:20 --> Global POST, GET and COOKIE data sanitized
DEBUG - 2021-01-05 13:21:20 --> Encryption: Auto-configured driver 'openssl'.
DEBUG - 2021-01-05 13:21:20 --> UTF-8 Support Enabled
DEBUG - 2021-01-05 13:21:20 --> Global POST, GET and COOKIE data sanitized
DEBUG - 2021-01-05 13:21:20 --> Encryption: Auto-configured driver 'openssl'.
DEBUG - 2021-01-05 13:21:20 --> Total execution time: 0.0369
DEBUG - 2021-01-05 13:23:03 --> UTF-8 Support Enabled
DEBUG - 2021-01-05 13:23:03 --> Global POST, GET and COOKIE data sanitized
DEBUG - 2021-01-05 13:23:03 --> Encryption: Auto-configured driver 'openssl'.
DEBUG - 2021-01-05 13:23:03 --> Total execution time: 0.0414
DEBUG - 2021-01-05 13:23:17 --> UTF-8 Support Enabled
DEBUG - 2021-01-05 13:23:17 --> Global POST, GET and COOKIE data sanitized
DEBUG - 2021-01-05 13:23:17 --> Encryption: Auto-configured driver 'openssl'.
DEBUG - 2021-01-05 13:23:17 --> Total execution time: 0.0391
DEBUG - 2021-01-05 13:23:52 --> UTF-8 Support Enabled
DEBUG - 2021-01-05 13:23:52 --> Global POST, GET and COOKIE data sanitized
DEBUG - 2021-01-05 13:23:52 --> UTF-8 Support Enabled
DEBUG - 2021-01-05 13:23:52 --> Global POST, GET and COOKIE data sanitized
DEBUG - 2021-01-05 13:23:52 --> Encryption: Auto-configured driver 'openssl'.
DEBUG - 2021-01-05 13:23:52 --> Total execution time: 0.0302
DEBUG - 2021-01-05 13:23:52 --> Encryption: Auto-configured driver 'openssl'.
DEBUG - 2021-01-05 13:23:52 --> Total execution time: 0.0372
DEBUG - 2021-01-05 13:24:05 --> UTF-8 Support Enabled
DEBUG - 2021-01-05 13:24:05 --> Global POST, GET and COOKIE data sanitized
DEBUG - 2021-01-05 13:24:05 --> Encryption: Auto-configured driver 'openssl'.
DEBUG - 2021-01-05 13:24:06 --> UTF-8 Support Enabled
DEBUG - 2021-01-05 13:24:06 --> Global POST, GET and COOKIE data sanitized
DEBUG - 2021-01-05 13:24:06 --> Encryption: Auto-configured driver 'openssl'.
DEBUG - 2021-01-05 13:24:06 --> Total execution time: 0.0376
DEBUG - 2021-01-05 13:24:09 --> UTF-8 Support Enabled
DEBUG - 2021-01-05 13:24:09 --> Global POST, GET and COOKIE data sanitized
DEBUG - 2021-01-05 13:24:09 --> Encryption: Auto-configured driver 'openssl'.
DEBUG - 2021-01-05 13:24:09 --> Total execution time: 0.0309
DEBUG - 2021-01-05 13:24:13 --> UTF-8 Support Enabled
DEBUG - 2021-01-05 13:24:13 --> Global POST, GET and COOKIE data sanitized
DEBUG - 2021-01-05 13:24:13 --> Encryption: Auto-configured driver 'openssl'.
DEBUG - 2021-01-05 13:24:13 --> Total execution time: 0.0308
DEBUG - 2021-01-05 13:24:16 --> UTF-8 Support Enabled
DEBUG - 2021-01-05 13:24:16 --> Global POST, GET and COOKIE data sanitized
DEBUG - 2021-01-05 13:24:16 --> Encryption: Auto-configured driver 'openssl'.
DEBUG - 2021-01-05 13:24:16 --> Total execution time: 0.0392
DEBUG - 2021-01-05 13:24:31 --> UTF-8 Support Enabled
DEBUG - 2021-01-05 13:24:31 --> Global POST, GET and COOKIE data sanitized
DEBUG - 2021-01-05 13:24:31 --> Encryption: Auto-configured driver 'openssl'.
DEBUG - 2021-01-05 13:24:31 --> Total execution time: 0.0325
DEBUG - 2021-01-05 13:24:40 --> UTF-8 Support Enabled
DEBUG - 2021-01-05 13:24:40 --> Global POST, GET and COOKIE data sanitized
DEBUG - 2021-01-05 13:24:40 --> Encryption: Auto-configured driver 'openssl'.
DEBUG - 2021-01-05 13:24:40 --> Total execution time: 0.0308
DEBUG - 2021-01-05 13:24:40 --> UTF-8 Support Enabled
DEBUG - 2021-01-05 13:24:40 --> Global POST, GET and COOKIE data sanitized
DEBUG - 2021-01-05 13:24:40 --> Encryption: Auto-configured driver 'openssl'.
DEBUG - 2021-01-05 13:24:40 --> Total execution time: 0.0337
DEBUG - 2021-01-05 13:24:43 --> UTF-8 Support Enabled
DEBUG - 2021-01-05 13:24:43 --> Global POST, GET and COOKIE data sanitized
DEBUG - 2021-01-05 13:24:43 --> Encryption: Auto-configured driver 'openssl'.
DEBUG - 2021-01-05 13:24:43 --> You did not select a file to upload.
DEBUG - 2021-01-05 13:24:43 --> Upload class already loaded. Second attempt ignored.
DEBUG - 2021-01-05 13:24:43 --> You did not select a file to upload.
DEBUG - 2021-01-05 13:24:43 --> UTF-8 Support Enabled
DEBUG - 2021-01-05 13:24:43 --> Global POST, GET and COOKIE data sanitized
DEBUG - 2021-01-05 13:24:43 --> Encryption: Auto-configured driver 'openssl'.
DEBUG - 2021-01-05 13:24:43 --> Total execution time: 0.0403
DEBUG - 2021-01-05 13:25:03 --> UTF-8 Support Enabled
DEBUG - 2021-01-05 13:25:03 --> No URI present. Default controller set.
DEBUG - 2021-01-05 13:25:03 --> Global POST, GET and COOKIE data sanitized
DEBUG - 2021-01-05 13:25:03 --> Encryption: Auto-configured driver 'openssl'.
DEBUG - 2021-01-05 13:25:03 --> UTF-8 Support Enabled
DEBUG - 2021-01-05 13:25:03 --> Global POST, GET and COOKIE data sanitized
DEBUG - 2021-01-05 13:25:03 --> Encryption: Auto-configured driver 'openssl'.
DEBUG - 2021-01-05 13:25:03 --> Total execution time: 0.0396
DEBUG - 2021-01-05 13:26:48 --> UTF-8 Support Enabled
DEBUG - 2021-01-05 13:26:48 --> Global POST, GET and COOKIE data sanitized
DEBUG - 2021-01-05 13:26:48 --> Encryption: Auto-configured driver 'openssl'.
DEBUG - 2021-01-05 13:26:48 --> UTF-8 Support Enabled
DEBUG - 2021-01-05 13:26:48 --> Global POST, GET and COOKIE data sanitized
DEBUG - 2021-01-05 13:26:48 --> Encryption: Auto-configured driver 'openssl'.
ERROR - 2021-01-05 13:26:48 --> Severity: Warning --> Creating default object from empty value /home1/developmentconso/public_html/hakibah/public/pages/uploads.php 202
DEBUG - 2021-01-05 13:26:48 --> Total execution time: 0.0414
DEBUG - 2021-01-05 13:28:13 --> UTF-8 Support Enabled
DEBUG - 2021-01-05 13:28:13 --> Global POST, GET and COOKIE data sanitized
DEBUG - 2021-01-05 13:28:13 --> Encryption: Auto-configured driver 'openssl'.
ERROR - 2021-01-05 13:28:13 --> Severity: Warning --> Creating default object from empty value /home1/developmentconso/public_html/hakibah/public/pages/uploads.php 202
DEBUG - 2021-01-05 13:28:13 --> Total execution time: 0.0391
DEBUG - 2021-01-05 13:28:46 --> UTF-8 Support Enabled
DEBUG - 2021-01-05 13:28:46 --> Global POST, GET and COOKIE data sanitized
DEBUG - 2021-01-05 13:28:46 --> Encryption: Auto-configured driver 'openssl'.
ERROR - 2021-01-05 13:28:46 --> Severity: Warning --> Creating default object from empty value /home1/developmentconso/public_html/hakibah/public/pages/uploads.php 202
DEBUG - 2021-01-05 13:28:46 --> Total execution time: 0.0365
DEBUG - 2021-01-05 13:28:48 --> UTF-8 Support Enabled
DEBUG - 2021-01-05 13:28:48 --> Global POST, GET and COOKIE data sanitized
DEBUG - 2021-01-05 13:28:48 --> Encryption: Auto-configured driver 'openssl'.
DEBUG - 2021-01-05 13:28:48 --> Total execution time: 0.0380
DEBUG - 2021-01-05 13:29:56 --> UTF-8 Support Enabled
DEBUG - 2021-01-05 13:29:56 --> Global POST, GET and COOKIE data sanitized
DEBUG - 2021-01-05 13:29:56 --> Encryption: Auto-configured driver 'openssl'.
ERROR - 2021-01-05 13:29:56 --> Severity: Warning --> Creating default object from empty value /home1/developmentconso/public_html/hakibah/public/pages/uploads.php 202
DEBUG - 2021-01-05 13:29:56 --> Total execution time: 0.0541
DEBUG - 2021-01-05 13:33:54 --> UTF-8 Support Enabled
DEBUG - 2021-01-05 13:33:54 --> No URI present. Default controller set.
DEBUG - 2021-01-05 13:33:54 --> Global POST, GET and COOKIE data sanitized
DEBUG - 2021-01-05 13:33:54 --> Encryption: Auto-configured driver 'openssl'.
DEBUG - 2021-01-05 13:33:55 --> UTF-8 Support Enabled
DEBUG - 2021-01-05 13:33:55 --> Global POST, GET and COOKIE data sanitized
DEBUG - 2021-01-05 13:33:55 --> Encryption: Auto-configured driver 'openssl'.
DEBUG - 2021-01-05 13:33:55 --> Total execution time: 0.0440
DEBUG - 2021-01-05 13:34:01 --> UTF-8 Support Enabled
DEBUG - 2021-01-05 13:34:01 --> Global POST, GET and COOKIE data sanitized
DEBUG - 2021-01-05 13:34:01 --> Encryption: Auto-configured driver 'openssl'.
DEBUG - 2021-01-05 13:34:01 --> Total execution time: 0.0576
DEBUG - 2021-01-05 13:34:08 --> UTF-8 Support Enabled
DEBUG - 2021-01-05 13:34:08 --> Global POST, GET and COOKIE data sanitized
DEBUG - 2021-01-05 13:34:08 --> Encryption: Auto-configured driver 'openssl'.
DEBUG - 2021-01-05 13:34:08 --> Total execution time: 0.0409
DEBUG - 2021-01-05 13:46:28 --> UTF-8 Support Enabled
DEBUG - 2021-01-05 13:46:28 --> Global POST, GET and COOKIE data sanitized
DEBUG - 2021-01-05 13:46:28 --> Encryption: Auto-configured driver 'openssl'.
ERROR - 2021-01-05 13:46:28 --> Severity: Warning --> Creating default object from empty value /home1/developmentconso/public_html/hakibah/public/pages/uploads.php 202
DEBUG - 2021-01-05 13:46:28 --> Total execution time: 0.0430
DEBUG - 2021-01-05 13:46:34 --> UTF-8 Support Enabled
DEBUG - 2021-01-05 13:46:34 --> Global POST, GET and COOKIE data sanitized
DEBUG - 2021-01-05 13:46:34 --> Encryption: Auto-configured driver 'openssl'.
DEBUG - 2021-01-05 13:46:34 --> Total execution time: 0.0393
DEBUG - 2021-01-05 14:27:14 --> UTF-8 Support Enabled
DEBUG - 2021-01-05 14:27:14 --> Global POST, GET and COOKIE data sanitized
DEBUG - 2021-01-05 14:27:14 --> Encryption: Auto-configured driver 'openssl'.
DEBUG - 2021-01-05 14:27:14 --> Total execution time: 0.0738
DEBUG - 2021-01-05 14:27:20 --> UTF-8 Support Enabled
DEBUG - 2021-01-05 14:27:20 --> Global POST, GET and COOKIE data sanitized
DEBUG - 2021-01-05 14:27:20 --> Encryption: Auto-configured driver 'openssl'.
DEBUG - 2021-01-05 14:27:20 --> Total execution time: 0.0404
DEBUG - 2021-01-05 14:27:26 --> UTF-8 Support Enabled
DEBUG - 2021-01-05 14:27:26 --> Global POST, GET and COOKIE data sanitized
DEBUG - 2021-01-05 14:27:26 --> Encryption: Auto-configured driver 'openssl'.
DEBUG - 2021-01-05 14:27:27 --> Total execution time: 0.0560
DEBUG - 2021-01-05 14:27:48 --> UTF-8 Support Enabled
DEBUG - 2021-01-05 14:27:48 --> No URI present. Default controller set.
DEBUG - 2021-01-05 14:27:48 --> Global POST, GET and COOKIE data sanitized
DEBUG - 2021-01-05 14:27:48 --> Encryption: Auto-configured driver 'openssl'.
DEBUG - 2021-01-05 14:27:49 --> UTF-8 Support Enabled
DEBUG - 2021-01-05 14:27:49 --> Global POST, GET and COOKIE data sanitized
DEBUG - 2021-01-05 14:27:49 --> Encryption: Auto-configured driver 'openssl'.
DEBUG - 2021-01-05 14:27:49 --> Total execution time: 0.0411
DEBUG - 2021-01-05 14:49:14 --> UTF-8 Support Enabled
DEBUG - 2021-01-05 14:49:14 --> No URI present. Default controller set.
DEBUG - 2021-01-05 14:49:14 --> Global POST, GET and COOKIE data sanitized
DEBUG - 2021-01-05 14:49:14 --> Encryption: Auto-configured driver 'openssl'.
DEBUG - 2021-01-05 14:49:14 --> Total execution time: 0.0574
DEBUG - 2021-01-05 14:49:49 --> UTF-8 Support Enabled
DEBUG - 2021-01-05 14:49:49 --> Global POST, GET and COOKIE data sanitized
DEBUG - 2021-01-05 14:49:49 --> Encryption: Auto-configured driver 'openssl'.
DEBUG - 2021-01-05 14:49:49 --> Total execution time: 0.0383
DEBUG - 2021-01-05 14:50:01 --> UTF-8 Support Enabled
DEBUG - 2021-01-05 14:50:01 --> Global POST, GET and COOKIE data sanitized
DEBUG - 2021-01-05 14:50:01 --> Encryption: Auto-configured driver 'openssl'.
DEBUG - 2021-01-05 14:50:02 --> UTF-8 Support Enabled
DEBUG - 2021-01-05 14:50:02 --> Global POST, GET and COOKIE data sanitized
DEBUG - 2021-01-05 14:50:02 --> Encryption: Auto-configured driver 'openssl'.
DEBUG - 2021-01-05 14:50:02 --> Total execution time: 0.0381
DEBUG - 2021-01-05 14:50:49 --> UTF-8 Support Enabled
DEBUG - 2021-01-05 14:50:49 --> Global POST, GET and COOKIE data sanitized
DEBUG - 2021-01-05 14:50:49 --> Encryption: Auto-configured driver 'openssl'.
ERROR - 2021-01-05 14:50:49 --> Severity: Warning --> Creating default object from empty value /home1/developmentconso/public_html/hakibah/public/pages/uploads.php 202
DEBUG - 2021-01-05 14:50:49 --> Total execution time: 0.0603
DEBUG - 2021-01-05 14:50:56 --> UTF-8 Support Enabled
DEBUG - 2021-01-05 14:50:56 --> Global POST, GET and COOKIE data sanitized
DEBUG - 2021-01-05 14:50:56 --> Encryption: Auto-configured driver 'openssl'.
DEBUG - 2021-01-05 14:50:56 --> Total execution time: 0.0443
DEBUG - 2021-01-05 15:02:48 --> UTF-8 Support Enabled
DEBUG - 2021-01-05 15:02:48 --> Global POST, GET and COOKIE data sanitized
DEBUG - 2021-01-05 15:02:48 --> Encryption: Auto-configured driver 'openssl'.
DEBUG - 2021-01-05 15:02:48 --> Total execution time: 0.0427
DEBUG - 2021-01-05 15:02:51 --> UTF-8 Support Enabled
DEBUG - 2021-01-05 15:02:51 --> Global POST, GET and COOKIE data sanitized
DEBUG - 2021-01-05 15:02:51 --> Encryption: Auto-configured driver 'openssl'.
DEBUG - 2021-01-05 15:02:51 --> Total execution time: 0.0415
DEBUG - 2021-01-05 15:03:26 --> UTF-8 Support Enabled
DEBUG - 2021-01-05 15:03:26 --> Global POST, GET and COOKIE data sanitized
DEBUG - 2021-01-05 15:03:26 --> Encryption: Auto-configured driver 'openssl'.
DEBUG - 2021-01-05 15:03:26 --> Total execution time: 0.0390
DEBUG - 2021-01-05 15:03:44 --> UTF-8 Support Enabled
DEBUG - 2021-01-05 15:03:44 --> Global POST, GET and COOKIE data sanitized
DEBUG - 2021-01-05 15:03:44 --> Encryption: Auto-configured driver 'openssl'.
ERROR - 2021-01-05 15:03:44 --> Severity: Warning --> Creating default object from empty value /home1/developmentconso/public_html/hakibah/public/pages/uploads.php 202
DEBUG - 2021-01-05 15:03:44 --> Total execution time: 0.0494
DEBUG - 2021-01-05 15:04:17 --> UTF-8 Support Enabled
DEBUG - 2021-01-05 15:04:17 --> Global POST, GET and COOKIE data sanitized
DEBUG - 2021-01-05 15:04:17 --> Encryption: Auto-configured driver 'openssl'.
ERROR - 2021-01-05 15:04:17 --> Severity: Warning --> Creating default object from empty value /home1/developmentconso/public_html/hakibah/public/pages/uploads.php 202
DEBUG - 2021-01-05 15:04:17 --> Total execution time: 0.0529
DEBUG - 2021-01-05 15:04:22 --> UTF-8 Support Enabled
DEBUG - 2021-01-05 15:04:22 --> Global POST, GET and COOKIE data sanitized
DEBUG - 2021-01-05 15:04:22 --> Encryption: Auto-configured driver 'openssl'.
DEBUG - 2021-01-05 15:04:22 --> Total execution time: 0.0467
DEBUG - 2021-01-05 15:04:27 --> UTF-8 Support Enabled
DEBUG - 2021-01-05 15:04:27 --> Global POST, GET and COOKIE data sanitized
DEBUG - 2021-01-05 15:04:27 --> Encryption: Auto-configured driver 'openssl'.
DEBUG - 2021-01-05 15:04:27 --> Total execution time: 0.0434
DEBUG - 2021-01-05 15:05:35 --> UTF-8 Support Enabled
DEBUG - 2021-01-05 15:05:35 --> Global POST, GET and COOKIE data sanitized
DEBUG - 2021-01-05 15:05:35 --> Encryption: Auto-configured driver 'openssl'.
DEBUG - 2021-01-05 15:05:35 --> Total execution time: 0.0381
DEBUG - 2021-01-05 15:05:44 --> UTF-8 Support Enabled
DEBUG - 2021-01-05 15:05:44 --> Global POST, GET and COOKIE data sanitized
ERROR - 2021-01-05 15:05:44 --> 404 Page Not Found: User/view_user
DEBUG - 2021-01-05 15:05:50 --> UTF-8 Support Enabled
DEBUG - 2021-01-05 15:05:50 --> Global POST, GET and COOKIE data sanitized
DEBUG - 2021-01-05 15:05:50 --> Encryption: Auto-configured driver 'openssl'.
DEBUG - 2021-01-05 15:05:50 --> Total execution time: 0.0371
DEBUG - 2021-01-05 15:06:11 --> UTF-8 Support Enabled
DEBUG - 2021-01-05 15:06:11 --> Global POST, GET and COOKIE data sanitized
DEBUG - 2021-01-05 15:06:11 --> Encryption: Auto-configured driver 'openssl'.
DEBUG - 2021-01-05 15:06:11 --> Total execution time: 0.0498
DEBUG - 2021-01-05 15:06:17 --> UTF-8 Support Enabled
DEBUG - 2021-01-05 15:06:17 --> Global POST, GET and COOKIE data sanitized
DEBUG - 2021-01-05 15:06:17 --> Encryption: Auto-configured driver 'openssl'.
DEBUG - 2021-01-05 15:06:17 --> Total execution time: 0.0400
DEBUG - 2021-01-05 15:06:27 --> UTF-8 Support Enabled
DEBUG - 2021-01-05 15:06:27 --> Global POST, GET and COOKIE data sanitized
DEBUG - 2021-01-05 15:06:27 --> Encryption: Auto-configured driver 'openssl'.
DEBUG - 2021-01-05 15:06:27 --> Total execution time: 0.0403
DEBUG - 2021-01-05 15:18:02 --> UTF-8 Support Enabled
DEBUG - 2021-01-05 15:18:02 --> Global POST, GET and COOKIE data sanitized
DEBUG - 2021-01-05 15:18:02 --> Encryption: Auto-configured driver 'openssl'.
DEBUG - 2021-01-05 15:18:02 --> Total execution time: 0.0460
DEBUG - 2021-01-05 15:20:12 --> UTF-8 Support Enabled
DEBUG - 2021-01-05 15:20:12 --> Global POST, GET and COOKIE data sanitized
DEBUG - 2021-01-05 15:20:12 --> Encryption: Auto-configured driver 'openssl'.
DEBUG - 2021-01-05 15:20:12 --> Total execution time: 0.0429
DEBUG - 2021-01-05 15:20:15 --> UTF-8 Support Enabled
DEBUG - 2021-01-05 15:20:15 --> Global POST, GET and COOKIE data sanitized
DEBUG - 2021-01-05 15:20:15 --> Encryption: Auto-configured driver 'openssl'.
DEBUG - 2021-01-05 15:20:15 --> Total execution time: 0.0370
DEBUG - 2021-01-05 15:20:37 --> UTF-8 Support Enabled
DEBUG - 2021-01-05 15:20:37 --> Global POST, GET and COOKIE data sanitized
DEBUG - 2021-01-05 15:20:37 --> Encryption: Auto-configured driver 'openssl'.
DEBUG - 2021-01-05 15:20:37 --> Total execution time: 0.0407
DEBUG - 2021-01-05 15:23:01 --> UTF-8 Support Enabled
DEBUG - 2021-01-05 15:23:01 --> Global POST, GET and COOKIE data sanitized
DEBUG - 2021-01-05 15:23:01 --> Encryption: Auto-configured driver 'openssl'.
DEBUG - 2021-01-05 15:23:01 --> Total execution time: 0.0538
DEBUG - 2021-01-05 15:23:13 --> UTF-8 Support Enabled
DEBUG - 2021-01-05 15:23:13 --> Global POST, GET and COOKIE data sanitized
DEBUG - 2021-01-05 15:23:13 --> Encryption: Auto-configured driver 'openssl'.
ERROR - 2021-01-05 15:23:13 --> Severity: Warning --> Creating default object from empty value /home1/developmentconso/public_html/hakibah/public/pages/uploads.php 202
DEBUG - 2021-01-05 15:23:13 --> Total execution time: 0.0519
DEBUG - 2021-01-05 15:26:15 --> UTF-8 Support Enabled
DEBUG - 2021-01-05 15:26:15 --> Global POST, GET and COOKIE data sanitized
DEBUG - 2021-01-05 15:26:15 --> Encryption: Auto-configured driver 'openssl'.
ERROR - 2021-01-05 15:26:15 --> Severity: Warning --> Creating default object from empty value /home1/developmentconso/public_html/hakibah/public/pages/uploads.php 202
DEBUG - 2021-01-05 15:26:15 --> Total execution time: 0.0528
DEBUG - 2021-01-05 15:27:10 --> UTF-8 Support Enabled
DEBUG - 2021-01-05 15:27:10 --> Global POST, GET and COOKIE data sanitized
DEBUG - 2021-01-05 15:27:10 --> Encryption: Auto-configured driver 'openssl'.
ERROR - 2021-01-05 15:27:10 --> Severity: Warning --> Creating default object from empty value /home1/developmentconso/public_html/hakibah/public/pages/uploads.php 202
DEBUG - 2021-01-05 15:27:10 --> Total execution time: 0.0468
DEBUG - 2021-01-05 15:27:24 --> UTF-8 Support Enabled
DEBUG - 2021-01-05 15:27:24 --> Global POST, GET and COOKIE data sanitized
DEBUG - 2021-01-05 15:27:24 --> Encryption: Auto-configured driver 'openssl'.
DEBUG - 2021-01-05 15:27:24 --> Total execution time: 0.0394
DEBUG - 2021-01-05 15:27:38 --> UTF-8 Support Enabled
DEBUG - 2021-01-05 15:27:38 --> Global POST, GET and COOKIE data sanitized
DEBUG - 2021-01-05 15:27:38 --> Encryption: Auto-configured driver 'openssl'.
DEBUG - 2021-01-05 15:27:40 --> UTF-8 Support Enabled
DEBUG - 2021-01-05 15:27:40 --> No URI present. Default controller set.
DEBUG - 2021-01-05 15:27:40 --> Global POST, GET and COOKIE data sanitized
DEBUG - 2021-01-05 15:27:40 --> Encryption: Auto-configured driver 'openssl'.
DEBUG - 2021-01-05 15:27:40 --> Total execution time: 0.0421
DEBUG - 2021-01-05 15:27:54 --> UTF-8 Support Enabled
DEBUG - 2021-01-05 15:27:54 --> Global POST, GET and COOKIE data sanitized
DEBUG - 2021-01-05 15:27:54 --> UTF-8 Support Enabled
DEBUG - 2021-01-05 15:27:54 --> Global POST, GET and COOKIE data sanitized
DEBUG - 2021-01-05 15:27:54 --> Encryption: Auto-configured driver 'openssl'.
DEBUG - 2021-01-05 15:27:54 --> Total execution time: 0.0358
DEBUG - 2021-01-05 15:27:54 --> Encryption: Auto-configured driver 'openssl'.
DEBUG - 2021-01-05 15:27:54 --> Total execution time: 0.0445
