DEBUG - 2020-12-20 06:40:01 --> UTF-8 Support Enabled
DEBUG - 2020-12-20 06:40:01 --> No URI present. Default controller set.
DEBUG - 2020-12-20 06:40:01 --> Global POST, GET and COOKIE data sanitized
DEBUG - 2020-12-20 06:40:01 --> Encryption: Auto-configured driver 'openssl'.
DEBUG - 2020-12-20 06:40:01 --> Total execution time: 0.0733
DEBUG - 2020-12-20 06:40:22 --> UTF-8 Support Enabled
DEBUG - 2020-12-20 06:40:22 --> Global POST, GET and COOKIE data sanitized
DEBUG - 2020-12-20 06:40:22 --> Encryption: Auto-configured driver 'openssl'.
DEBUG - 2020-12-20 06:40:22 --> Total execution time: 0.0329
DEBUG - 2020-12-20 06:40:34 --> UTF-8 Support Enabled
DEBUG - 2020-12-20 06:40:34 --> Global POST, GET and COOKIE data sanitized
DEBUG - 2020-12-20 06:40:34 --> Encryption: Auto-configured driver 'openssl'.
DEBUG - 2020-12-20 06:40:35 --> UTF-8 Support Enabled
DEBUG - 2020-12-20 06:40:35 --> Global POST, GET and COOKIE data sanitized
DEBUG - 2020-12-20 06:40:35 --> Encryption: Auto-configured driver 'openssl'.
DEBUG - 2020-12-20 06:40:35 --> Total execution time: 0.0528
DEBUG - 2020-12-20 06:41:08 --> UTF-8 Support Enabled
DEBUG - 2020-12-20 06:41:08 --> Global POST, GET and COOKIE data sanitized
DEBUG - 2020-12-20 06:41:08 --> Encryption: Auto-configured driver 'openssl'.
DEBUG - 2020-12-20 06:41:08 --> Total execution time: 0.0463
DEBUG - 2020-12-20 06:41:16 --> UTF-8 Support Enabled
DEBUG - 2020-12-20 06:41:16 --> Global POST, GET and COOKIE data sanitized
DEBUG - 2020-12-20 06:41:16 --> Encryption: Auto-configured driver 'openssl'.
DEBUG - 2020-12-20 06:41:16 --> Total execution time: 0.0389
DEBUG - 2020-12-20 06:41:38 --> UTF-8 Support Enabled
DEBUG - 2020-12-20 06:41:38 --> No URI present. Default controller set.
DEBUG - 2020-12-20 06:41:38 --> Global POST, GET and COOKIE data sanitized
DEBUG - 2020-12-20 06:41:38 --> Encryption: Auto-configured driver 'openssl'.
DEBUG - 2020-12-20 06:41:38 --> UTF-8 Support Enabled
DEBUG - 2020-12-20 06:41:38 --> Global POST, GET and COOKIE data sanitized
DEBUG - 2020-12-20 06:41:38 --> Encryption: Auto-configured driver 'openssl'.
DEBUG - 2020-12-20 06:41:39 --> Total execution time: 0.0366
DEBUG - 2020-12-20 06:42:59 --> UTF-8 Support Enabled
DEBUG - 2020-12-20 06:42:59 --> Global POST, GET and COOKIE data sanitized
DEBUG - 2020-12-20 06:42:59 --> Encryption: Auto-configured driver 'openssl'.
DEBUG - 2020-12-20 06:42:59 --> Total execution time: 0.0392
DEBUG - 2020-12-20 06:43:26 --> UTF-8 Support Enabled
DEBUG - 2020-12-20 06:43:26 --> Global POST, GET and COOKIE data sanitized
DEBUG - 2020-12-20 06:43:26 --> Encryption: Auto-configured driver 'openssl'.
DEBUG - 2020-12-20 06:43:26 --> Total execution time: 0.0392
DEBUG - 2020-12-20 06:43:44 --> UTF-8 Support Enabled
DEBUG - 2020-12-20 06:43:44 --> No URI present. Default controller set.
DEBUG - 2020-12-20 06:43:44 --> Global POST, GET and COOKIE data sanitized
DEBUG - 2020-12-20 06:43:44 --> Encryption: Auto-configured driver 'openssl'.
DEBUG - 2020-12-20 06:43:45 --> UTF-8 Support Enabled
DEBUG - 2020-12-20 06:43:45 --> Global POST, GET and COOKIE data sanitized
DEBUG - 2020-12-20 06:43:45 --> Encryption: Auto-configured driver 'openssl'.
DEBUG - 2020-12-20 06:43:45 --> Total execution time: 0.0378
DEBUG - 2020-12-20 06:44:26 --> UTF-8 Support Enabled
DEBUG - 2020-12-20 06:44:26 --> Global POST, GET and COOKIE data sanitized
DEBUG - 2020-12-20 06:44:26 --> Encryption: Auto-configured driver 'openssl'.
DEBUG - 2020-12-20 06:44:27 --> UTF-8 Support Enabled
DEBUG - 2020-12-20 06:44:27 --> No URI present. Default controller set.
DEBUG - 2020-12-20 06:44:27 --> Global POST, GET and COOKIE data sanitized
DEBUG - 2020-12-20 06:44:27 --> Encryption: Auto-configured driver 'openssl'.
DEBUG - 2020-12-20 06:44:27 --> Total execution time: 0.0356
DEBUG - 2020-12-20 06:44:52 --> UTF-8 Support Enabled
DEBUG - 2020-12-20 06:44:52 --> Global POST, GET and COOKIE data sanitized
DEBUG - 2020-12-20 06:44:52 --> Encryption: Auto-configured driver 'openssl'.
DEBUG - 2020-12-20 06:44:52 --> Total execution time: 0.0389
DEBUG - 2020-12-20 06:45:07 --> UTF-8 Support Enabled
DEBUG - 2020-12-20 06:45:07 --> Global POST, GET and COOKIE data sanitized
DEBUG - 2020-12-20 06:45:07 --> Encryption: Auto-configured driver 'openssl'.
DEBUG - 2020-12-20 06:45:07 --> UTF-8 Support Enabled
DEBUG - 2020-12-20 06:45:07 --> Global POST, GET and COOKIE data sanitized
DEBUG - 2020-12-20 06:45:07 --> Encryption: Auto-configured driver 'openssl'.
DEBUG - 2020-12-20 06:45:07 --> Total execution time: 0.0387
DEBUG - 2020-12-20 06:45:38 --> UTF-8 Support Enabled
DEBUG - 2020-12-20 06:45:38 --> No URI present. Default controller set.
DEBUG - 2020-12-20 06:45:38 --> Global POST, GET and COOKIE data sanitized
DEBUG - 2020-12-20 06:45:38 --> Encryption: Auto-configured driver 'openssl'.
DEBUG - 2020-12-20 06:45:39 --> UTF-8 Support Enabled
DEBUG - 2020-12-20 06:45:39 --> Global POST, GET and COOKIE data sanitized
DEBUG - 2020-12-20 06:45:39 --> Encryption: Auto-configured driver 'openssl'.
DEBUG - 2020-12-20 06:45:39 --> Total execution time: 0.0450
DEBUG - 2020-12-20 06:45:41 --> UTF-8 Support Enabled
DEBUG - 2020-12-20 06:45:41 --> No URI present. Default controller set.
DEBUG - 2020-12-20 06:45:41 --> Global POST, GET and COOKIE data sanitized
DEBUG - 2020-12-20 06:45:41 --> Encryption: Auto-configured driver 'openssl'.
DEBUG - 2020-12-20 06:45:41 --> UTF-8 Support Enabled
DEBUG - 2020-12-20 06:45:41 --> Global POST, GET and COOKIE data sanitized
DEBUG - 2020-12-20 06:45:41 --> Encryption: Auto-configured driver 'openssl'.
DEBUG - 2020-12-20 06:45:41 --> Total execution time: 0.0406
DEBUG - 2020-12-20 06:46:01 --> UTF-8 Support Enabled
DEBUG - 2020-12-20 06:46:01 --> Global POST, GET and COOKIE data sanitized
DEBUG - 2020-12-20 06:46:01 --> Encryption: Auto-configured driver 'openssl'.
DEBUG - 2020-12-20 06:46:01 --> Total execution time: 0.0382
DEBUG - 2020-12-20 06:46:12 --> UTF-8 Support Enabled
DEBUG - 2020-12-20 06:46:12 --> No URI present. Default controller set.
DEBUG - 2020-12-20 06:46:12 --> Global POST, GET and COOKIE data sanitized
DEBUG - 2020-12-20 06:46:12 --> Encryption: Auto-configured driver 'openssl'.
DEBUG - 2020-12-20 06:46:12 --> UTF-8 Support Enabled
DEBUG - 2020-12-20 06:46:12 --> Global POST, GET and COOKIE data sanitized
DEBUG - 2020-12-20 06:46:12 --> Encryption: Auto-configured driver 'openssl'.
DEBUG - 2020-12-20 06:46:12 --> Total execution time: 0.0354
DEBUG - 2020-12-20 06:47:38 --> UTF-8 Support Enabled
DEBUG - 2020-12-20 06:47:38 --> Global POST, GET and COOKIE data sanitized
DEBUG - 2020-12-20 06:47:38 --> Encryption: Auto-configured driver 'openssl'.
DEBUG - 2020-12-20 06:47:38 --> Total execution time: 0.0391
DEBUG - 2020-12-20 06:47:54 --> UTF-8 Support Enabled
DEBUG - 2020-12-20 06:47:54 --> No URI present. Default controller set.
DEBUG - 2020-12-20 06:47:54 --> Global POST, GET and COOKIE data sanitized
DEBUG - 2020-12-20 06:47:54 --> Encryption: Auto-configured driver 'openssl'.
DEBUG - 2020-12-20 06:47:55 --> UTF-8 Support Enabled
DEBUG - 2020-12-20 06:47:55 --> Global POST, GET and COOKIE data sanitized
DEBUG - 2020-12-20 06:47:55 --> Encryption: Auto-configured driver 'openssl'.
DEBUG - 2020-12-20 06:47:55 --> Total execution time: 0.0381
DEBUG - 2020-12-20 06:47:58 --> UTF-8 Support Enabled
DEBUG - 2020-12-20 06:47:58 --> Global POST, GET and COOKIE data sanitized
DEBUG - 2020-12-20 06:47:58 --> Encryption: Auto-configured driver 'openssl'.
DEBUG - 2020-12-20 06:47:58 --> Total execution time: 0.0601
DEBUG - 2020-12-20 06:48:47 --> UTF-8 Support Enabled
DEBUG - 2020-12-20 06:48:47 --> Global POST, GET and COOKIE data sanitized
DEBUG - 2020-12-20 06:48:47 --> Encryption: Auto-configured driver 'openssl'.
DEBUG - 2020-12-20 06:48:47 --> Total execution time: 0.0383
DEBUG - 2020-12-20 06:48:59 --> UTF-8 Support Enabled
DEBUG - 2020-12-20 06:48:59 --> No URI present. Default controller set.
DEBUG - 2020-12-20 06:48:59 --> Global POST, GET and COOKIE data sanitized
DEBUG - 2020-12-20 06:48:59 --> Encryption: Auto-configured driver 'openssl'.
DEBUG - 2020-12-20 06:48:59 --> UTF-8 Support Enabled
DEBUG - 2020-12-20 06:48:59 --> Global POST, GET and COOKIE data sanitized
DEBUG - 2020-12-20 06:48:59 --> Encryption: Auto-configured driver 'openssl'.
DEBUG - 2020-12-20 06:48:59 --> Total execution time: 0.0393
DEBUG - 2020-12-20 10:01:21 --> UTF-8 Support Enabled
DEBUG - 2020-12-20 10:01:21 --> No URI present. Default controller set.
DEBUG - 2020-12-20 10:01:21 --> Global POST, GET and COOKIE data sanitized
DEBUG - 2020-12-20 10:01:21 --> Encryption: Auto-configured driver 'openssl'.
DEBUG - 2020-12-20 10:01:21 --> Total execution time: 0.0455
DEBUG - 2020-12-20 10:18:18 --> UTF-8 Support Enabled
DEBUG - 2020-12-20 10:18:18 --> No URI present. Default controller set.
DEBUG - 2020-12-20 10:18:18 --> Global POST, GET and COOKIE data sanitized
DEBUG - 2020-12-20 10:18:18 --> Encryption: Auto-configured driver 'openssl'.
DEBUG - 2020-12-20 10:18:18 --> Total execution time: 0.0496
DEBUG - 2020-12-20 10:18:30 --> UTF-8 Support Enabled
DEBUG - 2020-12-20 10:18:30 --> Global POST, GET and COOKIE data sanitized
ERROR - 2020-12-20 10:18:30 --> 404 Page Not Found: Cpanel/index
DEBUG - 2020-12-20 10:19:09 --> UTF-8 Support Enabled
DEBUG - 2020-12-20 10:19:09 --> No URI present. Default controller set.
DEBUG - 2020-12-20 10:19:09 --> Global POST, GET and COOKIE data sanitized
DEBUG - 2020-12-20 10:19:09 --> Encryption: Auto-configured driver 'openssl'.
DEBUG - 2020-12-20 10:19:10 --> Total execution time: 0.0521
DEBUG - 2020-12-20 10:19:24 --> UTF-8 Support Enabled
DEBUG - 2020-12-20 10:19:24 --> Global POST, GET and COOKIE data sanitized
ERROR - 2020-12-20 10:19:24 --> 404 Page Not Found: Cpanel/index
DEBUG - 2020-12-20 10:19:53 --> UTF-8 Support Enabled
DEBUG - 2020-12-20 10:19:53 --> No URI present. Default controller set.
DEBUG - 2020-12-20 10:19:53 --> Global POST, GET and COOKIE data sanitized
DEBUG - 2020-12-20 10:19:53 --> Encryption: Auto-configured driver 'openssl'.
DEBUG - 2020-12-20 10:19:53 --> Total execution time: 0.0595
DEBUG - 2020-12-20 10:19:59 --> UTF-8 Support Enabled
DEBUG - 2020-12-20 10:19:59 --> Global POST, GET and COOKIE data sanitized
DEBUG - 2020-12-20 10:19:59 --> Encryption: Auto-configured driver 'openssl'.
DEBUG - 2020-12-20 10:19:59 --> Total execution time: 0.0316
DEBUG - 2020-12-20 10:20:06 --> UTF-8 Support Enabled
DEBUG - 2020-12-20 10:20:06 --> Global POST, GET and COOKIE data sanitized
DEBUG - 2020-12-20 10:20:07 --> Encryption: Auto-configured driver 'openssl'.
DEBUG - 2020-12-20 10:20:07 --> UTF-8 Support Enabled
DEBUG - 2020-12-20 10:20:07 --> Global POST, GET and COOKIE data sanitized
DEBUG - 2020-12-20 10:20:07 --> Encryption: Auto-configured driver 'openssl'.
DEBUG - 2020-12-20 10:20:07 --> Total execution time: 0.0329
DEBUG - 2020-12-20 10:20:15 --> UTF-8 Support Enabled
DEBUG - 2020-12-20 10:20:15 --> Global POST, GET and COOKIE data sanitized
DEBUG - 2020-12-20 10:20:15 --> Encryption: Auto-configured driver 'openssl'.
DEBUG - 2020-12-20 10:20:16 --> UTF-8 Support Enabled
DEBUG - 2020-12-20 10:20:16 --> Global POST, GET and COOKIE data sanitized
DEBUG - 2020-12-20 10:20:16 --> Encryption: Auto-configured driver 'openssl'.
DEBUG - 2020-12-20 10:20:16 --> Total execution time: 0.0547
DEBUG - 2020-12-20 10:21:01 --> UTF-8 Support Enabled
DEBUG - 2020-12-20 10:21:01 --> Global POST, GET and COOKIE data sanitized
DEBUG - 2020-12-20 10:21:01 --> Encryption: Auto-configured driver 'openssl'.
DEBUG - 2020-12-20 10:21:02 --> Total execution time: 0.0472
DEBUG - 2020-12-20 10:21:04 --> UTF-8 Support Enabled
DEBUG - 2020-12-20 10:21:04 --> Global POST, GET and COOKIE data sanitized
DEBUG - 2020-12-20 10:21:04 --> Encryption: Auto-configured driver 'openssl'.
DEBUG - 2020-12-20 10:21:04 --> Total execution time: 0.0462
DEBUG - 2020-12-20 10:25:10 --> UTF-8 Support Enabled
DEBUG - 2020-12-20 10:25:10 --> Global POST, GET and COOKIE data sanitized
DEBUG - 2020-12-20 10:25:10 --> Encryption: Auto-configured driver 'openssl'.
DEBUG - 2020-12-20 10:25:10 --> Total execution time: 0.0399
DEBUG - 2020-12-20 10:25:39 --> UTF-8 Support Enabled
DEBUG - 2020-12-20 10:25:39 --> Global POST, GET and COOKIE data sanitized
DEBUG - 2020-12-20 10:25:39 --> Encryption: Auto-configured driver 'openssl'.
DEBUG - 2020-12-20 10:25:39 --> Total execution time: 0.0352
DEBUG - 2020-12-20 10:28:34 --> UTF-8 Support Enabled
DEBUG - 2020-12-20 10:28:34 --> Global POST, GET and COOKIE data sanitized
DEBUG - 2020-12-20 10:28:34 --> Encryption: Auto-configured driver 'openssl'.
DEBUG - 2020-12-20 10:28:34 --> Total execution time: 0.0380
DEBUG - 2020-12-20 10:28:37 --> UTF-8 Support Enabled
DEBUG - 2020-12-20 10:28:37 --> Global POST, GET and COOKIE data sanitized
DEBUG - 2020-12-20 10:28:37 --> Encryption: Auto-configured driver 'openssl'.
DEBUG - 2020-12-20 10:28:37 --> Total execution time: 0.0378
DEBUG - 2020-12-20 10:28:46 --> UTF-8 Support Enabled
DEBUG - 2020-12-20 10:28:46 --> Global POST, GET and COOKIE data sanitized
DEBUG - 2020-12-20 10:28:46 --> Encryption: Auto-configured driver 'openssl'.
DEBUG - 2020-12-20 10:28:46 --> Total execution time: 0.0508
DEBUG - 2020-12-20 10:28:50 --> UTF-8 Support Enabled
DEBUG - 2020-12-20 10:28:50 --> Global POST, GET and COOKIE data sanitized
DEBUG - 2020-12-20 10:28:50 --> Encryption: Auto-configured driver 'openssl'.
DEBUG - 2020-12-20 10:28:50 --> Total execution time: 0.0389
DEBUG - 2020-12-20 10:29:07 --> UTF-8 Support Enabled
DEBUG - 2020-12-20 10:29:07 --> Global POST, GET and COOKIE data sanitized
DEBUG - 2020-12-20 10:29:07 --> Encryption: Auto-configured driver 'openssl'.
DEBUG - 2020-12-20 10:29:07 --> Total execution time: 0.0655
DEBUG - 2020-12-20 10:29:14 --> UTF-8 Support Enabled
DEBUG - 2020-12-20 10:29:14 --> Global POST, GET and COOKIE data sanitized
DEBUG - 2020-12-20 10:29:14 --> Encryption: Auto-configured driver 'openssl'.
DEBUG - 2020-12-20 10:29:14 --> Total execution time: 0.0424
DEBUG - 2020-12-20 10:29:31 --> UTF-8 Support Enabled
DEBUG - 2020-12-20 10:29:31 --> Global POST, GET and COOKIE data sanitized
DEBUG - 2020-12-20 10:29:31 --> Encryption: Auto-configured driver 'openssl'.
DEBUG - 2020-12-20 10:29:31 --> Total execution time: 0.0373
DEBUG - 2020-12-20 10:29:41 --> UTF-8 Support Enabled
DEBUG - 2020-12-20 10:29:41 --> Global POST, GET and COOKIE data sanitized
DEBUG - 2020-12-20 10:29:41 --> Encryption: Auto-configured driver 'openssl'.
DEBUG - 2020-12-20 10:29:41 --> Total execution time: 0.0368
DEBUG - 2020-12-20 10:30:20 --> UTF-8 Support Enabled
DEBUG - 2020-12-20 10:30:20 --> Global POST, GET and COOKIE data sanitized
DEBUG - 2020-12-20 10:30:20 --> Encryption: Auto-configured driver 'openssl'.
DEBUG - 2020-12-20 10:30:20 --> Total execution time: 0.0401
DEBUG - 2020-12-20 10:30:25 --> UTF-8 Support Enabled
DEBUG - 2020-12-20 10:30:25 --> Global POST, GET and COOKIE data sanitized
DEBUG - 2020-12-20 10:30:25 --> Encryption: Auto-configured driver 'openssl'.
DEBUG - 2020-12-20 10:30:25 --> Total execution time: 0.0477
DEBUG - 2020-12-20 10:30:40 --> UTF-8 Support Enabled
DEBUG - 2020-12-20 10:30:40 --> Global POST, GET and COOKIE data sanitized
DEBUG - 2020-12-20 10:30:40 --> Encryption: Auto-configured driver 'openssl'.
DEBUG - 2020-12-20 10:30:40 --> Total execution time: 0.0404
DEBUG - 2020-12-20 10:30:52 --> UTF-8 Support Enabled
DEBUG - 2020-12-20 10:30:52 --> Global POST, GET and COOKIE data sanitized
DEBUG - 2020-12-20 10:30:52 --> Encryption: Auto-configured driver 'openssl'.
DEBUG - 2020-12-20 10:30:52 --> Total execution time: 0.0435
DEBUG - 2020-12-20 10:30:58 --> UTF-8 Support Enabled
DEBUG - 2020-12-20 10:30:58 --> Global POST, GET and COOKIE data sanitized
DEBUG - 2020-12-20 10:30:58 --> Encryption: Auto-configured driver 'openssl'.
DEBUG - 2020-12-20 10:30:58 --> Total execution time: 0.0408
DEBUG - 2020-12-20 10:32:41 --> UTF-8 Support Enabled
DEBUG - 2020-12-20 10:32:41 --> Global POST, GET and COOKIE data sanitized
DEBUG - 2020-12-20 10:32:41 --> Encryption: Auto-configured driver 'openssl'.
DEBUG - 2020-12-20 10:32:41 --> Total execution time: 0.0353
DEBUG - 2020-12-20 10:32:58 --> UTF-8 Support Enabled
DEBUG - 2020-12-20 10:32:58 --> Global POST, GET and COOKIE data sanitized
DEBUG - 2020-12-20 10:32:58 --> Encryption: Auto-configured driver 'openssl'.
DEBUG - 2020-12-20 10:32:58 --> Total execution time: 0.0364
DEBUG - 2020-12-20 10:33:53 --> UTF-8 Support Enabled
DEBUG - 2020-12-20 10:33:53 --> Global POST, GET and COOKIE data sanitized
DEBUG - 2020-12-20 10:33:53 --> Encryption: Auto-configured driver 'openssl'.
DEBUG - 2020-12-20 10:33:53 --> Total execution time: 0.0342
DEBUG - 2020-12-20 10:36:14 --> UTF-8 Support Enabled
DEBUG - 2020-12-20 10:36:14 --> Global POST, GET and COOKIE data sanitized
DEBUG - 2020-12-20 10:36:15 --> Encryption: Auto-configured driver 'openssl'.
DEBUG - 2020-12-20 10:36:15 --> Total execution time: 0.0408
DEBUG - 2020-12-20 10:36:20 --> UTF-8 Support Enabled
DEBUG - 2020-12-20 10:36:20 --> Global POST, GET and COOKIE data sanitized
DEBUG - 2020-12-20 10:36:20 --> Encryption: Auto-configured driver 'openssl'.
DEBUG - 2020-12-20 10:36:20 --> Total execution time: 0.0348
DEBUG - 2020-12-20 10:40:53 --> UTF-8 Support Enabled
DEBUG - 2020-12-20 10:40:53 --> Global POST, GET and COOKIE data sanitized
DEBUG - 2020-12-20 10:40:53 --> Encryption: Auto-configured driver 'openssl'.
ERROR - 2020-12-20 10:40:53 --> Severity: error --> Exception: syntax error, unexpected 'public' (T_PUBLIC), expecting end of file /home1/developmentconso/public_html/hakibah/public/pages/panel.php 2
DEBUG - 2020-12-20 10:41:14 --> UTF-8 Support Enabled
DEBUG - 2020-12-20 10:41:14 --> Global POST, GET and COOKIE data sanitized
DEBUG - 2020-12-20 10:41:14 --> Encryption: Auto-configured driver 'openssl'.
DEBUG - 2020-12-20 10:41:14 --> Total execution time: 0.0374
DEBUG - 2020-12-20 10:41:57 --> UTF-8 Support Enabled
DEBUG - 2020-12-20 10:41:57 --> Global POST, GET and COOKIE data sanitized
DEBUG - 2020-12-20 10:41:57 --> Encryption: Auto-configured driver 'openssl'.
DEBUG - 2020-12-20 10:41:57 --> Total execution time: 0.0503
DEBUG - 2020-12-20 10:42:00 --> UTF-8 Support Enabled
DEBUG - 2020-12-20 10:42:00 --> Global POST, GET and COOKIE data sanitized
DEBUG - 2020-12-20 10:42:00 --> Encryption: Auto-configured driver 'openssl'.
DEBUG - 2020-12-20 10:42:00 --> Total execution time: 0.0394
DEBUG - 2020-12-20 10:42:11 --> UTF-8 Support Enabled
DEBUG - 2020-12-20 10:42:11 --> Global POST, GET and COOKIE data sanitized
DEBUG - 2020-12-20 10:42:11 --> Encryption: Auto-configured driver 'openssl'.
DEBUG - 2020-12-20 10:42:11 --> Total execution time: 0.0378
DEBUG - 2020-12-20 10:42:51 --> UTF-8 Support Enabled
DEBUG - 2020-12-20 10:42:51 --> Global POST, GET and COOKIE data sanitized
DEBUG - 2020-12-20 10:42:51 --> Encryption: Auto-configured driver 'openssl'.
DEBUG - 2020-12-20 10:42:51 --> Total execution time: 0.0421
DEBUG - 2020-12-20 10:43:18 --> UTF-8 Support Enabled
DEBUG - 2020-12-20 10:43:18 --> Global POST, GET and COOKIE data sanitized
DEBUG - 2020-12-20 10:43:18 --> Encryption: Auto-configured driver 'openssl'.
DEBUG - 2020-12-20 10:43:18 --> Total execution time: 0.0411
DEBUG - 2020-12-20 10:43:48 --> UTF-8 Support Enabled
DEBUG - 2020-12-20 10:43:48 --> Global POST, GET and COOKIE data sanitized
DEBUG - 2020-12-20 10:43:48 --> Encryption: Auto-configured driver 'openssl'.
DEBUG - 2020-12-20 10:43:48 --> Total execution time: 0.0358
DEBUG - 2020-12-20 10:44:08 --> UTF-8 Support Enabled
DEBUG - 2020-12-20 10:44:08 --> Global POST, GET and COOKIE data sanitized
DEBUG - 2020-12-20 10:44:08 --> Encryption: Auto-configured driver 'openssl'.
DEBUG - 2020-12-20 10:44:08 --> Total execution time: 0.0354
DEBUG - 2020-12-20 10:44:20 --> UTF-8 Support Enabled
DEBUG - 2020-12-20 10:44:20 --> Global POST, GET and COOKIE data sanitized
DEBUG - 2020-12-20 10:44:20 --> Encryption: Auto-configured driver 'openssl'.
DEBUG - 2020-12-20 10:44:20 --> Total execution time: 0.0448
DEBUG - 2020-12-20 10:44:26 --> UTF-8 Support Enabled
DEBUG - 2020-12-20 10:44:26 --> Global POST, GET and COOKIE data sanitized
DEBUG - 2020-12-20 10:44:26 --> Encryption: Auto-configured driver 'openssl'.
DEBUG - 2020-12-20 10:44:26 --> Total execution time: 0.0395
DEBUG - 2020-12-20 10:44:34 --> UTF-8 Support Enabled
DEBUG - 2020-12-20 10:44:34 --> Global POST, GET and COOKIE data sanitized
DEBUG - 2020-12-20 10:44:34 --> Encryption: Auto-configured driver 'openssl'.
DEBUG - 2020-12-20 10:44:34 --> Total execution time: 0.0516
DEBUG - 2020-12-20 10:44:37 --> UTF-8 Support Enabled
DEBUG - 2020-12-20 10:44:37 --> Global POST, GET and COOKIE data sanitized
DEBUG - 2020-12-20 10:44:37 --> Encryption: Auto-configured driver 'openssl'.
DEBUG - 2020-12-20 10:44:37 --> Total execution time: 0.0355
DEBUG - 2020-12-20 10:44:40 --> UTF-8 Support Enabled
DEBUG - 2020-12-20 10:44:40 --> Global POST, GET and COOKIE data sanitized
DEBUG - 2020-12-20 10:44:40 --> Encryption: Auto-configured driver 'openssl'.
DEBUG - 2020-12-20 10:44:40 --> Total execution time: 0.0382
DEBUG - 2020-12-20 10:45:15 --> UTF-8 Support Enabled
DEBUG - 2020-12-20 10:45:15 --> Global POST, GET and COOKIE data sanitized
DEBUG - 2020-12-20 10:45:15 --> Encryption: Auto-configured driver 'openssl'.
DEBUG - 2020-12-20 10:45:15 --> Total execution time: 0.0400
DEBUG - 2020-12-20 10:45:26 --> UTF-8 Support Enabled
DEBUG - 2020-12-20 10:45:26 --> Global POST, GET and COOKIE data sanitized
DEBUG - 2020-12-20 10:45:26 --> Encryption: Auto-configured driver 'openssl'.
DEBUG - 2020-12-20 10:45:26 --> Total execution time: 0.0374
DEBUG - 2020-12-20 10:46:20 --> UTF-8 Support Enabled
DEBUG - 2020-12-20 10:46:20 --> Global POST, GET and COOKIE data sanitized
ERROR - 2020-12-20 10:46:20 --> 404 Page Not Found: Upload-testphp/index
DEBUG - 2020-12-20 10:46:23 --> UTF-8 Support Enabled
DEBUG - 2020-12-20 10:46:23 --> Global POST, GET and COOKIE data sanitized
ERROR - 2020-12-20 10:46:23 --> 404 Page Not Found: Upload-test/index
DEBUG - 2020-12-20 10:46:29 --> UTF-8 Support Enabled
DEBUG - 2020-12-20 10:46:29 --> Global POST, GET and COOKIE data sanitized
DEBUG - 2020-12-20 10:46:29 --> Encryption: Auto-configured driver 'openssl'.
DEBUG - 2020-12-20 10:46:29 --> Total execution time: 0.0371
DEBUG - 2020-12-20 10:47:05 --> UTF-8 Support Enabled
DEBUG - 2020-12-20 10:47:05 --> Global POST, GET and COOKIE data sanitized
ERROR - 2020-12-20 10:47:05 --> 404 Page Not Found: Upload-test/index
DEBUG - 2020-12-20 10:47:09 --> UTF-8 Support Enabled
DEBUG - 2020-12-20 10:47:09 --> Global POST, GET and COOKIE data sanitized
DEBUG - 2020-12-20 10:47:09 --> Encryption: Auto-configured driver 'openssl'.
DEBUG - 2020-12-20 10:47:09 --> Total execution time: 0.0389
DEBUG - 2020-12-20 10:47:23 --> UTF-8 Support Enabled
DEBUG - 2020-12-20 10:47:23 --> Global POST, GET and COOKIE data sanitized
DEBUG - 2020-12-20 10:47:23 --> Encryption: Auto-configured driver 'openssl'.
DEBUG - 2020-12-20 10:47:23 --> Total execution time: 0.0432
DEBUG - 2020-12-20 10:47:25 --> UTF-8 Support Enabled
DEBUG - 2020-12-20 10:47:25 --> Global POST, GET and COOKIE data sanitized
DEBUG - 2020-12-20 10:47:25 --> Encryption: Auto-configured driver 'openssl'.
DEBUG - 2020-12-20 10:47:25 --> Total execution time: 0.0397
DEBUG - 2020-12-20 10:49:37 --> UTF-8 Support Enabled
DEBUG - 2020-12-20 10:49:37 --> Global POST, GET and COOKIE data sanitized
DEBUG - 2020-12-20 10:49:37 --> Encryption: Auto-configured driver 'openssl'.
DEBUG - 2020-12-20 10:49:37 --> Total execution time: 0.0386
DEBUG - 2020-12-20 10:49:41 --> UTF-8 Support Enabled
DEBUG - 2020-12-20 10:49:41 --> Global POST, GET and COOKIE data sanitized
DEBUG - 2020-12-20 10:49:41 --> Encryption: Auto-configured driver 'openssl'.
DEBUG - 2020-12-20 10:49:41 --> Total execution time: 0.0367
DEBUG - 2020-12-20 10:49:44 --> UTF-8 Support Enabled
DEBUG - 2020-12-20 10:49:44 --> Global POST, GET and COOKIE data sanitized
DEBUG - 2020-12-20 10:49:44 --> Encryption: Auto-configured driver 'openssl'.
DEBUG - 2020-12-20 10:49:44 --> Total execution time: 0.0382
DEBUG - 2020-12-20 10:49:48 --> UTF-8 Support Enabled
DEBUG - 2020-12-20 10:49:48 --> Global POST, GET and COOKIE data sanitized
DEBUG - 2020-12-20 10:49:48 --> Encryption: Auto-configured driver 'openssl'.
DEBUG - 2020-12-20 10:49:48 --> Total execution time: 0.0433
DEBUG - 2020-12-20 10:49:51 --> UTF-8 Support Enabled
DEBUG - 2020-12-20 10:49:51 --> Global POST, GET and COOKIE data sanitized
DEBUG - 2020-12-20 10:49:51 --> Encryption: Auto-configured driver 'openssl'.
DEBUG - 2020-12-20 10:49:51 --> Total execution time: 0.0371
DEBUG - 2020-12-20 10:49:56 --> UTF-8 Support Enabled
DEBUG - 2020-12-20 10:49:56 --> Global POST, GET and COOKIE data sanitized
DEBUG - 2020-12-20 10:49:56 --> Encryption: Auto-configured driver 'openssl'.
DEBUG - 2020-12-20 10:49:56 --> Total execution time: 0.0461
DEBUG - 2020-12-20 10:49:58 --> UTF-8 Support Enabled
DEBUG - 2020-12-20 10:49:58 --> Global POST, GET and COOKIE data sanitized
DEBUG - 2020-12-20 10:49:58 --> Encryption: Auto-configured driver 'openssl'.
DEBUG - 2020-12-20 10:49:58 --> Total execution time: 0.0347
DEBUG - 2020-12-20 10:50:05 --> UTF-8 Support Enabled
DEBUG - 2020-12-20 10:50:05 --> Global POST, GET and COOKIE data sanitized
DEBUG - 2020-12-20 10:50:05 --> Encryption: Auto-configured driver 'openssl'.
DEBUG - 2020-12-20 10:50:05 --> Total execution time: 0.0352
DEBUG - 2020-12-20 10:51:05 --> UTF-8 Support Enabled
DEBUG - 2020-12-20 10:51:05 --> Global POST, GET and COOKIE data sanitized
DEBUG - 2020-12-20 10:51:05 --> Encryption: Auto-configured driver 'openssl'.
DEBUG - 2020-12-20 10:51:05 --> Total execution time: 0.0417
DEBUG - 2020-12-20 10:51:28 --> UTF-8 Support Enabled
DEBUG - 2020-12-20 10:51:28 --> Global POST, GET and COOKIE data sanitized
DEBUG - 2020-12-20 10:51:28 --> Encryption: Auto-configured driver 'openssl'.
DEBUG - 2020-12-20 10:51:28 --> Total execution time: 0.0459
DEBUG - 2020-12-20 10:51:44 --> UTF-8 Support Enabled
DEBUG - 2020-12-20 10:51:44 --> Global POST, GET and COOKIE data sanitized
DEBUG - 2020-12-20 10:51:44 --> Encryption: Auto-configured driver 'openssl'.
DEBUG - 2020-12-20 10:51:44 --> Total execution time: 0.0351
DEBUG - 2020-12-20 10:52:04 --> UTF-8 Support Enabled
DEBUG - 2020-12-20 10:52:04 --> Global POST, GET and COOKIE data sanitized
DEBUG - 2020-12-20 10:52:04 --> Encryption: Auto-configured driver 'openssl'.
DEBUG - 2020-12-20 10:52:04 --> Total execution time: 0.0380
DEBUG - 2020-12-20 10:52:59 --> UTF-8 Support Enabled
DEBUG - 2020-12-20 10:52:59 --> Global POST, GET and COOKIE data sanitized
DEBUG - 2020-12-20 10:52:59 --> Encryption: Auto-configured driver 'openssl'.
DEBUG - 2020-12-20 10:52:59 --> Total execution time: 0.0387
DEBUG - 2020-12-20 10:53:02 --> UTF-8 Support Enabled
DEBUG - 2020-12-20 10:53:02 --> Global POST, GET and COOKIE data sanitized
DEBUG - 2020-12-20 10:53:02 --> Encryption: Auto-configured driver 'openssl'.
DEBUG - 2020-12-20 10:53:02 --> Total execution time: 0.0459
DEBUG - 2020-12-20 10:53:06 --> UTF-8 Support Enabled
DEBUG - 2020-12-20 10:53:06 --> Global POST, GET and COOKIE data sanitized
DEBUG - 2020-12-20 10:53:06 --> Encryption: Auto-configured driver 'openssl'.
DEBUG - 2020-12-20 10:53:06 --> Total execution time: 0.0536
DEBUG - 2020-12-20 10:53:25 --> UTF-8 Support Enabled
DEBUG - 2020-12-20 10:53:25 --> Global POST, GET and COOKIE data sanitized
DEBUG - 2020-12-20 10:53:25 --> Encryption: Auto-configured driver 'openssl'.
DEBUG - 2020-12-20 10:53:25 --> Total execution time: 0.0383
DEBUG - 2020-12-20 10:53:29 --> UTF-8 Support Enabled
DEBUG - 2020-12-20 10:53:29 --> Global POST, GET and COOKIE data sanitized
DEBUG - 2020-12-20 10:53:29 --> Encryption: Auto-configured driver 'openssl'.
DEBUG - 2020-12-20 10:53:29 --> Total execution time: 0.0447
DEBUG - 2020-12-20 10:53:35 --> UTF-8 Support Enabled
DEBUG - 2020-12-20 10:53:35 --> Global POST, GET and COOKIE data sanitized
ERROR - 2020-12-20 10:53:35 --> 404 Page Not Found: User/view_user
DEBUG - 2020-12-20 10:53:37 --> UTF-8 Support Enabled
DEBUG - 2020-12-20 10:53:37 --> Global POST, GET and COOKIE data sanitized
DEBUG - 2020-12-20 10:53:37 --> Encryption: Auto-configured driver 'openssl'.
DEBUG - 2020-12-20 10:53:37 --> Total execution time: 0.0359
DEBUG - 2020-12-20 10:54:49 --> UTF-8 Support Enabled
DEBUG - 2020-12-20 10:54:49 --> Global POST, GET and COOKIE data sanitized
DEBUG - 2020-12-20 10:54:49 --> Encryption: Auto-configured driver 'openssl'.
DEBUG - 2020-12-20 10:54:49 --> Total execution time: 0.0406
DEBUG - 2020-12-20 10:54:57 --> UTF-8 Support Enabled
DEBUG - 2020-12-20 10:54:57 --> Global POST, GET and COOKIE data sanitized
DEBUG - 2020-12-20 10:54:57 --> Encryption: Auto-configured driver 'openssl'.
DEBUG - 2020-12-20 10:54:57 --> Total execution time: 0.0457
DEBUG - 2020-12-20 10:55:01 --> UTF-8 Support Enabled
DEBUG - 2020-12-20 10:55:01 --> Global POST, GET and COOKIE data sanitized
DEBUG - 2020-12-20 10:55:01 --> Encryption: Auto-configured driver 'openssl'.
DEBUG - 2020-12-20 10:55:01 --> Total execution time: 0.0368
DEBUG - 2020-12-20 10:55:06 --> UTF-8 Support Enabled
DEBUG - 2020-12-20 10:55:06 --> Global POST, GET and COOKIE data sanitized
DEBUG - 2020-12-20 10:55:06 --> Encryption: Auto-configured driver 'openssl'.
DEBUG - 2020-12-20 10:55:06 --> Total execution time: 0.0355
DEBUG - 2020-12-20 10:55:10 --> UTF-8 Support Enabled
DEBUG - 2020-12-20 10:55:10 --> Global POST, GET and COOKIE data sanitized
DEBUG - 2020-12-20 10:55:10 --> Encryption: Auto-configured driver 'openssl'.
DEBUG - 2020-12-20 10:55:10 --> Total execution time: 0.0368
DEBUG - 2020-12-20 10:55:14 --> UTF-8 Support Enabled
DEBUG - 2020-12-20 10:55:14 --> Global POST, GET and COOKIE data sanitized
DEBUG - 2020-12-20 10:55:14 --> Encryption: Auto-configured driver 'openssl'.
DEBUG - 2020-12-20 10:55:14 --> Total execution time: 0.0380
DEBUG - 2020-12-20 10:55:31 --> UTF-8 Support Enabled
DEBUG - 2020-12-20 10:55:31 --> Global POST, GET and COOKIE data sanitized
DEBUG - 2020-12-20 10:55:31 --> Encryption: Auto-configured driver 'openssl'.
DEBUG - 2020-12-20 10:55:31 --> Total execution time: 0.0424
DEBUG - 2020-12-20 10:55:44 --> UTF-8 Support Enabled
DEBUG - 2020-12-20 10:55:44 --> Global POST, GET and COOKIE data sanitized
DEBUG - 2020-12-20 10:55:44 --> Encryption: Auto-configured driver 'openssl'.
DEBUG - 2020-12-20 10:55:44 --> Total execution time: 0.0363
DEBUG - 2020-12-20 10:55:53 --> UTF-8 Support Enabled
DEBUG - 2020-12-20 10:55:53 --> Global POST, GET and COOKIE data sanitized
DEBUG - 2020-12-20 10:55:53 --> Encryption: Auto-configured driver 'openssl'.
DEBUG - 2020-12-20 10:55:53 --> Total execution time: 0.0391
DEBUG - 2020-12-20 10:56:11 --> UTF-8 Support Enabled
DEBUG - 2020-12-20 10:56:11 --> Global POST, GET and COOKIE data sanitized
DEBUG - 2020-12-20 10:56:11 --> Encryption: Auto-configured driver 'openssl'.
DEBUG - 2020-12-20 10:56:11 --> Total execution time: 0.0370
DEBUG - 2020-12-20 10:56:43 --> UTF-8 Support Enabled
DEBUG - 2020-12-20 10:56:43 --> No URI present. Default controller set.
DEBUG - 2020-12-20 10:56:43 --> Global POST, GET and COOKIE data sanitized
DEBUG - 2020-12-20 10:56:43 --> Encryption: Auto-configured driver 'openssl'.
DEBUG - 2020-12-20 10:56:44 --> UTF-8 Support Enabled
DEBUG - 2020-12-20 10:56:44 --> Global POST, GET and COOKIE data sanitized
DEBUG - 2020-12-20 10:56:44 --> Encryption: Auto-configured driver 'openssl'.
DEBUG - 2020-12-20 10:56:44 --> Total execution time: 0.0381
DEBUG - 2020-12-20 10:56:57 --> UTF-8 Support Enabled
DEBUG - 2020-12-20 10:56:57 --> Global POST, GET and COOKIE data sanitized
DEBUG - 2020-12-20 10:56:57 --> Encryption: Auto-configured driver 'openssl'.
DEBUG - 2020-12-20 10:56:57 --> Total execution time: 0.0481
DEBUG - 2020-12-20 10:57:20 --> UTF-8 Support Enabled
DEBUG - 2020-12-20 10:57:20 --> Global POST, GET and COOKIE data sanitized
DEBUG - 2020-12-20 10:57:20 --> Encryption: Auto-configured driver 'openssl'.
DEBUG - 2020-12-20 10:57:20 --> Total execution time: 0.0368
DEBUG - 2020-12-20 10:57:27 --> UTF-8 Support Enabled
DEBUG - 2020-12-20 10:57:27 --> Global POST, GET and COOKIE data sanitized
DEBUG - 2020-12-20 10:57:27 --> Encryption: Auto-configured driver 'openssl'.
DEBUG - 2020-12-20 10:57:27 --> Total execution time: 0.0400
DEBUG - 2020-12-20 10:57:38 --> UTF-8 Support Enabled
DEBUG - 2020-12-20 10:57:38 --> Global POST, GET and COOKIE data sanitized
DEBUG - 2020-12-20 10:57:38 --> Encryption: Auto-configured driver 'openssl'.
DEBUG - 2020-12-20 10:57:38 --> Total execution time: 0.0407
DEBUG - 2020-12-20 10:57:51 --> UTF-8 Support Enabled
DEBUG - 2020-12-20 10:57:51 --> No URI present. Default controller set.
DEBUG - 2020-12-20 10:57:51 --> Global POST, GET and COOKIE data sanitized
DEBUG - 2020-12-20 10:57:51 --> Encryption: Auto-configured driver 'openssl'.
DEBUG - 2020-12-20 10:57:52 --> UTF-8 Support Enabled
DEBUG - 2020-12-20 10:57:52 --> Global POST, GET and COOKIE data sanitized
DEBUG - 2020-12-20 10:57:52 --> Encryption: Auto-configured driver 'openssl'.
DEBUG - 2020-12-20 10:57:52 --> Total execution time: 0.0364
DEBUG - 2020-12-20 10:58:16 --> UTF-8 Support Enabled
DEBUG - 2020-12-20 10:58:16 --> Global POST, GET and COOKIE data sanitized
DEBUG - 2020-12-20 10:58:16 --> Encryption: Auto-configured driver 'openssl'.
DEBUG - 2020-12-20 10:58:16 --> Total execution time: 0.0376
DEBUG - 2020-12-20 10:58:25 --> UTF-8 Support Enabled
DEBUG - 2020-12-20 10:58:25 --> Global POST, GET and COOKIE data sanitized
DEBUG - 2020-12-20 10:58:25 --> Encryption: Auto-configured driver 'openssl'.
DEBUG - 2020-12-20 10:58:25 --> Total execution time: 0.0371
DEBUG - 2020-12-20 10:58:30 --> UTF-8 Support Enabled
DEBUG - 2020-12-20 10:58:30 --> Global POST, GET and COOKIE data sanitized
DEBUG - 2020-12-20 10:58:30 --> Encryption: Auto-configured driver 'openssl'.
DEBUG - 2020-12-20 10:58:30 --> Total execution time: 0.0377
DEBUG - 2020-12-20 10:58:49 --> UTF-8 Support Enabled
DEBUG - 2020-12-20 10:58:49 --> Global POST, GET and COOKIE data sanitized
ERROR - 2020-12-20 10:58:49 --> 404 Page Not Found: Home/index
DEBUG - 2020-12-20 10:58:51 --> UTF-8 Support Enabled
DEBUG - 2020-12-20 10:58:51 --> Global POST, GET and COOKIE data sanitized
DEBUG - 2020-12-20 10:58:51 --> Encryption: Auto-configured driver 'openssl'.
DEBUG - 2020-12-20 10:58:51 --> Total execution time: 0.0353
DEBUG - 2020-12-20 11:09:34 --> UTF-8 Support Enabled
DEBUG - 2020-12-20 11:09:34 --> Global POST, GET and COOKIE data sanitized
DEBUG - 2020-12-20 11:09:34 --> Encryption: Auto-configured driver 'openssl'.
DEBUG - 2020-12-20 11:09:34 --> Total execution time: 0.0449
DEBUG - 2020-12-20 11:09:59 --> UTF-8 Support Enabled
DEBUG - 2020-12-20 11:09:59 --> Global POST, GET and COOKIE data sanitized
DEBUG - 2020-12-20 11:09:59 --> Encryption: Auto-configured driver 'openssl'.
DEBUG - 2020-12-20 11:09:59 --> Total execution time: 0.0428
DEBUG - 2020-12-20 11:10:04 --> UTF-8 Support Enabled
DEBUG - 2020-12-20 11:10:04 --> Global POST, GET and COOKIE data sanitized
DEBUG - 2020-12-20 11:10:04 --> Encryption: Auto-configured driver 'openssl'.
DEBUG - 2020-12-20 11:10:04 --> Total execution time: 0.0430
DEBUG - 2020-12-20 11:10:08 --> UTF-8 Support Enabled
DEBUG - 2020-12-20 11:10:08 --> Global POST, GET and COOKIE data sanitized
DEBUG - 2020-12-20 11:10:08 --> Encryption: Auto-configured driver 'openssl'.
DEBUG - 2020-12-20 11:10:08 --> Total execution time: 0.0404
DEBUG - 2020-12-20 11:10:21 --> UTF-8 Support Enabled
DEBUG - 2020-12-20 11:10:21 --> Global POST, GET and COOKIE data sanitized
DEBUG - 2020-12-20 11:10:21 --> Encryption: Auto-configured driver 'openssl'.
DEBUG - 2020-12-20 11:10:21 --> Total execution time: 0.0376
DEBUG - 2020-12-20 11:10:35 --> UTF-8 Support Enabled
DEBUG - 2020-12-20 11:10:35 --> Global POST, GET and COOKIE data sanitized
DEBUG - 2020-12-20 11:10:35 --> Encryption: Auto-configured driver 'openssl'.
DEBUG - 2020-12-20 11:10:35 --> Total execution time: 0.0431
DEBUG - 2020-12-20 11:10:41 --> UTF-8 Support Enabled
DEBUG - 2020-12-20 11:10:41 --> Global POST, GET and COOKIE data sanitized
DEBUG - 2020-12-20 11:10:41 --> Encryption: Auto-configured driver 'openssl'.
DEBUG - 2020-12-20 11:10:41 --> Total execution time: 0.0482
DEBUG - 2020-12-20 11:10:53 --> UTF-8 Support Enabled
DEBUG - 2020-12-20 11:10:53 --> Global POST, GET and COOKIE data sanitized
DEBUG - 2020-12-20 11:10:53 --> Encryption: Auto-configured driver 'openssl'.
DEBUG - 2020-12-20 11:10:53 --> Total execution time: 0.0379
DEBUG - 2020-12-20 11:11:03 --> UTF-8 Support Enabled
DEBUG - 2020-12-20 11:11:03 --> Global POST, GET and COOKIE data sanitized
DEBUG - 2020-12-20 11:11:03 --> Encryption: Auto-configured driver 'openssl'.
DEBUG - 2020-12-20 11:11:03 --> Total execution time: 0.0369
DEBUG - 2020-12-20 11:11:23 --> UTF-8 Support Enabled
DEBUG - 2020-12-20 11:11:23 --> Global POST, GET and COOKIE data sanitized
DEBUG - 2020-12-20 11:11:23 --> Encryption: Auto-configured driver 'openssl'.
DEBUG - 2020-12-20 11:11:23 --> Total execution time: 0.0382
DEBUG - 2020-12-20 11:11:29 --> UTF-8 Support Enabled
DEBUG - 2020-12-20 11:11:29 --> Global POST, GET and COOKIE data sanitized
DEBUG - 2020-12-20 11:11:29 --> Encryption: Auto-configured driver 'openssl'.
DEBUG - 2020-12-20 11:11:29 --> Total execution time: 0.0364
DEBUG - 2020-12-20 11:11:32 --> UTF-8 Support Enabled
DEBUG - 2020-12-20 11:11:32 --> Global POST, GET and COOKIE data sanitized
DEBUG - 2020-12-20 11:11:32 --> Encryption: Auto-configured driver 'openssl'.
DEBUG - 2020-12-20 11:11:32 --> Total execution time: 0.0339
DEBUG - 2020-12-20 11:11:35 --> UTF-8 Support Enabled
DEBUG - 2020-12-20 11:11:35 --> Global POST, GET and COOKIE data sanitized
DEBUG - 2020-12-20 11:11:35 --> Encryption: Auto-configured driver 'openssl'.
DEBUG - 2020-12-20 11:11:35 --> Total execution time: 0.0524
DEBUG - 2020-12-20 11:12:09 --> UTF-8 Support Enabled
DEBUG - 2020-12-20 11:12:09 --> Global POST, GET and COOKIE data sanitized
DEBUG - 2020-12-20 11:12:09 --> Encryption: Auto-configured driver 'openssl'.
DEBUG - 2020-12-20 11:12:09 --> Total execution time: 0.0439
DEBUG - 2020-12-20 11:12:14 --> UTF-8 Support Enabled
DEBUG - 2020-12-20 11:12:14 --> Global POST, GET and COOKIE data sanitized
DEBUG - 2020-12-20 11:12:14 --> Encryption: Auto-configured driver 'openssl'.
DEBUG - 2020-12-20 11:12:14 --> Total execution time: 0.0392
DEBUG - 2020-12-20 11:17:51 --> UTF-8 Support Enabled
DEBUG - 2020-12-20 11:17:51 --> Global POST, GET and COOKIE data sanitized
DEBUG - 2020-12-20 11:17:51 --> Encryption: Auto-configured driver 'openssl'.
DEBUG - 2020-12-20 11:17:51 --> Total execution time: 0.0470
DEBUG - 2020-12-20 11:18:04 --> UTF-8 Support Enabled
DEBUG - 2020-12-20 11:18:04 --> Global POST, GET and COOKIE data sanitized
DEBUG - 2020-12-20 11:18:04 --> Encryption: Auto-configured driver 'openssl'.
DEBUG - 2020-12-20 11:18:04 --> Total execution time: 0.0329
DEBUG - 2020-12-20 11:18:06 --> UTF-8 Support Enabled
DEBUG - 2020-12-20 11:18:06 --> Global POST, GET and COOKIE data sanitized
DEBUG - 2020-12-20 11:18:06 --> Encryption: Auto-configured driver 'openssl'.
DEBUG - 2020-12-20 11:18:06 --> Total execution time: 0.0285
DEBUG - 2020-12-20 11:18:14 --> UTF-8 Support Enabled
DEBUG - 2020-12-20 11:18:14 --> Global POST, GET and COOKIE data sanitized
DEBUG - 2020-12-20 11:18:14 --> Encryption: Auto-configured driver 'openssl'.
DEBUG - 2020-12-20 11:18:14 --> Total execution time: 0.0289
DEBUG - 2020-12-20 11:18:16 --> UTF-8 Support Enabled
DEBUG - 2020-12-20 11:18:16 --> Global POST, GET and COOKIE data sanitized
DEBUG - 2020-12-20 11:18:16 --> Encryption: Auto-configured driver 'openssl'.
DEBUG - 2020-12-20 11:18:16 --> Total execution time: 0.0312
DEBUG - 2020-12-20 11:18:18 --> UTF-8 Support Enabled
DEBUG - 2020-12-20 11:18:18 --> Global POST, GET and COOKIE data sanitized
DEBUG - 2020-12-20 11:18:18 --> Encryption: Auto-configured driver 'openssl'.
DEBUG - 2020-12-20 11:18:18 --> Total execution time: 0.0283
DEBUG - 2020-12-20 11:18:21 --> UTF-8 Support Enabled
DEBUG - 2020-12-20 11:18:21 --> Global POST, GET and COOKIE data sanitized
DEBUG - 2020-12-20 11:18:21 --> Encryption: Auto-configured driver 'openssl'.
DEBUG - 2020-12-20 11:18:21 --> Total execution time: 0.0353
DEBUG - 2020-12-20 11:18:24 --> UTF-8 Support Enabled
DEBUG - 2020-12-20 11:18:24 --> Global POST, GET and COOKIE data sanitized
DEBUG - 2020-12-20 11:18:24 --> Encryption: Auto-configured driver 'openssl'.
DEBUG - 2020-12-20 11:18:24 --> Total execution time: 0.0290
DEBUG - 2020-12-20 11:18:44 --> UTF-8 Support Enabled
DEBUG - 2020-12-20 11:18:44 --> Global POST, GET and COOKIE data sanitized
DEBUG - 2020-12-20 11:18:44 --> Encryption: Auto-configured driver 'openssl'.
DEBUG - 2020-12-20 11:18:44 --> Total execution time: 0.0295
DEBUG - 2020-12-20 11:18:52 --> UTF-8 Support Enabled
DEBUG - 2020-12-20 11:18:52 --> Global POST, GET and COOKIE data sanitized
DEBUG - 2020-12-20 11:18:52 --> Encryption: Auto-configured driver 'openssl'.
DEBUG - 2020-12-20 11:18:52 --> Total execution time: 0.0384
DEBUG - 2020-12-20 11:19:01 --> UTF-8 Support Enabled
DEBUG - 2020-12-20 11:19:01 --> Global POST, GET and COOKIE data sanitized
DEBUG - 2020-12-20 11:19:01 --> Encryption: Auto-configured driver 'openssl'.
DEBUG - 2020-12-20 11:19:01 --> Total execution time: 0.0449
DEBUG - 2020-12-20 11:19:18 --> UTF-8 Support Enabled
DEBUG - 2020-12-20 11:19:18 --> Global POST, GET and COOKIE data sanitized
DEBUG - 2020-12-20 11:19:18 --> Encryption: Auto-configured driver 'openssl'.
DEBUG - 2020-12-20 11:19:18 --> Total execution time: 0.0636
DEBUG - 2020-12-20 11:20:16 --> UTF-8 Support Enabled
DEBUG - 2020-12-20 11:20:16 --> No URI present. Default controller set.
DEBUG - 2020-12-20 11:20:16 --> Global POST, GET and COOKIE data sanitized
DEBUG - 2020-12-20 11:20:16 --> Encryption: Auto-configured driver 'openssl'.
DEBUG - 2020-12-20 11:20:16 --> Total execution time: 0.0372
DEBUG - 2020-12-20 11:20:22 --> UTF-8 Support Enabled
DEBUG - 2020-12-20 11:20:22 --> Global POST, GET and COOKIE data sanitized
DEBUG - 2020-12-20 11:20:22 --> Encryption: Auto-configured driver 'openssl'.
DEBUG - 2020-12-20 11:20:22 --> Total execution time: 0.0361
DEBUG - 2020-12-20 11:20:32 --> UTF-8 Support Enabled
DEBUG - 2020-12-20 11:20:32 --> Global POST, GET and COOKIE data sanitized
DEBUG - 2020-12-20 11:20:32 --> Encryption: Auto-configured driver 'openssl'.
DEBUG - 2020-12-20 11:20:33 --> UTF-8 Support Enabled
DEBUG - 2020-12-20 11:20:33 --> Global POST, GET and COOKIE data sanitized
DEBUG - 2020-12-20 11:20:33 --> Encryption: Auto-configured driver 'openssl'.
DEBUG - 2020-12-20 11:20:33 --> Total execution time: 0.0414
DEBUG - 2020-12-20 11:20:55 --> UTF-8 Support Enabled
DEBUG - 2020-12-20 11:20:55 --> Global POST, GET and COOKIE data sanitized
DEBUG - 2020-12-20 11:20:55 --> Encryption: Auto-configured driver 'openssl'.
DEBUG - 2020-12-20 11:20:55 --> Total execution time: 0.0366
DEBUG - 2020-12-20 11:21:03 --> UTF-8 Support Enabled
DEBUG - 2020-12-20 11:21:03 --> Global POST, GET and COOKIE data sanitized
DEBUG - 2020-12-20 11:21:03 --> Encryption: Auto-configured driver 'openssl'.
DEBUG - 2020-12-20 11:21:03 --> Total execution time: 0.0382
DEBUG - 2020-12-20 11:21:11 --> UTF-8 Support Enabled
DEBUG - 2020-12-20 11:21:11 --> Global POST, GET and COOKIE data sanitized
DEBUG - 2020-12-20 11:21:11 --> Encryption: Auto-configured driver 'openssl'.
DEBUG - 2020-12-20 11:21:11 --> Total execution time: 0.0281
DEBUG - 2020-12-20 11:21:14 --> UTF-8 Support Enabled
DEBUG - 2020-12-20 11:21:14 --> Global POST, GET and COOKIE data sanitized
DEBUG - 2020-12-20 11:21:14 --> Encryption: Auto-configured driver 'openssl'.
DEBUG - 2020-12-20 11:21:14 --> Total execution time: 0.0286
DEBUG - 2020-12-20 11:21:17 --> UTF-8 Support Enabled
DEBUG - 2020-12-20 11:21:17 --> Global POST, GET and COOKIE data sanitized
DEBUG - 2020-12-20 11:21:17 --> Encryption: Auto-configured driver 'openssl'.
DEBUG - 2020-12-20 11:21:17 --> Total execution time: 0.0307
DEBUG - 2020-12-20 11:21:18 --> UTF-8 Support Enabled
DEBUG - 2020-12-20 11:21:18 --> Global POST, GET and COOKIE data sanitized
DEBUG - 2020-12-20 11:21:18 --> Encryption: Auto-configured driver 'openssl'.
DEBUG - 2020-12-20 11:21:18 --> Total execution time: 0.0297
DEBUG - 2020-12-20 11:21:18 --> UTF-8 Support Enabled
DEBUG - 2020-12-20 11:21:18 --> Global POST, GET and COOKIE data sanitized
DEBUG - 2020-12-20 11:21:18 --> Encryption: Auto-configured driver 'openssl'.
DEBUG - 2020-12-20 11:21:18 --> Total execution time: 0.0281
DEBUG - 2020-12-20 11:21:20 --> UTF-8 Support Enabled
DEBUG - 2020-12-20 11:21:20 --> Global POST, GET and COOKIE data sanitized
DEBUG - 2020-12-20 11:21:20 --> Encryption: Auto-configured driver 'openssl'.
DEBUG - 2020-12-20 11:21:20 --> Total execution time: 0.0319
DEBUG - 2020-12-20 11:21:26 --> UTF-8 Support Enabled
DEBUG - 2020-12-20 11:21:26 --> Global POST, GET and COOKIE data sanitized
DEBUG - 2020-12-20 11:21:26 --> Encryption: Auto-configured driver 'openssl'.
DEBUG - 2020-12-20 11:21:26 --> Total execution time: 0.0350
DEBUG - 2020-12-20 11:21:30 --> UTF-8 Support Enabled
DEBUG - 2020-12-20 11:21:30 --> Global POST, GET and COOKIE data sanitized
DEBUG - 2020-12-20 11:21:30 --> Encryption: Auto-configured driver 'openssl'.
DEBUG - 2020-12-20 11:21:30 --> Total execution time: 0.0290
DEBUG - 2020-12-20 11:23:16 --> UTF-8 Support Enabled
DEBUG - 2020-12-20 11:23:16 --> Global POST, GET and COOKIE data sanitized
DEBUG - 2020-12-20 11:23:16 --> Encryption: Auto-configured driver 'openssl'.
DEBUG - 2020-12-20 11:23:16 --> Total execution time: 0.0443
DEBUG - 2020-12-20 11:23:48 --> UTF-8 Support Enabled
DEBUG - 2020-12-20 11:23:48 --> Global POST, GET and COOKIE data sanitized
DEBUG - 2020-12-20 11:23:48 --> Encryption: Auto-configured driver 'openssl'.
DEBUG - 2020-12-20 11:23:48 --> Total execution time: 0.0386
DEBUG - 2020-12-20 11:24:00 --> UTF-8 Support Enabled
DEBUG - 2020-12-20 11:24:00 --> Global POST, GET and COOKIE data sanitized
DEBUG - 2020-12-20 11:24:00 --> Encryption: Auto-configured driver 'openssl'.
DEBUG - 2020-12-20 11:24:00 --> Total execution time: 0.0496
DEBUG - 2020-12-20 11:24:07 --> UTF-8 Support Enabled
DEBUG - 2020-12-20 11:24:07 --> Global POST, GET and COOKIE data sanitized
DEBUG - 2020-12-20 11:24:07 --> Encryption: Auto-configured driver 'openssl'.
DEBUG - 2020-12-20 11:24:07 --> Total execution time: 0.0437
DEBUG - 2020-12-20 11:24:10 --> UTF-8 Support Enabled
DEBUG - 2020-12-20 11:24:10 --> Global POST, GET and COOKIE data sanitized
DEBUG - 2020-12-20 11:24:10 --> Encryption: Auto-configured driver 'openssl'.
DEBUG - 2020-12-20 11:24:10 --> Total execution time: 0.0365
DEBUG - 2020-12-20 11:24:46 --> UTF-8 Support Enabled
DEBUG - 2020-12-20 11:24:46 --> Global POST, GET and COOKIE data sanitized
DEBUG - 2020-12-20 11:24:46 --> Encryption: Auto-configured driver 'openssl'.
DEBUG - 2020-12-20 11:24:46 --> Total execution time: 0.0365
DEBUG - 2020-12-20 11:25:01 --> UTF-8 Support Enabled
DEBUG - 2020-12-20 11:25:01 --> Global POST, GET and COOKIE data sanitized
DEBUG - 2020-12-20 11:25:01 --> Encryption: Auto-configured driver 'openssl'.
DEBUG - 2020-12-20 11:25:01 --> Total execution time: 0.0343
DEBUG - 2020-12-20 11:25:04 --> UTF-8 Support Enabled
DEBUG - 2020-12-20 11:25:04 --> Global POST, GET and COOKIE data sanitized
DEBUG - 2020-12-20 11:25:04 --> Encryption: Auto-configured driver 'openssl'.
DEBUG - 2020-12-20 11:25:04 --> Total execution time: 0.0380
DEBUG - 2020-12-20 11:25:09 --> UTF-8 Support Enabled
DEBUG - 2020-12-20 11:25:09 --> Global POST, GET and COOKIE data sanitized
DEBUG - 2020-12-20 11:25:09 --> Encryption: Auto-configured driver 'openssl'.
DEBUG - 2020-12-20 11:25:09 --> Total execution time: 0.0381
DEBUG - 2020-12-20 11:28:21 --> UTF-8 Support Enabled
DEBUG - 2020-12-20 11:28:21 --> Global POST, GET and COOKIE data sanitized
DEBUG - 2020-12-20 11:28:21 --> Encryption: Auto-configured driver 'openssl'.
DEBUG - 2020-12-20 11:28:21 --> Total execution time: 0.0475
DEBUG - 2020-12-20 11:49:31 --> UTF-8 Support Enabled
DEBUG - 2020-12-20 11:49:31 --> Global POST, GET and COOKIE data sanitized
DEBUG - 2020-12-20 11:49:31 --> Encryption: Auto-configured driver 'openssl'.
DEBUG - 2020-12-20 11:49:31 --> Total execution time: 0.0458
DEBUG - 2020-12-20 11:49:58 --> UTF-8 Support Enabled
DEBUG - 2020-12-20 11:49:58 --> Global POST, GET and COOKIE data sanitized
DEBUG - 2020-12-20 11:49:58 --> Encryption: Auto-configured driver 'openssl'.
DEBUG - 2020-12-20 11:49:58 --> Total execution time: 0.0433
DEBUG - 2020-12-20 11:50:07 --> UTF-8 Support Enabled
DEBUG - 2020-12-20 11:50:07 --> Global POST, GET and COOKIE data sanitized
DEBUG - 2020-12-20 11:50:07 --> Encryption: Auto-configured driver 'openssl'.
DEBUG - 2020-12-20 11:50:07 --> Total execution time: 0.0338
DEBUG - 2020-12-20 11:50:13 --> UTF-8 Support Enabled
DEBUG - 2020-12-20 11:50:13 --> Global POST, GET and COOKIE data sanitized
DEBUG - 2020-12-20 11:50:13 --> Encryption: Auto-configured driver 'openssl'.
DEBUG - 2020-12-20 11:50:13 --> Total execution time: 0.0384
DEBUG - 2020-12-20 11:50:36 --> UTF-8 Support Enabled
DEBUG - 2020-12-20 11:50:36 --> Global POST, GET and COOKIE data sanitized
DEBUG - 2020-12-20 11:50:36 --> Encryption: Auto-configured driver 'openssl'.
DEBUG - 2020-12-20 11:50:37 --> Total execution time: 0.0388
DEBUG - 2020-12-20 11:50:57 --> UTF-8 Support Enabled
DEBUG - 2020-12-20 11:50:57 --> Global POST, GET and COOKIE data sanitized
DEBUG - 2020-12-20 11:50:57 --> Encryption: Auto-configured driver 'openssl'.
DEBUG - 2020-12-20 11:50:57 --> Total execution time: 0.0377
DEBUG - 2020-12-20 11:51:04 --> UTF-8 Support Enabled
DEBUG - 2020-12-20 11:51:04 --> Global POST, GET and COOKIE data sanitized
DEBUG - 2020-12-20 11:51:04 --> Encryption: Auto-configured driver 'openssl'.
DEBUG - 2020-12-20 11:51:04 --> Total execution time: 0.0412
DEBUG - 2020-12-20 11:51:10 --> UTF-8 Support Enabled
DEBUG - 2020-12-20 11:51:10 --> Global POST, GET and COOKIE data sanitized
DEBUG - 2020-12-20 11:51:10 --> Encryption: Auto-configured driver 'openssl'.
DEBUG - 2020-12-20 11:51:10 --> Total execution time: 0.0348
