DEBUG - 2021-02-06 09:14:10 --> UTF-8 Support Enabled
DEBUG - 2021-02-06 09:14:10 --> No URI present. Default controller set.
DEBUG - 2021-02-06 09:14:10 --> Global POST, GET and COOKIE data sanitized
DEBUG - 2021-02-06 09:14:10 --> Encryption: Auto-configured driver 'openssl'.
DEBUG - 2021-02-06 09:14:10 --> Total execution time: 0.0941
DEBUG - 2021-02-06 09:14:13 --> UTF-8 Support Enabled
DEBUG - 2021-02-06 09:14:13 --> Global POST, GET and COOKIE data sanitized
DEBUG - 2021-02-06 09:14:13 --> Encryption: Auto-configured driver 'openssl'.
DEBUG - 2021-02-06 09:14:13 --> Total execution time: 0.0382
DEBUG - 2021-02-06 09:14:17 --> UTF-8 Support Enabled
DEBUG - 2021-02-06 09:14:17 --> Global POST, GET and COOKIE data sanitized
DEBUG - 2021-02-06 09:14:17 --> Encryption: Auto-configured driver 'openssl'.
DEBUG - 2021-02-06 09:14:17 --> Total execution time: 0.0403
DEBUG - 2021-02-06 09:14:17 --> UTF-8 Support Enabled
DEBUG - 2021-02-06 09:14:17 --> Global POST, GET and COOKIE data sanitized
DEBUG - 2021-02-06 09:14:17 --> Encryption: Auto-configured driver 'openssl'.
DEBUG - 2021-02-06 09:14:17 --> Total execution time: 0.0389
DEBUG - 2021-02-06 09:14:17 --> UTF-8 Support Enabled
DEBUG - 2021-02-06 09:14:17 --> Global POST, GET and COOKIE data sanitized
DEBUG - 2021-02-06 09:14:17 --> Encryption: Auto-configured driver 'openssl'.
DEBUG - 2021-02-06 09:14:18 --> UTF-8 Support Enabled
DEBUG - 2021-02-06 09:14:18 --> Global POST, GET and COOKIE data sanitized
DEBUG - 2021-02-06 09:14:18 --> Encryption: Auto-configured driver 'openssl'.
DEBUG - 2021-02-06 09:14:18 --> Total execution time: 0.0570
DEBUG - 2021-02-06 09:14:33 --> UTF-8 Support Enabled
DEBUG - 2021-02-06 09:14:33 --> Global POST, GET and COOKIE data sanitized
DEBUG - 2021-02-06 09:14:33 --> Encryption: Auto-configured driver 'openssl'.
DEBUG - 2021-02-06 09:14:33 --> Total execution time: 0.0468
DEBUG - 2021-02-06 09:14:42 --> UTF-8 Support Enabled
DEBUG - 2021-02-06 09:14:42 --> No URI present. Default controller set.
DEBUG - 2021-02-06 09:14:42 --> Global POST, GET and COOKIE data sanitized
DEBUG - 2021-02-06 09:14:42 --> Encryption: Auto-configured driver 'openssl'.
DEBUG - 2021-02-06 09:14:42 --> UTF-8 Support Enabled
DEBUG - 2021-02-06 09:14:42 --> Global POST, GET and COOKIE data sanitized
DEBUG - 2021-02-06 09:14:42 --> Encryption: Auto-configured driver 'openssl'.
DEBUG - 2021-02-06 09:14:42 --> Total execution time: 0.0384
DEBUG - 2021-02-06 09:14:54 --> UTF-8 Support Enabled
DEBUG - 2021-02-06 09:14:54 --> Global POST, GET and COOKIE data sanitized
DEBUG - 2021-02-06 09:14:54 --> Encryption: Auto-configured driver 'openssl'.
DEBUG - 2021-02-06 09:14:54 --> Total execution time: 0.0392
DEBUG - 2021-02-06 09:15:02 --> UTF-8 Support Enabled
DEBUG - 2021-02-06 09:15:02 --> Global POST, GET and COOKIE data sanitized
DEBUG - 2021-02-06 09:15:02 --> Encryption: Auto-configured driver 'openssl'.
DEBUG - 2021-02-06 09:15:02 --> Total execution time: 0.0441
DEBUG - 2021-02-06 09:16:01 --> UTF-8 Support Enabled
DEBUG - 2021-02-06 09:16:01 --> No URI present. Default controller set.
DEBUG - 2021-02-06 09:16:01 --> Global POST, GET and COOKIE data sanitized
DEBUG - 2021-02-06 09:16:01 --> Encryption: Auto-configured driver 'openssl'.
DEBUG - 2021-02-06 09:16:01 --> Total execution time: 0.0363
DEBUG - 2021-02-06 09:16:17 --> UTF-8 Support Enabled
DEBUG - 2021-02-06 09:16:17 --> Global POST, GET and COOKIE data sanitized
DEBUG - 2021-02-06 09:16:17 --> Encryption: Auto-configured driver 'openssl'.
DEBUG - 2021-02-06 09:16:17 --> Total execution time: 0.0340
DEBUG - 2021-02-06 09:17:06 --> UTF-8 Support Enabled
DEBUG - 2021-02-06 09:17:06 --> Global POST, GET and COOKIE data sanitized
DEBUG - 2021-02-06 09:17:06 --> Encryption: Auto-configured driver 'openssl'.
DEBUG - 2021-02-06 09:17:06 --> Total execution time: 0.0366
DEBUG - 2021-02-06 09:17:13 --> UTF-8 Support Enabled
DEBUG - 2021-02-06 09:17:13 --> Global POST, GET and COOKIE data sanitized
DEBUG - 2021-02-06 09:17:13 --> Encryption: Auto-configured driver 'openssl'.
DEBUG - 2021-02-06 09:17:13 --> Total execution time: 0.0426
DEBUG - 2021-02-06 09:17:37 --> UTF-8 Support Enabled
DEBUG - 2021-02-06 09:17:37 --> Global POST, GET and COOKIE data sanitized
DEBUG - 2021-02-06 09:17:37 --> Encryption: Auto-configured driver 'openssl'.
DEBUG - 2021-02-06 09:17:37 --> Total execution time: 0.0445
DEBUG - 2021-02-06 09:18:01 --> UTF-8 Support Enabled
DEBUG - 2021-02-06 09:18:01 --> Global POST, GET and COOKIE data sanitized
DEBUG - 2021-02-06 09:18:01 --> Encryption: Auto-configured driver 'openssl'.
DEBUG - 2021-02-06 09:18:02 --> UTF-8 Support Enabled
DEBUG - 2021-02-06 09:18:02 --> Global POST, GET and COOKIE data sanitized
DEBUG - 2021-02-06 09:18:02 --> Encryption: Auto-configured driver 'openssl'.
DEBUG - 2021-02-06 09:18:02 --> Total execution time: 0.0331
DEBUG - 2021-02-06 09:18:07 --> UTF-8 Support Enabled
DEBUG - 2021-02-06 09:18:07 --> No URI present. Default controller set.
DEBUG - 2021-02-06 09:18:07 --> Global POST, GET and COOKIE data sanitized
DEBUG - 2021-02-06 09:18:07 --> Encryption: Auto-configured driver 'openssl'.
DEBUG - 2021-02-06 09:18:08 --> UTF-8 Support Enabled
DEBUG - 2021-02-06 09:18:08 --> Global POST, GET and COOKIE data sanitized
DEBUG - 2021-02-06 09:18:08 --> Encryption: Auto-configured driver 'openssl'.
DEBUG - 2021-02-06 09:18:08 --> Total execution time: 0.0380
DEBUG - 2021-02-06 09:18:12 --> UTF-8 Support Enabled
DEBUG - 2021-02-06 09:18:12 --> Global POST, GET and COOKIE data sanitized
DEBUG - 2021-02-06 09:18:12 --> Encryption: Auto-configured driver 'openssl'.
DEBUG - 2021-02-06 09:18:12 --> Total execution time: 0.0452
DEBUG - 2021-02-06 09:19:35 --> UTF-8 Support Enabled
DEBUG - 2021-02-06 09:19:35 --> Global POST, GET and COOKIE data sanitized
DEBUG - 2021-02-06 09:19:35 --> Encryption: Auto-configured driver 'openssl'.
DEBUG - 2021-02-06 09:19:35 --> Total execution time: 0.0332
DEBUG - 2021-02-06 09:19:41 --> UTF-8 Support Enabled
DEBUG - 2021-02-06 09:19:41 --> No URI present. Default controller set.
DEBUG - 2021-02-06 09:19:41 --> Global POST, GET and COOKIE data sanitized
DEBUG - 2021-02-06 09:19:41 --> Encryption: Auto-configured driver 'openssl'.
DEBUG - 2021-02-06 09:19:42 --> UTF-8 Support Enabled
DEBUG - 2021-02-06 09:19:42 --> Global POST, GET and COOKIE data sanitized
DEBUG - 2021-02-06 09:19:42 --> Encryption: Auto-configured driver 'openssl'.
DEBUG - 2021-02-06 09:19:42 --> Total execution time: 0.0372
DEBUG - 2021-02-06 09:20:01 --> UTF-8 Support Enabled
DEBUG - 2021-02-06 09:20:01 --> Global POST, GET and COOKIE data sanitized
DEBUG - 2021-02-06 09:20:01 --> Encryption: Auto-configured driver 'openssl'.
DEBUG - 2021-02-06 09:20:01 --> Total execution time: 0.0391
DEBUG - 2021-02-06 09:20:03 --> UTF-8 Support Enabled
DEBUG - 2021-02-06 09:20:03 --> Global POST, GET and COOKIE data sanitized
DEBUG - 2021-02-06 09:20:03 --> Encryption: Auto-configured driver 'openssl'.
DEBUG - 2021-02-06 09:20:03 --> Total execution time: 0.0347
DEBUG - 2021-02-06 09:20:09 --> UTF-8 Support Enabled
DEBUG - 2021-02-06 09:20:09 --> Global POST, GET and COOKIE data sanitized
DEBUG - 2021-02-06 09:20:09 --> Encryption: Auto-configured driver 'openssl'.
DEBUG - 2021-02-06 09:20:09 --> UTF-8 Support Enabled
DEBUG - 2021-02-06 09:20:09 --> Global POST, GET and COOKIE data sanitized
DEBUG - 2021-02-06 09:20:09 --> Encryption: Auto-configured driver 'openssl'.
DEBUG - 2021-02-06 09:20:09 --> Total execution time: 0.0335
DEBUG - 2021-02-06 09:20:12 --> UTF-8 Support Enabled
DEBUG - 2021-02-06 09:20:12 --> No URI present. Default controller set.
DEBUG - 2021-02-06 09:20:12 --> Global POST, GET and COOKIE data sanitized
DEBUG - 2021-02-06 09:20:12 --> Encryption: Auto-configured driver 'openssl'.
DEBUG - 2021-02-06 09:20:12 --> UTF-8 Support Enabled
DEBUG - 2021-02-06 09:20:13 --> Global POST, GET and COOKIE data sanitized
DEBUG - 2021-02-06 09:20:13 --> Encryption: Auto-configured driver 'openssl'.
DEBUG - 2021-02-06 09:20:13 --> Total execution time: 0.0471
DEBUG - 2021-02-06 09:20:20 --> UTF-8 Support Enabled
DEBUG - 2021-02-06 09:20:20 --> Global POST, GET and COOKIE data sanitized
DEBUG - 2021-02-06 09:20:20 --> Encryption: Auto-configured driver 'openssl'.
DEBUG - 2021-02-06 09:20:20 --> Total execution time: 0.0505
DEBUG - 2021-02-06 09:20:33 --> UTF-8 Support Enabled
DEBUG - 2021-02-06 09:20:33 --> No URI present. Default controller set.
DEBUG - 2021-02-06 09:20:33 --> Global POST, GET and COOKIE data sanitized
DEBUG - 2021-02-06 09:20:33 --> Encryption: Auto-configured driver 'openssl'.
DEBUG - 2021-02-06 09:20:33 --> Total execution time: 0.0385
DEBUG - 2021-02-06 09:20:33 --> UTF-8 Support Enabled
DEBUG - 2021-02-06 09:20:33 --> Global POST, GET and COOKIE data sanitized
DEBUG - 2021-02-06 09:20:33 --> Encryption: Auto-configured driver 'openssl'.
DEBUG - 2021-02-06 09:20:33 --> Total execution time: 0.0437
DEBUG - 2021-02-06 09:20:39 --> UTF-8 Support Enabled
DEBUG - 2021-02-06 09:20:39 --> Global POST, GET and COOKIE data sanitized
DEBUG - 2021-02-06 09:20:39 --> Encryption: Auto-configured driver 'openssl'.
DEBUG - 2021-02-06 09:20:39 --> Total execution time: 0.0435
DEBUG - 2021-02-06 09:20:43 --> UTF-8 Support Enabled
DEBUG - 2021-02-06 09:20:43 --> Global POST, GET and COOKIE data sanitized
DEBUG - 2021-02-06 09:20:43 --> Encryption: Auto-configured driver 'openssl'.
DEBUG - 2021-02-06 09:20:43 --> Total execution time: 0.0259
DEBUG - 2021-02-06 09:20:53 --> UTF-8 Support Enabled
DEBUG - 2021-02-06 09:20:53 --> Global POST, GET and COOKIE data sanitized
DEBUG - 2021-02-06 09:20:53 --> Encryption: Auto-configured driver 'openssl'.
DEBUG - 2021-02-06 09:20:53 --> Total execution time: 0.0258
DEBUG - 2021-02-06 09:20:54 --> UTF-8 Support Enabled
DEBUG - 2021-02-06 09:20:54 --> Global POST, GET and COOKIE data sanitized
DEBUG - 2021-02-06 09:20:54 --> Encryption: Auto-configured driver 'openssl'.
DEBUG - 2021-02-06 09:20:54 --> Total execution time: 0.0302
DEBUG - 2021-02-06 09:21:03 --> UTF-8 Support Enabled
DEBUG - 2021-02-06 09:21:03 --> Global POST, GET and COOKIE data sanitized
DEBUG - 2021-02-06 09:21:03 --> Encryption: Auto-configured driver 'openssl'.
DEBUG - 2021-02-06 09:21:03 --> Total execution time: 0.0267
DEBUG - 2021-02-06 09:21:14 --> UTF-8 Support Enabled
DEBUG - 2021-02-06 09:21:14 --> Global POST, GET and COOKIE data sanitized
DEBUG - 2021-02-06 09:21:14 --> Encryption: Auto-configured driver 'openssl'.
DEBUG - 2021-02-06 09:21:14 --> Total execution time: 0.0260
DEBUG - 2021-02-06 09:21:17 --> UTF-8 Support Enabled
DEBUG - 2021-02-06 09:21:17 --> Global POST, GET and COOKIE data sanitized
DEBUG - 2021-02-06 09:21:17 --> Encryption: Auto-configured driver 'openssl'.
DEBUG - 2021-02-06 09:21:17 --> Total execution time: 0.0342
DEBUG - 2021-02-06 09:21:18 --> UTF-8 Support Enabled
DEBUG - 2021-02-06 09:21:18 --> Global POST, GET and COOKIE data sanitized
DEBUG - 2021-02-06 09:21:18 --> Encryption: Auto-configured driver 'openssl'.
DEBUG - 2021-02-06 09:21:18 --> Total execution time: 0.0257
DEBUG - 2021-02-06 09:21:20 --> UTF-8 Support Enabled
DEBUG - 2021-02-06 09:21:20 --> Global POST, GET and COOKIE data sanitized
DEBUG - 2021-02-06 09:21:20 --> Encryption: Auto-configured driver 'openssl'.
DEBUG - 2021-02-06 09:21:20 --> Total execution time: 0.0265
DEBUG - 2021-02-06 09:21:23 --> UTF-8 Support Enabled
DEBUG - 2021-02-06 09:21:23 --> Global POST, GET and COOKIE data sanitized
DEBUG - 2021-02-06 09:21:23 --> Encryption: Auto-configured driver 'openssl'.
DEBUG - 2021-02-06 09:21:23 --> Total execution time: 0.0257
DEBUG - 2021-02-06 09:21:29 --> UTF-8 Support Enabled
DEBUG - 2021-02-06 09:21:29 --> Global POST, GET and COOKIE data sanitized
DEBUG - 2021-02-06 09:21:29 --> Encryption: Auto-configured driver 'openssl'.
DEBUG - 2021-02-06 09:21:29 --> Total execution time: 0.0269
DEBUG - 2021-02-06 09:21:32 --> UTF-8 Support Enabled
DEBUG - 2021-02-06 09:21:32 --> Global POST, GET and COOKIE data sanitized
DEBUG - 2021-02-06 09:21:32 --> Encryption: Auto-configured driver 'openssl'.
DEBUG - 2021-02-06 09:21:32 --> Total execution time: 0.0287
DEBUG - 2021-02-06 09:21:35 --> UTF-8 Support Enabled
DEBUG - 2021-02-06 09:21:35 --> Global POST, GET and COOKIE data sanitized
DEBUG - 2021-02-06 09:21:35 --> Encryption: Auto-configured driver 'openssl'.
DEBUG - 2021-02-06 09:21:35 --> Total execution time: 0.0336
DEBUG - 2021-02-06 09:21:37 --> UTF-8 Support Enabled
DEBUG - 2021-02-06 09:21:37 --> Global POST, GET and COOKIE data sanitized
DEBUG - 2021-02-06 09:21:37 --> Encryption: Auto-configured driver 'openssl'.
DEBUG - 2021-02-06 09:21:37 --> Total execution time: 0.0285
DEBUG - 2021-02-06 09:21:37 --> UTF-8 Support Enabled
DEBUG - 2021-02-06 09:21:37 --> Global POST, GET and COOKIE data sanitized
DEBUG - 2021-02-06 09:21:37 --> Encryption: Auto-configured driver 'openssl'.
DEBUG - 2021-02-06 09:21:37 --> Total execution time: 0.0258
DEBUG - 2021-02-06 09:21:38 --> UTF-8 Support Enabled
DEBUG - 2021-02-06 09:21:38 --> Global POST, GET and COOKIE data sanitized
DEBUG - 2021-02-06 09:21:38 --> Encryption: Auto-configured driver 'openssl'.
DEBUG - 2021-02-06 09:21:38 --> Total execution time: 0.0277
DEBUG - 2021-02-06 09:21:38 --> UTF-8 Support Enabled
DEBUG - 2021-02-06 09:21:38 --> Global POST, GET and COOKIE data sanitized
DEBUG - 2021-02-06 09:21:38 --> Encryption: Auto-configured driver 'openssl'.
DEBUG - 2021-02-06 09:21:38 --> Total execution time: 0.0258
DEBUG - 2021-02-06 09:21:39 --> UTF-8 Support Enabled
DEBUG - 2021-02-06 09:21:39 --> Global POST, GET and COOKIE data sanitized
DEBUG - 2021-02-06 09:21:39 --> Encryption: Auto-configured driver 'openssl'.
DEBUG - 2021-02-06 09:21:39 --> Total execution time: 0.0257
DEBUG - 2021-02-06 09:21:42 --> UTF-8 Support Enabled
DEBUG - 2021-02-06 09:21:42 --> Global POST, GET and COOKIE data sanitized
DEBUG - 2021-02-06 09:21:42 --> Encryption: Auto-configured driver 'openssl'.
DEBUG - 2021-02-06 09:21:42 --> Total execution time: 0.0254
DEBUG - 2021-02-06 09:21:44 --> UTF-8 Support Enabled
DEBUG - 2021-02-06 09:21:44 --> Global POST, GET and COOKIE data sanitized
DEBUG - 2021-02-06 09:21:44 --> Encryption: Auto-configured driver 'openssl'.
DEBUG - 2021-02-06 09:21:44 --> Total execution time: 0.0260
DEBUG - 2021-02-06 09:21:45 --> UTF-8 Support Enabled
DEBUG - 2021-02-06 09:21:45 --> Global POST, GET and COOKIE data sanitized
DEBUG - 2021-02-06 09:21:45 --> Encryption: Auto-configured driver 'openssl'.
DEBUG - 2021-02-06 09:21:45 --> Total execution time: 0.0370
DEBUG - 2021-02-06 09:21:47 --> UTF-8 Support Enabled
DEBUG - 2021-02-06 09:21:47 --> Global POST, GET and COOKIE data sanitized
DEBUG - 2021-02-06 09:21:47 --> Encryption: Auto-configured driver 'openssl'.
DEBUG - 2021-02-06 09:21:47 --> Total execution time: 0.0265
DEBUG - 2021-02-06 09:21:48 --> UTF-8 Support Enabled
DEBUG - 2021-02-06 09:21:48 --> Global POST, GET and COOKIE data sanitized
DEBUG - 2021-02-06 09:21:48 --> Encryption: Auto-configured driver 'openssl'.
DEBUG - 2021-02-06 09:21:48 --> Total execution time: 0.0256
DEBUG - 2021-02-06 09:21:51 --> UTF-8 Support Enabled
DEBUG - 2021-02-06 09:21:51 --> Global POST, GET and COOKIE data sanitized
DEBUG - 2021-02-06 09:21:51 --> Encryption: Auto-configured driver 'openssl'.
DEBUG - 2021-02-06 09:21:51 --> Total execution time: 0.0258
DEBUG - 2021-02-06 09:21:52 --> UTF-8 Support Enabled
DEBUG - 2021-02-06 09:21:52 --> Global POST, GET and COOKIE data sanitized
DEBUG - 2021-02-06 09:21:52 --> Encryption: Auto-configured driver 'openssl'.
DEBUG - 2021-02-06 09:21:52 --> Total execution time: 0.0329
DEBUG - 2021-02-06 09:21:53 --> UTF-8 Support Enabled
DEBUG - 2021-02-06 09:21:53 --> Global POST, GET and COOKIE data sanitized
DEBUG - 2021-02-06 09:21:53 --> Encryption: Auto-configured driver 'openssl'.
DEBUG - 2021-02-06 09:21:53 --> Total execution time: 0.0261
DEBUG - 2021-02-06 09:22:12 --> UTF-8 Support Enabled
DEBUG - 2021-02-06 09:22:12 --> Global POST, GET and COOKIE data sanitized
DEBUG - 2021-02-06 09:22:12 --> Encryption: Auto-configured driver 'openssl'.
DEBUG - 2021-02-06 09:22:13 --> UTF-8 Support Enabled
DEBUG - 2021-02-06 09:22:13 --> Global POST, GET and COOKIE data sanitized
DEBUG - 2021-02-06 09:22:13 --> Encryption: Auto-configured driver 'openssl'.
DEBUG - 2021-02-06 09:22:13 --> Total execution time: 0.0495
DEBUG - 2021-02-06 09:22:17 --> UTF-8 Support Enabled
DEBUG - 2021-02-06 09:22:17 --> Global POST, GET and COOKIE data sanitized
DEBUG - 2021-02-06 09:22:17 --> Encryption: Auto-configured driver 'openssl'.
DEBUG - 2021-02-06 09:22:17 --> Total execution time: 0.0327
DEBUG - 2021-02-06 09:22:20 --> UTF-8 Support Enabled
DEBUG - 2021-02-06 09:22:20 --> Global POST, GET and COOKIE data sanitized
DEBUG - 2021-02-06 09:22:20 --> Encryption: Auto-configured driver 'openssl'.
DEBUG - 2021-02-06 09:22:20 --> Total execution time: 0.0291
DEBUG - 2021-02-06 09:22:21 --> UTF-8 Support Enabled
DEBUG - 2021-02-06 09:22:21 --> Global POST, GET and COOKIE data sanitized
DEBUG - 2021-02-06 09:22:22 --> Encryption: Auto-configured driver 'openssl'.
DEBUG - 2021-02-06 09:22:22 --> Total execution time: 0.0276
DEBUG - 2021-02-06 09:22:23 --> UTF-8 Support Enabled
DEBUG - 2021-02-06 09:22:23 --> Global POST, GET and COOKIE data sanitized
DEBUG - 2021-02-06 09:22:23 --> Encryption: Auto-configured driver 'openssl'.
DEBUG - 2021-02-06 09:22:23 --> Total execution time: 0.0271
DEBUG - 2021-02-06 09:22:25 --> UTF-8 Support Enabled
DEBUG - 2021-02-06 09:22:25 --> Global POST, GET and COOKIE data sanitized
DEBUG - 2021-02-06 09:22:25 --> Encryption: Auto-configured driver 'openssl'.
DEBUG - 2021-02-06 09:22:25 --> Total execution time: 0.0259
DEBUG - 2021-02-06 09:22:39 --> UTF-8 Support Enabled
DEBUG - 2021-02-06 09:22:39 --> Global POST, GET and COOKIE data sanitized
DEBUG - 2021-02-06 09:22:39 --> Encryption: Auto-configured driver 'openssl'.
DEBUG - 2021-02-06 09:22:39 --> Total execution time: 0.0357
DEBUG - 2021-02-06 09:22:44 --> UTF-8 Support Enabled
DEBUG - 2021-02-06 09:22:44 --> Global POST, GET and COOKIE data sanitized
DEBUG - 2021-02-06 09:22:44 --> Encryption: Auto-configured driver 'openssl'.
DEBUG - 2021-02-06 09:22:44 --> You did not select a file to upload.
DEBUG - 2021-02-06 09:22:44 --> UTF-8 Support Enabled
DEBUG - 2021-02-06 09:22:44 --> Global POST, GET and COOKIE data sanitized
DEBUG - 2021-02-06 09:22:44 --> Encryption: Auto-configured driver 'openssl'.
DEBUG - 2021-02-06 09:22:44 --> Total execution time: 0.0370
DEBUG - 2021-02-06 09:23:11 --> UTF-8 Support Enabled
DEBUG - 2021-02-06 09:23:12 --> Global POST, GET and COOKIE data sanitized
DEBUG - 2021-02-06 09:23:12 --> Encryption: Auto-configured driver 'openssl'.
DEBUG - 2021-02-06 09:23:12 --> UTF-8 Support Enabled
DEBUG - 2021-02-06 09:23:12 --> Global POST, GET and COOKIE data sanitized
DEBUG - 2021-02-06 09:23:12 --> Encryption: Auto-configured driver 'openssl'.
ERROR - 2021-02-06 09:23:12 --> Severity: Warning --> Creating default object from empty value /home1/developmentconso/public_html/hakibah/public/pages/profile-new.php 65
ERROR - 2021-02-06 09:23:12 --> Severity: Warning --> Creating default object from empty value /home1/developmentconso/public_html/hakibah/public/pages/profile-new.php 69
DEBUG - 2021-02-06 09:23:12 --> Total execution time: 0.0361
DEBUG - 2021-02-06 09:23:21 --> UTF-8 Support Enabled
DEBUG - 2021-02-06 09:23:21 --> No URI present. Default controller set.
DEBUG - 2021-02-06 09:23:21 --> Global POST, GET and COOKIE data sanitized
DEBUG - 2021-02-06 09:23:21 --> Encryption: Auto-configured driver 'openssl'.
DEBUG - 2021-02-06 09:23:22 --> UTF-8 Support Enabled
DEBUG - 2021-02-06 09:23:22 --> Global POST, GET and COOKIE data sanitized
DEBUG - 2021-02-06 09:23:22 --> Encryption: Auto-configured driver 'openssl'.
DEBUG - 2021-02-06 09:23:22 --> Total execution time: 0.0390
DEBUG - 2021-02-06 09:23:32 --> UTF-8 Support Enabled
DEBUG - 2021-02-06 09:23:32 --> Global POST, GET and COOKIE data sanitized
ERROR - 2021-02-06 09:23:32 --> 404 Page Not Found: Course/tech1
DEBUG - 2021-02-06 09:24:09 --> UTF-8 Support Enabled
DEBUG - 2021-02-06 09:24:09 --> No URI present. Default controller set.
DEBUG - 2021-02-06 09:24:09 --> Global POST, GET and COOKIE data sanitized
DEBUG - 2021-02-06 09:24:09 --> Encryption: Auto-configured driver 'openssl'.
DEBUG - 2021-02-06 09:24:09 --> UTF-8 Support Enabled
DEBUG - 2021-02-06 09:24:09 --> Global POST, GET and COOKIE data sanitized
DEBUG - 2021-02-06 09:24:09 --> Encryption: Auto-configured driver 'openssl'.
DEBUG - 2021-02-06 09:24:09 --> Total execution time: 0.0380
DEBUG - 2021-02-06 09:24:16 --> UTF-8 Support Enabled
DEBUG - 2021-02-06 09:24:16 --> Global POST, GET and COOKIE data sanitized
DEBUG - 2021-02-06 09:24:16 --> Encryption: Auto-configured driver 'openssl'.
ERROR - 2021-02-06 09:24:16 --> 404 Page Not Found: 
DEBUG - 2021-02-06 09:25:23 --> UTF-8 Support Enabled
DEBUG - 2021-02-06 09:25:23 --> Global POST, GET and COOKIE data sanitized
DEBUG - 2021-02-06 09:25:23 --> Encryption: Auto-configured driver 'openssl'.
DEBUG - 2021-02-06 09:25:23 --> Total execution time: 0.0328
DEBUG - 2021-02-06 09:25:33 --> UTF-8 Support Enabled
DEBUG - 2021-02-06 09:25:33 --> Global POST, GET and COOKIE data sanitized
DEBUG - 2021-02-06 09:25:33 --> Encryption: Auto-configured driver 'openssl'.
DEBUG - 2021-02-06 09:25:33 --> Total execution time: 0.0249
DEBUG - 2021-02-06 09:25:44 --> UTF-8 Support Enabled
DEBUG - 2021-02-06 09:25:44 --> Global POST, GET and COOKIE data sanitized
DEBUG - 2021-02-06 09:25:44 --> Encryption: Auto-configured driver 'openssl'.
DEBUG - 2021-02-06 09:25:44 --> UTF-8 Support Enabled
DEBUG - 2021-02-06 09:25:44 --> Global POST, GET and COOKIE data sanitized
DEBUG - 2021-02-06 09:25:44 --> Encryption: Auto-configured driver 'openssl'.
DEBUG - 2021-02-06 09:25:44 --> Total execution time: 0.0252
DEBUG - 2021-02-06 09:26:27 --> UTF-8 Support Enabled
DEBUG - 2021-02-06 09:26:27 --> Global POST, GET and COOKIE data sanitized
DEBUG - 2021-02-06 09:26:27 --> Total execution time: 0.0254
DEBUG - 2021-02-06 09:26:29 --> UTF-8 Support Enabled
DEBUG - 2021-02-06 09:26:29 --> Global POST, GET and COOKIE data sanitized
ERROR - 2021-02-06 09:26:29 --> 404 Page Not Found: List/uploads
DEBUG - 2021-02-06 09:26:31 --> UTF-8 Support Enabled
DEBUG - 2021-02-06 09:26:31 --> Global POST, GET and COOKIE data sanitized
DEBUG - 2021-02-06 09:26:31 --> Encryption: Auto-configured driver 'openssl'.
DEBUG - 2021-02-06 09:26:31 --> Total execution time: 0.0337
DEBUG - 2021-02-06 09:26:37 --> UTF-8 Support Enabled
DEBUG - 2021-02-06 09:26:37 --> Global POST, GET and COOKIE data sanitized
DEBUG - 2021-02-06 09:26:37 --> Total execution time: 0.0347
DEBUG - 2021-02-06 09:26:37 --> UTF-8 Support Enabled
DEBUG - 2021-02-06 09:26:37 --> Global POST, GET and COOKIE data sanitized
ERROR - 2021-02-06 09:26:37 --> 404 Page Not Found: List/uploads
DEBUG - 2021-02-06 09:26:55 --> UTF-8 Support Enabled
DEBUG - 2021-02-06 09:26:55 --> Global POST, GET and COOKIE data sanitized
ERROR - 2021-02-06 09:26:55 --> 404 Page Not Found: Course/tech1
DEBUG - 2021-02-06 09:26:57 --> UTF-8 Support Enabled
DEBUG - 2021-02-06 09:26:57 --> No URI present. Default controller set.
DEBUG - 2021-02-06 09:26:57 --> Global POST, GET and COOKIE data sanitized
DEBUG - 2021-02-06 09:26:57 --> Encryption: Auto-configured driver 'openssl'.
DEBUG - 2021-02-06 09:26:57 --> UTF-8 Support Enabled
DEBUG - 2021-02-06 09:26:57 --> Global POST, GET and COOKIE data sanitized
DEBUG - 2021-02-06 09:26:57 --> Encryption: Auto-configured driver 'openssl'.
DEBUG - 2021-02-06 09:26:57 --> Total execution time: 0.0370
DEBUG - 2021-02-06 09:27:02 --> UTF-8 Support Enabled
DEBUG - 2021-02-06 09:27:02 --> Global POST, GET and COOKIE data sanitized
ERROR - 2021-02-06 09:27:02 --> 404 Page Not Found: Course/tech1
DEBUG - 2021-02-06 09:27:05 --> UTF-8 Support Enabled
DEBUG - 2021-02-06 09:27:05 --> Global POST, GET and COOKIE data sanitized
DEBUG - 2021-02-06 09:27:05 --> Encryption: Auto-configured driver 'openssl'.
DEBUG - 2021-02-06 09:27:05 --> Total execution time: 0.0512
DEBUG - 2021-02-06 09:27:08 --> UTF-8 Support Enabled
DEBUG - 2021-02-06 09:27:08 --> Global POST, GET and COOKIE data sanitized
DEBUG - 2021-02-06 09:27:08 --> Encryption: Auto-configured driver 'openssl'.
DEBUG - 2021-02-06 09:27:08 --> Total execution time: 0.0375
DEBUG - 2021-02-06 09:27:11 --> UTF-8 Support Enabled
DEBUG - 2021-02-06 09:27:11 --> No URI present. Default controller set.
DEBUG - 2021-02-06 09:27:11 --> Global POST, GET and COOKIE data sanitized
DEBUG - 2021-02-06 09:27:11 --> Encryption: Auto-configured driver 'openssl'.
DEBUG - 2021-02-06 09:27:11 --> UTF-8 Support Enabled
DEBUG - 2021-02-06 09:27:11 --> Global POST, GET and COOKIE data sanitized
DEBUG - 2021-02-06 09:27:11 --> Encryption: Auto-configured driver 'openssl'.
DEBUG - 2021-02-06 09:27:11 --> Total execution time: 0.0377
DEBUG - 2021-02-06 09:27:17 --> UTF-8 Support Enabled
DEBUG - 2021-02-06 09:27:17 --> Global POST, GET and COOKIE data sanitized
ERROR - 2021-02-06 09:27:17 --> 404 Page Not Found: Course/tech1
DEBUG - 2021-02-06 09:27:20 --> UTF-8 Support Enabled
DEBUG - 2021-02-06 09:27:20 --> Global POST, GET and COOKIE data sanitized
DEBUG - 2021-02-06 09:27:20 --> Encryption: Auto-configured driver 'openssl'.
DEBUG - 2021-02-06 09:27:20 --> Total execution time: 0.0460
DEBUG - 2021-02-06 09:27:22 --> UTF-8 Support Enabled
DEBUG - 2021-02-06 09:27:22 --> No URI present. Default controller set.
DEBUG - 2021-02-06 09:27:22 --> Global POST, GET and COOKIE data sanitized
DEBUG - 2021-02-06 09:27:22 --> Encryption: Auto-configured driver 'openssl'.
DEBUG - 2021-02-06 09:27:22 --> UTF-8 Support Enabled
DEBUG - 2021-02-06 09:27:22 --> Global POST, GET and COOKIE data sanitized
DEBUG - 2021-02-06 09:27:22 --> Encryption: Auto-configured driver 'openssl'.
DEBUG - 2021-02-06 09:27:22 --> Total execution time: 0.0583
DEBUG - 2021-02-06 09:27:31 --> UTF-8 Support Enabled
DEBUG - 2021-02-06 09:27:31 --> Global POST, GET and COOKIE data sanitized
DEBUG - 2021-02-06 09:27:31 --> Encryption: Auto-configured driver 'openssl'.
DEBUG - 2021-02-06 09:27:31 --> Total execution time: 0.0396
DEBUG - 2021-02-06 09:27:38 --> UTF-8 Support Enabled
DEBUG - 2021-02-06 09:27:38 --> Global POST, GET and COOKIE data sanitized
DEBUG - 2021-02-06 09:27:38 --> Encryption: Auto-configured driver 'openssl'.
DEBUG - 2021-02-06 09:27:38 --> Total execution time: 0.0266
DEBUG - 2021-02-06 09:27:39 --> UTF-8 Support Enabled
DEBUG - 2021-02-06 09:27:39 --> Global POST, GET and COOKIE data sanitized
DEBUG - 2021-02-06 09:27:39 --> Encryption: Auto-configured driver 'openssl'.
DEBUG - 2021-02-06 09:27:39 --> Total execution time: 0.0334
DEBUG - 2021-02-06 09:27:42 --> UTF-8 Support Enabled
DEBUG - 2021-02-06 09:27:42 --> Global POST, GET and COOKIE data sanitized
DEBUG - 2021-02-06 09:27:42 --> Encryption: Auto-configured driver 'openssl'.
DEBUG - 2021-02-06 09:27:42 --> Total execution time: 0.0265
DEBUG - 2021-02-06 09:27:43 --> UTF-8 Support Enabled
DEBUG - 2021-02-06 09:27:43 --> Global POST, GET and COOKIE data sanitized
DEBUG - 2021-02-06 09:27:43 --> Encryption: Auto-configured driver 'openssl'.
DEBUG - 2021-02-06 09:27:43 --> Total execution time: 0.0320
DEBUG - 2021-02-06 09:27:45 --> UTF-8 Support Enabled
DEBUG - 2021-02-06 09:27:45 --> Global POST, GET and COOKIE data sanitized
DEBUG - 2021-02-06 09:27:45 --> Encryption: Auto-configured driver 'openssl'.
DEBUG - 2021-02-06 09:27:45 --> Total execution time: 0.0268
DEBUG - 2021-02-06 09:27:49 --> UTF-8 Support Enabled
DEBUG - 2021-02-06 09:27:49 --> Global POST, GET and COOKIE data sanitized
DEBUG - 2021-02-06 09:27:49 --> Encryption: Auto-configured driver 'openssl'.
DEBUG - 2021-02-06 09:27:49 --> Total execution time: 0.0273
DEBUG - 2021-02-06 09:27:56 --> UTF-8 Support Enabled
DEBUG - 2021-02-06 09:27:56 --> Global POST, GET and COOKIE data sanitized
DEBUG - 2021-02-06 09:27:56 --> Encryption: Auto-configured driver 'openssl'.
DEBUG - 2021-02-06 09:27:56 --> Total execution time: 0.0303
DEBUG - 2021-02-06 09:28:02 --> UTF-8 Support Enabled
DEBUG - 2021-02-06 09:28:02 --> Global POST, GET and COOKIE data sanitized
DEBUG - 2021-02-06 09:28:02 --> Encryption: Auto-configured driver 'openssl'.
DEBUG - 2021-02-06 09:28:02 --> Total execution time: 0.0264
DEBUG - 2021-02-06 09:28:09 --> UTF-8 Support Enabled
DEBUG - 2021-02-06 09:28:09 --> Global POST, GET and COOKIE data sanitized
DEBUG - 2021-02-06 09:28:09 --> Encryption: Auto-configured driver 'openssl'.
DEBUG - 2021-02-06 09:28:09 --> Total execution time: 0.0330
DEBUG - 2021-02-06 09:28:11 --> UTF-8 Support Enabled
DEBUG - 2021-02-06 09:28:11 --> Global POST, GET and COOKIE data sanitized
DEBUG - 2021-02-06 09:28:11 --> Encryption: Auto-configured driver 'openssl'.
DEBUG - 2021-02-06 09:28:11 --> Total execution time: 0.0341
DEBUG - 2021-02-06 09:28:12 --> UTF-8 Support Enabled
DEBUG - 2021-02-06 09:28:12 --> Global POST, GET and COOKIE data sanitized
DEBUG - 2021-02-06 09:28:12 --> Encryption: Auto-configured driver 'openssl'.
DEBUG - 2021-02-06 09:28:12 --> Total execution time: 0.0260
DEBUG - 2021-02-06 09:28:13 --> UTF-8 Support Enabled
DEBUG - 2021-02-06 09:28:13 --> Global POST, GET and COOKIE data sanitized
DEBUG - 2021-02-06 09:28:13 --> Encryption: Auto-configured driver 'openssl'.
DEBUG - 2021-02-06 09:28:13 --> Total execution time: 0.0256
DEBUG - 2021-02-06 09:28:18 --> UTF-8 Support Enabled
DEBUG - 2021-02-06 09:28:18 --> Global POST, GET and COOKIE data sanitized
ERROR - 2021-02-06 09:28:18 --> 404 Page Not Found: Course/tech1
DEBUG - 2021-02-06 09:28:50 --> UTF-8 Support Enabled
DEBUG - 2021-02-06 09:28:50 --> Global POST, GET and COOKIE data sanitized
DEBUG - 2021-02-06 09:28:50 --> Encryption: Auto-configured driver 'openssl'.
DEBUG - 2021-02-06 09:28:50 --> Total execution time: 0.0372
DEBUG - 2021-02-06 09:28:53 --> UTF-8 Support Enabled
DEBUG - 2021-02-06 09:28:53 --> No URI present. Default controller set.
DEBUG - 2021-02-06 09:28:53 --> Global POST, GET and COOKIE data sanitized
DEBUG - 2021-02-06 09:28:54 --> Encryption: Auto-configured driver 'openssl'.
DEBUG - 2021-02-06 09:28:54 --> UTF-8 Support Enabled
DEBUG - 2021-02-06 09:28:54 --> Global POST, GET and COOKIE data sanitized
DEBUG - 2021-02-06 09:28:54 --> Encryption: Auto-configured driver 'openssl'.
DEBUG - 2021-02-06 09:28:54 --> Total execution time: 0.0387
DEBUG - 2021-02-06 09:28:56 --> UTF-8 Support Enabled
DEBUG - 2021-02-06 09:28:56 --> Global POST, GET and COOKIE data sanitized
DEBUG - 2021-02-06 09:28:56 --> Encryption: Auto-configured driver 'openssl'.
DEBUG - 2021-02-06 09:28:56 --> Total execution time: 0.0363
DEBUG - 2021-02-06 09:29:32 --> UTF-8 Support Enabled
DEBUG - 2021-02-06 09:29:32 --> No URI present. Default controller set.
DEBUG - 2021-02-06 09:29:32 --> Global POST, GET and COOKIE data sanitized
DEBUG - 2021-02-06 09:29:32 --> Encryption: Auto-configured driver 'openssl'.
DEBUG - 2021-02-06 09:29:32 --> UTF-8 Support Enabled
DEBUG - 2021-02-06 09:29:32 --> Global POST, GET and COOKIE data sanitized
DEBUG - 2021-02-06 09:29:32 --> Encryption: Auto-configured driver 'openssl'.
DEBUG - 2021-02-06 09:29:33 --> Total execution time: 0.0402
DEBUG - 2021-02-06 09:29:40 --> UTF-8 Support Enabled
DEBUG - 2021-02-06 09:29:40 --> Global POST, GET and COOKIE data sanitized
DEBUG - 2021-02-06 09:29:40 --> Encryption: Auto-configured driver 'openssl'.
DEBUG - 2021-02-06 09:29:40 --> Total execution time: 0.0439
DEBUG - 2021-02-06 09:30:03 --> UTF-8 Support Enabled
DEBUG - 2021-02-06 09:30:03 --> No URI present. Default controller set.
DEBUG - 2021-02-06 09:30:03 --> Global POST, GET and COOKIE data sanitized
DEBUG - 2021-02-06 09:30:03 --> Encryption: Auto-configured driver 'openssl'.
DEBUG - 2021-02-06 09:30:03 --> UTF-8 Support Enabled
DEBUG - 2021-02-06 09:30:03 --> Global POST, GET and COOKIE data sanitized
DEBUG - 2021-02-06 09:30:03 --> Encryption: Auto-configured driver 'openssl'.
DEBUG - 2021-02-06 09:30:03 --> Total execution time: 0.0391
DEBUG - 2021-02-06 09:30:07 --> UTF-8 Support Enabled
DEBUG - 2021-02-06 09:30:07 --> Global POST, GET and COOKIE data sanitized
DEBUG - 2021-02-06 09:30:07 --> Encryption: Auto-configured driver 'openssl'.
DEBUG - 2021-02-06 09:30:08 --> Total execution time: 0.0375
DEBUG - 2021-02-06 09:30:12 --> UTF-8 Support Enabled
DEBUG - 2021-02-06 09:30:12 --> Global POST, GET and COOKIE data sanitized
DEBUG - 2021-02-06 09:30:12 --> Encryption: Auto-configured driver 'openssl'.
DEBUG - 2021-02-06 09:30:12 --> Total execution time: 0.0389
DEBUG - 2021-02-06 10:25:04 --> UTF-8 Support Enabled
DEBUG - 2021-02-06 10:25:04 --> No URI present. Default controller set.
DEBUG - 2021-02-06 10:25:04 --> Global POST, GET and COOKIE data sanitized
ERROR - 2021-02-06 10:25:04 --> Severity: Warning --> mysqli::real_connect(): (HY000/3118): Access denied for user 'developm_hakibah'@'localhost'. Account is locked. /home1/developmentconso/public_html/hakibah/system/database/drivers/mysqli/mysqli_driver.php 203
ERROR - 2021-02-06 10:25:04 --> Unable to connect to the database
ERROR - 2021-02-06 10:25:04 --> Severity: Warning --> mysqli::real_connect(): (HY000/3118): Access denied for user 'developm_hakibah'@'localhost'. Account is locked. /home1/developmentconso/public_html/hakibah/system/database/drivers/mysqli/mysqli_driver.php 203
ERROR - 2021-02-06 10:25:04 --> Unable to connect to the database
ERROR - 2021-02-06 10:25:04 --> Severity: Warning --> mysqli::real_connect(): (HY000/3118): Access denied for user 'developm_hakibah'@'localhost'. Account is locked. /home1/developmentconso/public_html/hakibah/system/database/drivers/mysqli/mysqli_driver.php 203
ERROR - 2021-02-06 10:25:04 --> Unable to connect to the database
ERROR - 2021-02-06 10:25:04 --> Severity: Warning --> mysqli::real_connect(): (HY000/3118): Access denied for user 'developm_hakibah'@'localhost'. Account is locked. /home1/developmentconso/public_html/hakibah/system/database/drivers/mysqli/mysqli_driver.php 203
ERROR - 2021-02-06 10:25:04 --> Unable to connect to the database
ERROR - 2021-02-06 10:25:04 --> Severity: Warning --> mysqli::real_connect(): (HY000/3118): Access denied for user 'developm_hakibah'@'localhost'. Account is locked. /home1/developmentconso/public_html/hakibah/system/database/drivers/mysqli/mysqli_driver.php 203
ERROR - 2021-02-06 10:25:04 --> Unable to connect to the database
ERROR - 2021-02-06 10:25:04 --> Severity: Warning --> mysqli::real_connect(): (HY000/3118): Access denied for user 'developm_hakibah'@'localhost'. Account is locked. /home1/developmentconso/public_html/hakibah/system/database/drivers/mysqli/mysqli_driver.php 203
ERROR - 2021-02-06 10:25:04 --> Unable to connect to the database
ERROR - 2021-02-06 10:25:04 --> Severity: Warning --> mysqli::real_connect(): (HY000/3118): Access denied for user 'developm_hakibah'@'localhost'. Account is locked. /home1/developmentconso/public_html/hakibah/system/database/drivers/mysqli/mysqli_driver.php 203
ERROR - 2021-02-06 10:25:04 --> Unable to connect to the database
ERROR - 2021-02-06 10:25:04 --> Severity: Warning --> mysqli::real_connect(): (HY000/3118): Access denied for user 'developm_hakibah'@'localhost'. Account is locked. /home1/developmentconso/public_html/hakibah/system/database/drivers/mysqli/mysqli_driver.php 203
ERROR - 2021-02-06 10:25:04 --> Unable to connect to the database
ERROR - 2021-02-06 10:25:04 --> Severity: Warning --> mysqli::real_connect(): (HY000/3118): Access denied for user 'developm_hakibah'@'localhost'. Account is locked. /home1/developmentconso/public_html/hakibah/system/database/drivers/mysqli/mysqli_driver.php 203
ERROR - 2021-02-06 10:25:04 --> Unable to connect to the database
ERROR - 2021-02-06 10:25:04 --> Severity: Warning --> mysqli::real_connect(): (HY000/3118): Access denied for user 'developm_hakibah'@'localhost'. Account is locked. /home1/developmentconso/public_html/hakibah/system/database/drivers/mysqli/mysqli_driver.php 203
ERROR - 2021-02-06 10:25:04 --> Unable to connect to the database
ERROR - 2021-02-06 10:25:04 --> Severity: Warning --> mysqli::real_connect(): (HY000/3118): Access denied for user 'developm_hakibah'@'localhost'. Account is locked. /home1/developmentconso/public_html/hakibah/system/database/drivers/mysqli/mysqli_driver.php 203
ERROR - 2021-02-06 10:25:04 --> Unable to connect to the database
ERROR - 2021-02-06 10:25:04 --> Severity: Warning --> mysqli::real_connect(): (HY000/3118): Access denied for user 'developm_hakibah'@'localhost'. Account is locked. /home1/developmentconso/public_html/hakibah/system/database/drivers/mysqli/mysqli_driver.php 203
ERROR - 2021-02-06 10:25:04 --> Unable to connect to the database
ERROR - 2021-02-06 10:25:04 --> Severity: Warning --> mysqli::real_connect(): (HY000/3118): Access denied for user 'developm_hakibah'@'localhost'. Account is locked. /home1/developmentconso/public_html/hakibah/system/database/drivers/mysqli/mysqli_driver.php 203
ERROR - 2021-02-06 10:25:04 --> Unable to connect to the database
ERROR - 2021-02-06 10:25:04 --> Severity: Warning --> mysqli::real_connect(): (HY000/3118): Access denied for user 'developm_hakibah'@'localhost'. Account is locked. /home1/developmentconso/public_html/hakibah/system/database/drivers/mysqli/mysqli_driver.php 203
ERROR - 2021-02-06 10:25:04 --> Unable to connect to the database
ERROR - 2021-02-06 10:25:04 --> Severity: Warning --> mysqli::real_connect(): (HY000/3118): Access denied for user 'developm_hakibah'@'localhost'. Account is locked. /home1/developmentconso/public_html/hakibah/system/database/drivers/mysqli/mysqli_driver.php 203
ERROR - 2021-02-06 10:25:04 --> Unable to connect to the database
ERROR - 2021-02-06 10:25:04 --> Severity: Warning --> mysqli::real_connect(): (HY000/3118): Access denied for user 'developm_hakibah'@'localhost'. Account is locked. /home1/developmentconso/public_html/hakibah/system/database/drivers/mysqli/mysqli_driver.php 203
ERROR - 2021-02-06 10:25:04 --> Unable to connect to the database
ERROR - 2021-02-06 10:25:04 --> Severity: Warning --> mysqli::real_connect(): (HY000/3118): Access denied for user 'developm_hakibah'@'localhost'. Account is locked. /home1/developmentconso/public_html/hakibah/system/database/drivers/mysqli/mysqli_driver.php 203
ERROR - 2021-02-06 10:25:04 --> Unable to connect to the database
ERROR - 2021-02-06 10:25:04 --> Severity: Warning --> mysqli::real_connect(): (HY000/3118): Access denied for user 'developm_hakibah'@'localhost'. Account is locked. /home1/developmentconso/public_html/hakibah/system/database/drivers/mysqli/mysqli_driver.php 203
ERROR - 2021-02-06 10:25:04 --> Unable to connect to the database
ERROR - 2021-02-06 10:25:04 --> Severity: Warning --> mysqli::real_connect(): (HY000/3118): Access denied for user 'developm_hakibah'@'localhost'. Account is locked. /home1/developmentconso/public_html/hakibah/system/database/drivers/mysqli/mysqli_driver.php 203
ERROR - 2021-02-06 10:25:04 --> Unable to connect to the database
ERROR - 2021-02-06 10:25:04 --> Severity: Warning --> mysqli::real_connect(): (HY000/3118): Access denied for user 'developm_hakibah'@'localhost'. Account is locked. /home1/developmentconso/public_html/hakibah/system/database/drivers/mysqli/mysqli_driver.php 203
ERROR - 2021-02-06 10:25:04 --> Unable to connect to the database
ERROR - 2021-02-06 10:25:04 --> Severity: Warning --> mysqli::real_connect(): (HY000/3118): Access denied for user 'developm_hakibah'@'localhost'. Account is locked. /home1/developmentconso/public_html/hakibah/system/database/drivers/mysqli/mysqli_driver.php 203
ERROR - 2021-02-06 10:25:04 --> Unable to connect to the database
ERROR - 2021-02-06 10:25:04 --> Severity: Warning --> mysqli::real_connect(): (HY000/3118): Access denied for user 'developm_hakibah'@'localhost'. Account is locked. /home1/developmentconso/public_html/hakibah/system/database/drivers/mysqli/mysqli_driver.php 203
ERROR - 2021-02-06 10:25:04 --> Unable to connect to the database
DEBUG - 2021-02-06 10:25:04 --> Encryption: Auto-configured driver 'openssl'.
ERROR - 2021-02-06 10:25:04 --> Severity: Warning --> mysqli::real_connect(): (HY000/3118): Access denied for user 'developm_hakibah'@'localhost'. Account is locked. /home1/developmentconso/public_html/hakibah/system/database/drivers/mysqli/mysqli_driver.php 203
ERROR - 2021-02-06 10:25:04 --> Unable to connect to the database
ERROR - 2021-02-06 10:25:04 --> Query error: Access denied for user 'developm_hakibah'@'localhost'. Account is locked. - Invalid query: SELECT COUNT(*) AS `numrows`
FROM `books`
WHERE `status` = 1
ERROR - 2021-02-06 10:25:04 --> Severity: error --> Exception: Call to a member function num_rows() on bool /home1/developmentconso/public_html/hakibah/system/database/DB_query_builder.php 1429
DEBUG - 2021-02-06 11:17:42 --> UTF-8 Support Enabled
DEBUG - 2021-02-06 11:17:42 --> No URI present. Default controller set.
DEBUG - 2021-02-06 11:17:42 --> Global POST, GET and COOKIE data sanitized
DEBUG - 2021-02-06 11:17:42 --> Encryption: Auto-configured driver 'openssl'.
DEBUG - 2021-02-06 11:17:42 --> Total execution time: 0.0410
DEBUG - 2021-02-06 11:17:45 --> UTF-8 Support Enabled
DEBUG - 2021-02-06 11:17:45 --> No URI present. Default controller set.
DEBUG - 2021-02-06 11:17:45 --> Global POST, GET and COOKIE data sanitized
DEBUG - 2021-02-06 11:17:45 --> Encryption: Auto-configured driver 'openssl'.
DEBUG - 2021-02-06 11:17:45 --> Total execution time: 0.0360
DEBUG - 2021-02-06 11:35:58 --> UTF-8 Support Enabled
DEBUG - 2021-02-06 11:35:58 --> No URI present. Default controller set.
DEBUG - 2021-02-06 11:35:58 --> Global POST, GET and COOKIE data sanitized
DEBUG - 2021-02-06 11:35:58 --> Encryption: Auto-configured driver 'openssl'.
DEBUG - 2021-02-06 11:35:58 --> Total execution time: 0.0461
DEBUG - 2021-02-06 12:21:45 --> UTF-8 Support Enabled
DEBUG - 2021-02-06 12:21:45 --> Global POST, GET and COOKIE data sanitized
DEBUG - 2021-02-06 12:21:45 --> Encryption: Auto-configured driver 'openssl'.
ERROR - 2021-02-06 12:21:45 --> 404 Page Not Found: 
DEBUG - 2021-02-06 13:51:21 --> UTF-8 Support Enabled
DEBUG - 2021-02-06 13:51:21 --> No URI present. Default controller set.
DEBUG - 2021-02-06 13:51:21 --> Global POST, GET and COOKIE data sanitized
DEBUG - 2021-02-06 13:51:21 --> Encryption: Auto-configured driver 'openssl'.
DEBUG - 2021-02-06 13:51:21 --> Total execution time: 0.0391
DEBUG - 2021-02-06 14:11:22 --> UTF-8 Support Enabled
DEBUG - 2021-02-06 14:11:22 --> No URI present. Default controller set.
DEBUG - 2021-02-06 14:11:22 --> Global POST, GET and COOKIE data sanitized
DEBUG - 2021-02-06 14:11:22 --> Encryption: Auto-configured driver 'openssl'.
DEBUG - 2021-02-06 14:11:22 --> Total execution time: 0.0355
DEBUG - 2021-02-06 14:11:37 --> UTF-8 Support Enabled
DEBUG - 2021-02-06 14:11:37 --> No URI present. Default controller set.
DEBUG - 2021-02-06 14:11:37 --> Global POST, GET and COOKIE data sanitized
DEBUG - 2021-02-06 14:11:37 --> Encryption: Auto-configured driver 'openssl'.
DEBUG - 2021-02-06 14:11:37 --> Total execution time: 0.0461
DEBUG - 2021-02-06 14:11:46 --> UTF-8 Support Enabled
DEBUG - 2021-02-06 14:11:46 --> Global POST, GET and COOKIE data sanitized
DEBUG - 2021-02-06 14:11:46 --> Encryption: Auto-configured driver 'openssl'.
DEBUG - 2021-02-06 14:11:46 --> Total execution time: 0.0278
DEBUG - 2021-02-06 14:11:59 --> UTF-8 Support Enabled
DEBUG - 2021-02-06 14:11:59 --> Global POST, GET and COOKIE data sanitized
DEBUG - 2021-02-06 14:11:59 --> Encryption: Auto-configured driver 'openssl'.
DEBUG - 2021-02-06 14:12:00 --> UTF-8 Support Enabled
DEBUG - 2021-02-06 14:12:00 --> Global POST, GET and COOKIE data sanitized
DEBUG - 2021-02-06 14:12:00 --> Encryption: Auto-configured driver 'openssl'.
DEBUG - 2021-02-06 14:12:00 --> Total execution time: 0.0381
DEBUG - 2021-02-06 14:12:32 --> UTF-8 Support Enabled
DEBUG - 2021-02-06 14:12:32 --> Global POST, GET and COOKIE data sanitized
DEBUG - 2021-02-06 14:12:32 --> Encryption: Auto-configured driver 'openssl'.
DEBUG - 2021-02-06 14:12:32 --> UTF-8 Support Enabled
DEBUG - 2021-02-06 14:12:32 --> Global POST, GET and COOKIE data sanitized
DEBUG - 2021-02-06 14:12:32 --> Encryption: Auto-configured driver 'openssl'.
DEBUG - 2021-02-06 14:12:32 --> Total execution time: 0.0228
DEBUG - 2021-02-06 14:12:38 --> UTF-8 Support Enabled
DEBUG - 2021-02-06 14:12:38 --> No URI present. Default controller set.
DEBUG - 2021-02-06 14:12:38 --> Global POST, GET and COOKIE data sanitized
DEBUG - 2021-02-06 14:12:38 --> Encryption: Auto-configured driver 'openssl'.
DEBUG - 2021-02-06 14:12:38 --> Total execution time: 0.0374
DEBUG - 2021-02-06 14:12:38 --> UTF-8 Support Enabled
DEBUG - 2021-02-06 14:12:38 --> No URI present. Default controller set.
DEBUG - 2021-02-06 14:12:38 --> Global POST, GET and COOKIE data sanitized
DEBUG - 2021-02-06 14:12:38 --> Encryption: Auto-configured driver 'openssl'.
DEBUG - 2021-02-06 14:12:38 --> Total execution time: 0.0421
DEBUG - 2021-02-06 14:12:38 --> UTF-8 Support Enabled
DEBUG - 2021-02-06 14:12:38 --> No URI present. Default controller set.
DEBUG - 2021-02-06 14:12:38 --> Global POST, GET and COOKIE data sanitized
DEBUG - 2021-02-06 14:12:38 --> Encryption: Auto-configured driver 'openssl'.
DEBUG - 2021-02-06 14:12:38 --> Total execution time: 0.0349
DEBUG - 2021-02-06 14:12:38 --> UTF-8 Support Enabled
DEBUG - 2021-02-06 14:12:38 --> No URI present. Default controller set.
DEBUG - 2021-02-06 14:12:38 --> Global POST, GET and COOKIE data sanitized
DEBUG - 2021-02-06 14:12:38 --> Encryption: Auto-configured driver 'openssl'.
DEBUG - 2021-02-06 14:12:38 --> Total execution time: 0.0347
DEBUG - 2021-02-06 14:12:38 --> UTF-8 Support Enabled
DEBUG - 2021-02-06 14:12:38 --> No URI present. Default controller set.
DEBUG - 2021-02-06 14:12:38 --> Global POST, GET and COOKIE data sanitized
DEBUG - 2021-02-06 14:12:38 --> Encryption: Auto-configured driver 'openssl'.
DEBUG - 2021-02-06 14:12:38 --> Total execution time: 0.0424
DEBUG - 2021-02-06 14:12:39 --> UTF-8 Support Enabled
DEBUG - 2021-02-06 14:12:39 --> No URI present. Default controller set.
DEBUG - 2021-02-06 14:12:39 --> Global POST, GET and COOKIE data sanitized
DEBUG - 2021-02-06 14:12:39 --> Encryption: Auto-configured driver 'openssl'.
DEBUG - 2021-02-06 14:12:39 --> Total execution time: 0.0347
DEBUG - 2021-02-06 14:12:46 --> UTF-8 Support Enabled
DEBUG - 2021-02-06 14:12:46 --> Global POST, GET and COOKIE data sanitized
DEBUG - 2021-02-06 14:12:46 --> Encryption: Auto-configured driver 'openssl'.
DEBUG - 2021-02-06 14:12:46 --> Total execution time: 0.0247
DEBUG - 2021-02-06 14:13:19 --> UTF-8 Support Enabled
DEBUG - 2021-02-06 14:13:19 --> No URI present. Default controller set.
DEBUG - 2021-02-06 14:13:19 --> Global POST, GET and COOKIE data sanitized
DEBUG - 2021-02-06 14:13:19 --> Encryption: Auto-configured driver 'openssl'.
DEBUG - 2021-02-06 14:13:19 --> Total execution time: 0.0336
DEBUG - 2021-02-06 14:20:44 --> UTF-8 Support Enabled
DEBUG - 2021-02-06 14:20:44 --> No URI present. Default controller set.
DEBUG - 2021-02-06 14:20:44 --> Global POST, GET and COOKIE data sanitized
DEBUG - 2021-02-06 14:20:44 --> Encryption: Auto-configured driver 'openssl'.
DEBUG - 2021-02-06 14:20:44 --> Total execution time: 0.0395
DEBUG - 2021-02-06 14:31:35 --> UTF-8 Support Enabled
DEBUG - 2021-02-06 14:31:35 --> No URI present. Default controller set.
DEBUG - 2021-02-06 14:31:35 --> Global POST, GET and COOKIE data sanitized
DEBUG - 2021-02-06 14:31:35 --> Encryption: Auto-configured driver 'openssl'.
DEBUG - 2021-02-06 14:31:35 --> Total execution time: 0.0371
DEBUG - 2021-02-06 14:32:15 --> UTF-8 Support Enabled
DEBUG - 2021-02-06 14:32:15 --> No URI present. Default controller set.
DEBUG - 2021-02-06 14:32:15 --> Global POST, GET and COOKIE data sanitized
DEBUG - 2021-02-06 14:32:15 --> Encryption: Auto-configured driver 'openssl'.
DEBUG - 2021-02-06 14:32:15 --> Total execution time: 0.0349
DEBUG - 2021-02-06 14:32:20 --> UTF-8 Support Enabled
DEBUG - 2021-02-06 14:32:20 --> No URI present. Default controller set.
DEBUG - 2021-02-06 14:32:20 --> Global POST, GET and COOKIE data sanitized
DEBUG - 2021-02-06 14:32:20 --> Encryption: Auto-configured driver 'openssl'.
DEBUG - 2021-02-06 14:32:20 --> Total execution time: 0.0337
DEBUG - 2021-02-06 14:32:24 --> UTF-8 Support Enabled
DEBUG - 2021-02-06 14:32:24 --> No URI present. Default controller set.
DEBUG - 2021-02-06 14:32:24 --> Global POST, GET and COOKIE data sanitized
DEBUG - 2021-02-06 14:32:24 --> Encryption: Auto-configured driver 'openssl'.
DEBUG - 2021-02-06 14:32:24 --> Total execution time: 0.0359
DEBUG - 2021-02-06 14:32:48 --> UTF-8 Support Enabled
DEBUG - 2021-02-06 14:32:48 --> No URI present. Default controller set.
DEBUG - 2021-02-06 14:32:48 --> Global POST, GET and COOKIE data sanitized
DEBUG - 2021-02-06 14:32:48 --> Encryption: Auto-configured driver 'openssl'.
DEBUG - 2021-02-06 14:32:48 --> Total execution time: 0.0376
DEBUG - 2021-02-06 14:32:51 --> UTF-8 Support Enabled
DEBUG - 2021-02-06 14:32:51 --> No URI present. Default controller set.
DEBUG - 2021-02-06 14:32:51 --> Global POST, GET and COOKIE data sanitized
DEBUG - 2021-02-06 14:32:51 --> Encryption: Auto-configured driver 'openssl'.
DEBUG - 2021-02-06 14:32:51 --> Total execution time: 0.0336
DEBUG - 2021-02-06 14:33:16 --> UTF-8 Support Enabled
DEBUG - 2021-02-06 14:33:16 --> No URI present. Default controller set.
DEBUG - 2021-02-06 14:33:16 --> Global POST, GET and COOKIE data sanitized
DEBUG - 2021-02-06 14:33:16 --> Encryption: Auto-configured driver 'openssl'.
DEBUG - 2021-02-06 14:33:16 --> Total execution time: 0.0356
DEBUG - 2021-02-06 14:33:23 --> UTF-8 Support Enabled
DEBUG - 2021-02-06 14:33:23 --> No URI present. Default controller set.
DEBUG - 2021-02-06 14:33:23 --> Global POST, GET and COOKIE data sanitized
DEBUG - 2021-02-06 14:33:23 --> Encryption: Auto-configured driver 'openssl'.
DEBUG - 2021-02-06 14:33:23 --> Total execution time: 0.0333
DEBUG - 2021-02-06 14:33:35 --> UTF-8 Support Enabled
DEBUG - 2021-02-06 14:33:35 --> No URI present. Default controller set.
DEBUG - 2021-02-06 14:33:35 --> Global POST, GET and COOKIE data sanitized
DEBUG - 2021-02-06 14:33:35 --> Encryption: Auto-configured driver 'openssl'.
DEBUG - 2021-02-06 14:33:35 --> Total execution time: 0.0332
DEBUG - 2021-02-06 14:33:35 --> UTF-8 Support Enabled
DEBUG - 2021-02-06 14:33:35 --> No URI present. Default controller set.
DEBUG - 2021-02-06 14:33:35 --> Global POST, GET and COOKIE data sanitized
DEBUG - 2021-02-06 14:33:35 --> Encryption: Auto-configured driver 'openssl'.
DEBUG - 2021-02-06 14:33:35 --> Total execution time: 0.0351
DEBUG - 2021-02-06 14:33:41 --> UTF-8 Support Enabled
DEBUG - 2021-02-06 14:33:41 --> No URI present. Default controller set.
DEBUG - 2021-02-06 14:33:41 --> Global POST, GET and COOKIE data sanitized
DEBUG - 2021-02-06 14:33:41 --> Encryption: Auto-configured driver 'openssl'.
DEBUG - 2021-02-06 14:33:41 --> Total execution time: 0.0371
DEBUG - 2021-02-06 14:33:44 --> UTF-8 Support Enabled
DEBUG - 2021-02-06 14:33:44 --> No URI present. Default controller set.
DEBUG - 2021-02-06 14:33:44 --> Global POST, GET and COOKIE data sanitized
DEBUG - 2021-02-06 14:33:44 --> Encryption: Auto-configured driver 'openssl'.
DEBUG - 2021-02-06 14:33:44 --> Total execution time: 0.0331
DEBUG - 2021-02-06 14:33:47 --> UTF-8 Support Enabled
DEBUG - 2021-02-06 14:33:47 --> No URI present. Default controller set.
DEBUG - 2021-02-06 14:33:47 --> Global POST, GET and COOKIE data sanitized
DEBUG - 2021-02-06 14:33:47 --> Encryption: Auto-configured driver 'openssl'.
DEBUG - 2021-02-06 14:33:47 --> Total execution time: 0.0343
DEBUG - 2021-02-06 14:33:55 --> UTF-8 Support Enabled
DEBUG - 2021-02-06 14:33:55 --> No URI present. Default controller set.
DEBUG - 2021-02-06 14:33:55 --> Global POST, GET and COOKIE data sanitized
DEBUG - 2021-02-06 14:33:55 --> Encryption: Auto-configured driver 'openssl'.
DEBUG - 2021-02-06 14:33:55 --> Total execution time: 0.0345
DEBUG - 2021-02-06 14:33:59 --> UTF-8 Support Enabled
DEBUG - 2021-02-06 14:33:59 --> No URI present. Default controller set.
DEBUG - 2021-02-06 14:33:59 --> Global POST, GET and COOKIE data sanitized
DEBUG - 2021-02-06 14:33:59 --> Encryption: Auto-configured driver 'openssl'.
DEBUG - 2021-02-06 14:33:59 --> Total execution time: 0.0343
DEBUG - 2021-02-06 14:34:03 --> UTF-8 Support Enabled
DEBUG - 2021-02-06 14:34:03 --> No URI present. Default controller set.
DEBUG - 2021-02-06 14:34:03 --> Global POST, GET and COOKIE data sanitized
DEBUG - 2021-02-06 14:34:03 --> Encryption: Auto-configured driver 'openssl'.
DEBUG - 2021-02-06 14:34:03 --> Total execution time: 0.0335
DEBUG - 2021-02-06 14:34:09 --> UTF-8 Support Enabled
DEBUG - 2021-02-06 14:34:09 --> No URI present. Default controller set.
DEBUG - 2021-02-06 14:34:09 --> Global POST, GET and COOKIE data sanitized
DEBUG - 2021-02-06 14:34:09 --> Encryption: Auto-configured driver 'openssl'.
DEBUG - 2021-02-06 14:34:09 --> Total execution time: 0.0355
DEBUG - 2021-02-06 14:46:09 --> UTF-8 Support Enabled
DEBUG - 2021-02-06 14:46:09 --> No URI present. Default controller set.
DEBUG - 2021-02-06 14:46:09 --> Global POST, GET and COOKIE data sanitized
DEBUG - 2021-02-06 14:46:09 --> Encryption: Auto-configured driver 'openssl'.
DEBUG - 2021-02-06 14:46:09 --> Total execution time: 0.0338
DEBUG - 2021-02-06 23:58:05 --> UTF-8 Support Enabled
DEBUG - 2021-02-06 23:58:05 --> No URI present. Default controller set.
DEBUG - 2021-02-06 23:58:05 --> Global POST, GET and COOKIE data sanitized
DEBUG - 2021-02-06 23:58:05 --> Encryption: Auto-configured driver 'openssl'.
DEBUG - 2021-02-06 23:58:05 --> Total execution time: 0.0645
