DEBUG - 2020-12-10 11:39:25 --> UTF-8 Support Enabled
DEBUG - 2020-12-10 11:39:25 --> No URI present. Default controller set.
DEBUG - 2020-12-10 11:39:25 --> Global POST, GET and COOKIE data sanitized
DEBUG - 2020-12-10 11:39:25 --> Encryption: Auto-configured driver 'openssl'.
DEBUG - 2020-12-10 11:39:26 --> Total execution time: 0.5250
DEBUG - 2020-12-10 11:39:26 --> UTF-8 Support Enabled
DEBUG - 2020-12-10 11:39:26 --> No URI present. Default controller set.
DEBUG - 2020-12-10 11:39:26 --> Global POST, GET and COOKIE data sanitized
DEBUG - 2020-12-10 11:39:26 --> Encryption: Auto-configured driver 'openssl'.
DEBUG - 2020-12-10 11:39:26 --> Total execution time: 0.0459
DEBUG - 2020-12-10 14:42:21 --> UTF-8 Support Enabled
DEBUG - 2020-12-10 14:42:21 --> No URI present. Default controller set.
DEBUG - 2020-12-10 14:42:21 --> Global POST, GET and COOKIE data sanitized
DEBUG - 2020-12-10 14:42:21 --> Encryption: Auto-configured driver 'openssl'.
DEBUG - 2020-12-10 14:42:21 --> Total execution time: 0.3653
DEBUG - 2020-12-10 17:39:12 --> UTF-8 Support Enabled
DEBUG - 2020-12-10 17:39:12 --> No URI present. Default controller set.
DEBUG - 2020-12-10 17:39:12 --> Global POST, GET and COOKIE data sanitized
DEBUG - 2020-12-10 17:39:12 --> Encryption: Auto-configured driver 'openssl'.
DEBUG - 2020-12-10 17:39:14 --> Total execution time: 1.5116
