DEBUG - 2021-01-03 02:00:34 --> UTF-8 Support Enabled
DEBUG - 2021-01-03 02:00:34 --> No URI present. Default controller set.
DEBUG - 2021-01-03 02:00:34 --> Global POST, GET and COOKIE data sanitized
DEBUG - 2021-01-03 02:00:34 --> Encryption: Auto-configured driver 'openssl'.
DEBUG - 2021-01-03 02:00:34 --> Total execution time: 0.0570
DEBUG - 2021-01-03 02:15:23 --> UTF-8 Support Enabled
DEBUG - 2021-01-03 02:15:23 --> Global POST, GET and COOKIE data sanitized
DEBUG - 2021-01-03 02:15:23 --> Encryption: Auto-configured driver 'openssl'.
ERROR - 2021-01-03 02:15:23 --> 404 Page Not Found: 
DEBUG - 2021-01-03 05:44:17 --> UTF-8 Support Enabled
DEBUG - 2021-01-03 05:44:17 --> Global POST, GET and COOKIE data sanitized
DEBUG - 2021-01-03 05:44:17 --> Encryption: Auto-configured driver 'openssl'.
DEBUG - 2021-01-03 05:44:17 --> Total execution time: 0.0487
DEBUG - 2021-01-03 06:01:15 --> UTF-8 Support Enabled
DEBUG - 2021-01-03 06:01:15 --> No URI present. Default controller set.
DEBUG - 2021-01-03 06:01:15 --> Global POST, GET and COOKIE data sanitized
DEBUG - 2021-01-03 06:01:15 --> Encryption: Auto-configured driver 'openssl'.
DEBUG - 2021-01-03 06:01:15 --> Total execution time: 0.0437
DEBUG - 2021-01-03 06:01:58 --> UTF-8 Support Enabled
DEBUG - 2021-01-03 06:01:58 --> Global POST, GET and COOKIE data sanitized
DEBUG - 2021-01-03 06:01:58 --> Encryption: Auto-configured driver 'openssl'.
DEBUG - 2021-01-03 06:01:58 --> Total execution time: 0.0375
DEBUG - 2021-01-03 06:02:07 --> UTF-8 Support Enabled
DEBUG - 2021-01-03 06:02:07 --> Global POST, GET and COOKIE data sanitized
DEBUG - 2021-01-03 06:02:07 --> Encryption: Auto-configured driver 'openssl'.
DEBUG - 2021-01-03 06:02:07 --> UTF-8 Support Enabled
DEBUG - 2021-01-03 06:02:07 --> Global POST, GET and COOKIE data sanitized
DEBUG - 2021-01-03 06:02:07 --> Encryption: Auto-configured driver 'openssl'.
DEBUG - 2021-01-03 06:02:07 --> Total execution time: 0.0619
DEBUG - 2021-01-03 06:02:34 --> UTF-8 Support Enabled
DEBUG - 2021-01-03 06:02:34 --> Global POST, GET and COOKIE data sanitized
DEBUG - 2021-01-03 06:02:34 --> Encryption: Auto-configured driver 'openssl'.
DEBUG - 2021-01-03 06:02:35 --> UTF-8 Support Enabled
DEBUG - 2021-01-03 06:02:35 --> No URI present. Default controller set.
DEBUG - 2021-01-03 06:02:35 --> Global POST, GET and COOKIE data sanitized
DEBUG - 2021-01-03 06:02:35 --> Encryption: Auto-configured driver 'openssl'.
DEBUG - 2021-01-03 06:02:35 --> UTF-8 Support Enabled
DEBUG - 2021-01-03 06:02:35 --> Global POST, GET and COOKIE data sanitized
DEBUG - 2021-01-03 06:02:35 --> Encryption: Auto-configured driver 'openssl'.
DEBUG - 2021-01-03 06:02:35 --> Total execution time: 0.0549
DEBUG - 2021-01-03 06:08:15 --> UTF-8 Support Enabled
DEBUG - 2021-01-03 06:08:15 --> No URI present. Default controller set.
DEBUG - 2021-01-03 06:08:15 --> Global POST, GET and COOKIE data sanitized
DEBUG - 2021-01-03 06:08:15 --> Encryption: Auto-configured driver 'openssl'.
DEBUG - 2021-01-03 06:08:16 --> UTF-8 Support Enabled
DEBUG - 2021-01-03 06:08:16 --> Global POST, GET and COOKIE data sanitized
DEBUG - 2021-01-03 06:08:16 --> Encryption: Auto-configured driver 'openssl'.
DEBUG - 2021-01-03 06:08:16 --> Total execution time: 0.0398
DEBUG - 2021-01-03 06:08:19 --> UTF-8 Support Enabled
DEBUG - 2021-01-03 06:08:19 --> Global POST, GET and COOKIE data sanitized
DEBUG - 2021-01-03 06:08:19 --> Encryption: Auto-configured driver 'openssl'.
DEBUG - 2021-01-03 06:08:20 --> UTF-8 Support Enabled
DEBUG - 2021-01-03 06:08:20 --> No URI present. Default controller set.
DEBUG - 2021-01-03 06:08:20 --> Global POST, GET and COOKIE data sanitized
DEBUG - 2021-01-03 06:08:20 --> Encryption: Auto-configured driver 'openssl'.
DEBUG - 2021-01-03 06:08:20 --> Total execution time: 0.0357
DEBUG - 2021-01-03 06:08:29 --> UTF-8 Support Enabled
DEBUG - 2021-01-03 06:08:29 --> Global POST, GET and COOKIE data sanitized
DEBUG - 2021-01-03 06:08:29 --> Encryption: Auto-configured driver 'openssl'.
DEBUG - 2021-01-03 06:08:29 --> Total execution time: 0.0359
DEBUG - 2021-01-03 06:08:35 --> UTF-8 Support Enabled
DEBUG - 2021-01-03 06:08:35 --> No URI present. Default controller set.
DEBUG - 2021-01-03 06:08:35 --> Global POST, GET and COOKIE data sanitized
DEBUG - 2021-01-03 06:08:35 --> Encryption: Auto-configured driver 'openssl'.
DEBUG - 2021-01-03 06:08:35 --> Total execution time: 0.0358
DEBUG - 2021-01-03 06:15:57 --> UTF-8 Support Enabled
DEBUG - 2021-01-03 06:15:57 --> Global POST, GET and COOKIE data sanitized
DEBUG - 2021-01-03 06:15:57 --> Encryption: Auto-configured driver 'openssl'.
DEBUG - 2021-01-03 06:15:57 --> Total execution time: 0.0496
DEBUG - 2021-01-03 06:50:32 --> UTF-8 Support Enabled
DEBUG - 2021-01-03 06:50:32 --> No URI present. Default controller set.
DEBUG - 2021-01-03 06:50:32 --> Global POST, GET and COOKIE data sanitized
DEBUG - 2021-01-03 06:50:32 --> Encryption: Auto-configured driver 'openssl'.
DEBUG - 2021-01-03 06:50:32 --> Total execution time: 0.0425
DEBUG - 2021-01-03 07:17:41 --> UTF-8 Support Enabled
DEBUG - 2021-01-03 07:17:41 --> Global POST, GET and COOKIE data sanitized
DEBUG - 2021-01-03 07:17:41 --> Encryption: Auto-configured driver 'openssl'.
DEBUG - 2021-01-03 07:17:41 --> Total execution time: 0.0428
DEBUG - 2021-01-03 07:32:48 --> UTF-8 Support Enabled
DEBUG - 2021-01-03 07:32:48 --> Global POST, GET and COOKIE data sanitized
DEBUG - 2021-01-03 07:32:48 --> Encryption: Auto-configured driver 'openssl'.
DEBUG - 2021-01-03 07:32:48 --> Total execution time: 0.0387
DEBUG - 2021-01-03 07:32:53 --> UTF-8 Support Enabled
DEBUG - 2021-01-03 07:32:53 --> Global POST, GET and COOKIE data sanitized
DEBUG - 2021-01-03 07:32:53 --> Encryption: Auto-configured driver 'openssl'.
DEBUG - 2021-01-03 07:32:53 --> Total execution time: 0.0327
DEBUG - 2021-01-03 07:32:57 --> UTF-8 Support Enabled
DEBUG - 2021-01-03 07:32:57 --> Global POST, GET and COOKIE data sanitized
DEBUG - 2021-01-03 07:32:57 --> Encryption: Auto-configured driver 'openssl'.
DEBUG - 2021-01-03 07:32:57 --> Total execution time: 0.0391
DEBUG - 2021-01-03 07:33:25 --> UTF-8 Support Enabled
DEBUG - 2021-01-03 07:33:25 --> No URI present. Default controller set.
DEBUG - 2021-01-03 07:33:25 --> Global POST, GET and COOKIE data sanitized
DEBUG - 2021-01-03 07:33:25 --> Encryption: Auto-configured driver 'openssl'.
DEBUG - 2021-01-03 07:33:25 --> Total execution time: 0.0348
DEBUG - 2021-01-03 08:12:19 --> UTF-8 Support Enabled
DEBUG - 2021-01-03 08:12:19 --> No URI present. Default controller set.
DEBUG - 2021-01-03 08:12:19 --> Global POST, GET and COOKIE data sanitized
DEBUG - 2021-01-03 08:12:19 --> Encryption: Auto-configured driver 'openssl'.
DEBUG - 2021-01-03 08:12:19 --> Total execution time: 0.0455
DEBUG - 2021-01-03 08:12:24 --> UTF-8 Support Enabled
DEBUG - 2021-01-03 08:12:24 --> Global POST, GET and COOKIE data sanitized
DEBUG - 2021-01-03 08:12:24 --> Encryption: Auto-configured driver 'openssl'.
DEBUG - 2021-01-03 08:12:24 --> Total execution time: 0.0322
DEBUG - 2021-01-03 08:12:32 --> UTF-8 Support Enabled
DEBUG - 2021-01-03 08:12:32 --> Global POST, GET and COOKIE data sanitized
DEBUG - 2021-01-03 08:12:32 --> Encryption: Auto-configured driver 'openssl'.
DEBUG - 2021-01-03 08:12:33 --> UTF-8 Support Enabled
DEBUG - 2021-01-03 08:12:33 --> Global POST, GET and COOKIE data sanitized
DEBUG - 2021-01-03 08:12:33 --> Encryption: Auto-configured driver 'openssl'.
DEBUG - 2021-01-03 08:12:33 --> Total execution time: 0.0485
DEBUG - 2021-01-03 08:15:42 --> UTF-8 Support Enabled
DEBUG - 2021-01-03 08:15:42 --> Global POST, GET and COOKIE data sanitized
DEBUG - 2021-01-03 08:15:42 --> Encryption: Auto-configured driver 'openssl'.
DEBUG - 2021-01-03 08:15:42 --> Total execution time: 0.0472
DEBUG - 2021-01-03 08:15:44 --> UTF-8 Support Enabled
DEBUG - 2021-01-03 08:15:44 --> Global POST, GET and COOKIE data sanitized
DEBUG - 2021-01-03 08:15:44 --> Encryption: Auto-configured driver 'openssl'.
ERROR - 2021-01-03 08:15:44 --> Severity: Notice --> Undefined index: q /home1/developmentconso/public_html/hakibah/application/controllers/AjaxController.php 416
DEBUG - 2021-01-03 08:15:44 --> Total execution time: 0.0282
DEBUG - 2021-01-03 08:15:48 --> UTF-8 Support Enabled
DEBUG - 2021-01-03 08:15:48 --> Global POST, GET and COOKIE data sanitized
DEBUG - 2021-01-03 08:15:48 --> Encryption: Auto-configured driver 'openssl'.
DEBUG - 2021-01-03 08:15:48 --> Total execution time: 0.0293
DEBUG - 2021-01-03 08:15:54 --> UTF-8 Support Enabled
DEBUG - 2021-01-03 08:15:54 --> Global POST, GET and COOKIE data sanitized
DEBUG - 2021-01-03 08:15:54 --> Encryption: Auto-configured driver 'openssl'.
DEBUG - 2021-01-03 08:15:54 --> Total execution time: 0.0284
DEBUG - 2021-01-03 08:16:01 --> UTF-8 Support Enabled
DEBUG - 2021-01-03 08:16:01 --> Global POST, GET and COOKIE data sanitized
DEBUG - 2021-01-03 08:16:01 --> Encryption: Auto-configured driver 'openssl'.
DEBUG - 2021-01-03 08:16:01 --> Total execution time: 0.0345
DEBUG - 2021-01-03 08:16:02 --> UTF-8 Support Enabled
DEBUG - 2021-01-03 08:16:02 --> Global POST, GET and COOKIE data sanitized
DEBUG - 2021-01-03 08:16:02 --> Encryption: Auto-configured driver 'openssl'.
DEBUG - 2021-01-03 08:16:02 --> Total execution time: 0.0288
DEBUG - 2021-01-03 08:16:03 --> UTF-8 Support Enabled
DEBUG - 2021-01-03 08:16:03 --> Global POST, GET and COOKIE data sanitized
DEBUG - 2021-01-03 08:16:03 --> Encryption: Auto-configured driver 'openssl'.
DEBUG - 2021-01-03 08:16:03 --> Total execution time: 0.0285
DEBUG - 2021-01-03 08:16:16 --> UTF-8 Support Enabled
DEBUG - 2021-01-03 08:16:16 --> Global POST, GET and COOKIE data sanitized
DEBUG - 2021-01-03 08:16:16 --> Encryption: Auto-configured driver 'openssl'.
DEBUG - 2021-01-03 08:16:16 --> Total execution time: 0.0306
DEBUG - 2021-01-03 08:17:22 --> UTF-8 Support Enabled
DEBUG - 2021-01-03 08:17:22 --> Global POST, GET and COOKIE data sanitized
DEBUG - 2021-01-03 08:17:22 --> Encryption: Auto-configured driver 'openssl'.
DEBUG - 2021-01-03 08:17:22 --> Total execution time: 0.0318
DEBUG - 2021-01-03 08:17:39 --> UTF-8 Support Enabled
DEBUG - 2021-01-03 08:17:39 --> Global POST, GET and COOKIE data sanitized
DEBUG - 2021-01-03 08:17:39 --> Encryption: Auto-configured driver 'openssl'.
DEBUG - 2021-01-03 08:17:40 --> UTF-8 Support Enabled
DEBUG - 2021-01-03 08:17:40 --> Global POST, GET and COOKIE data sanitized
DEBUG - 2021-01-03 08:17:40 --> Encryption: Auto-configured driver 'openssl'.
DEBUG - 2021-01-03 08:17:40 --> Total execution time: 0.0366
DEBUG - 2021-01-03 08:18:29 --> UTF-8 Support Enabled
DEBUG - 2021-01-03 08:18:29 --> Global POST, GET and COOKIE data sanitized
DEBUG - 2021-01-03 08:18:29 --> Encryption: Auto-configured driver 'openssl'.
ERROR - 2021-01-03 08:18:29 --> Severity: Notice --> Undefined index: q /home1/developmentconso/public_html/hakibah/application/controllers/AjaxController.php 416
DEBUG - 2021-01-03 08:18:29 --> Total execution time: 0.0294
DEBUG - 2021-01-03 08:18:30 --> UTF-8 Support Enabled
DEBUG - 2021-01-03 08:18:30 --> Global POST, GET and COOKIE data sanitized
DEBUG - 2021-01-03 08:18:30 --> Encryption: Auto-configured driver 'openssl'.
DEBUG - 2021-01-03 08:18:30 --> Total execution time: 0.0304
DEBUG - 2021-01-03 08:18:33 --> UTF-8 Support Enabled
DEBUG - 2021-01-03 08:18:33 --> Global POST, GET and COOKIE data sanitized
DEBUG - 2021-01-03 08:18:33 --> Encryption: Auto-configured driver 'openssl'.
DEBUG - 2021-01-03 08:18:33 --> Total execution time: 0.0303
DEBUG - 2021-01-03 08:19:17 --> UTF-8 Support Enabled
DEBUG - 2021-01-03 08:19:17 --> Global POST, GET and COOKIE data sanitized
DEBUG - 2021-01-03 08:19:17 --> Encryption: Auto-configured driver 'openssl'.
DEBUG - 2021-01-03 08:19:17 --> Total execution time: 0.0284
DEBUG - 2021-01-03 08:23:08 --> UTF-8 Support Enabled
DEBUG - 2021-01-03 08:23:08 --> Global POST, GET and COOKIE data sanitized
DEBUG - 2021-01-03 08:23:08 --> Encryption: Auto-configured driver 'openssl'.
DEBUG - 2021-01-03 08:23:08 --> Total execution time: 0.0473
DEBUG - 2021-01-03 08:24:05 --> UTF-8 Support Enabled
DEBUG - 2021-01-03 08:24:05 --> Global POST, GET and COOKIE data sanitized
DEBUG - 2021-01-03 08:24:05 --> Encryption: Auto-configured driver 'openssl'.
DEBUG - 2021-01-03 08:24:05 --> The filetype you are attempting to upload is not allowed.
DEBUG - 2021-01-03 08:24:06 --> UTF-8 Support Enabled
DEBUG - 2021-01-03 08:24:06 --> Global POST, GET and COOKIE data sanitized
DEBUG - 2021-01-03 08:24:06 --> Encryption: Auto-configured driver 'openssl'.
DEBUG - 2021-01-03 08:24:06 --> Total execution time: 0.0386
DEBUG - 2021-01-03 08:24:52 --> UTF-8 Support Enabled
DEBUG - 2021-01-03 08:24:52 --> Global POST, GET and COOKIE data sanitized
DEBUG - 2021-01-03 08:24:52 --> Encryption: Auto-configured driver 'openssl'.
DEBUG - 2021-01-03 08:24:52 --> UTF-8 Support Enabled
DEBUG - 2021-01-03 08:24:52 --> Global POST, GET and COOKIE data sanitized
DEBUG - 2021-01-03 08:24:52 --> Encryption: Auto-configured driver 'openssl'.
ERROR - 2021-01-03 08:24:52 --> Severity: Warning --> Creating default object from empty value /home1/developmentconso/public_html/hakibah/public/pages/uploads.php 202
DEBUG - 2021-01-03 08:24:52 --> Total execution time: 0.0453
DEBUG - 2021-01-03 08:24:55 --> UTF-8 Support Enabled
DEBUG - 2021-01-03 08:24:55 --> Global POST, GET and COOKIE data sanitized
DEBUG - 2021-01-03 08:24:55 --> Encryption: Auto-configured driver 'openssl'.
ERROR - 2021-01-03 08:24:55 --> 404 Page Not Found: 
DEBUG - 2021-01-03 08:24:58 --> UTF-8 Support Enabled
DEBUG - 2021-01-03 08:24:58 --> Global POST, GET and COOKIE data sanitized
DEBUG - 2021-01-03 08:24:58 --> Encryption: Auto-configured driver 'openssl'.
DEBUG - 2021-01-03 08:24:58 --> Total execution time: 0.0394
DEBUG - 2021-01-03 08:25:10 --> UTF-8 Support Enabled
DEBUG - 2021-01-03 08:25:10 --> Global POST, GET and COOKIE data sanitized
DEBUG - 2021-01-03 08:25:10 --> Encryption: Auto-configured driver 'openssl'.
ERROR - 2021-01-03 08:25:10 --> Severity: Warning --> Creating default object from empty value /home1/developmentconso/public_html/hakibah/public/pages/uploads.php 202
DEBUG - 2021-01-03 08:25:10 --> Total execution time: 0.0353
DEBUG - 2021-01-03 08:25:23 --> UTF-8 Support Enabled
DEBUG - 2021-01-03 08:25:23 --> Global POST, GET and COOKIE data sanitized
DEBUG - 2021-01-03 08:25:23 --> Encryption: Auto-configured driver 'openssl'.
ERROR - 2021-01-03 08:25:23 --> Severity: Warning --> Creating default object from empty value /home1/developmentconso/public_html/hakibah/public/pages/uploads.php 202
DEBUG - 2021-01-03 08:25:23 --> Total execution time: 0.0379
DEBUG - 2021-01-03 08:26:18 --> UTF-8 Support Enabled
DEBUG - 2021-01-03 08:26:18 --> No URI present. Default controller set.
DEBUG - 2021-01-03 08:26:18 --> Global POST, GET and COOKIE data sanitized
DEBUG - 2021-01-03 08:26:18 --> Encryption: Auto-configured driver 'openssl'.
DEBUG - 2021-01-03 08:26:18 --> UTF-8 Support Enabled
DEBUG - 2021-01-03 08:26:18 --> Global POST, GET and COOKIE data sanitized
DEBUG - 2021-01-03 08:26:18 --> Encryption: Auto-configured driver 'openssl'.
DEBUG - 2021-01-03 08:26:18 --> Total execution time: 0.0499
DEBUG - 2021-01-03 08:26:33 --> UTF-8 Support Enabled
DEBUG - 2021-01-03 08:26:33 --> Global POST, GET and COOKIE data sanitized
DEBUG - 2021-01-03 08:26:33 --> Encryption: Auto-configured driver 'openssl'.
DEBUG - 2021-01-03 08:26:33 --> Total execution time: 0.0426
DEBUG - 2021-01-03 08:26:38 --> UTF-8 Support Enabled
DEBUG - 2021-01-03 08:26:38 --> Global POST, GET and COOKIE data sanitized
DEBUG - 2021-01-03 08:26:38 --> Encryption: Auto-configured driver 'openssl'.
DEBUG - 2021-01-03 08:26:38 --> Total execution time: 0.0399
DEBUG - 2021-01-03 08:27:46 --> UTF-8 Support Enabled
DEBUG - 2021-01-03 08:27:46 --> No URI present. Default controller set.
DEBUG - 2021-01-03 08:27:46 --> Global POST, GET and COOKIE data sanitized
DEBUG - 2021-01-03 08:27:46 --> Encryption: Auto-configured driver 'openssl'.
DEBUG - 2021-01-03 08:27:47 --> UTF-8 Support Enabled
DEBUG - 2021-01-03 08:27:47 --> Global POST, GET and COOKIE data sanitized
DEBUG - 2021-01-03 08:27:47 --> Encryption: Auto-configured driver 'openssl'.
DEBUG - 2021-01-03 08:27:47 --> Total execution time: 0.0428
DEBUG - 2021-01-03 08:27:50 --> UTF-8 Support Enabled
DEBUG - 2021-01-03 08:27:50 --> Global POST, GET and COOKIE data sanitized
DEBUG - 2021-01-03 08:27:50 --> Encryption: Auto-configured driver 'openssl'.
DEBUG - 2021-01-03 08:27:50 --> Total execution time: 0.0412
DEBUG - 2021-01-03 08:27:54 --> UTF-8 Support Enabled
DEBUG - 2021-01-03 08:27:54 --> Global POST, GET and COOKIE data sanitized
DEBUG - 2021-01-03 08:27:54 --> Encryption: Auto-configured driver 'openssl'.
ERROR - 2021-01-03 08:27:54 --> Severity: Notice --> Undefined index: q /home1/developmentconso/public_html/hakibah/application/controllers/AjaxController.php 416
DEBUG - 2021-01-03 08:27:54 --> Total execution time: 0.0287
DEBUG - 2021-01-03 08:27:56 --> UTF-8 Support Enabled
DEBUG - 2021-01-03 08:27:56 --> Global POST, GET and COOKIE data sanitized
DEBUG - 2021-01-03 08:27:56 --> Encryption: Auto-configured driver 'openssl'.
DEBUG - 2021-01-03 08:27:56 --> Total execution time: 0.0264
DEBUG - 2021-01-03 08:27:57 --> UTF-8 Support Enabled
DEBUG - 2021-01-03 08:27:57 --> Global POST, GET and COOKIE data sanitized
DEBUG - 2021-01-03 08:27:58 --> Encryption: Auto-configured driver 'openssl'.
DEBUG - 2021-01-03 08:27:58 --> Total execution time: 0.0293
DEBUG - 2021-01-03 08:27:59 --> UTF-8 Support Enabled
DEBUG - 2021-01-03 08:27:59 --> Global POST, GET and COOKIE data sanitized
DEBUG - 2021-01-03 08:27:59 --> Encryption: Auto-configured driver 'openssl'.
DEBUG - 2021-01-03 08:27:59 --> Total execution time: 0.0311
DEBUG - 2021-01-03 08:28:03 --> UTF-8 Support Enabled
DEBUG - 2021-01-03 08:28:03 --> Global POST, GET and COOKIE data sanitized
DEBUG - 2021-01-03 08:28:03 --> Encryption: Auto-configured driver 'openssl'.
DEBUG - 2021-01-03 08:28:03 --> Total execution time: 0.0282
DEBUG - 2021-01-03 08:28:05 --> UTF-8 Support Enabled
DEBUG - 2021-01-03 08:28:05 --> Global POST, GET and COOKIE data sanitized
DEBUG - 2021-01-03 08:28:05 --> Encryption: Auto-configured driver 'openssl'.
DEBUG - 2021-01-03 08:28:05 --> Total execution time: 0.0465
DEBUG - 2021-01-03 08:28:07 --> UTF-8 Support Enabled
DEBUG - 2021-01-03 08:28:07 --> Global POST, GET and COOKIE data sanitized
DEBUG - 2021-01-03 08:28:07 --> Encryption: Auto-configured driver 'openssl'.
DEBUG - 2021-01-03 08:28:07 --> Total execution time: 0.0331
DEBUG - 2021-01-03 08:28:18 --> UTF-8 Support Enabled
DEBUG - 2021-01-03 08:28:18 --> Global POST, GET and COOKIE data sanitized
DEBUG - 2021-01-03 08:28:18 --> Encryption: Auto-configured driver 'openssl'.
DEBUG - 2021-01-03 08:28:18 --> Total execution time: 0.0509
DEBUG - 2021-01-03 08:36:42 --> UTF-8 Support Enabled
DEBUG - 2021-01-03 08:36:42 --> No URI present. Default controller set.
DEBUG - 2021-01-03 08:36:42 --> Global POST, GET and COOKIE data sanitized
DEBUG - 2021-01-03 08:36:42 --> Encryption: Auto-configured driver 'openssl'.
DEBUG - 2021-01-03 08:36:42 --> UTF-8 Support Enabled
DEBUG - 2021-01-03 08:36:42 --> Global POST, GET and COOKIE data sanitized
DEBUG - 2021-01-03 08:36:42 --> Encryption: Auto-configured driver 'openssl'.
DEBUG - 2021-01-03 08:36:42 --> Total execution time: 0.0430
DEBUG - 2021-01-03 08:36:59 --> UTF-8 Support Enabled
DEBUG - 2021-01-03 08:36:59 --> Global POST, GET and COOKIE data sanitized
DEBUG - 2021-01-03 08:36:59 --> Encryption: Auto-configured driver 'openssl'.
DEBUG - 2021-01-03 08:36:59 --> Total execution time: 0.0368
DEBUG - 2021-01-03 08:37:02 --> UTF-8 Support Enabled
DEBUG - 2021-01-03 08:37:02 --> Global POST, GET and COOKIE data sanitized
DEBUG - 2021-01-03 08:37:02 --> Encryption: Auto-configured driver 'openssl'.
DEBUG - 2021-01-03 08:37:02 --> Total execution time: 0.0619
DEBUG - 2021-01-03 08:37:52 --> UTF-8 Support Enabled
DEBUG - 2021-01-03 08:37:52 --> Global POST, GET and COOKIE data sanitized
DEBUG - 2021-01-03 08:37:52 --> Encryption: Auto-configured driver 'openssl'.
DEBUG - 2021-01-03 08:37:52 --> UTF-8 Support Enabled
DEBUG - 2021-01-03 08:37:52 --> No URI present. Default controller set.
DEBUG - 2021-01-03 08:37:52 --> Global POST, GET and COOKIE data sanitized
DEBUG - 2021-01-03 08:37:52 --> Encryption: Auto-configured driver 'openssl'.
DEBUG - 2021-01-03 08:37:53 --> UTF-8 Support Enabled
DEBUG - 2021-01-03 08:37:53 --> Global POST, GET and COOKIE data sanitized
DEBUG - 2021-01-03 08:37:53 --> Encryption: Auto-configured driver 'openssl'.
DEBUG - 2021-01-03 08:37:53 --> Total execution time: 0.0361
DEBUG - 2021-01-03 08:38:30 --> UTF-8 Support Enabled
DEBUG - 2021-01-03 08:38:30 --> Global POST, GET and COOKIE data sanitized
DEBUG - 2021-01-03 08:38:30 --> Encryption: Auto-configured driver 'openssl'.
ERROR - 2021-01-03 08:38:30 --> 404 Page Not Found: 
DEBUG - 2021-01-03 08:38:35 --> UTF-8 Support Enabled
DEBUG - 2021-01-03 08:38:35 --> Global POST, GET and COOKIE data sanitized
DEBUG - 2021-01-03 08:38:35 --> Encryption: Auto-configured driver 'openssl'.
DEBUG - 2021-01-03 08:38:35 --> Total execution time: 0.0338
DEBUG - 2021-01-03 08:39:16 --> UTF-8 Support Enabled
DEBUG - 2021-01-03 08:39:16 --> Global POST, GET and COOKIE data sanitized
DEBUG - 2021-01-03 08:39:16 --> Encryption: Auto-configured driver 'openssl'.
DEBUG - 2021-01-03 08:39:16 --> Total execution time: 0.0333
DEBUG - 2021-01-03 08:39:31 --> UTF-8 Support Enabled
DEBUG - 2021-01-03 08:39:31 --> Global POST, GET and COOKIE data sanitized
DEBUG - 2021-01-03 08:39:31 --> Encryption: Auto-configured driver 'openssl'.
DEBUG - 2021-01-03 08:39:31 --> UTF-8 Support Enabled
DEBUG - 2021-01-03 08:39:31 --> Global POST, GET and COOKIE data sanitized
DEBUG - 2021-01-03 08:39:31 --> Encryption: Auto-configured driver 'openssl'.
DEBUG - 2021-01-03 08:39:31 --> Total execution time: 0.0324
DEBUG - 2021-01-03 08:40:48 --> UTF-8 Support Enabled
DEBUG - 2021-01-03 08:40:48 --> Global POST, GET and COOKIE data sanitized
DEBUG - 2021-01-03 08:40:48 --> Total execution time: 0.0273
DEBUG - 2021-01-03 08:40:48 --> UTF-8 Support Enabled
DEBUG - 2021-01-03 08:40:48 --> Global POST, GET and COOKIE data sanitized
ERROR - 2021-01-03 08:40:48 --> 404 Page Not Found: List/uploads
DEBUG - 2021-01-03 08:41:11 --> UTF-8 Support Enabled
DEBUG - 2021-01-03 08:41:11 --> No URI present. Default controller set.
DEBUG - 2021-01-03 08:41:11 --> Global POST, GET and COOKIE data sanitized
DEBUG - 2021-01-03 08:41:11 --> Encryption: Auto-configured driver 'openssl'.
DEBUG - 2021-01-03 08:41:11 --> UTF-8 Support Enabled
DEBUG - 2021-01-03 08:41:11 --> Global POST, GET and COOKIE data sanitized
DEBUG - 2021-01-03 08:41:11 --> Encryption: Auto-configured driver 'openssl'.
DEBUG - 2021-01-03 08:41:11 --> Total execution time: 0.0398
DEBUG - 2021-01-03 08:41:17 --> UTF-8 Support Enabled
DEBUG - 2021-01-03 08:41:18 --> Global POST, GET and COOKIE data sanitized
DEBUG - 2021-01-03 08:41:18 --> Encryption: Auto-configured driver 'openssl'.
DEBUG - 2021-01-03 08:41:18 --> UTF-8 Support Enabled
DEBUG - 2021-01-03 08:41:18 --> No URI present. Default controller set.
DEBUG - 2021-01-03 08:41:18 --> Global POST, GET and COOKIE data sanitized
DEBUG - 2021-01-03 08:41:18 --> Encryption: Auto-configured driver 'openssl'.
DEBUG - 2021-01-03 08:41:18 --> Total execution time: 0.0360
DEBUG - 2021-01-03 08:41:25 --> UTF-8 Support Enabled
DEBUG - 2021-01-03 08:41:25 --> Global POST, GET and COOKIE data sanitized
DEBUG - 2021-01-03 08:41:25 --> Encryption: Auto-configured driver 'openssl'.
DEBUG - 2021-01-03 08:41:25 --> Total execution time: 0.0503
DEBUG - 2021-01-03 08:41:36 --> UTF-8 Support Enabled
DEBUG - 2021-01-03 08:41:36 --> Global POST, GET and COOKIE data sanitized
DEBUG - 2021-01-03 08:41:36 --> Encryption: Auto-configured driver 'openssl'.
ERROR - 2021-01-03 08:41:36 --> Severity: Notice --> Undefined index: q /home1/developmentconso/public_html/hakibah/application/controllers/AjaxController.php 416
DEBUG - 2021-01-03 08:41:36 --> Total execution time: 0.0462
DEBUG - 2021-01-03 08:41:39 --> UTF-8 Support Enabled
DEBUG - 2021-01-03 08:41:39 --> Global POST, GET and COOKIE data sanitized
DEBUG - 2021-01-03 08:41:39 --> Encryption: Auto-configured driver 'openssl'.
ERROR - 2021-01-03 08:41:39 --> Severity: Notice --> Undefined index: q /home1/developmentconso/public_html/hakibah/application/controllers/AjaxController.php 416
DEBUG - 2021-01-03 08:41:39 --> Total execution time: 0.0404
DEBUG - 2021-01-03 08:41:40 --> UTF-8 Support Enabled
DEBUG - 2021-01-03 08:41:40 --> Global POST, GET and COOKIE data sanitized
DEBUG - 2021-01-03 08:41:41 --> Encryption: Auto-configured driver 'openssl'.
DEBUG - 2021-01-03 08:41:41 --> Total execution time: 0.0330
DEBUG - 2021-01-03 08:41:42 --> UTF-8 Support Enabled
DEBUG - 2021-01-03 08:41:42 --> Global POST, GET and COOKIE data sanitized
DEBUG - 2021-01-03 08:41:42 --> Encryption: Auto-configured driver 'openssl'.
DEBUG - 2021-01-03 08:41:42 --> Total execution time: 0.0282
DEBUG - 2021-01-03 08:41:45 --> UTF-8 Support Enabled
DEBUG - 2021-01-03 08:41:45 --> Global POST, GET and COOKIE data sanitized
DEBUG - 2021-01-03 08:41:45 --> Encryption: Auto-configured driver 'openssl'.
DEBUG - 2021-01-03 08:41:45 --> Total execution time: 0.0451
DEBUG - 2021-01-03 08:41:53 --> UTF-8 Support Enabled
DEBUG - 2021-01-03 08:41:53 --> Global POST, GET and COOKIE data sanitized
DEBUG - 2021-01-03 08:41:53 --> Encryption: Auto-configured driver 'openssl'.
DEBUG - 2021-01-03 08:41:53 --> Total execution time: 0.0292
DEBUG - 2021-01-03 08:41:56 --> UTF-8 Support Enabled
DEBUG - 2021-01-03 08:41:56 --> Global POST, GET and COOKIE data sanitized
DEBUG - 2021-01-03 08:41:56 --> Encryption: Auto-configured driver 'openssl'.
DEBUG - 2021-01-03 08:41:56 --> Total execution time: 0.0489
DEBUG - 2021-01-03 08:42:11 --> UTF-8 Support Enabled
DEBUG - 2021-01-03 08:42:11 --> Global POST, GET and COOKIE data sanitized
DEBUG - 2021-01-03 08:42:12 --> Encryption: Auto-configured driver 'openssl'.
DEBUG - 2021-01-03 08:42:12 --> Total execution time: 0.0337
DEBUG - 2021-01-03 08:42:15 --> UTF-8 Support Enabled
DEBUG - 2021-01-03 08:42:15 --> Global POST, GET and COOKIE data sanitized
DEBUG - 2021-01-03 08:42:15 --> Encryption: Auto-configured driver 'openssl'.
DEBUG - 2021-01-03 08:42:15 --> Total execution time: 0.0599
DEBUG - 2021-01-03 08:42:24 --> UTF-8 Support Enabled
DEBUG - 2021-01-03 08:42:24 --> Global POST, GET and COOKIE data sanitized
DEBUG - 2021-01-03 08:42:24 --> Encryption: Auto-configured driver 'openssl'.
DEBUG - 2021-01-03 08:42:25 --> Total execution time: 0.0340
DEBUG - 2021-01-03 08:42:29 --> UTF-8 Support Enabled
DEBUG - 2021-01-03 08:42:29 --> Global POST, GET and COOKIE data sanitized
DEBUG - 2021-01-03 08:42:29 --> Encryption: Auto-configured driver 'openssl'.
DEBUG - 2021-01-03 08:42:30 --> Total execution time: 0.0525
DEBUG - 2021-01-03 08:42:50 --> UTF-8 Support Enabled
DEBUG - 2021-01-03 08:42:50 --> Global POST, GET and COOKIE data sanitized
DEBUG - 2021-01-03 08:42:50 --> Encryption: Auto-configured driver 'openssl'.
DEBUG - 2021-01-03 08:42:50 --> Total execution time: 0.0384
DEBUG - 2021-01-03 08:42:55 --> UTF-8 Support Enabled
DEBUG - 2021-01-03 08:42:55 --> Global POST, GET and COOKIE data sanitized
DEBUG - 2021-01-03 08:42:55 --> Encryption: Auto-configured driver 'openssl'.
DEBUG - 2021-01-03 08:42:55 --> Total execution time: 0.0737
DEBUG - 2021-01-03 08:43:01 --> UTF-8 Support Enabled
DEBUG - 2021-01-03 08:43:01 --> Global POST, GET and COOKIE data sanitized
DEBUG - 2021-01-03 08:43:01 --> Encryption: Auto-configured driver 'openssl'.
DEBUG - 2021-01-03 08:43:01 --> Total execution time: 0.0540
DEBUG - 2021-01-03 08:46:10 --> UTF-8 Support Enabled
DEBUG - 2021-01-03 08:46:10 --> Global POST, GET and COOKIE data sanitized
DEBUG - 2021-01-03 08:46:10 --> Encryption: Auto-configured driver 'openssl'.
DEBUG - 2021-01-03 08:46:10 --> Total execution time: 0.0515
DEBUG - 2021-01-03 08:46:27 --> UTF-8 Support Enabled
DEBUG - 2021-01-03 08:46:27 --> Global POST, GET and COOKIE data sanitized
DEBUG - 2021-01-03 08:46:27 --> Encryption: Auto-configured driver 'openssl'.
DEBUG - 2021-01-03 08:46:27 --> Total execution time: 0.0381
DEBUG - 2021-01-03 08:46:39 --> UTF-8 Support Enabled
DEBUG - 2021-01-03 08:46:39 --> Global POST, GET and COOKIE data sanitized
DEBUG - 2021-01-03 08:46:39 --> Encryption: Auto-configured driver 'openssl'.
DEBUG - 2021-01-03 08:46:39 --> Total execution time: 0.0438
DEBUG - 2021-01-03 08:46:43 --> UTF-8 Support Enabled
DEBUG - 2021-01-03 08:46:43 --> Global POST, GET and COOKIE data sanitized
DEBUG - 2021-01-03 08:46:43 --> Encryption: Auto-configured driver 'openssl'.
DEBUG - 2021-01-03 08:46:43 --> Total execution time: 0.0424
DEBUG - 2021-01-03 08:46:47 --> UTF-8 Support Enabled
DEBUG - 2021-01-03 08:46:47 --> Global POST, GET and COOKIE data sanitized
DEBUG - 2021-01-03 08:46:47 --> Encryption: Auto-configured driver 'openssl'.
DEBUG - 2021-01-03 08:46:47 --> Total execution time: 0.0523
DEBUG - 2021-01-03 08:48:14 --> UTF-8 Support Enabled
DEBUG - 2021-01-03 08:48:14 --> Global POST, GET and COOKIE data sanitized
DEBUG - 2021-01-03 08:48:14 --> Encryption: Auto-configured driver 'openssl'.
DEBUG - 2021-01-03 08:48:14 --> Total execution time: 0.0872
DEBUG - 2021-01-03 08:48:29 --> UTF-8 Support Enabled
DEBUG - 2021-01-03 08:48:29 --> Global POST, GET and COOKIE data sanitized
DEBUG - 2021-01-03 08:48:29 --> Encryption: Auto-configured driver 'openssl'.
DEBUG - 2021-01-03 08:48:29 --> Total execution time: 0.0474
DEBUG - 2021-01-03 08:48:39 --> UTF-8 Support Enabled
DEBUG - 2021-01-03 08:48:39 --> Global POST, GET and COOKIE data sanitized
DEBUG - 2021-01-03 08:48:39 --> Encryption: Auto-configured driver 'openssl'.
DEBUG - 2021-01-03 08:48:39 --> Total execution time: 0.0408
DEBUG - 2021-01-03 08:48:43 --> UTF-8 Support Enabled
DEBUG - 2021-01-03 08:48:43 --> Global POST, GET and COOKIE data sanitized
DEBUG - 2021-01-03 08:48:43 --> Encryption: Auto-configured driver 'openssl'.
DEBUG - 2021-01-03 08:48:43 --> Total execution time: 0.0297
DEBUG - 2021-01-03 08:48:47 --> UTF-8 Support Enabled
DEBUG - 2021-01-03 08:48:47 --> Global POST, GET and COOKIE data sanitized
DEBUG - 2021-01-03 08:48:47 --> Encryption: Auto-configured driver 'openssl'.
DEBUG - 2021-01-03 08:48:47 --> Total execution time: 0.0499
DEBUG - 2021-01-03 09:29:21 --> UTF-8 Support Enabled
DEBUG - 2021-01-03 09:29:21 --> No URI present. Default controller set.
DEBUG - 2021-01-03 09:29:21 --> Global POST, GET and COOKIE data sanitized
DEBUG - 2021-01-03 09:29:21 --> Encryption: Auto-configured driver 'openssl'.
DEBUG - 2021-01-03 09:29:21 --> Total execution time: 0.0564
DEBUG - 2021-01-03 11:17:41 --> UTF-8 Support Enabled
DEBUG - 2021-01-03 11:17:41 --> No URI present. Default controller set.
DEBUG - 2021-01-03 11:17:41 --> Global POST, GET and COOKIE data sanitized
DEBUG - 2021-01-03 11:17:41 --> Encryption: Auto-configured driver 'openssl'.
DEBUG - 2021-01-03 11:17:41 --> Total execution time: 0.0471
DEBUG - 2021-01-03 19:22:44 --> UTF-8 Support Enabled
DEBUG - 2021-01-03 19:22:44 --> Global POST, GET and COOKIE data sanitized
DEBUG - 2021-01-03 19:22:44 --> Encryption: Auto-configured driver 'openssl'.
DEBUG - 2021-01-03 19:22:44 --> Total execution time: 0.0438
DEBUG - 2021-01-03 19:22:49 --> UTF-8 Support Enabled
DEBUG - 2021-01-03 19:22:49 --> Global POST, GET and COOKIE data sanitized
DEBUG - 2021-01-03 19:22:49 --> Encryption: Auto-configured driver 'openssl'.
DEBUG - 2021-01-03 19:22:49 --> Total execution time: 0.0389
DEBUG - 2021-01-03 19:23:00 --> UTF-8 Support Enabled
DEBUG - 2021-01-03 19:23:00 --> Global POST, GET and COOKIE data sanitized
DEBUG - 2021-01-03 19:23:00 --> Encryption: Auto-configured driver 'openssl'.
DEBUG - 2021-01-03 19:23:00 --> UTF-8 Support Enabled
DEBUG - 2021-01-03 19:23:00 --> Global POST, GET and COOKIE data sanitized
DEBUG - 2021-01-03 19:23:00 --> Encryption: Auto-configured driver 'openssl'.
DEBUG - 2021-01-03 19:23:01 --> Total execution time: 0.0415
DEBUG - 2021-01-03 19:24:45 --> UTF-8 Support Enabled
DEBUG - 2021-01-03 19:24:45 --> Global POST, GET and COOKIE data sanitized
DEBUG - 2021-01-03 19:24:45 --> Encryption: Auto-configured driver 'openssl'.
DEBUG - 2021-01-03 19:24:45 --> Total execution time: 0.0354
DEBUG - 2021-01-03 19:25:30 --> UTF-8 Support Enabled
DEBUG - 2021-01-03 19:25:30 --> No URI present. Default controller set.
DEBUG - 2021-01-03 19:25:30 --> Global POST, GET and COOKIE data sanitized
DEBUG - 2021-01-03 19:25:30 --> Encryption: Auto-configured driver 'openssl'.
DEBUG - 2021-01-03 19:25:30 --> UTF-8 Support Enabled
DEBUG - 2021-01-03 19:25:30 --> Global POST, GET and COOKIE data sanitized
DEBUG - 2021-01-03 19:25:30 --> Encryption: Auto-configured driver 'openssl'.
DEBUG - 2021-01-03 19:25:30 --> Total execution time: 0.0477
DEBUG - 2021-01-03 19:42:05 --> UTF-8 Support Enabled
DEBUG - 2021-01-03 19:42:05 --> Global POST, GET and COOKIE data sanitized
DEBUG - 2021-01-03 19:42:05 --> Encryption: Auto-configured driver 'openssl'.
DEBUG - 2021-01-03 19:42:05 --> Total execution time: 0.0410
