DEBUG - 2021-01-09 06:18:21 --> UTF-8 Support Enabled
DEBUG - 2021-01-09 06:18:21 --> Global POST, GET and COOKIE data sanitized
DEBUG - 2021-01-09 06:18:22 --> UTF-8 Support Enabled
DEBUG - 2021-01-09 06:18:22 --> Global POST, GET and COOKIE data sanitized
DEBUG - 2021-01-09 06:18:22 --> Encryption: Auto-configured driver 'openssl'.
DEBUG - 2021-01-09 06:18:22 --> Total execution time: 0.0253
DEBUG - 2021-01-09 08:58:29 --> UTF-8 Support Enabled
DEBUG - 2021-01-09 08:58:29 --> No URI present. Default controller set.
DEBUG - 2021-01-09 08:58:29 --> Global POST, GET and COOKIE data sanitized
DEBUG - 2021-01-09 08:58:29 --> Encryption: Auto-configured driver 'openssl'.
DEBUG - 2021-01-09 08:58:30 --> Total execution time: 0.0665
DEBUG - 2021-01-09 08:58:35 --> UTF-8 Support Enabled
DEBUG - 2021-01-09 08:58:35 --> Global POST, GET and COOKIE data sanitized
DEBUG - 2021-01-09 08:58:35 --> Encryption: Auto-configured driver 'openssl'.
DEBUG - 2021-01-09 08:58:35 --> Total execution time: 0.0333
DEBUG - 2021-01-09 08:58:38 --> UTF-8 Support Enabled
DEBUG - 2021-01-09 08:58:38 --> Global POST, GET and COOKIE data sanitized
DEBUG - 2021-01-09 08:58:38 --> Encryption: Auto-configured driver 'openssl'.
DEBUG - 2021-01-09 08:58:38 --> Total execution time: 0.0268
DEBUG - 2021-01-09 08:58:39 --> UTF-8 Support Enabled
DEBUG - 2021-01-09 08:58:39 --> Global POST, GET and COOKIE data sanitized
DEBUG - 2021-01-09 08:58:39 --> Encryption: Auto-configured driver 'openssl'.
DEBUG - 2021-01-09 08:58:39 --> Total execution time: 0.0260
DEBUG - 2021-01-09 08:58:39 --> UTF-8 Support Enabled
DEBUG - 2021-01-09 08:58:39 --> Global POST, GET and COOKIE data sanitized
DEBUG - 2021-01-09 08:58:39 --> Encryption: Auto-configured driver 'openssl'.
DEBUG - 2021-01-09 08:58:39 --> UTF-8 Support Enabled
DEBUG - 2021-01-09 08:58:39 --> Global POST, GET and COOKIE data sanitized
DEBUG - 2021-01-09 08:58:39 --> Encryption: Auto-configured driver 'openssl'.
DEBUG - 2021-01-09 08:58:39 --> Total execution time: 0.0672
DEBUG - 2021-01-09 08:58:47 --> UTF-8 Support Enabled
DEBUG - 2021-01-09 08:58:47 --> Global POST, GET and COOKIE data sanitized
DEBUG - 2021-01-09 08:58:47 --> Encryption: Auto-configured driver 'openssl'.
DEBUG - 2021-01-09 08:58:47 --> Total execution time: 0.0454
DEBUG - 2021-01-09 08:58:52 --> UTF-8 Support Enabled
DEBUG - 2021-01-09 08:58:52 --> Global POST, GET and COOKIE data sanitized
DEBUG - 2021-01-09 08:58:52 --> Encryption: Auto-configured driver 'openssl'.
DEBUG - 2021-01-09 08:58:52 --> UTF-8 Support Enabled
DEBUG - 2021-01-09 08:58:52 --> Global POST, GET and COOKIE data sanitized
DEBUG - 2021-01-09 08:58:52 --> Encryption: Auto-configured driver 'openssl'.
DEBUG - 2021-01-09 08:58:52 --> Total execution time: 0.0345
DEBUG - 2021-01-09 08:58:56 --> UTF-8 Support Enabled
DEBUG - 2021-01-09 08:58:56 --> Global POST, GET and COOKIE data sanitized
DEBUG - 2021-01-09 08:58:56 --> Encryption: Auto-configured driver 'openssl'.
DEBUG - 2021-01-09 08:58:56 --> UTF-8 Support Enabled
DEBUG - 2021-01-09 08:58:56 --> Global POST, GET and COOKIE data sanitized
DEBUG - 2021-01-09 08:58:56 --> Encryption: Auto-configured driver 'openssl'.
DEBUG - 2021-01-09 08:58:56 --> Total execution time: 0.0371
DEBUG - 2021-01-09 08:59:09 --> UTF-8 Support Enabled
DEBUG - 2021-01-09 08:59:09 --> No URI present. Default controller set.
DEBUG - 2021-01-09 08:59:09 --> Global POST, GET and COOKIE data sanitized
DEBUG - 2021-01-09 08:59:09 --> Encryption: Auto-configured driver 'openssl'.
DEBUG - 2021-01-09 08:59:10 --> UTF-8 Support Enabled
DEBUG - 2021-01-09 08:59:10 --> Global POST, GET and COOKIE data sanitized
DEBUG - 2021-01-09 08:59:10 --> Encryption: Auto-configured driver 'openssl'.
DEBUG - 2021-01-09 08:59:10 --> Total execution time: 0.0366
DEBUG - 2021-01-09 08:59:29 --> UTF-8 Support Enabled
DEBUG - 2021-01-09 08:59:29 --> Global POST, GET and COOKIE data sanitized
DEBUG - 2021-01-09 08:59:29 --> Encryption: Auto-configured driver 'openssl'.
DEBUG - 2021-01-09 08:59:29 --> Total execution time: 0.0474
DEBUG - 2021-01-09 08:59:31 --> UTF-8 Support Enabled
DEBUG - 2021-01-09 08:59:31 --> Global POST, GET and COOKIE data sanitized
DEBUG - 2021-01-09 08:59:31 --> Encryption: Auto-configured driver 'openssl'.
DEBUG - 2021-01-09 08:59:31 --> Total execution time: 0.0549
DEBUG - 2021-01-09 08:59:35 --> UTF-8 Support Enabled
DEBUG - 2021-01-09 08:59:35 --> Global POST, GET and COOKIE data sanitized
DEBUG - 2021-01-09 08:59:35 --> Encryption: Auto-configured driver 'openssl'.
DEBUG - 2021-01-09 08:59:35 --> Total execution time: 0.0424
DEBUG - 2021-01-09 10:34:46 --> UTF-8 Support Enabled
DEBUG - 2021-01-09 10:34:46 --> Global POST, GET and COOKIE data sanitized
DEBUG - 2021-01-09 10:34:46 --> Encryption: Auto-configured driver 'openssl'.
DEBUG - 2021-01-09 10:34:46 --> Total execution time: 0.1197
DEBUG - 2021-01-09 12:11:49 --> UTF-8 Support Enabled
DEBUG - 2021-01-09 12:11:49 --> No URI present. Default controller set.
DEBUG - 2021-01-09 12:11:49 --> Global POST, GET and COOKIE data sanitized
DEBUG - 2021-01-09 12:11:49 --> Encryption: Auto-configured driver 'openssl'.
DEBUG - 2021-01-09 12:11:49 --> Total execution time: 0.0450
DEBUG - 2021-01-09 12:11:56 --> UTF-8 Support Enabled
DEBUG - 2021-01-09 12:11:56 --> No URI present. Default controller set.
DEBUG - 2021-01-09 12:11:56 --> Global POST, GET and COOKIE data sanitized
DEBUG - 2021-01-09 12:11:56 --> Encryption: Auto-configured driver 'openssl'.
DEBUG - 2021-01-09 12:11:56 --> Total execution time: 0.0435
