DEBUG - 2021-01-23 06:10:39 --> UTF-8 Support Enabled
DEBUG - 2021-01-23 06:10:39 --> No URI present. Default controller set.
DEBUG - 2021-01-23 06:10:39 --> Global POST, GET and COOKIE data sanitized
DEBUG - 2021-01-23 06:10:39 --> Encryption: Auto-configured driver 'openssl'.
DEBUG - 2021-01-23 06:10:39 --> Total execution time: 0.0905
DEBUG - 2021-01-23 06:20:32 --> UTF-8 Support Enabled
DEBUG - 2021-01-23 06:20:32 --> No URI present. Default controller set.
DEBUG - 2021-01-23 06:20:32 --> Global POST, GET and COOKIE data sanitized
DEBUG - 2021-01-23 06:20:32 --> Encryption: Auto-configured driver 'openssl'.
DEBUG - 2021-01-23 06:20:32 --> Total execution time: 0.0626
DEBUG - 2021-01-23 07:29:08 --> UTF-8 Support Enabled
DEBUG - 2021-01-23 07:29:08 --> No URI present. Default controller set.
DEBUG - 2021-01-23 07:29:08 --> Global POST, GET and COOKIE data sanitized
DEBUG - 2021-01-23 07:29:08 --> Encryption: Auto-configured driver 'openssl'.
DEBUG - 2021-01-23 07:29:08 --> Total execution time: 0.0517
DEBUG - 2021-01-23 08:23:30 --> UTF-8 Support Enabled
DEBUG - 2021-01-23 08:23:30 --> No URI present. Default controller set.
DEBUG - 2021-01-23 08:23:30 --> Global POST, GET and COOKIE data sanitized
DEBUG - 2021-01-23 08:23:30 --> Encryption: Auto-configured driver 'openssl'.
DEBUG - 2021-01-23 08:23:30 --> Total execution time: 0.0929
DEBUG - 2021-01-23 09:33:51 --> UTF-8 Support Enabled
DEBUG - 2021-01-23 09:33:51 --> No URI present. Default controller set.
DEBUG - 2021-01-23 09:33:51 --> Global POST, GET and COOKIE data sanitized
DEBUG - 2021-01-23 09:33:51 --> Encryption: Auto-configured driver 'openssl'.
DEBUG - 2021-01-23 09:33:51 --> Total execution time: 0.1057
DEBUG - 2021-01-23 12:08:50 --> UTF-8 Support Enabled
DEBUG - 2021-01-23 12:08:50 --> No URI present. Default controller set.
DEBUG - 2021-01-23 12:08:50 --> Global POST, GET and COOKIE data sanitized
DEBUG - 2021-01-23 12:08:50 --> Encryption: Auto-configured driver 'openssl'.
DEBUG - 2021-01-23 12:08:50 --> Total execution time: 0.0524
DEBUG - 2021-01-23 15:46:18 --> UTF-8 Support Enabled
DEBUG - 2021-01-23 15:46:18 --> No URI present. Default controller set.
DEBUG - 2021-01-23 15:46:18 --> Global POST, GET and COOKIE data sanitized
DEBUG - 2021-01-23 15:46:19 --> Encryption: Auto-configured driver 'openssl'.
DEBUG - 2021-01-23 15:46:19 --> Total execution time: 0.0865
DEBUG - 2021-01-23 19:23:37 --> UTF-8 Support Enabled
DEBUG - 2021-01-23 19:23:37 --> No URI present. Default controller set.
DEBUG - 2021-01-23 19:23:37 --> Global POST, GET and COOKIE data sanitized
DEBUG - 2021-01-23 19:23:37 --> Encryption: Auto-configured driver 'openssl'.
DEBUG - 2021-01-23 19:23:37 --> Total execution time: 0.0332
DEBUG - 2021-01-23 19:29:37 --> UTF-8 Support Enabled
DEBUG - 2021-01-23 19:29:37 --> No URI present. Default controller set.
DEBUG - 2021-01-23 19:29:37 --> Global POST, GET and COOKIE data sanitized
DEBUG - 2021-01-23 19:29:37 --> Encryption: Auto-configured driver 'openssl'.
DEBUG - 2021-01-23 19:29:37 --> Total execution time: 0.0339
DEBUG - 2021-01-23 19:29:38 --> UTF-8 Support Enabled
DEBUG - 2021-01-23 19:29:38 --> No URI present. Default controller set.
DEBUG - 2021-01-23 19:29:38 --> Global POST, GET and COOKIE data sanitized
DEBUG - 2021-01-23 19:29:38 --> Encryption: Auto-configured driver 'openssl'.
DEBUG - 2021-01-23 19:29:38 --> Total execution time: 0.0337
DEBUG - 2021-01-23 19:29:39 --> UTF-8 Support Enabled
DEBUG - 2021-01-23 19:29:39 --> No URI present. Default controller set.
DEBUG - 2021-01-23 19:29:39 --> Global POST, GET and COOKIE data sanitized
DEBUG - 2021-01-23 19:29:39 --> Encryption: Auto-configured driver 'openssl'.
DEBUG - 2021-01-23 19:29:39 --> Total execution time: 0.0336
